{09:27:37.599} RETL: [CPUID] > [MEM] Total Page File: 34726 MiB
{09:27:37.599} RETL: [CPUID] > [MEM] Total Physical:  32678 MiB
{09:27:37.599} RETL: [CPUID] > [MEM] Available Page File: 22234 MiB
{09:27:37.599} RETL: [CPUID] > [MEM] Available Physical:  22870 MiB
{09:27:37.599} RETL: [CPUID] > [MEM] Memory Load:  30%
{09:27:37.599} RETL: [CPUID] > [MEM] Total Page File: 34726 MiB
{09:27:37.599} RETL: [CPUID] > [MEM] Total Physical:  32678 MiB
{09:27:37.599} RETL: [CPUID] > [MEM] Available Page File: 22234 MiB
{09:27:37.599} RETL: [CPUID] > [MEM] Available Physical:  22870 MiB
{09:27:37.599} RETL: [CPUID] > [MEM] Memory Load:  30%
{09:27:37.633} RETL: [CPUID] > [MEM] Total Page File: 34726 MiB
{09:27:37.633} RETL: [CPUID] > [MEM] Total Physical:  32678 MiB
{09:27:37.633} RETL: [CPUID] > [MEM] Available Page File: 22234 MiB
{09:27:37.633} RETL: [CPUID] > [MEM] Available Physical:  22869 MiB
{09:27:37.633} RETL: [CPUID] > [MEM] Memory Load:  30%
{09:27:37.652} RETL: [CPUID] > [MEM] Total Page File: 34726 MiB
{09:27:37.653} RETL: [CPUID] > [MEM] Total Physical:  32678 MiB
{09:27:37.653} RETL: [CPUID] > [MEM] Available Page File: 22234 MiB
{09:27:37.653} RETL: [CPUID] > [MEM] Available Physical:  22869 MiB
{09:27:37.653} RETL: [CPUID] > [MEM] Memory Load:  30%
{09:27:38.023} RETL: [CPUID] > [MEM] Total Page File: 34726 MiB
{09:27:38.023} RETL: [CPUID] > [MEM] Total Physical:  32678 MiB
{09:27:38.023} RETL: [CPUID] > [MEM] Available Page File: 21880 MiB
{09:27:38.023} RETL: [CPUID] > [MEM] Available Physical:  22481 MiB
{09:27:38.023} RETL: [CPUID] > [MEM] Memory Load:  31%
