{09:28:13.350} RETL: [CPUID] > [MEM] Total Page File: 34726 MiB
{09:28:13.350} RETL: [CPUID] > [MEM] Total Physical:  32678 MiB
{09:28:13.350} RETL: [CPUID] > [MEM] Available Page File: 22144 MiB
{09:28:13.350} RETL: [CPUID] > [MEM] Available Physical:  23004 MiB
{09:28:13.350} RETL: [CPUID] > [MEM] Memory Load:  29%
{09:28:13.350} RETL: [CPUID] > [MEM] Total Page File: 34726 MiB
{09:28:13.350} RETL: [CPUID] > [MEM] Total Physical:  32678 MiB
{09:28:13.350} RETL: [CPUID] > [MEM] Available Page File: 22144 MiB
{09:28:13.350} RETL: [CPUID] > [MEM] Available Physical:  23004 MiB
{09:28:13.350} RETL: [CPUID] > [MEM] Memory Load:  29%
{09:28:13.372} RETL: [CPUID] > [MEM] Total Page File: 34726 MiB
{09:28:13.372} RETL: [CPUID] > [MEM] Total Physical:  32678 MiB
{09:28:13.372} RETL: [CPUID] > [MEM] Available Page File: 22144 MiB
{09:28:13.372} RETL: [CPUID] > [MEM] Available Physical:  23004 MiB
{09:28:13.372} RETL: [CPUID] > [MEM] Memory Load:  29%
{09:28:13.381} RETL: [CPUID] > [MEM] Total Page File: 34726 MiB
{09:28:13.381} RETL: [CPUID] > [MEM] Total Physical:  32678 MiB
{09:28:13.381} RETL: [CPUID] > [MEM] Available Page File: 22144 MiB
{09:28:13.381} RETL: [CPUID] > [MEM] Available Physical:  23004 MiB
{09:28:13.381} RETL: [CPUID] > [MEM] Memory Load:  29%
{09:28:13.638} RETL: [CPUID] > [MEM] Total Page File: 34726 MiB
{09:28:13.638} RETL: [CPUID] > [MEM] Total Physical:  32678 MiB
{09:28:13.638} RETL: [CPUID] > [MEM] Available Page File: 21800 MiB
{09:28:13.638} RETL: [CPUID] > [MEM] Available Physical:  22597 MiB
{09:28:13.638} RETL: [CPUID] > [MEM] Memory Load:  30%
