{09:32:23.539} RETL: [CPUID] > [MEM] Total Page File: 34726 MiB
{09:32:23.540} RETL: [CPUID] > [MEM] Total Physical:  32678 MiB
{09:32:23.540} RETL: [CPUID] > [MEM] Available Page File: 22232 MiB
{09:32:23.540} RETL: [CPUID] > [MEM] Available Physical:  23197 MiB
{09:32:23.540} RETL: [CPUID] > [MEM] Memory Load:  29%
{09:32:23.540} RETL: [CPUID] > [MEM] Total Page File: 34726 MiB
{09:32:23.540} RETL: [CPUID] > [MEM] Total Physical:  32678 MiB
{09:32:23.540} RETL: [CPUID] > [MEM] Available Page File: 22232 MiB
{09:32:23.540} RETL: [CPUID] > [MEM] Available Physical:  23197 MiB
{09:32:23.540} RETL: [CPUID] > [MEM] Memory Load:  29%
{09:32:23.564} RETL: [CPUID] > [MEM] Total Page File: 34726 MiB
{09:32:23.564} RETL: [CPUID] > [MEM] Total Physical:  32678 MiB
{09:32:23.564} RETL: [CPUID] > [MEM] Available Page File: 22232 MiB
{09:32:23.564} RETL: [CPUID] > [MEM] Available Physical:  23196 MiB
{09:32:23.564} RETL: [CPUID] > [MEM] Memory Load:  29%
{09:32:23.573} RETL: [CPUID] > [MEM] Total Page File: 34726 MiB
{09:32:23.573} RETL: [CPUID] > [MEM] Total Physical:  32678 MiB
{09:32:23.573} RETL: [CPUID] > [MEM] Available Page File: 22232 MiB
{09:32:23.573} RETL: [CPUID] > [MEM] Available Physical:  23196 MiB
{09:32:23.573} RETL: [CPUID] > [MEM] Memory Load:  29%
{09:32:24.407} RETL: [CPUID] > [MEM] Total Page File: 34726 MiB
{09:32:24.407} RETL: [CPUID] > [MEM] Total Physical:  32678 MiB
{09:32:24.407} RETL: [CPUID] > [MEM] Available Page File: 21880 MiB
{09:32:24.407} RETL: [CPUID] > [MEM] Available Physical:  22801 MiB
{09:32:24.407} RETL: [CPUID] > [MEM] Memory Load:  30%
