{15:44:58.348} INFO: [FileSystem] > [CZip_dir::Initialize] 'e:/steam/steamapps/common/dying light 2 / ph/source/data0.pak' took: 0.000000ms
{15:44:58.360} INFO: [FileSystem] > [CZip_dir::Initialize] 'e:/steam/steamapps/common/dying light 2 / ph/source/data1.pak' took: 0.000000ms
{15:44:58.363} INFO: [FileSystem] > [CZip_dir::Initialize] 'e:/steam/steamapps/common/dying light 2 / ph/source/databt.mpak' took: 0.000000ms
{15:44:58.410} RETL: [GameApp] > Command line: -launched_from_editor  /keep_resources -ami -generateprefabs -debugconf=debugconf_temp.scr -workshop="e:/steam/steamapps/common/dying light 2\DevTools\projects\Intersection"
{15:44:58.570} RETL: [CPUID]   > [MEM] Total Page File: 34756 MiB
{15:44:58.570} RETL: [CPUID]   > [MEM] Total Physical:  32678 MiB
{15:44:58.570} RETL: [CPUID]   > [MEM] Available Page File: 10194 MiB
{15:44:58.570} RETL: [CPUID]   > [MEM] Available Physical:  18578 MiB
{15:44:58.570} RETL: [CPUID]   > [MEM] Memory Load:  43%
{15:44:59.002} RETL: [GAME]    > arguments (7): 'E:\Steam\steamapps\common\Dying Light 2\DevTools\bin\DyingLightGame_x64_rwdi.exe', '-launched_from_editor', '/keep_resources', '-ami', '-generateprefabs', '-debugconf=debugconf_temp.scr', '-workshop=e:/steam/steamapps/common/dying light 2\DevTools\projects\Intersection'
{15:44:59.884} INFO: [FileSystem] > [CZip_dir::Initialize] 'e:/steam/steamapps/common/dying light 2 / ph/source/data_lang/dataen.pak' took: 0.000000ms
{15:44:59.909} RETL: [CPUID]   > [MEM] Total Page File: 34756 MiB
{15:44:59.909} RETL: [CPUID]   > [MEM] Total Physical:  32678 MiB
{15:44:59.909} RETL: [CPUID]   > [MEM] Available Page File: 9965 MiB
{15:44:59.909} RETL: [CPUID]   > [MEM] Available Physical:  18364 MiB
{15:44:59.909} RETL: [CPUID]   > [MEM] Memory Load:  43%
{15:44:59.928} INFO: [Renderer]   > [CVideoSettings::LoadSettings] Loading video settings using 'out/Settings/Video.scr'
{15:44:59.939} INFO: [Renderer]   > [r_Initialize] Loaded from rd3d11_x64_rwdi.dll.
{15:44:59.939} INFO: [Renderer]   > MonitorIdx=0, SecondaryMonitorIdx=-1
{15:44:59.941} INFO: [Renderer]   > [26.12.2022 15-44-59][streamline][info]pluginmanager.cpp:945[PluginManager] Streamline v1.1.1 - built on Fri Jul 29 07:43:20 2022 - SHA: 45d487a
{15:44:59.941} INFO: [Renderer]   > [26.12.2022 15-44-59][streamline][info]pluginmanager.cpp:355[findPlugins] Looking for plugins in E:\Steam\steamapps\common\Dying Light 2\DevTools\bin\ ...
{15:44:59.955} INFO: [Renderer]   > [26.12.2022 15-44-59][streamline][info]secureloadlibrary.cpp:477[verifyEmbeddedSignature] File 'E:\Steam\steamapps\common\Dying Light 2\DevTools\bin\/sl.common.dll' is signed by NVIDIA and the signature was verified.
{15:44:59.974} INFO: [Renderer]   > [26.12.2022 15-44-59][streamline][info]commoninterface.cpp:113[getGPUInfo] -----------------------------------------
{15:44:59.974} INFO: [Renderer]   > [26.12.2022 15-44-59][streamline][info]commoninterface.cpp:116[getGPUInfo] NVIDIA driver 527.37
{15:44:59.975} INFO: [Renderer]   > [26.12.2022 15-44-59][streamline][info]commoninterface.cpp:125[getGPUInfo] GPU 0 architecture 0x130 adapter mask 0x1
{15:44:59.975} INFO: [Renderer]   > [26.12.2022 15-44-59][streamline][info]commoninterface.cpp:127[getGPUInfo] -----------------------------------------
{15:44:59.978} INFO: [Renderer]   > [26.12.2022 15-44-59][streamline][info]commonentry.cpp:659[getSupportedAdapterMask] Detected Windows OS version 10.0.22621
{15:44:59.978} INFO: [Renderer]   > [26.12.2022 15-44-59][streamline][info]pluginmanager.cpp:501[mapPlugins] Loaded plugin 'sl.common' - version 1.1.1 - id 4294967295 - priority 0 - adapter mask 0xffffffff - namespace 'common'
{15:44:59.984} INFO: [Renderer]   > [26.12.2022 15-44-59][streamline][info]secureloadlibrary.cpp:477[verifyEmbeddedSignature] File 'E:\Steam\steamapps\common\Dying Light 2\DevTools\bin\/sl.dlss.dll' is signed by NVIDIA and the signature was verified.
{15:44:59.987} ERRR: [Renderer]   > [26.12.2022 15-44-59][streamline][error]pluginmanager.cpp:448[mapPlugins] Ignoring plugin 'sl.dlss' since it is not supported on this platform
{15:44:59.993} INFO: [Renderer]   > [26.12.2022 15-44-59][streamline][info]secureloadlibrary.cpp:477[verifyEmbeddedSignature] File 'E:\Steam\steamapps\common\Dying Light 2\DevTools\bin\/sl.nis.dll' is signed by NVIDIA and the signature was verified.
{15:44:59.995} INFO: [Renderer]   > [26.12.2022 15-44-59][streamline][info]pluginmanager.cpp:501[mapPlugins] Loaded plugin 'sl.nis' - version 1.1.1 - id 2 - priority 1 - adapter mask 0xffffffff - namespace 'nis'
{15:45:00.000} INFO: [Renderer]   > [26.12.2022 15-45-00][streamline][info]secureloadlibrary.cpp:477[verifyEmbeddedSignature] File 'E:\Steam\steamapps\common\Dying Light 2\DevTools\bin\/sl.reflex.dll' is signed by NVIDIA and the signature was verified.
{15:45:00.003} INFO: [Renderer]   > [26.12.2022 15-45-00][streamline][info]pluginmanager.cpp:501[mapPlugins] Loaded plugin 'sl.reflex' - version 1.1.1 - id 3 - priority 1 - adapter mask 0xffffffff - namespace 'reflex'
{15:45:00.003} INFO: [Renderer]   > [26.12.2022 15-45-00][streamline][info]pluginmanager.cpp:679[loadPlugins] Plugin execution order based on priority:
{15:45:00.003} INFO: [Renderer]   > [26.12.2022 15-45-00][streamline][info]pluginmanager.cpp:682[loadPlugins] P0 - sl.common
{15:45:00.003} INFO: [Renderer]   > [26.12.2022 15-45-00][streamline][info]pluginmanager.cpp:682[loadPlugins] P1 - sl.nis
{15:45:00.003} INFO: [Renderer]   > [26.12.2022 15-45-00][streamline][info]pluginmanager.cpp:682[loadPlugins] P1 - sl.reflex
{15:45:00.003} INFO: [Renderer]   > Enumerating D3D11 video adapters:
{15:45:00.003} INFO: [Renderer]   > Adapter 0: NVIDIA GeForce GTX 1080 Ti 11121MB/16339MB/0MB
{15:45:00.003} INFO: [Renderer]   |   Output 0: [0,0 - 2560,1440] \\.\DISPLAY1
{15:45:00.003} INFO: [Renderer]   |   Output 1: [2560,0 - 4480,1080] \\.\DISPLAY2
{15:45:00.003} INFO: [Renderer]   > Adapter 1: Microsoft Basic Render Driver 0MB/16339MB/0MB
{15:45:00.005} INFO: [Renderer]   > Sorted adapter 0: NVIDIA GeForce GTX 1080 Ti 11121MB/16339MB/0MB
{15:45:00.006} INFO: [Renderer]   > Sorted adapter 1: Microsoft Basic Render Driver 0MB/16339MB/0MB
{15:45:00.006} INFO: [Renderer]   > Picking adapter: NVIDIA GeForce GTX 1080 Ti
{15:45:00.006} INFO: [Renderer]   | Primary monitor: [0,0 - 2560,1440]
{15:45:00.006} INFO: [Renderer]   | Secondary monitor: [2560,0 - 4480,1080]
{15:45:00.148} INFO: [Renderer]   > Renderer started in DX11 mode.
{15:45:00.148} INFO: [Renderer]   > DX11 reported 11'121M free texture memory.
{15:45:00.227} INFO: [Renderer]   > [d3d12rt-checker] Raytracing tier lower than D3D12_RAYTRACING_TIER_1_1.
{15:45:00.402} INFO: [Renderer]   > [26.12.2022 15-45-00][streamline][info]pluginmanager.cpp:836[initializePlugins] Initializing plugins - api 0.0.1 - application ID 101095511
{15:45:00.402} INFO: [Renderer]   > [26.12.2022 15-45-00][streamline][info]d3d11.cpp:109[init] GPU nodes 1 - visible node mask 1
{15:45:00.403} INFO: [Renderer]   > [26.12.2022 15-45-00][streamline][info]d3d11.cpp:330[createKernel] Creating DXBC kernel fonts.cs:main hash 10788421720787293069
{15:45:00.403} INFO: [Renderer]   > [26.12.2022 15-45-00][streamline][info]generic.cpp:377[createBuffer] Buffer (sl.chi.fontTexture), m_allocCount=1, currentSize 0.0 MB, totalSize 0.0 MB
{15:45:00.403} INFO: [Renderer]   > [26.12.2022 15-45-00][streamline][info]generic.cpp:377[createBuffer] Buffer (sl.chi.dynamicText), m_allocCount=2, currentSize 0.0 MB, totalSize 0.0 MB
{15:45:00.404} INFO: [Renderer]   > [26.12.2022 15-45-00][streamline][info]generic.cpp:377[createBuffer] Buffer (sl.chi.dynamicTextUpload), m_allocCount=3, currentSize 0.0 MB, totalSize 0.0 MB
{15:45:00.404} INFO: [Renderer]   > [26.12.2022 15-45-00][streamline][info]pluginmanager.cpp:751[processPluginHooks] Hook sl.common:slHookVkCreateImage:after - skipped
{15:45:00.404} INFO: [Renderer]   > [26.12.2022 15-45-00][streamline][info]pluginmanager.cpp:751[processPluginHooks] Hook sl.common:slHookVkPresent:before - skipped
{15:45:00.404} INFO: [Renderer]   > [26.12.2022 15-45-00][streamline][info]pluginmanager.cpp:751[processPluginHooks] Hook sl.common:slHookVkCmdPipelineBarrier:after - skipped
{15:45:00.404} INFO: [Renderer]   > [26.12.2022 15-45-00][streamline][info]pluginmanager.cpp:751[processPluginHooks] Hook sl.common:slHookVkCmdBindPipeline:after - skipped
{15:45:00.404} INFO: [Renderer]   > [26.12.2022 15-45-00][streamline][info]pluginmanager.cpp:751[processPluginHooks] Hook sl.common:slHookVkCmdBindDescriptorSets:after - skipped
{15:45:00.404} INFO: [Renderer]   > [26.12.2022 15-45-00][streamline][info]pluginmanager.cpp:751[processPluginHooks] Hook sl.common:slHookVkBeginCommandBuffer:after - skipped
{15:45:00.404} INFO: [Renderer]   > [26.12.2022 15-45-00][streamline][info]pluginmanager.cpp:762[processPluginHooks] Hook sl.common:slHookCreateCommittedResource:after - OK
{15:45:00.404} INFO: [Renderer]   > [26.12.2022 15-45-00][streamline][info]pluginmanager.cpp:762[processPluginHooks] Hook sl.common:slHookCreatePlacedResource:after - OK
{15:45:00.404} INFO: [Renderer]   > [26.12.2022 15-45-00][streamline][info]pluginmanager.cpp:762[processPluginHooks] Hook sl.common:slHookCreateReservedResource:after - OK
{15:45:00.404} INFO: [Renderer]   > [26.12.2022 15-45-00][streamline][info]pluginmanager.cpp:762[processPluginHooks] Hook sl.common:slHookResourceBarrier:after - OK
{15:45:00.404} INFO: [Renderer]   > [26.12.2022 15-45-00][streamline][info]pluginmanager.cpp:762[processPluginHooks] Hook sl.common:slHookResizeSwapChainPre:before - OK
{15:45:00.404} INFO: [Renderer]   > [26.12.2022 15-45-00][streamline][info]pluginmanager.cpp:762[processPluginHooks] Hook sl.common:slHookPresent:before - OK
{15:45:00.404} INFO: [Renderer]   > [26.12.2022 15-45-00][streamline][info]pluginmanager.cpp:762[processPluginHooks] Hook sl.common:slHookPresent1:before - OK
{15:45:00.404} INFO: [Renderer]   > [26.12.2022 15-45-00][streamline][info]d3d11.cpp:330[createKernel] Creating DXBC kernel NIS_Sharpen_V0_H0.cs:main hash 12119078810223182601
{15:45:00.404} INFO: [Renderer]   > [26.12.2022 15-45-00][streamline][info]d3d11.cpp:330[createKernel] Creating DXBC kernel NIS_Sharpen_V0_H1.cs:main hash 14419830676434324791
{15:45:00.404} INFO: [Renderer]   > [26.12.2022 15-45-00][streamline][info]d3d11.cpp:330[createKernel] Creating DXBC kernel NIS_Sharpen_V0_H2.cs:main hash 13730826108899015964
{15:45:00.404} INFO: [Renderer]   > [26.12.2022 15-45-00][streamline][info]d3d11.cpp:330[createKernel] Creating DXBC kernel NIS_Sharpen_V1_H0.cs:main hash 13539734034720596618
{15:45:00.404} INFO: [Renderer]   > [26.12.2022 15-45-00][streamline][info]d3d11.cpp:330[createKernel] Creating DXBC kernel NIS_Sharpen_V1_H1.cs:main hash 6716256702433400594
{15:45:00.404} INFO: [Renderer]   > [26.12.2022 15-45-00][streamline][info]d3d11.cpp:330[createKernel] Creating DXBC kernel NIS_Sharpen_V1_H2.cs:main hash 16030675145760948415
{15:45:00.405} INFO: [Renderer]   > [26.12.2022 15-45-00][streamline][info]d3d11.cpp:330[createKernel] Creating DXBC kernel NIS_Scaler_V0_H0.cs:main hash 11221851537279599687
{15:45:00.405} INFO: [Renderer]   > [26.12.2022 15-45-00][streamline][info]d3d11.cpp:330[createKernel] Creating DXBC kernel NIS_Scaler_V0_H1.cs:main hash 2383697960582834213
{15:45:00.405} INFO: [Renderer]   > [26.12.2022 15-45-00][streamline][info]d3d11.cpp:330[createKernel] Creating DXBC kernel NIS_Scaler_V0_H2.cs:main hash 1766102099082287508
{15:45:00.405} INFO: [Renderer]   > [26.12.2022 15-45-00][streamline][info]d3d11.cpp:330[createKernel] Creating DXBC kernel NIS_Scaler_V1_H0.cs:main hash 1990562918408001413
{15:45:00.405} INFO: [Renderer]   > [26.12.2022 15-45-00][streamline][info]d3d11.cpp:330[createKernel] Creating DXBC kernel NIS_Scaler_V1_H1.cs:main hash 1981919493558556299
{15:45:00.405} INFO: [Renderer]   > [26.12.2022 15-45-00][streamline][info]d3d11.cpp:330[createKernel] Creating DXBC kernel NIS_Scaler_V1_H2.cs:main hash 10490254860623785046
{15:45:00.405} INFO: [Renderer]   > [26.12.2022 15-45-00][streamline][info]pluginmanager.cpp:900[mapPluginCallbacks] Callback sl.nis:slSetConstants:0x7ff8224311d0
{15:45:00.405} INFO: [Renderer]   > [26.12.2022 15-45-00][streamline][info]pluginmanager.cpp:901[mapPluginCallbacks] Callback sl.nis:slGetSettings:0x0
{15:45:00.406} INFO: [Renderer]   > [26.12.2022 15-45-00][streamline][info]pluginmanager.cpp:902[mapPluginCallbacks] Callback sl.nis:slAllocateResources:0x0
{15:45:00.406} INFO: [Renderer]   > [26.12.2022 15-45-00][streamline][info]pluginmanager.cpp:903[mapPluginCallbacks] Callback sl.nis:slFreeResources:0x0
{15:45:00.406} INFO: [Renderer]   > [26.12.2022 15-45-00][streamline][info]pluginmanager.cpp:730[processPluginHooks] Plugin 'sl.nis' has no registered hooks
{15:45:00.406} INFO: [Renderer]   > [26.12.2022 15-45-00][streamline][info]pluginmanager.cpp:900[mapPluginCallbacks] Callback sl.reflex:slSetConstants:0x7ff83d2c17b0
{15:45:00.406} INFO: [Renderer]   > [26.12.2022 15-45-00][streamline][info]pluginmanager.cpp:901[mapPluginCallbacks] Callback sl.reflex:slGetSettings:0x7ff83d2c1bf0
{15:45:00.406} INFO: [Renderer]   > [26.12.2022 15-45-00][streamline][info]pluginmanager.cpp:902[mapPluginCallbacks] Callback sl.reflex:slAllocateResources:0x0
{15:45:00.406} INFO: [Renderer]   > [26.12.2022 15-45-00][streamline][info]pluginmanager.cpp:903[mapPluginCallbacks] Callback sl.reflex:slFreeResources:0x0
{15:45:00.406} INFO: [Renderer]   > [26.12.2022 15-45-00][streamline][info]pluginmanager.cpp:730[processPluginHooks] Plugin 'sl.reflex' has no registered hooks
{15:45:00.406} ERRR: [Renderer]   > [26.12.2022 15-45-00][streamline][error]sl.cpp:157[slIsFeatureSupported] Feature 'eFeatureDLSS' is not supported or missing
{15:45:00.406} INFO: [Renderer]   > Renderer: supported display modes:
{15:45:00.406} INFO: [Renderer]   |  monitor:0, 640x480, bpp:24, hz:144.00, fmt: A8R8G8B8
{15:45:00.406} INFO: [Renderer]   |  monitor:0, 640x480, bpp:24, hz:144.00, fmt: A8R8G8B8
{15:45:00.406} INFO: [Renderer]   |  monitor:0, 640x480, bpp:24, hz:120.00, fmt: A8R8G8B8
{15:45:00.406} INFO: [Renderer]   |  monitor:0, 640x480, bpp:24, hz:120.00, fmt: A8R8G8B8
{15:45:00.406} INFO: [Renderer]   |  monitor:0, 640x480, bpp:24, hz:99.95, fmt: A8R8G8B8
{15:45:00.406} INFO: [Renderer]   |  monitor:0, 640x480, bpp:24, hz:99.95, fmt: A8R8G8B8
{15:45:00.406} INFO: [Renderer]   |  monitor:0, 640x480, bpp:24, hz:84.98, fmt: A8R8G8B8
{15:45:00.406} INFO: [Renderer]   |  monitor:0, 640x480, bpp:24, hz:84.98, fmt: A8R8G8B8
{15:45:00.406} INFO: [Renderer]   |  monitor:0, 640x480, bpp:24, hz:59.95, fmt: A8R8G8B8
{15:45:00.406} INFO: [Renderer]   |  monitor:0, 640x480, bpp:24, hz:59.95, fmt: A8R8G8B8
{15:45:00.406} INFO: [Renderer]   |  monitor:0, 720x480, bpp:24, hz:144.00, fmt: A8R8G8B8
{15:45:00.406} INFO: [Renderer]   |  monitor:0, 720x480, bpp:24, hz:144.00, fmt: A8R8G8B8
{15:45:00.406} INFO: [Renderer]   |  monitor:0, 720x480, bpp:24, hz:120.00, fmt: A8R8G8B8
{15:45:00.406} INFO: [Renderer]   |  monitor:0, 720x480, bpp:24, hz:120.00, fmt: A8R8G8B8
{15:45:00.406} INFO: [Renderer]   |  monitor:0, 720x480, bpp:24, hz:99.95, fmt: A8R8G8B8
{15:45:00.406} INFO: [Renderer]   |  monitor:0, 720x480, bpp:24, hz:99.95, fmt: A8R8G8B8
{15:45:00.406} INFO: [Renderer]   |  monitor:0, 720x480, bpp:24, hz:84.98, fmt: A8R8G8B8
{15:45:00.406} INFO: [Renderer]   |  monitor:0, 720x480, bpp:24, hz:84.98, fmt: A8R8G8B8
{15:45:00.406} INFO: [Renderer]   |  monitor:0, 720x480, bpp:24, hz:59.95, fmt: A8R8G8B8
{15:45:00.406} INFO: [Renderer]   |  monitor:0, 720x480, bpp:24, hz:59.95, fmt: A8R8G8B8
{15:45:00.406} INFO: [Renderer]   |  monitor:0, 720x576, bpp:24, hz:144.00, fmt: A8R8G8B8
{15:45:00.406} INFO: [Renderer]   |  monitor:0, 720x576, bpp:24, hz:144.00, fmt: A8R8G8B8
{15:45:00.406} INFO: [Renderer]   |  monitor:0, 720x576, bpp:24, hz:120.00, fmt: A8R8G8B8
{15:45:00.406} INFO: [Renderer]   |  monitor:0, 720x576, bpp:24, hz:120.00, fmt: A8R8G8B8
{15:45:00.406} INFO: [Renderer]   |  monitor:0, 720x576, bpp:24, hz:99.95, fmt: A8R8G8B8
{15:45:00.406} INFO: [Renderer]   |  monitor:0, 720x576, bpp:24, hz:99.95, fmt: A8R8G8B8
{15:45:00.406} INFO: [Renderer]   |  monitor:0, 720x576, bpp:24, hz:84.98, fmt: A8R8G8B8
{15:45:00.406} INFO: [Renderer]   |  monitor:0, 720x576, bpp:24, hz:84.98, fmt: A8R8G8B8
{15:45:00.406} INFO: [Renderer]   |  monitor:0, 720x576, bpp:24, hz:59.95, fmt: A8R8G8B8
{15:45:00.406} INFO: [Renderer]   |  monitor:0, 720x576, bpp:24, hz:59.95, fmt: A8R8G8B8
{15:45:00.406} INFO: [Renderer]   |  monitor:0, 800x600, bpp:24, hz:144.00, fmt: A8R8G8B8
{15:45:00.406} INFO: [Renderer]   |  monitor:0, 800x600, bpp:24, hz:144.00, fmt: A8R8G8B8
{15:45:00.406} INFO: [Renderer]   |  monitor:0, 800x600, bpp:24, hz:120.00, fmt: A8R8G8B8
{15:45:00.406} INFO: [Renderer]   |  monitor:0, 800x600, bpp:24, hz:120.00, fmt: A8R8G8B8
{15:45:00.406} INFO: [Renderer]   |  monitor:0, 800x600, bpp:24, hz:99.95, fmt: A8R8G8B8
{15:45:00.406} INFO: [Renderer]   |  monitor:0, 800x600, bpp:24, hz:99.95, fmt: A8R8G8B8
{15:45:00.406} INFO: [Renderer]   |  monitor:0, 800x600, bpp:24, hz:84.98, fmt: A8R8G8B8
{15:45:00.406} INFO: [Renderer]   |  monitor:0, 800x600, bpp:24, hz:84.98, fmt: A8R8G8B8
{15:45:00.406} INFO: [Renderer]   |  monitor:0, 800x600, bpp:24, hz:59.95, fmt: A8R8G8B8
{15:45:00.406} INFO: [Renderer]   |  monitor:0, 800x600, bpp:24, hz:59.95, fmt: A8R8G8B8
{15:45:00.406} INFO: [Renderer]   |  monitor:0, 1024x768, bpp:24, hz:144.00, fmt: A8R8G8B8
{15:45:00.406} INFO: [Renderer]   |  monitor:0, 1024x768, bpp:24, hz:144.00, fmt: A8R8G8B8
{15:45:00.406} INFO: [Renderer]   |  monitor:0, 1024x768, bpp:24, hz:120.00, fmt: A8R8G8B8
{15:45:00.406} INFO: [Renderer]   |  monitor:0, 1024x768, bpp:24, hz:120.00, fmt: A8R8G8B8
{15:45:00.406} INFO: [Renderer]   |  monitor:0, 1024x768, bpp:24, hz:99.95, fmt: A8R8G8B8
{15:45:00.406} INFO: [Renderer]   |  monitor:0, 1024x768, bpp:24, hz:99.95, fmt: A8R8G8B8
{15:45:00.406} INFO: [Renderer]   |  monitor:0, 1024x768, bpp:24, hz:84.98, fmt: A8R8G8B8
{15:45:00.406} INFO: [Renderer]   |  monitor:0, 1024x768, bpp:24, hz:84.98, fmt: A8R8G8B8
{15:45:00.406} INFO: [Renderer]   |  monitor:0, 1024x768, bpp:24, hz:59.95, fmt: A8R8G8B8
{15:45:00.406} INFO: [Renderer]   |  monitor:0, 1024x768, bpp:24, hz:59.95, fmt: A8R8G8B8
{15:45:00.406} INFO: [Renderer]   |  monitor:0, 1152x864, bpp:24, hz:144.00, fmt: A8R8G8B8
{15:45:00.406} INFO: [Renderer]   |  monitor:0, 1152x864, bpp:24, hz:144.00, fmt: A8R8G8B8
{15:45:00.406} INFO: [Renderer]   |  monitor:0, 1152x864, bpp:24, hz:120.00, fmt: A8R8G8B8
{15:45:00.406} INFO: [Renderer]   |  monitor:0, 1152x864, bpp:24, hz:120.00, fmt: A8R8G8B8
{15:45:00.406} INFO: [Renderer]   |  monitor:0, 1152x864, bpp:24, hz:99.95, fmt: A8R8G8B8
{15:45:00.406} INFO: [Renderer]   |  monitor:0, 1152x864, bpp:24, hz:99.95, fmt: A8R8G8B8
{15:45:00.406} INFO: [Renderer]   |  monitor:0, 1152x864, bpp:24, hz:84.98, fmt: A8R8G8B8
{15:45:00.406} INFO: [Renderer]   |  monitor:0, 1152x864, bpp:24, hz:84.98, fmt: A8R8G8B8
{15:45:00.406} INFO: [Renderer]   |  monitor:0, 1152x864, bpp:24, hz:59.95, fmt: A8R8G8B8
{15:45:00.406} INFO: [Renderer]   |  monitor:0, 1152x864, bpp:24, hz:59.95, fmt: A8R8G8B8
{15:45:00.406} INFO: [Renderer]   |  monitor:0, 1280x720, bpp:24, hz:144.00, fmt: A8R8G8B8
{15:45:00.406} INFO: [Renderer]   |  monitor:0, 1280x720, bpp:24, hz:144.00, fmt: A8R8G8B8
{15:45:00.406} INFO: [Renderer]   |  monitor:0, 1280x720, bpp:24, hz:120.00, fmt: A8R8G8B8
{15:45:00.406} INFO: [Renderer]   |  monitor:0, 1280x720, bpp:24, hz:120.00, fmt: A8R8G8B8
{15:45:00.407} INFO: [Renderer]   |  monitor:0, 1280x720, bpp:24, hz:99.95, fmt: A8R8G8B8
{15:45:00.407} INFO: [Renderer]   |  monitor:0, 1280x720, bpp:24, hz:99.95, fmt: A8R8G8B8
{15:45:00.407} INFO: [Renderer]   |  monitor:0, 1280x720, bpp:24, hz:84.98, fmt: A8R8G8B8
{15:45:00.407} INFO: [Renderer]   |  monitor:0, 1280x720, bpp:24, hz:84.98, fmt: A8R8G8B8
{15:45:00.407} INFO: [Renderer]   |  monitor:0, 1280x720, bpp:24, hz:59.95, fmt: A8R8G8B8
{15:45:00.407} INFO: [Renderer]   |  monitor:0, 1280x720, bpp:24, hz:59.95, fmt: A8R8G8B8
{15:45:00.407} INFO: [Renderer]   |  monitor:0, 1280x768, bpp:24, hz:144.00, fmt: A8R8G8B8
{15:45:00.407} INFO: [Renderer]   |  monitor:0, 1280x768, bpp:24, hz:144.00, fmt: A8R8G8B8
{15:45:00.407} INFO: [Renderer]   |  monitor:0, 1280x768, bpp:24, hz:120.00, fmt: A8R8G8B8
{15:45:00.407} INFO: [Renderer]   |  monitor:0, 1280x768, bpp:24, hz:120.00, fmt: A8R8G8B8
{15:45:00.407} INFO: [Renderer]   |  monitor:0, 1280x768, bpp:24, hz:99.95, fmt: A8R8G8B8
{15:45:00.407} INFO: [Renderer]   |  monitor:0, 1280x768, bpp:24, hz:99.95, fmt: A8R8G8B8
{15:45:00.407} INFO: [Renderer]   |  monitor:0, 1280x768, bpp:24, hz:84.98, fmt: A8R8G8B8
{15:45:00.407} INFO: [Renderer]   |  monitor:0, 1280x768, bpp:24, hz:84.98, fmt: A8R8G8B8
{15:45:00.407} INFO: [Renderer]   |  monitor:0, 1280x768, bpp:24, hz:59.95, fmt: A8R8G8B8
{15:45:00.407} INFO: [Renderer]   |  monitor:0, 1280x768, bpp:24, hz:59.95, fmt: A8R8G8B8
{15:45:00.407} INFO: [Renderer]   |  monitor:0, 1280x800, bpp:24, hz:144.00, fmt: A8R8G8B8
{15:45:00.407} INFO: [Renderer]   |  monitor:0, 1280x800, bpp:24, hz:144.00, fmt: A8R8G8B8
{15:45:00.407} INFO: [Renderer]   |  monitor:0, 1280x800, bpp:24, hz:120.00, fmt: A8R8G8B8
{15:45:00.407} INFO: [Renderer]   |  monitor:0, 1280x800, bpp:24, hz:120.00, fmt: A8R8G8B8
{15:45:00.407} INFO: [Renderer]   |  monitor:0, 1280x800, bpp:24, hz:99.95, fmt: A8R8G8B8
{15:45:00.407} INFO: [Renderer]   |  monitor:0, 1280x800, bpp:24, hz:99.95, fmt: A8R8G8B8
{15:45:00.407} INFO: [Renderer]   |  monitor:0, 1280x800, bpp:24, hz:84.98, fmt: A8R8G8B8
{15:45:00.407} INFO: [Renderer]   |  monitor:0, 1280x800, bpp:24, hz:84.98, fmt: A8R8G8B8
{15:45:00.407} INFO: [Renderer]   |  monitor:0, 1280x800, bpp:24, hz:59.95, fmt: A8R8G8B8
{15:45:00.407} INFO: [Renderer]   |  monitor:0, 1280x800, bpp:24, hz:59.95, fmt: A8R8G8B8
{15:45:00.407} INFO: [Renderer]   |  monitor:0, 1280x960, bpp:24, hz:144.00, fmt: A8R8G8B8
{15:45:00.407} INFO: [Renderer]   |  monitor:0, 1280x960, bpp:24, hz:144.00, fmt: A8R8G8B8
{15:45:00.407} INFO: [Renderer]   |  monitor:0, 1280x960, bpp:24, hz:120.00, fmt: A8R8G8B8
{15:45:00.407} INFO: [Renderer]   |  monitor:0, 1280x960, bpp:24, hz:120.00, fmt: A8R8G8B8
{15:45:00.407} INFO: [Renderer]   |  monitor:0, 1280x960, bpp:24, hz:99.95, fmt: A8R8G8B8
{15:45:00.407} INFO: [Renderer]   |  monitor:0, 1280x960, bpp:24, hz:99.95, fmt: A8R8G8B8
{15:45:00.407} INFO: [Renderer]   |  monitor:0, 1280x960, bpp:24, hz:84.98, fmt: A8R8G8B8
{15:45:00.407} INFO: [Renderer]   |  monitor:0, 1280x960, bpp:24, hz:84.98, fmt: A8R8G8B8
{15:45:00.407} INFO: [Renderer]   |  monitor:0, 1280x960, bpp:24, hz:59.95, fmt: A8R8G8B8
{15:45:00.407} INFO: [Renderer]   |  monitor:0, 1280x960, bpp:24, hz:59.95, fmt: A8R8G8B8
{15:45:00.407} INFO: [Renderer]   |  monitor:0, 1280x1024, bpp:24, hz:144.00, fmt: A8R8G8B8
{15:45:00.407} INFO: [Renderer]   |  monitor:0, 1280x1024, bpp:24, hz:144.00, fmt: A8R8G8B8
{15:45:00.407} INFO: [Renderer]   |  monitor:0, 1280x1024, bpp:24, hz:120.00, fmt: A8R8G8B8
{15:45:00.407} INFO: [Renderer]   |  monitor:0, 1280x1024, bpp:24, hz:120.00, fmt: A8R8G8B8
{15:45:00.407} INFO: [Renderer]   |  monitor:0, 1280x1024, bpp:24, hz:99.95, fmt: A8R8G8B8
{15:45:00.407} INFO: [Renderer]   |  monitor:0, 1280x1024, bpp:24, hz:99.95, fmt: A8R8G8B8
{15:45:00.407} INFO: [Renderer]   |  monitor:0, 1280x1024, bpp:24, hz:84.98, fmt: A8R8G8B8
{15:45:00.407} INFO: [Renderer]   |  monitor:0, 1280x1024, bpp:24, hz:84.98, fmt: A8R8G8B8
{15:45:00.407} INFO: [Renderer]   |  monitor:0, 1280x1024, bpp:24, hz:59.95, fmt: A8R8G8B8
{15:45:00.407} INFO: [Renderer]   |  monitor:0, 1280x1024, bpp:24, hz:59.95, fmt: A8R8G8B8
{15:45:00.407} INFO: [Renderer]   |  monitor:0, 1360x768, bpp:24, hz:144.00, fmt: A8R8G8B8
{15:45:00.407} INFO: [Renderer]   |  monitor:0, 1360x768, bpp:24, hz:144.00, fmt: A8R8G8B8
{15:45:00.407} INFO: [Renderer]   |  monitor:0, 1360x768, bpp:24, hz:120.00, fmt: A8R8G8B8
{15:45:00.407} INFO: [Renderer]   |  monitor:0, 1360x768, bpp:24, hz:120.00, fmt: A8R8G8B8
{15:45:00.407} INFO: [Renderer]   |  monitor:0, 1360x768, bpp:24, hz:99.95, fmt: A8R8G8B8
{15:45:00.407} INFO: [Renderer]   |  monitor:0, 1360x768, bpp:24, hz:99.95, fmt: A8R8G8B8
{15:45:00.407} INFO: [Renderer]   |  monitor:0, 1360x768, bpp:24, hz:84.98, fmt: A8R8G8B8
{15:45:00.407} INFO: [Renderer]   |  monitor:0, 1360x768, bpp:24, hz:84.98, fmt: A8R8G8B8
{15:45:00.407} INFO: [Renderer]   |  monitor:0, 1360x768, bpp:24, hz:59.95, fmt: A8R8G8B8
{15:45:00.407} INFO: [Renderer]   |  monitor:0, 1360x768, bpp:24, hz:59.95, fmt: A8R8G8B8
{15:45:00.407} INFO: [Renderer]   |  monitor:0, 1366x768, bpp:24, hz:144.00, fmt: A8R8G8B8
{15:45:00.407} INFO: [Renderer]   |  monitor:0, 1366x768, bpp:24, hz:144.00, fmt: A8R8G8B8
{15:45:00.407} INFO: [Renderer]   |  monitor:0, 1366x768, bpp:24, hz:120.00, fmt: A8R8G8B8
{15:45:00.407} INFO: [Renderer]   |  monitor:0, 1366x768, bpp:24, hz:120.00, fmt: A8R8G8B8
{15:45:00.407} INFO: [Renderer]   |  monitor:0, 1366x768, bpp:24, hz:99.95, fmt: A8R8G8B8
{15:45:00.407} INFO: [Renderer]   |  monitor:0, 1366x768, bpp:24, hz:99.95, fmt: A8R8G8B8
{15:45:00.407} INFO: [Renderer]   |  monitor:0, 1366x768, bpp:24, hz:84.98, fmt: A8R8G8B8
{15:45:00.407} INFO: [Renderer]   |  monitor:0, 1366x768, bpp:24, hz:84.98, fmt: A8R8G8B8
{15:45:00.407} INFO: [Renderer]   |  monitor:0, 1366x768, bpp:24, hz:59.95, fmt: A8R8G8B8
{15:45:00.407} INFO: [Renderer]   |  monitor:0, 1366x768, bpp:24, hz:59.95, fmt: A8R8G8B8
{15:45:00.407} INFO: [Renderer]   |  monitor:0, 1440x900, bpp:24, hz:144.00, fmt: A8R8G8B8
{15:45:00.407} INFO: [Renderer]   |  monitor:0, 1440x900, bpp:24, hz:144.00, fmt: A8R8G8B8
{15:45:00.407} INFO: [Renderer]   |  monitor:0, 1440x900, bpp:24, hz:120.00, fmt: A8R8G8B8
{15:45:00.407} INFO: [Renderer]   |  monitor:0, 1440x900, bpp:24, hz:120.00, fmt: A8R8G8B8
{15:45:00.407} INFO: [Renderer]   |  monitor:0, 1440x900, bpp:24, hz:99.95, fmt: A8R8G8B8
{15:45:00.407} INFO: [Renderer]   |  monitor:0, 1440x900, bpp:24, hz:99.95, fmt: A8R8G8B8
{15:45:00.407} INFO: [Renderer]   |  monitor:0, 1440x900, bpp:24, hz:84.98, fmt: A8R8G8B8
{15:45:00.407} INFO: [Renderer]   |  monitor:0, 1440x900, bpp:24, hz:84.98, fmt: A8R8G8B8
{15:45:00.407} INFO: [Renderer]   |  monitor:0, 1440x900, bpp:24, hz:59.95, fmt: A8R8G8B8
{15:45:00.407} INFO: [Renderer]   |  monitor:0, 1440x900, bpp:24, hz:59.95, fmt: A8R8G8B8
{15:45:00.407} INFO: [Renderer]   |  monitor:0, 1600x900, bpp:24, hz:144.00, fmt: A8R8G8B8
{15:45:00.407} INFO: [Renderer]   |  monitor:0, 1600x900, bpp:24, hz:144.00, fmt: A8R8G8B8
{15:45:00.407} INFO: [Renderer]   |  monitor:0, 1600x900, bpp:24, hz:120.00, fmt: A8R8G8B8
{15:45:00.407} INFO: [Renderer]   |  monitor:0, 1600x900, bpp:24, hz:120.00, fmt: A8R8G8B8
{15:45:00.407} INFO: [Renderer]   |  monitor:0, 1600x900, bpp:24, hz:99.95, fmt: A8R8G8B8
{15:45:00.407} INFO: [Renderer]   |  monitor:0, 1600x900, bpp:24, hz:99.95, fmt: A8R8G8B8
{15:45:00.407} INFO: [Renderer]   |  monitor:0, 1600x900, bpp:24, hz:84.98, fmt: A8R8G8B8
{15:45:00.407} INFO: [Renderer]   |  monitor:0, 1600x900, bpp:24, hz:84.98, fmt: A8R8G8B8
{15:45:00.407} INFO: [Renderer]   |  monitor:0, 1600x900, bpp:24, hz:59.95, fmt: A8R8G8B8
{15:45:00.407} INFO: [Renderer]   |  monitor:0, 1600x900, bpp:24, hz:59.95, fmt: A8R8G8B8
{15:45:00.407} INFO: [Renderer]   |  monitor:0, 1600x1024, bpp:24, hz:144.00, fmt: A8R8G8B8
{15:45:00.407} INFO: [Renderer]   |  monitor:0, 1600x1024, bpp:24, hz:144.00, fmt: A8R8G8B8
{15:45:00.407} INFO: [Renderer]   |  monitor:0, 1600x1024, bpp:24, hz:120.00, fmt: A8R8G8B8
{15:45:00.407} INFO: [Renderer]   |  monitor:0, 1600x1024, bpp:24, hz:120.00, fmt: A8R8G8B8
{15:45:00.407} INFO: [Renderer]   |  monitor:0, 1600x1024, bpp:24, hz:99.95, fmt: A8R8G8B8
{15:45:00.407} INFO: [Renderer]   |  monitor:0, 1600x1024, bpp:24, hz:99.95, fmt: A8R8G8B8
{15:45:00.407} INFO: [Renderer]   |  monitor:0, 1600x1024, bpp:24, hz:84.98, fmt: A8R8G8B8
{15:45:00.407} INFO: [Renderer]   |  monitor:0, 1600x1024, bpp:24, hz:84.98, fmt: A8R8G8B8
{15:45:00.407} INFO: [Renderer]   |  monitor:0, 1600x1024, bpp:24, hz:59.95, fmt: A8R8G8B8
{15:45:00.407} INFO: [Renderer]   |  monitor:0, 1600x1024, bpp:24, hz:59.95, fmt: A8R8G8B8
{15:45:00.407} INFO: [Renderer]   |  monitor:0, 1600x1200, bpp:24, hz:144.00, fmt: A8R8G8B8
{15:45:00.407} INFO: [Renderer]   |  monitor:0, 1600x1200, bpp:24, hz:144.00, fmt: A8R8G8B8
{15:45:00.407} INFO: [Renderer]   |  monitor:0, 1600x1200, bpp:24, hz:120.00, fmt: A8R8G8B8
{15:45:00.407} INFO: [Renderer]   |  monitor:0, 1600x1200, bpp:24, hz:120.00, fmt: A8R8G8B8
{15:45:00.407} INFO: [Renderer]   |  monitor:0, 1600x1200, bpp:24, hz:99.95, fmt: A8R8G8B8
{15:45:00.407} INFO: [Renderer]   |  monitor:0, 1600x1200, bpp:24, hz:99.95, fmt: A8R8G8B8
{15:45:00.407} INFO: [Renderer]   |  monitor:0, 1600x1200, bpp:24, hz:84.98, fmt: A8R8G8B8
{15:45:00.407} INFO: [Renderer]   |  monitor:0, 1600x1200, bpp:24, hz:84.98, fmt: A8R8G8B8
{15:45:00.407} INFO: [Renderer]   |  monitor:0, 1600x1200, bpp:24, hz:59.95, fmt: A8R8G8B8
{15:45:00.407} INFO: [Renderer]   |  monitor:0, 1600x1200, bpp:24, hz:59.95, fmt: A8R8G8B8
{15:45:00.407} INFO: [Renderer]   |  monitor:0, 1680x1050, bpp:24, hz:144.00, fmt: A8R8G8B8
{15:45:00.407} INFO: [Renderer]   |  monitor:0, 1680x1050, bpp:24, hz:144.00, fmt: A8R8G8B8
{15:45:00.407} INFO: [Renderer]   |  monitor:0, 1680x1050, bpp:24, hz:120.00, fmt: A8R8G8B8
{15:45:00.407} INFO: [Renderer]   |  monitor:0, 1680x1050, bpp:24, hz:120.00, fmt: A8R8G8B8
{15:45:00.407} INFO: [Renderer]   |  monitor:0, 1680x1050, bpp:24, hz:99.95, fmt: A8R8G8B8
{15:45:00.407} INFO: [Renderer]   |  monitor:0, 1680x1050, bpp:24, hz:99.95, fmt: A8R8G8B8
{15:45:00.407} INFO: [Renderer]   |  monitor:0, 1680x1050, bpp:24, hz:84.98, fmt: A8R8G8B8
{15:45:00.407} INFO: [Renderer]   |  monitor:0, 1680x1050, bpp:24, hz:84.98, fmt: A8R8G8B8
{15:45:00.407} INFO: [Renderer]   |  monitor:0, 1680x1050, bpp:24, hz:59.95, fmt: A8R8G8B8
{15:45:00.407} INFO: [Renderer]   |  monitor:0, 1680x1050, bpp:24, hz:59.95, fmt: A8R8G8B8
{15:45:00.407} INFO: [Renderer]   |  monitor:0, 1920x1080, bpp:24, hz:144.00, fmt: A8R8G8B8
{15:45:00.407} INFO: [Renderer]   |  monitor:0, 1920x1080, bpp:24, hz:144.00, fmt: A8R8G8B8
{15:45:00.407} INFO: [Renderer]   |  monitor:0, 1920x1080, bpp:24, hz:120.00, fmt: A8R8G8B8
{15:45:00.407} INFO: [Renderer]   |  monitor:0, 1920x1080, bpp:24, hz:120.00, fmt: A8R8G8B8
{15:45:00.407} INFO: [Renderer]   |  monitor:0, 1920x1080, bpp:24, hz:99.95, fmt: A8R8G8B8
{15:45:00.407} INFO: [Renderer]   |  monitor:0, 1920x1080, bpp:24, hz:99.95, fmt: A8R8G8B8
{15:45:00.407} INFO: [Renderer]   |  monitor:0, 1920x1080, bpp:24, hz:84.98, fmt: A8R8G8B8
{15:45:00.407} INFO: [Renderer]   |  monitor:0, 1920x1080, bpp:24, hz:84.98, fmt: A8R8G8B8
{15:45:00.407} INFO: [Renderer]   |  monitor:0, 1920x1080, bpp:24, hz:59.95, fmt: A8R8G8B8
{15:45:00.407} INFO: [Renderer]   |  monitor:0, 1920x1080, bpp:24, hz:59.95, fmt: A8R8G8B8
{15:45:00.407} INFO: [Renderer]   |  monitor:0, 1920x1200, bpp:24, hz:144.00, fmt: A8R8G8B8
{15:45:00.407} INFO: [Renderer]   |  monitor:0, 1920x1200, bpp:24, hz:144.00, fmt: A8R8G8B8
{15:45:00.407} INFO: [Renderer]   |  monitor:0, 1920x1200, bpp:24, hz:120.00, fmt: A8R8G8B8
{15:45:00.407} INFO: [Renderer]   |  monitor:0, 1920x1200, bpp:24, hz:120.00, fmt: A8R8G8B8
{15:45:00.407} INFO: [Renderer]   |  monitor:0, 1920x1200, bpp:24, hz:99.95, fmt: A8R8G8B8
{15:45:00.407} INFO: [Renderer]   |  monitor:0, 1920x1200, bpp:24, hz:99.95, fmt: A8R8G8B8
{15:45:00.407} INFO: [Renderer]   |  monitor:0, 1920x1200, bpp:24, hz:84.98, fmt: A8R8G8B8
{15:45:00.407} INFO: [Renderer]   |  monitor:0, 1920x1200, bpp:24, hz:84.98, fmt: A8R8G8B8
{15:45:00.407} INFO: [Renderer]   |  monitor:0, 1920x1200, bpp:24, hz:59.95, fmt: A8R8G8B8
{15:45:00.407} INFO: [Renderer]   |  monitor:0, 1920x1200, bpp:24, hz:59.95, fmt: A8R8G8B8
{15:45:00.407} INFO: [Renderer]   |  monitor:0, 1920x1440, bpp:24, hz:144.00, fmt: A8R8G8B8
{15:45:00.407} INFO: [Renderer]   |  monitor:0, 1920x1440, bpp:24, hz:144.00, fmt: A8R8G8B8
{15:45:00.407} INFO: [Renderer]   |  monitor:0, 1920x1440, bpp:24, hz:120.00, fmt: A8R8G8B8
{15:45:00.407} INFO: [Renderer]   |  monitor:0, 1920x1440, bpp:24, hz:120.00, fmt: A8R8G8B8
{15:45:00.407} INFO: [Renderer]   |  monitor:0, 1920x1440, bpp:24, hz:99.95, fmt: A8R8G8B8
{15:45:00.407} INFO: [Renderer]   |  monitor:0, 1920x1440, bpp:24, hz:99.95, fmt: A8R8G8B8
{15:45:00.407} INFO: [Renderer]   |  monitor:0, 1920x1440, bpp:24, hz:84.98, fmt: A8R8G8B8
{15:45:00.408} INFO: [Renderer]   |  monitor:0, 1920x1440, bpp:24, hz:84.98, fmt: A8R8G8B8
{15:45:00.408} INFO: [Renderer]   |  monitor:0, 1920x1440, bpp:24, hz:59.95, fmt: A8R8G8B8
{15:45:00.408} INFO: [Renderer]   |  monitor:0, 1920x1440, bpp:24, hz:59.95, fmt: A8R8G8B8
{15:45:00.408} INFO: [Renderer]   |  monitor:0, 2560x1440, bpp:24, hz:144.00, fmt: A8R8G8B8
{15:45:00.408} INFO: [Renderer]   |  monitor:0, 2560x1440, bpp:24, hz:120.00, fmt: A8R8G8B8
{15:45:00.408} INFO: [Renderer]   |  monitor:0, 2560x1440, bpp:24, hz:99.95, fmt: A8R8G8B8
{15:45:00.408} INFO: [Renderer]   |  monitor:0, 2560x1440, bpp:24, hz:84.98, fmt: A8R8G8B8
{15:45:00.408} INFO: [Renderer]   |  monitor:0, 2560x1440, bpp:24, hz:59.95, fmt: A8R8G8B8
{15:45:00.408} INFO: [Renderer]   |  monitor:1, 640x480, bpp:24, hz:144.01, fmt: A8R8G8B8
{15:45:00.408} INFO: [Renderer]   |  monitor:1, 640x480, bpp:24, hz:144.01, fmt: A8R8G8B8
{15:45:00.408} INFO: [Renderer]   |  monitor:1, 640x480, bpp:24, hz:120.00, fmt: A8R8G8B8
{15:45:00.408} INFO: [Renderer]   |  monitor:1, 640x480, bpp:24, hz:120.00, fmt: A8R8G8B8
{15:45:00.408} INFO: [Renderer]   |  monitor:1, 640x480, bpp:24, hz:119.88, fmt: A8R8G8B8
{15:45:00.408} INFO: [Renderer]   |  monitor:1, 640x480, bpp:24, hz:119.88, fmt: A8R8G8B8
{15:45:00.408} INFO: [Renderer]   |  monitor:1, 640x480, bpp:24, hz:75.00, fmt: A8R8G8B8
{15:45:00.408} INFO: [Renderer]   |  monitor:1, 640x480, bpp:24, hz:72.00, fmt: A8R8G8B8
{15:45:00.408} INFO: [Renderer]   |  monitor:1, 640x480, bpp:24, hz:60.00, fmt: A8R8G8B8
{15:45:00.408} INFO: [Renderer]   |  monitor:1, 640x480, bpp:24, hz:59.94, fmt: A8R8G8B8
{15:45:00.408} INFO: [Renderer]   |  monitor:1, 720x480, bpp:24, hz:144.01, fmt: A8R8G8B8
{15:45:00.408} INFO: [Renderer]   |  monitor:1, 720x480, bpp:24, hz:144.01, fmt: A8R8G8B8
{15:45:00.408} INFO: [Renderer]   |  monitor:1, 720x480, bpp:24, hz:120.00, fmt: A8R8G8B8
{15:45:00.408} INFO: [Renderer]   |  monitor:1, 720x480, bpp:24, hz:120.00, fmt: A8R8G8B8
{15:45:00.408} INFO: [Renderer]   |  monitor:1, 720x480, bpp:24, hz:119.88, fmt: A8R8G8B8
{15:45:00.408} INFO: [Renderer]   |  monitor:1, 720x480, bpp:24, hz:119.88, fmt: A8R8G8B8
{15:45:00.408} INFO: [Renderer]   |  monitor:1, 720x480, bpp:24, hz:60.00, fmt: A8R8G8B8
{15:45:00.408} INFO: [Renderer]   |  monitor:1, 720x480, bpp:24, hz:59.94, fmt: A8R8G8B8
{15:45:00.408} INFO: [Renderer]   |  monitor:1, 720x576, bpp:24, hz:144.01, fmt: A8R8G8B8
{15:45:00.408} INFO: [Renderer]   |  monitor:1, 720x576, bpp:24, hz:144.01, fmt: A8R8G8B8
{15:45:00.408} INFO: [Renderer]   |  monitor:1, 720x576, bpp:24, hz:120.00, fmt: A8R8G8B8
{15:45:00.408} INFO: [Renderer]   |  monitor:1, 720x576, bpp:24, hz:120.00, fmt: A8R8G8B8
{15:45:00.408} INFO: [Renderer]   |  monitor:1, 720x576, bpp:24, hz:119.88, fmt: A8R8G8B8
{15:45:00.408} INFO: [Renderer]   |  monitor:1, 720x576, bpp:24, hz:119.88, fmt: A8R8G8B8
{15:45:00.408} INFO: [Renderer]   |  monitor:1, 720x576, bpp:24, hz:50.00, fmt: A8R8G8B8
{15:45:00.408} INFO: [Renderer]   |  monitor:1, 800x600, bpp:24, hz:144.01, fmt: A8R8G8B8
{15:45:00.408} INFO: [Renderer]   |  monitor:1, 800x600, bpp:24, hz:144.01, fmt: A8R8G8B8
{15:45:00.408} INFO: [Renderer]   |  monitor:1, 800x600, bpp:24, hz:120.00, fmt: A8R8G8B8
{15:45:00.408} INFO: [Renderer]   |  monitor:1, 800x600, bpp:24, hz:120.00, fmt: A8R8G8B8
{15:45:00.408} INFO: [Renderer]   |  monitor:1, 800x600, bpp:24, hz:119.88, fmt: A8R8G8B8
{15:45:00.408} INFO: [Renderer]   |  monitor:1, 800x600, bpp:24, hz:119.88, fmt: A8R8G8B8
{15:45:00.408} INFO: [Renderer]   |  monitor:1, 800x600, bpp:24, hz:75.00, fmt: A8R8G8B8
{15:45:00.408} INFO: [Renderer]   |  monitor:1, 800x600, bpp:24, hz:72.19, fmt: A8R8G8B8
{15:45:00.408} INFO: [Renderer]   |  monitor:1, 800x600, bpp:24, hz:60.32, fmt: A8R8G8B8
{15:45:00.408} INFO: [Renderer]   |  monitor:1, 800x600, bpp:24, hz:56.25, fmt: A8R8G8B8
{15:45:00.408} INFO: [Renderer]   |  monitor:1, 1024x768, bpp:24, hz:144.01, fmt: A8R8G8B8
{15:45:00.408} INFO: [Renderer]   |  monitor:1, 1024x768, bpp:24, hz:144.01, fmt: A8R8G8B8
{15:45:00.408} INFO: [Renderer]   |  monitor:1, 1024x768, bpp:24, hz:120.00, fmt: A8R8G8B8
{15:45:00.408} INFO: [Renderer]   |  monitor:1, 1024x768, bpp:24, hz:120.00, fmt: A8R8G8B8
{15:45:00.408} INFO: [Renderer]   |  monitor:1, 1024x768, bpp:24, hz:119.88, fmt: A8R8G8B8
{15:45:00.408} INFO: [Renderer]   |  monitor:1, 1024x768, bpp:24, hz:119.88, fmt: A8R8G8B8
{15:45:00.408} INFO: [Renderer]   |  monitor:1, 1024x768, bpp:24, hz:75.03, fmt: A8R8G8B8
{15:45:00.408} INFO: [Renderer]   |  monitor:1, 1024x768, bpp:24, hz:70.07, fmt: A8R8G8B8
{15:45:00.408} INFO: [Renderer]   |  monitor:1, 1024x768, bpp:24, hz:60.00, fmt: A8R8G8B8
{15:45:00.408} INFO: [Renderer]   |  monitor:1, 1152x864, bpp:24, hz:144.01, fmt: A8R8G8B8
{15:45:00.408} INFO: [Renderer]   |  monitor:1, 1152x864, bpp:24, hz:144.01, fmt: A8R8G8B8
{15:45:00.408} INFO: [Renderer]   |  monitor:1, 1152x864, bpp:24, hz:120.00, fmt: A8R8G8B8
{15:45:00.408} INFO: [Renderer]   |  monitor:1, 1152x864, bpp:24, hz:120.00, fmt: A8R8G8B8
{15:45:00.408} INFO: [Renderer]   |  monitor:1, 1152x864, bpp:24, hz:119.88, fmt: A8R8G8B8
{15:45:00.408} INFO: [Renderer]   |  monitor:1, 1152x864, bpp:24, hz:119.88, fmt: A8R8G8B8
{15:45:00.408} INFO: [Renderer]   |  monitor:1, 1152x864, bpp:24, hz:75.00, fmt: A8R8G8B8
{15:45:00.408} INFO: [Renderer]   |  monitor:1, 1176x664, bpp:24, hz:60.00, fmt: A8R8G8B8
{15:45:00.408} INFO: [Renderer]   |  monitor:1, 1176x664, bpp:24, hz:60.00, fmt: A8R8G8B8
{15:45:00.408} INFO: [Renderer]   |  monitor:1, 1176x664, bpp:24, hz:59.94, fmt: A8R8G8B8
{15:45:00.408} INFO: [Renderer]   |  monitor:1, 1176x664, bpp:24, hz:59.94, fmt: A8R8G8B8
{15:45:00.408} INFO: [Renderer]   |  monitor:1, 1176x664, bpp:24, hz:50.00, fmt: A8R8G8B8
{15:45:00.408} INFO: [Renderer]   |  monitor:1, 1176x664, bpp:24, hz:50.00, fmt: A8R8G8B8
{15:45:00.408} INFO: [Renderer]   |  monitor:1, 1280x720, bpp:24, hz:144.01, fmt: A8R8G8B8
{15:45:00.408} INFO: [Renderer]   |  monitor:1, 1280x720, bpp:24, hz:144.01, fmt: A8R8G8B8
{15:45:00.408} INFO: [Renderer]   |  monitor:1, 1280x720, bpp:24, hz:120.00, fmt: A8R8G8B8
{15:45:00.408} INFO: [Renderer]   |  monitor:1, 1280x720, bpp:24, hz:120.00, fmt: A8R8G8B8
{15:45:00.408} INFO: [Renderer]   |  monitor:1, 1280x720, bpp:24, hz:119.88, fmt: A8R8G8B8
{15:45:00.408} INFO: [Renderer]   |  monitor:1, 1280x720, bpp:24, hz:119.88, fmt: A8R8G8B8
{15:45:00.408} INFO: [Renderer]   |  monitor:1, 1280x720, bpp:24, hz:60.00, fmt: A8R8G8B8
{15:45:00.408} INFO: [Renderer]   |  monitor:1, 1280x720, bpp:24, hz:59.94, fmt: A8R8G8B8
{15:45:00.408} INFO: [Renderer]   |  monitor:1, 1280x720, bpp:24, hz:50.00, fmt: A8R8G8B8
{15:45:00.408} INFO: [Renderer]   |  monitor:1, 1280x768, bpp:24, hz:144.01, fmt: A8R8G8B8
{15:45:00.408} INFO: [Renderer]   |  monitor:1, 1280x768, bpp:24, hz:144.01, fmt: A8R8G8B8
{15:45:00.408} INFO: [Renderer]   |  monitor:1, 1280x768, bpp:24, hz:120.00, fmt: A8R8G8B8
{15:45:00.408} INFO: [Renderer]   |  monitor:1, 1280x768, bpp:24, hz:120.00, fmt: A8R8G8B8
{15:45:00.408} INFO: [Renderer]   |  monitor:1, 1280x768, bpp:24, hz:119.88, fmt: A8R8G8B8
{15:45:00.408} INFO: [Renderer]   |  monitor:1, 1280x768, bpp:24, hz:119.88, fmt: A8R8G8B8
{15:45:00.408} INFO: [Renderer]   |  monitor:1, 1280x768, bpp:24, hz:60.00, fmt: A8R8G8B8
{15:45:00.408} INFO: [Renderer]   |  monitor:1, 1280x768, bpp:24, hz:60.00, fmt: A8R8G8B8
{15:45:00.408} INFO: [Renderer]   |  monitor:1, 1280x800, bpp:24, hz:144.01, fmt: A8R8G8B8
{15:45:00.408} INFO: [Renderer]   |  monitor:1, 1280x800, bpp:24, hz:144.01, fmt: A8R8G8B8
{15:45:00.408} INFO: [Renderer]   |  monitor:1, 1280x800, bpp:24, hz:120.00, fmt: A8R8G8B8
{15:45:00.408} INFO: [Renderer]   |  monitor:1, 1280x800, bpp:24, hz:120.00, fmt: A8R8G8B8
{15:45:00.408} INFO: [Renderer]   |  monitor:1, 1280x800, bpp:24, hz:119.88, fmt: A8R8G8B8
{15:45:00.408} INFO: [Renderer]   |  monitor:1, 1280x800, bpp:24, hz:119.88, fmt: A8R8G8B8
{15:45:00.408} INFO: [Renderer]   |  monitor:1, 1280x800, bpp:24, hz:60.00, fmt: A8R8G8B8
{15:45:00.408} INFO: [Renderer]   |  monitor:1, 1280x800, bpp:24, hz:60.00, fmt: A8R8G8B8
{15:45:00.408} INFO: [Renderer]   |  monitor:1, 1280x960, bpp:24, hz:144.01, fmt: A8R8G8B8
{15:45:00.408} INFO: [Renderer]   |  monitor:1, 1280x960, bpp:24, hz:144.01, fmt: A8R8G8B8
{15:45:00.408} INFO: [Renderer]   |  monitor:1, 1280x960, bpp:24, hz:120.00, fmt: A8R8G8B8
{15:45:00.408} INFO: [Renderer]   |  monitor:1, 1280x960, bpp:24, hz:120.00, fmt: A8R8G8B8
{15:45:00.408} INFO: [Renderer]   |  monitor:1, 1280x960, bpp:24, hz:119.88, fmt: A8R8G8B8
{15:45:00.408} INFO: [Renderer]   |  monitor:1, 1280x960, bpp:24, hz:119.88, fmt: A8R8G8B8
{15:45:00.408} INFO: [Renderer]   |  monitor:1, 1280x960, bpp:24, hz:60.00, fmt: A8R8G8B8
{15:45:00.408} INFO: [Renderer]   |  monitor:1, 1280x1024, bpp:24, hz:144.01, fmt: A8R8G8B8
{15:45:00.408} INFO: [Renderer]   |  monitor:1, 1280x1024, bpp:24, hz:144.01, fmt: A8R8G8B8
{15:45:00.408} INFO: [Renderer]   |  monitor:1, 1280x1024, bpp:24, hz:120.00, fmt: A8R8G8B8
{15:45:00.408} INFO: [Renderer]   |  monitor:1, 1280x1024, bpp:24, hz:120.00, fmt: A8R8G8B8
{15:45:00.408} INFO: [Renderer]   |  monitor:1, 1280x1024, bpp:24, hz:119.88, fmt: A8R8G8B8
{15:45:00.408} INFO: [Renderer]   |  monitor:1, 1280x1024, bpp:24, hz:119.88, fmt: A8R8G8B8
{15:45:00.408} INFO: [Renderer]   |  monitor:1, 1280x1024, bpp:24, hz:75.03, fmt: A8R8G8B8
{15:45:00.408} INFO: [Renderer]   |  monitor:1, 1280x1024, bpp:24, hz:60.02, fmt: A8R8G8B8
{15:45:00.408} INFO: [Renderer]   |  monitor:1, 1360x768, bpp:24, hz:144.01, fmt: A8R8G8B8
{15:45:00.408} INFO: [Renderer]   |  monitor:1, 1360x768, bpp:24, hz:144.01, fmt: A8R8G8B8
{15:45:00.408} INFO: [Renderer]   |  monitor:1, 1360x768, bpp:24, hz:120.00, fmt: A8R8G8B8
{15:45:00.408} INFO: [Renderer]   |  monitor:1, 1360x768, bpp:24, hz:120.00, fmt: A8R8G8B8
{15:45:00.408} INFO: [Renderer]   |  monitor:1, 1360x768, bpp:24, hz:119.88, fmt: A8R8G8B8
{15:45:00.408} INFO: [Renderer]   |  monitor:1, 1360x768, bpp:24, hz:119.88, fmt: A8R8G8B8
{15:45:00.408} INFO: [Renderer]   |  monitor:1, 1360x768, bpp:24, hz:59.89, fmt: A8R8G8B8
{15:45:00.408} INFO: [Renderer]   |  monitor:1, 1360x768, bpp:24, hz:59.89, fmt: A8R8G8B8
{15:45:00.408} INFO: [Renderer]   |  monitor:1, 1366x768, bpp:24, hz:144.01, fmt: A8R8G8B8
{15:45:00.408} INFO: [Renderer]   |  monitor:1, 1366x768, bpp:24, hz:144.01, fmt: A8R8G8B8
{15:45:00.408} INFO: [Renderer]   |  monitor:1, 1366x768, bpp:24, hz:120.00, fmt: A8R8G8B8
{15:45:00.408} INFO: [Renderer]   |  monitor:1, 1366x768, bpp:24, hz:120.00, fmt: A8R8G8B8
{15:45:00.408} INFO: [Renderer]   |  monitor:1, 1366x768, bpp:24, hz:119.88, fmt: A8R8G8B8
{15:45:00.408} INFO: [Renderer]   |  monitor:1, 1366x768, bpp:24, hz:119.88, fmt: A8R8G8B8
{15:45:00.408} INFO: [Renderer]   |  monitor:1, 1366x768, bpp:24, hz:59.89, fmt: A8R8G8B8
{15:45:00.408} INFO: [Renderer]   |  monitor:1, 1366x768, bpp:24, hz:59.89, fmt: A8R8G8B8
{15:45:00.408} INFO: [Renderer]   |  monitor:1, 1440x900, bpp:24, hz:144.01, fmt: A8R8G8B8
{15:45:00.408} INFO: [Renderer]   |  monitor:1, 1440x900, bpp:24, hz:144.01, fmt: A8R8G8B8
{15:45:00.408} INFO: [Renderer]   |  monitor:1, 1440x900, bpp:24, hz:120.00, fmt: A8R8G8B8
{15:45:00.408} INFO: [Renderer]   |  monitor:1, 1440x900, bpp:24, hz:120.00, fmt: A8R8G8B8
{15:45:00.408} INFO: [Renderer]   |  monitor:1, 1440x900, bpp:24, hz:119.88, fmt: A8R8G8B8
{15:45:00.408} INFO: [Renderer]   |  monitor:1, 1440x900, bpp:24, hz:119.88, fmt: A8R8G8B8
{15:45:00.408} INFO: [Renderer]   |  monitor:1, 1440x900, bpp:24, hz:59.89, fmt: A8R8G8B8
{15:45:00.408} INFO: [Renderer]   |  monitor:1, 1600x900, bpp:24, hz:144.01, fmt: A8R8G8B8
{15:45:00.408} INFO: [Renderer]   |  monitor:1, 1600x900, bpp:24, hz:144.01, fmt: A8R8G8B8
{15:45:00.408} INFO: [Renderer]   |  monitor:1, 1600x900, bpp:24, hz:120.00, fmt: A8R8G8B8
{15:45:00.408} INFO: [Renderer]   |  monitor:1, 1600x900, bpp:24, hz:120.00, fmt: A8R8G8B8
{15:45:00.408} INFO: [Renderer]   |  monitor:1, 1600x900, bpp:24, hz:119.88, fmt: A8R8G8B8
{15:45:00.408} INFO: [Renderer]   |  monitor:1, 1600x900, bpp:24, hz:119.88, fmt: A8R8G8B8
{15:45:00.408} INFO: [Renderer]   |  monitor:1, 1600x900, bpp:24, hz:59.95, fmt: A8R8G8B8
{15:45:00.408} INFO: [Renderer]   |  monitor:1, 1600x900, bpp:24, hz:59.95, fmt: A8R8G8B8
{15:45:00.408} INFO: [Renderer]   |  monitor:1, 1600x1024, bpp:24, hz:144.01, fmt: A8R8G8B8
{15:45:00.408} INFO: [Renderer]   |  monitor:1, 1600x1024, bpp:24, hz:144.01, fmt: A8R8G8B8
{15:45:00.408} INFO: [Renderer]   |  monitor:1, 1600x1024, bpp:24, hz:120.00, fmt: A8R8G8B8
{15:45:00.408} INFO: [Renderer]   |  monitor:1, 1600x1024, bpp:24, hz:120.00, fmt: A8R8G8B8
{15:45:00.408} INFO: [Renderer]   |  monitor:1, 1600x1024, bpp:24, hz:119.88, fmt: A8R8G8B8
{15:45:00.408} INFO: [Renderer]   |  monitor:1, 1600x1024, bpp:24, hz:119.88, fmt: A8R8G8B8
{15:45:00.408} INFO: [Renderer]   |  monitor:1, 1600x1024, bpp:24, hz:59.95, fmt: A8R8G8B8
{15:45:00.408} INFO: [Renderer]   |  monitor:1, 1600x1024, bpp:24, hz:59.95, fmt: A8R8G8B8
{15:45:00.408} INFO: [Renderer]   |  monitor:1, 1680x1050, bpp:24, hz:144.01, fmt: A8R8G8B8
{15:45:00.408} INFO: [Renderer]   |  monitor:1, 1680x1050, bpp:24, hz:144.01, fmt: A8R8G8B8
{15:45:00.408} INFO: [Renderer]   |  monitor:1, 1680x1050, bpp:24, hz:120.00, fmt: A8R8G8B8
{15:45:00.408} INFO: [Renderer]   |  monitor:1, 1680x1050, bpp:24, hz:120.00, fmt: A8R8G8B8
{15:45:00.408} INFO: [Renderer]   |  monitor:1, 1680x1050, bpp:24, hz:119.88, fmt: A8R8G8B8
{15:45:00.408} INFO: [Renderer]   |  monitor:1, 1680x1050, bpp:24, hz:119.88, fmt: A8R8G8B8
{15:45:00.408} INFO: [Renderer]   |  monitor:1, 1680x1050, bpp:24, hz:59.95, fmt: A8R8G8B8
{15:45:00.408} INFO: [Renderer]   |  monitor:1, 1768x992, bpp:24, hz:144.01, fmt: A8R8G8B8
{15:45:00.408} INFO: [Renderer]   |  monitor:1, 1768x992, bpp:24, hz:144.01, fmt: A8R8G8B8
{15:45:00.408} INFO: [Renderer]   |  monitor:1, 1768x992, bpp:24, hz:120.00, fmt: A8R8G8B8
{15:45:00.408} INFO: [Renderer]   |  monitor:1, 1768x992, bpp:24, hz:120.00, fmt: A8R8G8B8
{15:45:00.408} INFO: [Renderer]   |  monitor:1, 1768x992, bpp:24, hz:119.88, fmt: A8R8G8B8
{15:45:00.408} INFO: [Renderer]   |  monitor:1, 1768x992, bpp:24, hz:119.88, fmt: A8R8G8B8
{15:45:00.408} INFO: [Renderer]   |  monitor:1, 1768x992, bpp:24, hz:60.00, fmt: A8R8G8B8
{15:45:00.408} INFO: [Renderer]   |  monitor:1, 1768x992, bpp:24, hz:60.00, fmt: A8R8G8B8
{15:45:00.408} INFO: [Renderer]   |  monitor:1, 1768x992, bpp:24, hz:59.94, fmt: A8R8G8B8
{15:45:00.408} INFO: [Renderer]   |  monitor:1, 1768x992, bpp:24, hz:59.94, fmt: A8R8G8B8
{15:45:00.408} INFO: [Renderer]   |  monitor:1, 1768x992, bpp:24, hz:50.00, fmt: A8R8G8B8
{15:45:00.408} INFO: [Renderer]   |  monitor:1, 1768x992, bpp:24, hz:50.00, fmt: A8R8G8B8
{15:45:00.408} INFO: [Renderer]   |  monitor:1, 1920x1080, bpp:24, hz:144.01, fmt: A8R8G8B8
{15:45:00.408} INFO: [Renderer]   |  monitor:1, 1920x1080, bpp:24, hz:120.00, fmt: A8R8G8B8
{15:45:00.408} INFO: [Renderer]   |  monitor:1, 1920x1080, bpp:24, hz:119.88, fmt: A8R8G8B8
{15:45:00.408} INFO: [Renderer]   |  monitor:1, 1920x1080, bpp:24, hz:60.00, fmt: A8R8G8B8
{15:45:00.408} INFO: [Renderer]   |  monitor:1, 1920x1080, bpp:24, hz:59.94, fmt: A8R8G8B8
{15:45:00.408} INFO: [Renderer]   |  monitor:1, 1920x1080, bpp:24, hz:50.00, fmt: A8R8G8B8
{15:45:00.409} INFO: [Renderer]   | Texture streaming mem 0 MB
{15:45:00.409} INFO: [INFO]       > Texture streaming buffer set to 0MB
{15:45:00.409} INFO: [INFO]       > Texture streaming lowest priority distance set to 100m
{15:45:01.132} DEBG: [DXGI]       > WM_SIZE 0, 2560x1421
{15:45:01.134} INFO: [INFO]       > CGame::AppWindowInit: window client area: 0x0, 2560x1421
{15:45:01.134} DEBG: [DXGI]       > [RChangeDeviceState] 2560x1440, 1.000000, borderless, 0/0 Hz
{15:45:01.134} DEBG: [DXGI]       >                  was 1920x1080, 1.000000, , 0/1 Hz
{15:45:01.136} INFO: [Renderer]   > [26.12.2022 15-45-01][streamline][info]dxgiswapchain.cpp:210[SetFullscreenState] Redirecting IDXGISwapChain::SetFullscreenState Fullscreen = 0
{15:45:01.139} DEBG: [DXGI]       > WM_SIZE 0, 0x0
{15:45:01.140} DEBG: [DXGI]       > WM_SIZE 0, 2560x1440
{15:45:02.165} INFO: [INFO]       > Texture streaming buffer set to 4000MB
{15:45:02.167} INFO: [Video]      > //Video settings:
{15:45:02.167} INFO: [Video]      > RendererMode("d3d11")
{15:45:02.167} INFO: [Video]      > AsyncCompute(0)
{15:45:02.167} INFO: [Video]      > WindowMode(1)
{15:45:02.167} INFO: [Video]      > Resolution(2560,1440)
{15:45:02.167} INFO: [Video]      > Scale3D(1.000000)
{15:45:02.167} INFO: [Video]      > FSR(1.000000)
{15:45:02.167} INFO: [Video]      > Upscaler(0)
{15:45:02.167} INFO: [Video]      > Upscaling(3)
{15:45:02.167} INFO: [Video]      > Monitor(0)
{15:45:02.167} INFO: [Video]      > DisableDWM(0)
{15:45:02.167} INFO: [Video]      > TextureQuality("High")
{15:45:02.167} INFO: [Video]      > ShadowsQuality(3)
{15:45:02.167} INFO: [Video]      > ShadowMapSize(2048)
{15:45:02.167} INFO: [Video]      > SpotShadowMapSize(4096)
{15:45:02.167} INFO: [Video]      > GammaFloat(0.85)
{15:45:02.167} INFO: [Video]      > GrassQuality(0)
{15:45:02.167} INFO: [Video]      > FrameRate(1)
{15:45:02.167} INFO: [Video]      > Reflex(1)
{15:45:02.167} INFO: [Video]      > MotionBlur(1)
{15:45:02.167} INFO: [Video]      > MotionBlurIntensity(1.00)
{15:45:02.167} INFO: [Video]      > Bokeh(1)
{15:45:02.167} INFO: [Video]      > SSSSQuality(1)
{15:45:02.167} INFO: [Video]      > MotionBlurQuality("High")
{15:45:02.167} INFO: [Video]      > ChromaticAberration(1)
{15:45:02.167} INFO: [Video]      > FilmGrain(0)
{15:45:02.167} INFO: [Video]      > ColorGrading(0)
{15:45:02.167} INFO: [Video]      > AntiAliasing(1)
{15:45:02.167} INFO: [Video]      > AntiAliasingMode(0)
{15:45:02.167} INFO: [Video]      > FogQuality(2)
{15:45:02.167} INFO: [Video]      > ReflectionsQuality(2)
{15:45:02.167} INFO: [Video]      > ContactShadowsQuality(4)
{15:45:02.167} INFO: [Video]      > SpotShadowsQuality(2)
{15:45:02.167} INFO: [Video]      > AmbientOcclusion(1)
{15:45:02.167} INFO: [Video]      > AmbientOcclusionQuality(2)
{15:45:02.167} INFO: [Video]      > ColorBlindMode(0)
{15:45:02.167} INFO: [Video]      > GpuFxQuality(1)
{15:45:02.167} INFO: [Video]      > VoxelGiQuality(3)
{15:45:02.167} INFO: [Video]      > LodQuality(1)
{15:45:02.167} INFO: [Video]      > LodMultiplier(100)
{15:45:02.167} INFO: [Video]      > AnisoOptMaxAnisotropy(16)
{15:45:02.167} INFO: [Video]      > Version(1700)
{15:45:02.167} INFO: [ResPack]    > Free resource loading disabled
{15:45:02.284} INFO: [ResPack]    > Acquired prefab data: 150472, 164704
{15:45:02.285} INFO: [ResPack]    >  -> 0 prefabs, 32 presets available in engine_pc.rpack
{15:45:03.124} INFO: [ResPack]    > Acquired prefab data: 17204128, 12722864
{15:45:03.150} INFO: [ResPack]    >  -> 2043 prefabs, 406 presets available in common_prefabs_pc.rpack
{15:45:03.474} INFO: [INFO]       > [Input] Keyboard 0 enumerated: intance_name = Keyboard, product_name = Keyboard, GUID = {6f1d2b61-d5a0-11cf-bfc7-444553540000}
{15:45:03.561} INFO: [INFO]       > [CInput::SelectKeyboard] Keyboard 0 selected: Keyboard, Keyboard
{15:45:03.583} RETL: [CPUID]   > [MEM] Total Page File: 34756 MiB
{15:45:03.583} RETL: [CPUID]   > [MEM] Total Physical:  32678 MiB
{15:45:03.583} RETL: [CPUID]   > [MEM] Available Page File: 5545 MiB
{15:45:03.583} RETL: [CPUID]   > [MEM] Available Physical:  16705 MiB
{15:45:03.583} RETL: [CPUID]   > [MEM] Memory Load:  48%
{15:45:05.936} INFO: [INFO]       > [gpufx] preloaded 1172 sequences. It took 1822.526123 ms
{15:45:05.936} RETL: [Game]    > game version: '0.0.99', '1.0.202212211635'
{15:45:06.020} RETL: [CPUID]   > Computer Info: Manufacturer: ASUS, Model: System Product Name
{15:45:11.560} RETL: [Game]    > Stage = 'InitialScreen' (prev value 'Intro')
{15:45:11.560} RETL: [Game]    > Stage = 'InitialScreen_SigningIn' (prev value 'InitialScreen')
{15:45:11.594} RETL: [Game]    > Stage = 'InitialScreen_SigningInFinished' (prev value 'InitialScreen_SigningIn')
{15:45:11.594} RETL: [Game]    > Stage = 'InitialScreen_SignedIn' (prev value 'InitialScreen_SigningInFinished')
{15:45:11.607} RETL: [Game]    > Stage = 'InitialScreen_Complete' (prev value 'InitialScreen_SignedIn')
{15:45:12.150} RETL: [Lobby.Storage.Steam] > [AddSavegamesToCache] save_main_0.sav added
{15:45:12.150} RETL: [Lobby.Storage.Steam] > [AddSavegamesToCache] save_main_0_chp000.sbk added
{15:45:12.150} RETL: [Lobby.Storage.Steam] > [AddSavegamesToCache] save_main_1.sav added
{15:45:12.150} RETL: [Savegame]            > ScanForSavegames: saves 3 (prev value -1)
{15:45:12.154} RETL: [Game]                > Stage = 'Complete' (prev value 'InitialScreen_Complete')
{15:45:12.154} RETL: [Game]                > ===== CreateSession ===== 
{15:45:12.302} RETL: [Savegame]            > SessionContextState: 'OnCreate' [game_type 'Campaign', game_mode 'Coop', save_name '' (slot -1), map 'intersection' (id:-107644255), (first), difficulty [current: Normal, savegame: Normal, min_savegame: Normal, initial: Normal, lobby_settings: Normal], save_version 85, build: '1.0.202212211635 / 2', perforce_stream: '//tech/rel-ph-devtools']
{15:45:12.704} INFO: [Video]      > //Video settings:
{15:45:12.704} INFO: [Video]      > RendererMode("d3d11")
{15:45:12.704} INFO: [Video]      > AsyncCompute(0)
{15:45:12.704} INFO: [Video]      > WindowMode(1)
{15:45:12.704} INFO: [Video]      > Resolution(2560,1440)
{15:45:12.704} INFO: [Video]      > Scale3D(1.000000)
{15:45:12.704} INFO: [Video]      > FSR(1.000000)
{15:45:12.704} INFO: [Video]      > Upscaler(0)
{15:45:12.704} INFO: [Video]      > Upscaling(3)
{15:45:12.704} INFO: [Video]      > Monitor(0)
{15:45:12.704} INFO: [Video]      > DisableDWM(0)
{15:45:12.704} INFO: [Video]      > TextureQuality("High")
{15:45:12.704} INFO: [Video]      > ShadowsQuality(3)
{15:45:12.704} INFO: [Video]      > ShadowMapSize(2048)
{15:45:12.704} INFO: [Video]      > SpotShadowMapSize(4096)
{15:45:12.704} INFO: [Video]      > GammaFloat(0.85)
{15:45:12.704} INFO: [Video]      > GrassQuality(0)
{15:45:12.704} INFO: [Video]      > FrameRate(1)
{15:45:12.704} INFO: [Video]      > Reflex(1)
{15:45:12.704} INFO: [Video]      > MotionBlur(1)
{15:45:12.704} INFO: [Video]      > MotionBlurIntensity(1.00)
{15:45:12.704} INFO: [Video]      > Bokeh(1)
{15:45:12.704} INFO: [Video]      > SSSSQuality(1)
{15:45:12.704} INFO: [Video]      > MotionBlurQuality("High")
{15:45:12.704} INFO: [Video]      > ChromaticAberration(1)
{15:45:12.704} INFO: [Video]      > FilmGrain(0)
{15:45:12.704} INFO: [Video]      > ColorGrading(0)
{15:45:12.704} INFO: [Video]      > AntiAliasing(1)
{15:45:12.704} INFO: [Video]      > AntiAliasingMode(0)
{15:45:12.704} INFO: [Video]      > FogQuality(2)
{15:45:12.704} INFO: [Video]      > ReflectionsQuality(2)
{15:45:12.704} INFO: [Video]      > ContactShadowsQuality(4)
{15:45:12.704} INFO: [Video]      > SpotShadowsQuality(2)
{15:45:12.704} INFO: [Video]      > AmbientOcclusion(1)
{15:45:12.704} INFO: [Video]      > AmbientOcclusionQuality(2)
{15:45:12.704} INFO: [Video]      > ColorBlindMode(0)
{15:45:12.704} INFO: [Video]      > GpuFxQuality(1)
{15:45:12.704} INFO: [Video]      > VoxelGiQuality(3)
{15:45:12.704} INFO: [Video]      > LodQuality(1)
{15:45:12.704} INFO: [Video]      > LodMultiplier(100)
{15:45:12.704} INFO: [Video]      > AnisoOptMaxAnisotropy(16)
{15:45:12.704} INFO: [Video]      > Version(1700)
{15:45:12.740} INFO: [Video]      > //Video settings:
{15:45:12.740} INFO: [Video]      > RendererMode("d3d11")
{15:45:12.740} INFO: [Video]      > AsyncCompute(0)
{15:45:12.740} INFO: [Video]      > WindowMode(1)
{15:45:12.740} INFO: [Video]      > Resolution(2560,1440)
{15:45:12.740} INFO: [Video]      > Scale3D(1.000000)
{15:45:12.740} INFO: [Video]      > FSR(1.000000)
{15:45:12.740} INFO: [Video]      > Upscaler(0)
{15:45:12.740} INFO: [Video]      > Upscaling(3)
{15:45:12.740} INFO: [Video]      > Monitor(0)
{15:45:12.740} INFO: [Video]      > DisableDWM(0)
{15:45:12.740} INFO: [Video]      > TextureQuality("High")
{15:45:12.740} INFO: [Video]      > ShadowsQuality(3)
{15:45:12.740} INFO: [Video]      > ShadowMapSize(2048)
{15:45:12.740} INFO: [Video]      > SpotShadowMapSize(4096)
{15:45:12.740} INFO: [Video]      > GammaFloat(1.00)
{15:45:12.740} INFO: [Video]      > GrassQuality(0)
{15:45:12.740} INFO: [Video]      > FrameRate(1)
{15:45:12.740} INFO: [Video]      > Reflex(1)
{15:45:12.740} INFO: [Video]      > MotionBlur(1)
{15:45:12.740} INFO: [Video]      > MotionBlurIntensity(1.00)
{15:45:12.740} INFO: [Video]      > Bokeh(1)
{15:45:12.740} INFO: [Video]      > SSSSQuality(1)
{15:45:12.740} INFO: [Video]      > MotionBlurQuality("High")
{15:45:12.740} INFO: [Video]      > ChromaticAberration(1)
{15:45:12.740} INFO: [Video]      > FilmGrain(0)
{15:45:12.740} INFO: [Video]      > ColorGrading(0)
{15:45:12.740} INFO: [Video]      > AntiAliasing(1)
{15:45:12.740} INFO: [Video]      > AntiAliasingMode(0)
{15:45:12.740} INFO: [Video]      > FogQuality(2)
{15:45:12.740} INFO: [Video]      > ReflectionsQuality(2)
{15:45:12.740} INFO: [Video]      > ContactShadowsQuality(4)
{15:45:12.740} INFO: [Video]      > SpotShadowsQuality(2)
{15:45:12.740} INFO: [Video]      > AmbientOcclusion(1)
{15:45:12.740} INFO: [Video]      > AmbientOcclusionQuality(2)
{15:45:12.740} INFO: [Video]      > ColorBlindMode(0)
{15:45:12.740} INFO: [Video]      > GpuFxQuality(1)
{15:45:12.740} INFO: [Video]      > VoxelGiQuality(3)
{15:45:12.740} INFO: [Video]      > LodQuality(1)
{15:45:12.740} INFO: [Video]      > LodMultiplier(100)
{15:45:12.740} INFO: [Video]      > AnisoOptMaxAnisotropy(16)
{15:45:12.740} INFO: [Video]      > Version(1700)
{15:45:12.779} INFO: [Video]      > //Video settings:
{15:45:12.779} INFO: [Video]      > RendererMode("d3d11")
{15:45:12.779} INFO: [Video]      > AsyncCompute(0)
{15:45:12.779} INFO: [Video]      > WindowMode(1)
{15:45:12.779} INFO: [Video]      > Resolution(2560,1440)
{15:45:12.779} INFO: [Video]      > Scale3D(1.000000)
{15:45:12.779} INFO: [Video]      > FSR(1.000000)
{15:45:12.779} INFO: [Video]      > Upscaler(0)
{15:45:12.779} INFO: [Video]      > Upscaling(3)
{15:45:12.779} INFO: [Video]      > Monitor(0)
{15:45:12.779} INFO: [Video]      > DisableDWM(0)
{15:45:12.779} INFO: [Video]      > TextureQuality("High")
{15:45:12.779} INFO: [Video]      > ShadowsQuality(3)
{15:45:12.779} INFO: [Video]      > ShadowMapSize(2048)
{15:45:12.779} INFO: [Video]      > SpotShadowMapSize(4096)
{15:45:12.779} INFO: [Video]      > GammaFloat(0.85)
{15:45:12.779} INFO: [Video]      > GrassQuality(0)
{15:45:12.779} INFO: [Video]      > FrameRate(1)
{15:45:12.779} INFO: [Video]      > Reflex(1)
{15:45:12.779} INFO: [Video]      > MotionBlur(1)
{15:45:12.779} INFO: [Video]      > MotionBlurIntensity(1.00)
{15:45:12.779} INFO: [Video]      > Bokeh(1)
{15:45:12.779} INFO: [Video]      > SSSSQuality(1)
{15:45:12.779} INFO: [Video]      > MotionBlurQuality("High")
{15:45:12.779} INFO: [Video]      > ChromaticAberration(1)
{15:45:12.779} INFO: [Video]      > FilmGrain(0)
{15:45:12.779} INFO: [Video]      > ColorGrading(0)
{15:45:12.779} INFO: [Video]      > AntiAliasing(1)
{15:45:12.779} INFO: [Video]      > AntiAliasingMode(0)
{15:45:12.779} INFO: [Video]      > FogQuality(2)
{15:45:12.779} INFO: [Video]      > ReflectionsQuality(2)
{15:45:12.779} INFO: [Video]      > ContactShadowsQuality(4)
{15:45:12.779} INFO: [Video]      > SpotShadowsQuality(2)
{15:45:12.779} INFO: [Video]      > AmbientOcclusion(1)
{15:45:12.779} INFO: [Video]      > AmbientOcclusionQuality(2)
{15:45:12.779} INFO: [Video]      > ColorBlindMode(0)
{15:45:12.779} INFO: [Video]      > GpuFxQuality(1)
{15:45:12.779} INFO: [Video]      > VoxelGiQuality(3)
{15:45:12.779} INFO: [Video]      > LodQuality(1)
{15:45:12.779} INFO: [Video]      > LodMultiplier(100)
{15:45:12.779} INFO: [Video]      > AnisoOptMaxAnisotropy(16)
{15:45:12.779} INFO: [Video]      > Version(1700)
{15:45:15.646} RETL: [Game]                > >>>>> <1336311292> Changing level from <> to <intersection>
{15:45:18.534} RETL: [Savegame]            > SessionContextState: 'OnUpdate after ChangeMap' [game_type 'Campaign', game_mode 'Coop', save_name '' (slot -1), map 'intersection' (id:-107644255), (first), difficulty [current: Normal, savegame: Normal, min_savegame: Normal, initial: Normal, lobby_settings: Normal], save_version 85, build: '1.0.202212211635 / 2', perforce_stream: '//tech/rel-ph-devtools']
{15:46:47.738} INFO: [INFO]       > ---------------------------------------------------------
{15:46:47.738} INFO: [INFO]       > Time of playing game: 108.741364s
{15:46:47.738} INFO: [INFO]       > Updated frames: 4743 Rendered frames: 4311
{15:46:47.738} INFO: [INFO]       > Average FPS: 39.644527
{15:46:47.738} INFO: [INFO]       > ---------------------------------------------------------
{15:46:48.285} INFO: [Renderer]   > [26.12.2022 15-46-48][streamline][info]dxgiswapchain.cpp:210[SetFullscreenState] Redirecting IDXGISwapChain::SetFullscreenState Fullscreen = 0
{15:46:48.285} INFO: [Renderer]   > [26.12.2022 15-46-48][streamline][info]pluginmanager.cpp:691[unloadPlugins] Unloading all plugins ...
{15:46:48.286} INFO: [Renderer]   > [26.12.2022 15-46-48][streamline][info]d3d11.cpp:361[destroyKernel] Destroying kernel NIS_Sharpen_V0_H2.cs
{15:46:48.286} INFO: [Renderer]   > [26.12.2022 15-46-48][streamline][info]d3d11.cpp:361[destroyKernel] Destroying kernel NIS_Sharpen_V0_H0.cs
{15:46:48.286} INFO: [Renderer]   > [26.12.2022 15-46-48][streamline][info]d3d11.cpp:361[destroyKernel] Destroying kernel NIS_Sharpen_V0_H1.cs
{15:46:48.286} INFO: [Renderer]   > [26.12.2022 15-46-48][streamline][info]d3d11.cpp:361[destroyKernel] Destroying kernel NIS_Sharpen_V1_H2.cs
{15:46:48.286} INFO: [Renderer]   > [26.12.2022 15-46-48][streamline][info]d3d11.cpp:361[destroyKernel] Destroying kernel NIS_Sharpen_V1_H0.cs
{15:46:48.286} INFO: [Renderer]   > [26.12.2022 15-46-48][streamline][info]d3d11.cpp:361[destroyKernel] Destroying kernel NIS_Sharpen_V1_H1.cs
{15:46:48.286} INFO: [Renderer]   > [26.12.2022 15-46-48][streamline][info]d3d11.cpp:361[destroyKernel] Destroying kernel NIS_Scaler_V0_H2.cs
{15:46:48.286} INFO: [Renderer]   > [26.12.2022 15-46-48][streamline][info]d3d11.cpp:361[destroyKernel] Destroying kernel NIS_Scaler_V0_H0.cs
{15:46:48.286} INFO: [Renderer]   > [26.12.2022 15-46-48][streamline][info]d3d11.cpp:361[destroyKernel] Destroying kernel NIS_Scaler_V0_H1.cs
{15:46:48.286} INFO: [Renderer]   > [26.12.2022 15-46-48][streamline][info]d3d11.cpp:361[destroyKernel] Destroying kernel NIS_Scaler_V1_H0.cs
{15:46:48.286} INFO: [Renderer]   > [26.12.2022 15-46-48][streamline][info]d3d11.cpp:361[destroyKernel] Destroying kernel NIS_Scaler_V1_H1.cs
{15:46:48.286} INFO: [Renderer]   > [26.12.2022 15-46-48][streamline][info]d3d11.cpp:361[destroyKernel] Destroying kernel NIS_Scaler_V1_H2.cs
{15:46:48.286} INFO: [Renderer]   > [26.12.2022 15-46-48][streamline][info]d3d11.cpp:231[shutdown] Destroying kernel fonts.cs
{15:46:48.286} INFO: [Renderer]   > [26.12.2022 15-46-48][streamline][info]generic.cpp:465[destroyResource] Scheduled to destroy 0x1fb79f0a170(sl.chi.fontTexture) - frame 6364
{15:46:48.286} INFO: [Renderer]   > [26.12.2022 15-46-48][streamline][info]generic.cpp:465[destroyResource] Scheduled to destroy 0x1fb79f0bef0(sl.chi.dynamicText) - frame 6364
{15:46:48.286} INFO: [Renderer]   > [26.12.2022 15-46-48][streamline][info]generic.cpp:465[destroyResource] Scheduled to destroy 0x1fb79f0a470(sl.chi.dynamicTextUpload) - frame 6364
{15:46:48.286} INFO: [Renderer]   > [26.12.2022 15-46-48][streamline][info]generic.cpp:520[collectGarbage] Destroying 0x1fb79f0a170(sl.chi.fontTexture) - scheduled at frame 6364 - finished frame 6364 - forced yes
{15:46:48.286} INFO: [Renderer]   > [26.12.2022 15-46-48][streamline][info]d3d11.cpp:1298[destroyResourceDeferredImpl] Releasing resource 0x1fb79f0a170 (sl.chi.fontTexture) ref count 3 - currentSize 0.00 - totalSize 0.03
{15:46:48.286} INFO: [Renderer]   > [26.12.2022 15-46-48][streamline][info]generic.cpp:520[collectGarbage] Destroying 0x1fb79f0bef0(sl.chi.dynamicText) - scheduled at frame 6364 - finished frame 6364 - forced yes
{15:46:48.286} INFO: [Renderer]   > [26.12.2022 15-46-48][streamline][info]d3d11.cpp:1298[destroyResourceDeferredImpl] Releasing resource 0x1fb79f0bef0 (sl.chi.dynamicText) ref count 3 - currentSize 0.02 - totalSize 0.02
{15:46:48.286} INFO: [Renderer]   > [26.12.2022 15-46-48][streamline][info]generic.cpp:520[collectGarbage] Destroying 0x1fb79f0a470(sl.chi.dynamicTextUpload) - scheduled at frame 6364 - finished frame 6364 - forced yes
{15:46:48.286} INFO: [Renderer]   > [26.12.2022 15-46-48][streamline][info]d3d11.cpp:1298[destroyResourceDeferredImpl] Releasing resource 0x1fb79f0a470 (sl.chi.dynamicTextUpload) ref count 3 - currentSize 0.02 - totalSize 0.00
{15:46:48.286} INFO: [Renderer]   > [26.12.2022 15-46-48][streamline][info]generic.cpp:267[shutdown] Delayed destroy resource list count 0
{15:46:48.663} INFO: [Renderer]   > [r_Shutdown] Dll released
