{10:42:22.715} INFO: [FileSystem] > [CZip_dir::Initialize] 'e:/steam/steamapps/common/dying light 2 / ph/source/data0.pak' took: 0.000000ms
{10:42:22.735} INFO: [FileSystem] > [CZip_dir::Initialize] 'e:/steam/steamapps/common/dying light 2 / ph/source/data1.pak' took: 0.000000ms
{10:42:22.740} INFO: [FileSystem] > [CZip_dir::Initialize] 'e:/steam/steamapps/common/dying light 2 / ph/source/databt.mpak' took: 0.000000ms
{10:42:22.899} RETL: [GameApp] > Command line: -launched_from_editor  /keep_resources -ami -generateprefabs -debugconf=debugconf_temp.scr -workshop="e:/steam/steamapps/common/dying light 2\DevTools\projects\Intersection"
{10:42:23.191} RETL: [CPUID]   > [MEM] Total Page File: 34726 MiB
{10:42:23.191} RETL: [CPUID]   > [MEM] Total Physical:  32678 MiB
{10:42:23.191} RETL: [CPUID]   > [MEM] Available Page File: 11027 MiB
{10:42:23.191} RETL: [CPUID]   > [MEM] Available Physical:  20371 MiB
{10:42:23.191} RETL: [CPUID]   > [MEM] Memory Load:  37%
{10:42:23.876} RETL: [GAME]    > arguments (7): 'E:\Steam\steamapps\common\Dying Light 2\DevTools\bin\DyingLightGame_x64_rwdi.exe', '-launched_from_editor', '/keep_resources', '-ami', '-generateprefabs', '-debugconf=debugconf_temp.scr', '-workshop=e:/steam/steamapps/common/dying light 2\DevTools\projects\Intersection'
{10:42:24.945} INFO: [FileSystem] > [CZip_dir::Initialize] 'e:/steam/steamapps/common/dying light 2 / ph/source/data_lang/dataen.pak' took: 0.000000ms
{10:42:24.971} RETL: [CPUID]   > [MEM] Total Page File: 34726 MiB
{10:42:24.971} RETL: [CPUID]   > [MEM] Total Physical:  32678 MiB
{10:42:24.971} RETL: [CPUID]   > [MEM] Available Page File: 10857 MiB
{10:42:24.971} RETL: [CPUID]   > [MEM] Available Physical:  20225 MiB
{10:42:24.971} RETL: [CPUID]   > [MEM] Memory Load:  38%
{10:42:24.990} INFO: [Renderer]   > [CVideoSettings::LoadSettings] Loading video settings using 'out/Settings/Video.scr'
{10:42:25.011} INFO: [Renderer]   > [r_Initialize] Loaded from rd3d11_x64_rwdi.dll.
{10:42:25.011} INFO: [Renderer]   > MonitorIdx=0, SecondaryMonitorIdx=-1
{10:42:25.014} INFO: [Renderer]   > [23.12.2022 10-42-25][streamline][info]pluginmanager.cpp:945[PluginManager] Streamline v1.1.1 - built on Fri Jul 29 07:43:20 2022 - SHA: 45d487a
{10:42:25.014} INFO: [Renderer]   > [23.12.2022 10-42-25][streamline][info]pluginmanager.cpp:355[findPlugins] Looking for plugins in E:\Steam\steamapps\common\Dying Light 2\DevTools\bin\ ...
{10:42:25.040} INFO: [Renderer]   > [23.12.2022 10-42-25][streamline][info]secureloadlibrary.cpp:477[verifyEmbeddedSignature] File 'E:\Steam\steamapps\common\Dying Light 2\DevTools\bin\/sl.common.dll' is signed by NVIDIA and the signature was verified.
{10:42:25.059} INFO: [Renderer]   > [23.12.2022 10-42-25][streamline][info]commoninterface.cpp:113[getGPUInfo] -----------------------------------------
{10:42:25.059} INFO: [Renderer]   > [23.12.2022 10-42-25][streamline][info]commoninterface.cpp:116[getGPUInfo] NVIDIA driver 527.37
{10:42:25.060} INFO: [Renderer]   > [23.12.2022 10-42-25][streamline][info]commoninterface.cpp:125[getGPUInfo] GPU 0 architecture 0x130 adapter mask 0x1
{10:42:25.061} INFO: [Renderer]   > [23.12.2022 10-42-25][streamline][info]commoninterface.cpp:127[getGPUInfo] -----------------------------------------
{10:42:25.063} INFO: [Renderer]   > [23.12.2022 10-42-25][streamline][info]commonentry.cpp:659[getSupportedAdapterMask] Detected Windows OS version 10.0.22621
{10:42:25.063} INFO: [Renderer]   > [23.12.2022 10-42-25][streamline][info]pluginmanager.cpp:501[mapPlugins] Loaded plugin 'sl.common' - version 1.1.1 - id 4294967295 - priority 0 - adapter mask 0xffffffff - namespace 'common'
{10:42:25.069} INFO: [Renderer]   > [23.12.2022 10-42-25][streamline][info]secureloadlibrary.cpp:477[verifyEmbeddedSignature] File 'E:\Steam\steamapps\common\Dying Light 2\DevTools\bin\/sl.dlss.dll' is signed by NVIDIA and the signature was verified.
{10:42:25.072} ERRR: [Renderer]   > [23.12.2022 10-42-25][streamline][error]pluginmanager.cpp:448[mapPlugins] Ignoring plugin 'sl.dlss' since it is not supported on this platform
{10:42:25.079} INFO: [Renderer]   > [23.12.2022 10-42-25][streamline][info]secureloadlibrary.cpp:477[verifyEmbeddedSignature] File 'E:\Steam\steamapps\common\Dying Light 2\DevTools\bin\/sl.nis.dll' is signed by NVIDIA and the signature was verified.
{10:42:25.081} INFO: [Renderer]   > [23.12.2022 10-42-25][streamline][info]pluginmanager.cpp:501[mapPlugins] Loaded plugin 'sl.nis' - version 1.1.1 - id 2 - priority 1 - adapter mask 0xffffffff - namespace 'nis'
{10:42:25.087} INFO: [Renderer]   > [23.12.2022 10-42-25][streamline][info]secureloadlibrary.cpp:477[verifyEmbeddedSignature] File 'E:\Steam\steamapps\common\Dying Light 2\DevTools\bin\/sl.reflex.dll' is signed by NVIDIA and the signature was verified.
{10:42:25.090} INFO: [Renderer]   > [23.12.2022 10-42-25][streamline][info]pluginmanager.cpp:501[mapPlugins] Loaded plugin 'sl.reflex' - version 1.1.1 - id 3 - priority 1 - adapter mask 0xffffffff - namespace 'reflex'
{10:42:25.090} INFO: [Renderer]   > [23.12.2022 10-42-25][streamline][info]pluginmanager.cpp:679[loadPlugins] Plugin execution order based on priority:
{10:42:25.090} INFO: [Renderer]   > [23.12.2022 10-42-25][streamline][info]pluginmanager.cpp:682[loadPlugins] P0 - sl.common
{10:42:25.090} INFO: [Renderer]   > [23.12.2022 10-42-25][streamline][info]pluginmanager.cpp:682[loadPlugins] P1 - sl.nis
{10:42:25.090} INFO: [Renderer]   > [23.12.2022 10-42-25][streamline][info]pluginmanager.cpp:682[loadPlugins] P1 - sl.reflex
{10:42:25.090} INFO: [Renderer]   > Enumerating D3D11 video adapters:
{10:42:25.091} INFO: [Renderer]   > Adapter 0: NVIDIA GeForce GTX 1080 Ti 11121MB/16339MB/0MB
{10:42:25.091} INFO: [Renderer]   |   Output 0: [0,0 - 2560,1440] \\.\DISPLAY1
{10:42:25.091} INFO: [Renderer]   |   Output 1: [2560,0 - 4480,1080] \\.\DISPLAY2
{10:42:25.091} INFO: [Renderer]   > Adapter 1: Microsoft Basic Render Driver 0MB/16339MB/0MB
{10:42:25.095} INFO: [Renderer]   > Sorted adapter 0: NVIDIA GeForce GTX 1080 Ti 11121MB/16339MB/0MB
{10:42:25.095} INFO: [Renderer]   > Sorted adapter 1: Microsoft Basic Render Driver 0MB/16339MB/0MB
{10:42:25.095} INFO: [Renderer]   > Picking adapter: NVIDIA GeForce GTX 1080 Ti
{10:42:25.095} INFO: [Renderer]   | Primary monitor: [0,0 - 2560,1440]
{10:42:25.095} INFO: [Renderer]   | Secondary monitor: [2560,0 - 4480,1080]
{10:42:25.228} INFO: [Renderer]   > Renderer started in DX11 mode.
{10:42:25.228} INFO: [Renderer]   > DX11 reported 11'121M free texture memory.
{10:42:25.338} INFO: [Renderer]   > [d3d12rt-checker] Raytracing tier lower than D3D12_RAYTRACING_TIER_1_1.
{10:42:25.494} INFO: [Renderer]   > [23.12.2022 10-42-25][streamline][info]pluginmanager.cpp:836[initializePlugins] Initializing plugins - api 0.0.1 - application ID 101095511
{10:42:25.494} INFO: [Renderer]   > [23.12.2022 10-42-25][streamline][info]d3d11.cpp:109[init] GPU nodes 1 - visible node mask 1
{10:42:25.496} INFO: [Renderer]   > [23.12.2022 10-42-25][streamline][info]d3d11.cpp:330[createKernel] Creating DXBC kernel fonts.cs:main hash 10788421720787293069
{10:42:25.496} INFO: [Renderer]   > [23.12.2022 10-42-25][streamline][info]generic.cpp:377[createBuffer] Buffer (sl.chi.fontTexture), m_allocCount=1, currentSize 0.0 MB, totalSize 0.0 MB
{10:42:25.496} INFO: [Renderer]   > [23.12.2022 10-42-25][streamline][info]generic.cpp:377[createBuffer] Buffer (sl.chi.dynamicText), m_allocCount=2, currentSize 0.0 MB, totalSize 0.0 MB
{10:42:25.496} INFO: [Renderer]   > [23.12.2022 10-42-25][streamline][info]generic.cpp:377[createBuffer] Buffer (sl.chi.dynamicTextUpload), m_allocCount=3, currentSize 0.0 MB, totalSize 0.0 MB
{10:42:25.496} INFO: [Renderer]   > [23.12.2022 10-42-25][streamline][info]pluginmanager.cpp:751[processPluginHooks] Hook sl.common:slHookVkCreateImage:after - skipped
{10:42:25.496} INFO: [Renderer]   > [23.12.2022 10-42-25][streamline][info]pluginmanager.cpp:751[processPluginHooks] Hook sl.common:slHookVkPresent:before - skipped
{10:42:25.496} INFO: [Renderer]   > [23.12.2022 10-42-25][streamline][info]pluginmanager.cpp:751[processPluginHooks] Hook sl.common:slHookVkCmdPipelineBarrier:after - skipped
{10:42:25.496} INFO: [Renderer]   > [23.12.2022 10-42-25][streamline][info]pluginmanager.cpp:751[processPluginHooks] Hook sl.common:slHookVkCmdBindPipeline:after - skipped
{10:42:25.496} INFO: [Renderer]   > [23.12.2022 10-42-25][streamline][info]pluginmanager.cpp:751[processPluginHooks] Hook sl.common:slHookVkCmdBindDescriptorSets:after - skipped
{10:42:25.496} INFO: [Renderer]   > [23.12.2022 10-42-25][streamline][info]pluginmanager.cpp:751[processPluginHooks] Hook sl.common:slHookVkBeginCommandBuffer:after - skipped
{10:42:25.496} INFO: [Renderer]   > [23.12.2022 10-42-25][streamline][info]pluginmanager.cpp:762[processPluginHooks] Hook sl.common:slHookCreateCommittedResource:after - OK
{10:42:25.496} INFO: [Renderer]   > [23.12.2022 10-42-25][streamline][info]pluginmanager.cpp:762[processPluginHooks] Hook sl.common:slHookCreatePlacedResource:after - OK
{10:42:25.496} INFO: [Renderer]   > [23.12.2022 10-42-25][streamline][info]pluginmanager.cpp:762[processPluginHooks] Hook sl.common:slHookCreateReservedResource:after - OK
{10:42:25.496} INFO: [Renderer]   > [23.12.2022 10-42-25][streamline][info]pluginmanager.cpp:762[processPluginHooks] Hook sl.common:slHookResourceBarrier:after - OK
{10:42:25.496} INFO: [Renderer]   > [23.12.2022 10-42-25][streamline][info]pluginmanager.cpp:762[processPluginHooks] Hook sl.common:slHookResizeSwapChainPre:before - OK
{10:42:25.496} INFO: [Renderer]   > [23.12.2022 10-42-25][streamline][info]pluginmanager.cpp:762[processPluginHooks] Hook sl.common:slHookPresent:before - OK
{10:42:25.496} INFO: [Renderer]   > [23.12.2022 10-42-25][streamline][info]pluginmanager.cpp:762[processPluginHooks] Hook sl.common:slHookPresent1:before - OK
{10:42:25.497} INFO: [Renderer]   > [23.12.2022 10-42-25][streamline][info]d3d11.cpp:330[createKernel] Creating DXBC kernel NIS_Sharpen_V0_H0.cs:main hash 12119078810223182601
{10:42:25.497} INFO: [Renderer]   > [23.12.2022 10-42-25][streamline][info]d3d11.cpp:330[createKernel] Creating DXBC kernel NIS_Sharpen_V0_H1.cs:main hash 14419830676434324791
{10:42:25.497} INFO: [Renderer]   > [23.12.2022 10-42-25][streamline][info]d3d11.cpp:330[createKernel] Creating DXBC kernel NIS_Sharpen_V0_H2.cs:main hash 13730826108899015964
{10:42:25.497} INFO: [Renderer]   > [23.12.2022 10-42-25][streamline][info]d3d11.cpp:330[createKernel] Creating DXBC kernel NIS_Sharpen_V1_H0.cs:main hash 13539734034720596618
{10:42:25.497} INFO: [Renderer]   > [23.12.2022 10-42-25][streamline][info]d3d11.cpp:330[createKernel] Creating DXBC kernel NIS_Sharpen_V1_H1.cs:main hash 6716256702433400594
{10:42:25.497} INFO: [Renderer]   > [23.12.2022 10-42-25][streamline][info]d3d11.cpp:330[createKernel] Creating DXBC kernel NIS_Sharpen_V1_H2.cs:main hash 16030675145760948415
{10:42:25.497} INFO: [Renderer]   > [23.12.2022 10-42-25][streamline][info]d3d11.cpp:330[createKernel] Creating DXBC kernel NIS_Scaler_V0_H0.cs:main hash 11221851537279599687
{10:42:25.498} INFO: [Renderer]   > [23.12.2022 10-42-25][streamline][info]d3d11.cpp:330[createKernel] Creating DXBC kernel NIS_Scaler_V0_H1.cs:main hash 2383697960582834213
{10:42:25.498} INFO: [Renderer]   > [23.12.2022 10-42-25][streamline][info]d3d11.cpp:330[createKernel] Creating DXBC kernel NIS_Scaler_V0_H2.cs:main hash 1766102099082287508
{10:42:25.498} INFO: [Renderer]   > [23.12.2022 10-42-25][streamline][info]d3d11.cpp:330[createKernel] Creating DXBC kernel NIS_Scaler_V1_H0.cs:main hash 1990562918408001413
{10:42:25.498} INFO: [Renderer]   > [23.12.2022 10-42-25][streamline][info]d3d11.cpp:330[createKernel] Creating DXBC kernel NIS_Scaler_V1_H1.cs:main hash 1981919493558556299
{10:42:25.499} INFO: [Renderer]   > [23.12.2022 10-42-25][streamline][info]d3d11.cpp:330[createKernel] Creating DXBC kernel NIS_Scaler_V1_H2.cs:main hash 10490254860623785046
{10:42:25.499} INFO: [Renderer]   > [23.12.2022 10-42-25][streamline][info]pluginmanager.cpp:900[mapPluginCallbacks] Callback sl.nis:slSetConstants:0x7ff8012211d0
{10:42:25.499} INFO: [Renderer]   > [23.12.2022 10-42-25][streamline][info]pluginmanager.cpp:901[mapPluginCallbacks] Callback sl.nis:slGetSettings:0x0
{10:42:25.499} INFO: [Renderer]   > [23.12.2022 10-42-25][streamline][info]pluginmanager.cpp:902[mapPluginCallbacks] Callback sl.nis:slAllocateResources:0x0
{10:42:25.499} INFO: [Renderer]   > [23.12.2022 10-42-25][streamline][info]pluginmanager.cpp:903[mapPluginCallbacks] Callback sl.nis:slFreeResources:0x0
{10:42:25.499} INFO: [Renderer]   > [23.12.2022 10-42-25][streamline][info]pluginmanager.cpp:730[processPluginHooks] Plugin 'sl.nis' has no registered hooks
{10:42:25.499} INFO: [Renderer]   > [23.12.2022 10-42-25][streamline][info]pluginmanager.cpp:900[mapPluginCallbacks] Callback sl.reflex:slSetConstants:0x7ff850ea17b0
{10:42:25.499} INFO: [Renderer]   > [23.12.2022 10-42-25][streamline][info]pluginmanager.cpp:901[mapPluginCallbacks] Callback sl.reflex:slGetSettings:0x7ff850ea1bf0
{10:42:25.499} INFO: [Renderer]   > [23.12.2022 10-42-25][streamline][info]pluginmanager.cpp:902[mapPluginCallbacks] Callback sl.reflex:slAllocateResources:0x0
{10:42:25.499} INFO: [Renderer]   > [23.12.2022 10-42-25][streamline][info]pluginmanager.cpp:903[mapPluginCallbacks] Callback sl.reflex:slFreeResources:0x0
{10:42:25.499} INFO: [Renderer]   > [23.12.2022 10-42-25][streamline][info]pluginmanager.cpp:730[processPluginHooks] Plugin 'sl.reflex' has no registered hooks
{10:42:25.499} ERRR: [Renderer]   > [23.12.2022 10-42-25][streamline][error]sl.cpp:157[slIsFeatureSupported] Feature 'eFeatureDLSS' is not supported or missing
{10:42:25.499} INFO: [Renderer]   > Renderer: supported display modes:
{10:42:25.499} INFO: [Renderer]   |  monitor:0, 640x480, bpp:24, hz:144.00, fmt: A8R8G8B8
{10:42:25.499} INFO: [Renderer]   |  monitor:0, 640x480, bpp:24, hz:144.00, fmt: A8R8G8B8
{10:42:25.499} INFO: [Renderer]   |  monitor:0, 640x480, bpp:24, hz:120.00, fmt: A8R8G8B8
{10:42:25.499} INFO: [Renderer]   |  monitor:0, 640x480, bpp:24, hz:120.00, fmt: A8R8G8B8
{10:42:25.499} INFO: [Renderer]   |  monitor:0, 640x480, bpp:24, hz:99.95, fmt: A8R8G8B8
{10:42:25.499} INFO: [Renderer]   |  monitor:0, 640x480, bpp:24, hz:99.95, fmt: A8R8G8B8
{10:42:25.499} INFO: [Renderer]   |  monitor:0, 640x480, bpp:24, hz:84.98, fmt: A8R8G8B8
{10:42:25.499} INFO: [Renderer]   |  monitor:0, 640x480, bpp:24, hz:84.98, fmt: A8R8G8B8
{10:42:25.499} INFO: [Renderer]   |  monitor:0, 640x480, bpp:24, hz:59.95, fmt: A8R8G8B8
{10:42:25.499} INFO: [Renderer]   |  monitor:0, 640x480, bpp:24, hz:59.95, fmt: A8R8G8B8
{10:42:25.499} INFO: [Renderer]   |  monitor:0, 720x480, bpp:24, hz:144.00, fmt: A8R8G8B8
{10:42:25.499} INFO: [Renderer]   |  monitor:0, 720x480, bpp:24, hz:144.00, fmt: A8R8G8B8
{10:42:25.499} INFO: [Renderer]   |  monitor:0, 720x480, bpp:24, hz:120.00, fmt: A8R8G8B8
{10:42:25.499} INFO: [Renderer]   |  monitor:0, 720x480, bpp:24, hz:120.00, fmt: A8R8G8B8
{10:42:25.499} INFO: [Renderer]   |  monitor:0, 720x480, bpp:24, hz:99.95, fmt: A8R8G8B8
{10:42:25.499} INFO: [Renderer]   |  monitor:0, 720x480, bpp:24, hz:99.95, fmt: A8R8G8B8
{10:42:25.499} INFO: [Renderer]   |  monitor:0, 720x480, bpp:24, hz:84.98, fmt: A8R8G8B8
{10:42:25.499} INFO: [Renderer]   |  monitor:0, 720x480, bpp:24, hz:84.98, fmt: A8R8G8B8
{10:42:25.499} INFO: [Renderer]   |  monitor:0, 720x480, bpp:24, hz:59.95, fmt: A8R8G8B8
{10:42:25.499} INFO: [Renderer]   |  monitor:0, 720x480, bpp:24, hz:59.95, fmt: A8R8G8B8
{10:42:25.499} INFO: [Renderer]   |  monitor:0, 720x576, bpp:24, hz:144.00, fmt: A8R8G8B8
{10:42:25.499} INFO: [Renderer]   |  monitor:0, 720x576, bpp:24, hz:144.00, fmt: A8R8G8B8
{10:42:25.499} INFO: [Renderer]   |  monitor:0, 720x576, bpp:24, hz:120.00, fmt: A8R8G8B8
{10:42:25.499} INFO: [Renderer]   |  monitor:0, 720x576, bpp:24, hz:120.00, fmt: A8R8G8B8
{10:42:25.499} INFO: [Renderer]   |  monitor:0, 720x576, bpp:24, hz:99.95, fmt: A8R8G8B8
{10:42:25.499} INFO: [Renderer]   |  monitor:0, 720x576, bpp:24, hz:99.95, fmt: A8R8G8B8
{10:42:25.499} INFO: [Renderer]   |  monitor:0, 720x576, bpp:24, hz:84.98, fmt: A8R8G8B8
{10:42:25.499} INFO: [Renderer]   |  monitor:0, 720x576, bpp:24, hz:84.98, fmt: A8R8G8B8
{10:42:25.499} INFO: [Renderer]   |  monitor:0, 720x576, bpp:24, hz:59.95, fmt: A8R8G8B8
{10:42:25.499} INFO: [Renderer]   |  monitor:0, 720x576, bpp:24, hz:59.95, fmt: A8R8G8B8
{10:42:25.499} INFO: [Renderer]   |  monitor:0, 800x600, bpp:24, hz:144.00, fmt: A8R8G8B8
{10:42:25.499} INFO: [Renderer]   |  monitor:0, 800x600, bpp:24, hz:144.00, fmt: A8R8G8B8
{10:42:25.499} INFO: [Renderer]   |  monitor:0, 800x600, bpp:24, hz:120.00, fmt: A8R8G8B8
{10:42:25.499} INFO: [Renderer]   |  monitor:0, 800x600, bpp:24, hz:120.00, fmt: A8R8G8B8
{10:42:25.499} INFO: [Renderer]   |  monitor:0, 800x600, bpp:24, hz:99.95, fmt: A8R8G8B8
{10:42:25.499} INFO: [Renderer]   |  monitor:0, 800x600, bpp:24, hz:99.95, fmt: A8R8G8B8
{10:42:25.499} INFO: [Renderer]   |  monitor:0, 800x600, bpp:24, hz:84.98, fmt: A8R8G8B8
{10:42:25.499} INFO: [Renderer]   |  monitor:0, 800x600, bpp:24, hz:84.98, fmt: A8R8G8B8
{10:42:25.499} INFO: [Renderer]   |  monitor:0, 800x600, bpp:24, hz:59.95, fmt: A8R8G8B8
{10:42:25.499} INFO: [Renderer]   |  monitor:0, 800x600, bpp:24, hz:59.95, fmt: A8R8G8B8
{10:42:25.499} INFO: [Renderer]   |  monitor:0, 1024x768, bpp:24, hz:144.00, fmt: A8R8G8B8
{10:42:25.499} INFO: [Renderer]   |  monitor:0, 1024x768, bpp:24, hz:144.00, fmt: A8R8G8B8
{10:42:25.499} INFO: [Renderer]   |  monitor:0, 1024x768, bpp:24, hz:120.00, fmt: A8R8G8B8
{10:42:25.499} INFO: [Renderer]   |  monitor:0, 1024x768, bpp:24, hz:120.00, fmt: A8R8G8B8
{10:42:25.499} INFO: [Renderer]   |  monitor:0, 1024x768, bpp:24, hz:99.95, fmt: A8R8G8B8
{10:42:25.499} INFO: [Renderer]   |  monitor:0, 1024x768, bpp:24, hz:99.95, fmt: A8R8G8B8
{10:42:25.499} INFO: [Renderer]   |  monitor:0, 1024x768, bpp:24, hz:84.98, fmt: A8R8G8B8
{10:42:25.499} INFO: [Renderer]   |  monitor:0, 1024x768, bpp:24, hz:84.98, fmt: A8R8G8B8
{10:42:25.499} INFO: [Renderer]   |  monitor:0, 1024x768, bpp:24, hz:59.95, fmt: A8R8G8B8
{10:42:25.499} INFO: [Renderer]   |  monitor:0, 1024x768, bpp:24, hz:59.95, fmt: A8R8G8B8
{10:42:25.499} INFO: [Renderer]   |  monitor:0, 1152x864, bpp:24, hz:144.00, fmt: A8R8G8B8
{10:42:25.499} INFO: [Renderer]   |  monitor:0, 1152x864, bpp:24, hz:144.00, fmt: A8R8G8B8
{10:42:25.499} INFO: [Renderer]   |  monitor:0, 1152x864, bpp:24, hz:120.00, fmt: A8R8G8B8
{10:42:25.499} INFO: [Renderer]   |  monitor:0, 1152x864, bpp:24, hz:120.00, fmt: A8R8G8B8
{10:42:25.499} INFO: [Renderer]   |  monitor:0, 1152x864, bpp:24, hz:99.95, fmt: A8R8G8B8
{10:42:25.499} INFO: [Renderer]   |  monitor:0, 1152x864, bpp:24, hz:99.95, fmt: A8R8G8B8
{10:42:25.499} INFO: [Renderer]   |  monitor:0, 1152x864, bpp:24, hz:84.98, fmt: A8R8G8B8
{10:42:25.499} INFO: [Renderer]   |  monitor:0, 1152x864, bpp:24, hz:84.98, fmt: A8R8G8B8
{10:42:25.499} INFO: [Renderer]   |  monitor:0, 1152x864, bpp:24, hz:59.95, fmt: A8R8G8B8
{10:42:25.499} INFO: [Renderer]   |  monitor:0, 1152x864, bpp:24, hz:59.95, fmt: A8R8G8B8
{10:42:25.499} INFO: [Renderer]   |  monitor:0, 1280x720, bpp:24, hz:144.00, fmt: A8R8G8B8
{10:42:25.499} INFO: [Renderer]   |  monitor:0, 1280x720, bpp:24, hz:144.00, fmt: A8R8G8B8
{10:42:25.499} INFO: [Renderer]   |  monitor:0, 1280x720, bpp:24, hz:120.00, fmt: A8R8G8B8
{10:42:25.499} INFO: [Renderer]   |  monitor:0, 1280x720, bpp:24, hz:120.00, fmt: A8R8G8B8
{10:42:25.499} INFO: [Renderer]   |  monitor:0, 1280x720, bpp:24, hz:99.95, fmt: A8R8G8B8
{10:42:25.499} INFO: [Renderer]   |  monitor:0, 1280x720, bpp:24, hz:99.95, fmt: A8R8G8B8
{10:42:25.499} INFO: [Renderer]   |  monitor:0, 1280x720, bpp:24, hz:84.98, fmt: A8R8G8B8
{10:42:25.499} INFO: [Renderer]   |  monitor:0, 1280x720, bpp:24, hz:84.98, fmt: A8R8G8B8
{10:42:25.499} INFO: [Renderer]   |  monitor:0, 1280x720, bpp:24, hz:59.95, fmt: A8R8G8B8
{10:42:25.499} INFO: [Renderer]   |  monitor:0, 1280x720, bpp:24, hz:59.95, fmt: A8R8G8B8
{10:42:25.499} INFO: [Renderer]   |  monitor:0, 1280x768, bpp:24, hz:144.00, fmt: A8R8G8B8
{10:42:25.499} INFO: [Renderer]   |  monitor:0, 1280x768, bpp:24, hz:144.00, fmt: A8R8G8B8
{10:42:25.499} INFO: [Renderer]   |  monitor:0, 1280x768, bpp:24, hz:120.00, fmt: A8R8G8B8
{10:42:25.499} INFO: [Renderer]   |  monitor:0, 1280x768, bpp:24, hz:120.00, fmt: A8R8G8B8
{10:42:25.499} INFO: [Renderer]   |  monitor:0, 1280x768, bpp:24, hz:99.95, fmt: A8R8G8B8
{10:42:25.499} INFO: [Renderer]   |  monitor:0, 1280x768, bpp:24, hz:99.95, fmt: A8R8G8B8
{10:42:25.499} INFO: [Renderer]   |  monitor:0, 1280x768, bpp:24, hz:84.98, fmt: A8R8G8B8
{10:42:25.499} INFO: [Renderer]   |  monitor:0, 1280x768, bpp:24, hz:84.98, fmt: A8R8G8B8
{10:42:25.499} INFO: [Renderer]   |  monitor:0, 1280x768, bpp:24, hz:59.95, fmt: A8R8G8B8
{10:42:25.499} INFO: [Renderer]   |  monitor:0, 1280x768, bpp:24, hz:59.95, fmt: A8R8G8B8
{10:42:25.499} INFO: [Renderer]   |  monitor:0, 1280x800, bpp:24, hz:144.00, fmt: A8R8G8B8
{10:42:25.499} INFO: [Renderer]   |  monitor:0, 1280x800, bpp:24, hz:144.00, fmt: A8R8G8B8
{10:42:25.499} INFO: [Renderer]   |  monitor:0, 1280x800, bpp:24, hz:120.00, fmt: A8R8G8B8
{10:42:25.499} INFO: [Renderer]   |  monitor:0, 1280x800, bpp:24, hz:120.00, fmt: A8R8G8B8
{10:42:25.499} INFO: [Renderer]   |  monitor:0, 1280x800, bpp:24, hz:99.95, fmt: A8R8G8B8
{10:42:25.499} INFO: [Renderer]   |  monitor:0, 1280x800, bpp:24, hz:99.95, fmt: A8R8G8B8
{10:42:25.499} INFO: [Renderer]   |  monitor:0, 1280x800, bpp:24, hz:84.98, fmt: A8R8G8B8
{10:42:25.499} INFO: [Renderer]   |  monitor:0, 1280x800, bpp:24, hz:84.98, fmt: A8R8G8B8
{10:42:25.499} INFO: [Renderer]   |  monitor:0, 1280x800, bpp:24, hz:59.95, fmt: A8R8G8B8
{10:42:25.499} INFO: [Renderer]   |  monitor:0, 1280x800, bpp:24, hz:59.95, fmt: A8R8G8B8
{10:42:25.499} INFO: [Renderer]   |  monitor:0, 1280x960, bpp:24, hz:144.00, fmt: A8R8G8B8
{10:42:25.499} INFO: [Renderer]   |  monitor:0, 1280x960, bpp:24, hz:144.00, fmt: A8R8G8B8
{10:42:25.499} INFO: [Renderer]   |  monitor:0, 1280x960, bpp:24, hz:120.00, fmt: A8R8G8B8
{10:42:25.499} INFO: [Renderer]   |  monitor:0, 1280x960, bpp:24, hz:120.00, fmt: A8R8G8B8
{10:42:25.499} INFO: [Renderer]   |  monitor:0, 1280x960, bpp:24, hz:99.95, fmt: A8R8G8B8
{10:42:25.499} INFO: [Renderer]   |  monitor:0, 1280x960, bpp:24, hz:99.95, fmt: A8R8G8B8
{10:42:25.499} INFO: [Renderer]   |  monitor:0, 1280x960, bpp:24, hz:84.98, fmt: A8R8G8B8
{10:42:25.500} INFO: [Renderer]   |  monitor:0, 1280x960, bpp:24, hz:84.98, fmt: A8R8G8B8
{10:42:25.500} INFO: [Renderer]   |  monitor:0, 1280x960, bpp:24, hz:59.95, fmt: A8R8G8B8
{10:42:25.500} INFO: [Renderer]   |  monitor:0, 1280x960, bpp:24, hz:59.95, fmt: A8R8G8B8
{10:42:25.500} INFO: [Renderer]   |  monitor:0, 1280x1024, bpp:24, hz:144.00, fmt: A8R8G8B8
{10:42:25.500} INFO: [Renderer]   |  monitor:0, 1280x1024, bpp:24, hz:144.00, fmt: A8R8G8B8
{10:42:25.500} INFO: [Renderer]   |  monitor:0, 1280x1024, bpp:24, hz:120.00, fmt: A8R8G8B8
{10:42:25.500} INFO: [Renderer]   |  monitor:0, 1280x1024, bpp:24, hz:120.00, fmt: A8R8G8B8
{10:42:25.500} INFO: [Renderer]   |  monitor:0, 1280x1024, bpp:24, hz:99.95, fmt: A8R8G8B8
{10:42:25.500} INFO: [Renderer]   |  monitor:0, 1280x1024, bpp:24, hz:99.95, fmt: A8R8G8B8
{10:42:25.500} INFO: [Renderer]   |  monitor:0, 1280x1024, bpp:24, hz:84.98, fmt: A8R8G8B8
{10:42:25.500} INFO: [Renderer]   |  monitor:0, 1280x1024, bpp:24, hz:84.98, fmt: A8R8G8B8
{10:42:25.500} INFO: [Renderer]   |  monitor:0, 1280x1024, bpp:24, hz:59.95, fmt: A8R8G8B8
{10:42:25.500} INFO: [Renderer]   |  monitor:0, 1280x1024, bpp:24, hz:59.95, fmt: A8R8G8B8
{10:42:25.500} INFO: [Renderer]   |  monitor:0, 1360x768, bpp:24, hz:144.00, fmt: A8R8G8B8
{10:42:25.500} INFO: [Renderer]   |  monitor:0, 1360x768, bpp:24, hz:144.00, fmt: A8R8G8B8
{10:42:25.500} INFO: [Renderer]   |  monitor:0, 1360x768, bpp:24, hz:120.00, fmt: A8R8G8B8
{10:42:25.500} INFO: [Renderer]   |  monitor:0, 1360x768, bpp:24, hz:120.00, fmt: A8R8G8B8
{10:42:25.500} INFO: [Renderer]   |  monitor:0, 1360x768, bpp:24, hz:99.95, fmt: A8R8G8B8
{10:42:25.500} INFO: [Renderer]   |  monitor:0, 1360x768, bpp:24, hz:99.95, fmt: A8R8G8B8
{10:42:25.500} INFO: [Renderer]   |  monitor:0, 1360x768, bpp:24, hz:84.98, fmt: A8R8G8B8
{10:42:25.500} INFO: [Renderer]   |  monitor:0, 1360x768, bpp:24, hz:84.98, fmt: A8R8G8B8
{10:42:25.500} INFO: [Renderer]   |  monitor:0, 1360x768, bpp:24, hz:59.95, fmt: A8R8G8B8
{10:42:25.500} INFO: [Renderer]   |  monitor:0, 1360x768, bpp:24, hz:59.95, fmt: A8R8G8B8
{10:42:25.500} INFO: [Renderer]   |  monitor:0, 1366x768, bpp:24, hz:144.00, fmt: A8R8G8B8
{10:42:25.500} INFO: [Renderer]   |  monitor:0, 1366x768, bpp:24, hz:144.00, fmt: A8R8G8B8
{10:42:25.500} INFO: [Renderer]   |  monitor:0, 1366x768, bpp:24, hz:120.00, fmt: A8R8G8B8
{10:42:25.500} INFO: [Renderer]   |  monitor:0, 1366x768, bpp:24, hz:120.00, fmt: A8R8G8B8
{10:42:25.500} INFO: [Renderer]   |  monitor:0, 1366x768, bpp:24, hz:99.95, fmt: A8R8G8B8
{10:42:25.500} INFO: [Renderer]   |  monitor:0, 1366x768, bpp:24, hz:99.95, fmt: A8R8G8B8
{10:42:25.500} INFO: [Renderer]   |  monitor:0, 1366x768, bpp:24, hz:84.98, fmt: A8R8G8B8
{10:42:25.500} INFO: [Renderer]   |  monitor:0, 1366x768, bpp:24, hz:84.98, fmt: A8R8G8B8
{10:42:25.500} INFO: [Renderer]   |  monitor:0, 1366x768, bpp:24, hz:59.95, fmt: A8R8G8B8
{10:42:25.500} INFO: [Renderer]   |  monitor:0, 1366x768, bpp:24, hz:59.95, fmt: A8R8G8B8
{10:42:25.500} INFO: [Renderer]   |  monitor:0, 1440x900, bpp:24, hz:144.00, fmt: A8R8G8B8
{10:42:25.500} INFO: [Renderer]   |  monitor:0, 1440x900, bpp:24, hz:144.00, fmt: A8R8G8B8
{10:42:25.500} INFO: [Renderer]   |  monitor:0, 1440x900, bpp:24, hz:120.00, fmt: A8R8G8B8
{10:42:25.500} INFO: [Renderer]   |  monitor:0, 1440x900, bpp:24, hz:120.00, fmt: A8R8G8B8
{10:42:25.500} INFO: [Renderer]   |  monitor:0, 1440x900, bpp:24, hz:99.95, fmt: A8R8G8B8
{10:42:25.500} INFO: [Renderer]   |  monitor:0, 1440x900, bpp:24, hz:99.95, fmt: A8R8G8B8
{10:42:25.500} INFO: [Renderer]   |  monitor:0, 1440x900, bpp:24, hz:84.98, fmt: A8R8G8B8
{10:42:25.500} INFO: [Renderer]   |  monitor:0, 1440x900, bpp:24, hz:84.98, fmt: A8R8G8B8
{10:42:25.500} INFO: [Renderer]   |  monitor:0, 1440x900, bpp:24, hz:59.95, fmt: A8R8G8B8
{10:42:25.500} INFO: [Renderer]   |  monitor:0, 1440x900, bpp:24, hz:59.95, fmt: A8R8G8B8
{10:42:25.500} INFO: [Renderer]   |  monitor:0, 1600x900, bpp:24, hz:144.00, fmt: A8R8G8B8
{10:42:25.500} INFO: [Renderer]   |  monitor:0, 1600x900, bpp:24, hz:144.00, fmt: A8R8G8B8
{10:42:25.500} INFO: [Renderer]   |  monitor:0, 1600x900, bpp:24, hz:120.00, fmt: A8R8G8B8
{10:42:25.500} INFO: [Renderer]   |  monitor:0, 1600x900, bpp:24, hz:120.00, fmt: A8R8G8B8
{10:42:25.500} INFO: [Renderer]   |  monitor:0, 1600x900, bpp:24, hz:99.95, fmt: A8R8G8B8
{10:42:25.500} INFO: [Renderer]   |  monitor:0, 1600x900, bpp:24, hz:99.95, fmt: A8R8G8B8
{10:42:25.500} INFO: [Renderer]   |  monitor:0, 1600x900, bpp:24, hz:84.98, fmt: A8R8G8B8
{10:42:25.500} INFO: [Renderer]   |  monitor:0, 1600x900, bpp:24, hz:84.98, fmt: A8R8G8B8
{10:42:25.500} INFO: [Renderer]   |  monitor:0, 1600x900, bpp:24, hz:59.95, fmt: A8R8G8B8
{10:42:25.500} INFO: [Renderer]   |  monitor:0, 1600x900, bpp:24, hz:59.95, fmt: A8R8G8B8
{10:42:25.500} INFO: [Renderer]   |  monitor:0, 1600x1024, bpp:24, hz:144.00, fmt: A8R8G8B8
{10:42:25.500} INFO: [Renderer]   |  monitor:0, 1600x1024, bpp:24, hz:144.00, fmt: A8R8G8B8
{10:42:25.500} INFO: [Renderer]   |  monitor:0, 1600x1024, bpp:24, hz:120.00, fmt: A8R8G8B8
{10:42:25.500} INFO: [Renderer]   |  monitor:0, 1600x1024, bpp:24, hz:120.00, fmt: A8R8G8B8
{10:42:25.500} INFO: [Renderer]   |  monitor:0, 1600x1024, bpp:24, hz:99.95, fmt: A8R8G8B8
{10:42:25.500} INFO: [Renderer]   |  monitor:0, 1600x1024, bpp:24, hz:99.95, fmt: A8R8G8B8
{10:42:25.500} INFO: [Renderer]   |  monitor:0, 1600x1024, bpp:24, hz:84.98, fmt: A8R8G8B8
{10:42:25.500} INFO: [Renderer]   |  monitor:0, 1600x1024, bpp:24, hz:84.98, fmt: A8R8G8B8
{10:42:25.500} INFO: [Renderer]   |  monitor:0, 1600x1024, bpp:24, hz:59.95, fmt: A8R8G8B8
{10:42:25.500} INFO: [Renderer]   |  monitor:0, 1600x1024, bpp:24, hz:59.95, fmt: A8R8G8B8
{10:42:25.501} INFO: [Renderer]   |  monitor:0, 1600x1200, bpp:24, hz:144.00, fmt: A8R8G8B8
{10:42:25.501} INFO: [Renderer]   |  monitor:0, 1600x1200, bpp:24, hz:144.00, fmt: A8R8G8B8
{10:42:25.501} INFO: [Renderer]   |  monitor:0, 1600x1200, bpp:24, hz:120.00, fmt: A8R8G8B8
{10:42:25.501} INFO: [Renderer]   |  monitor:0, 1600x1200, bpp:24, hz:120.00, fmt: A8R8G8B8
{10:42:25.501} INFO: [Renderer]   |  monitor:0, 1600x1200, bpp:24, hz:99.95, fmt: A8R8G8B8
{10:42:25.501} INFO: [Renderer]   |  monitor:0, 1600x1200, bpp:24, hz:99.95, fmt: A8R8G8B8
{10:42:25.501} INFO: [Renderer]   |  monitor:0, 1600x1200, bpp:24, hz:84.98, fmt: A8R8G8B8
{10:42:25.501} INFO: [Renderer]   |  monitor:0, 1600x1200, bpp:24, hz:84.98, fmt: A8R8G8B8
{10:42:25.501} INFO: [Renderer]   |  monitor:0, 1600x1200, bpp:24, hz:59.95, fmt: A8R8G8B8
{10:42:25.501} INFO: [Renderer]   |  monitor:0, 1600x1200, bpp:24, hz:59.95, fmt: A8R8G8B8
{10:42:25.501} INFO: [Renderer]   |  monitor:0, 1680x1050, bpp:24, hz:144.00, fmt: A8R8G8B8
{10:42:25.501} INFO: [Renderer]   |  monitor:0, 1680x1050, bpp:24, hz:144.00, fmt: A8R8G8B8
{10:42:25.501} INFO: [Renderer]   |  monitor:0, 1680x1050, bpp:24, hz:120.00, fmt: A8R8G8B8
{10:42:25.501} INFO: [Renderer]   |  monitor:0, 1680x1050, bpp:24, hz:120.00, fmt: A8R8G8B8
{10:42:25.501} INFO: [Renderer]   |  monitor:0, 1680x1050, bpp:24, hz:99.95, fmt: A8R8G8B8
{10:42:25.501} INFO: [Renderer]   |  monitor:0, 1680x1050, bpp:24, hz:99.95, fmt: A8R8G8B8
{10:42:25.501} INFO: [Renderer]   |  monitor:0, 1680x1050, bpp:24, hz:84.98, fmt: A8R8G8B8
{10:42:25.501} INFO: [Renderer]   |  monitor:0, 1680x1050, bpp:24, hz:84.98, fmt: A8R8G8B8
{10:42:25.501} INFO: [Renderer]   |  monitor:0, 1680x1050, bpp:24, hz:59.95, fmt: A8R8G8B8
{10:42:25.501} INFO: [Renderer]   |  monitor:0, 1680x1050, bpp:24, hz:59.95, fmt: A8R8G8B8
{10:42:25.501} INFO: [Renderer]   |  monitor:0, 1920x1080, bpp:24, hz:144.00, fmt: A8R8G8B8
{10:42:25.501} INFO: [Renderer]   |  monitor:0, 1920x1080, bpp:24, hz:144.00, fmt: A8R8G8B8
{10:42:25.501} INFO: [Renderer]   |  monitor:0, 1920x1080, bpp:24, hz:120.00, fmt: A8R8G8B8
{10:42:25.501} INFO: [Renderer]   |  monitor:0, 1920x1080, bpp:24, hz:120.00, fmt: A8R8G8B8
{10:42:25.501} INFO: [Renderer]   |  monitor:0, 1920x1080, bpp:24, hz:99.95, fmt: A8R8G8B8
{10:42:25.501} INFO: [Renderer]   |  monitor:0, 1920x1080, bpp:24, hz:99.95, fmt: A8R8G8B8
{10:42:25.501} INFO: [Renderer]   |  monitor:0, 1920x1080, bpp:24, hz:84.98, fmt: A8R8G8B8
{10:42:25.501} INFO: [Renderer]   |  monitor:0, 1920x1080, bpp:24, hz:84.98, fmt: A8R8G8B8
{10:42:25.501} INFO: [Renderer]   |  monitor:0, 1920x1080, bpp:24, hz:59.95, fmt: A8R8G8B8
{10:42:25.501} INFO: [Renderer]   |  monitor:0, 1920x1080, bpp:24, hz:59.95, fmt: A8R8G8B8
{10:42:25.501} INFO: [Renderer]   |  monitor:0, 1920x1200, bpp:24, hz:144.00, fmt: A8R8G8B8
{10:42:25.501} INFO: [Renderer]   |  monitor:0, 1920x1200, bpp:24, hz:144.00, fmt: A8R8G8B8
{10:42:25.501} INFO: [Renderer]   |  monitor:0, 1920x1200, bpp:24, hz:120.00, fmt: A8R8G8B8
{10:42:25.501} INFO: [Renderer]   |  monitor:0, 1920x1200, bpp:24, hz:120.00, fmt: A8R8G8B8
{10:42:25.501} INFO: [Renderer]   |  monitor:0, 1920x1200, bpp:24, hz:99.95, fmt: A8R8G8B8
{10:42:25.501} INFO: [Renderer]   |  monitor:0, 1920x1200, bpp:24, hz:99.95, fmt: A8R8G8B8
{10:42:25.501} INFO: [Renderer]   |  monitor:0, 1920x1200, bpp:24, hz:84.98, fmt: A8R8G8B8
{10:42:25.501} INFO: [Renderer]   |  monitor:0, 1920x1200, bpp:24, hz:84.98, fmt: A8R8G8B8
{10:42:25.501} INFO: [Renderer]   |  monitor:0, 1920x1200, bpp:24, hz:59.95, fmt: A8R8G8B8
{10:42:25.501} INFO: [Renderer]   |  monitor:0, 1920x1200, bpp:24, hz:59.95, fmt: A8R8G8B8
{10:42:25.501} INFO: [Renderer]   |  monitor:0, 1920x1440, bpp:24, hz:144.00, fmt: A8R8G8B8
{10:42:25.501} INFO: [Renderer]   |  monitor:0, 1920x1440, bpp:24, hz:144.00, fmt: A8R8G8B8
{10:42:25.501} INFO: [Renderer]   |  monitor:0, 1920x1440, bpp:24, hz:120.00, fmt: A8R8G8B8
{10:42:25.501} INFO: [Renderer]   |  monitor:0, 1920x1440, bpp:24, hz:120.00, fmt: A8R8G8B8
{10:42:25.501} INFO: [Renderer]   |  monitor:0, 1920x1440, bpp:24, hz:99.95, fmt: A8R8G8B8
{10:42:25.501} INFO: [Renderer]   |  monitor:0, 1920x1440, bpp:24, hz:99.95, fmt: A8R8G8B8
{10:42:25.501} INFO: [Renderer]   |  monitor:0, 1920x1440, bpp:24, hz:84.98, fmt: A8R8G8B8
{10:42:25.501} INFO: [Renderer]   |  monitor:0, 1920x1440, bpp:24, hz:84.98, fmt: A8R8G8B8
{10:42:25.501} INFO: [Renderer]   |  monitor:0, 1920x1440, bpp:24, hz:59.95, fmt: A8R8G8B8
{10:42:25.501} INFO: [Renderer]   |  monitor:0, 1920x1440, bpp:24, hz:59.95, fmt: A8R8G8B8
{10:42:25.501} INFO: [Renderer]   |  monitor:0, 2560x1440, bpp:24, hz:144.00, fmt: A8R8G8B8
{10:42:25.501} INFO: [Renderer]   |  monitor:0, 2560x1440, bpp:24, hz:120.00, fmt: A8R8G8B8
{10:42:25.501} INFO: [Renderer]   |  monitor:0, 2560x1440, bpp:24, hz:99.95, fmt: A8R8G8B8
{10:42:25.501} INFO: [Renderer]   |  monitor:0, 2560x1440, bpp:24, hz:84.98, fmt: A8R8G8B8
{10:42:25.501} INFO: [Renderer]   |  monitor:0, 2560x1440, bpp:24, hz:59.95, fmt: A8R8G8B8
{10:42:25.501} INFO: [Renderer]   |  monitor:1, 640x480, bpp:24, hz:144.01, fmt: A8R8G8B8
{10:42:25.501} INFO: [Renderer]   |  monitor:1, 640x480, bpp:24, hz:144.01, fmt: A8R8G8B8
{10:42:25.501} INFO: [Renderer]   |  monitor:1, 640x480, bpp:24, hz:120.00, fmt: A8R8G8B8
{10:42:25.501} INFO: [Renderer]   |  monitor:1, 640x480, bpp:24, hz:120.00, fmt: A8R8G8B8
{10:42:25.501} INFO: [Renderer]   |  monitor:1, 640x480, bpp:24, hz:119.88, fmt: A8R8G8B8
{10:42:25.501} INFO: [Renderer]   |  monitor:1, 640x480, bpp:24, hz:119.88, fmt: A8R8G8B8
{10:42:25.501} INFO: [Renderer]   |  monitor:1, 640x480, bpp:24, hz:75.00, fmt: A8R8G8B8
{10:42:25.501} INFO: [Renderer]   |  monitor:1, 640x480, bpp:24, hz:72.00, fmt: A8R8G8B8
{10:42:25.501} INFO: [Renderer]   |  monitor:1, 640x480, bpp:24, hz:60.00, fmt: A8R8G8B8
{10:42:25.501} INFO: [Renderer]   |  monitor:1, 640x480, bpp:24, hz:59.94, fmt: A8R8G8B8
{10:42:25.501} INFO: [Renderer]   |  monitor:1, 720x480, bpp:24, hz:144.01, fmt: A8R8G8B8
{10:42:25.501} INFO: [Renderer]   |  monitor:1, 720x480, bpp:24, hz:144.01, fmt: A8R8G8B8
{10:42:25.501} INFO: [Renderer]   |  monitor:1, 720x480, bpp:24, hz:120.00, fmt: A8R8G8B8
{10:42:25.501} INFO: [Renderer]   |  monitor:1, 720x480, bpp:24, hz:120.00, fmt: A8R8G8B8
{10:42:25.501} INFO: [Renderer]   |  monitor:1, 720x480, bpp:24, hz:119.88, fmt: A8R8G8B8
{10:42:25.501} INFO: [Renderer]   |  monitor:1, 720x480, bpp:24, hz:119.88, fmt: A8R8G8B8
{10:42:25.501} INFO: [Renderer]   |  monitor:1, 720x480, bpp:24, hz:60.00, fmt: A8R8G8B8
{10:42:25.501} INFO: [Renderer]   |  monitor:1, 720x480, bpp:24, hz:59.94, fmt: A8R8G8B8
{10:42:25.501} INFO: [Renderer]   |  monitor:1, 720x576, bpp:24, hz:144.01, fmt: A8R8G8B8
{10:42:25.501} INFO: [Renderer]   |  monitor:1, 720x576, bpp:24, hz:144.01, fmt: A8R8G8B8
{10:42:25.501} INFO: [Renderer]   |  monitor:1, 720x576, bpp:24, hz:120.00, fmt: A8R8G8B8
{10:42:25.501} INFO: [Renderer]   |  monitor:1, 720x576, bpp:24, hz:120.00, fmt: A8R8G8B8
{10:42:25.501} INFO: [Renderer]   |  monitor:1, 720x576, bpp:24, hz:119.88, fmt: A8R8G8B8
{10:42:25.501} INFO: [Renderer]   |  monitor:1, 720x576, bpp:24, hz:119.88, fmt: A8R8G8B8
{10:42:25.501} INFO: [Renderer]   |  monitor:1, 720x576, bpp:24, hz:50.00, fmt: A8R8G8B8
{10:42:25.501} INFO: [Renderer]   |  monitor:1, 800x600, bpp:24, hz:144.01, fmt: A8R8G8B8
{10:42:25.501} INFO: [Renderer]   |  monitor:1, 800x600, bpp:24, hz:144.01, fmt: A8R8G8B8
{10:42:25.501} INFO: [Renderer]   |  monitor:1, 800x600, bpp:24, hz:120.00, fmt: A8R8G8B8
{10:42:25.501} INFO: [Renderer]   |  monitor:1, 800x600, bpp:24, hz:120.00, fmt: A8R8G8B8
{10:42:25.501} INFO: [Renderer]   |  monitor:1, 800x600, bpp:24, hz:119.88, fmt: A8R8G8B8
{10:42:25.501} INFO: [Renderer]   |  monitor:1, 800x600, bpp:24, hz:119.88, fmt: A8R8G8B8
{10:42:25.501} INFO: [Renderer]   |  monitor:1, 800x600, bpp:24, hz:75.00, fmt: A8R8G8B8
{10:42:25.501} INFO: [Renderer]   |  monitor:1, 800x600, bpp:24, hz:72.19, fmt: A8R8G8B8
{10:42:25.501} INFO: [Renderer]   |  monitor:1, 800x600, bpp:24, hz:60.32, fmt: A8R8G8B8
{10:42:25.501} INFO: [Renderer]   |  monitor:1, 800x600, bpp:24, hz:56.25, fmt: A8R8G8B8
{10:42:25.501} INFO: [Renderer]   |  monitor:1, 1024x768, bpp:24, hz:144.01, fmt: A8R8G8B8
{10:42:25.501} INFO: [Renderer]   |  monitor:1, 1024x768, bpp:24, hz:144.01, fmt: A8R8G8B8
{10:42:25.501} INFO: [Renderer]   |  monitor:1, 1024x768, bpp:24, hz:120.00, fmt: A8R8G8B8
{10:42:25.501} INFO: [Renderer]   |  monitor:1, 1024x768, bpp:24, hz:120.00, fmt: A8R8G8B8
{10:42:25.501} INFO: [Renderer]   |  monitor:1, 1024x768, bpp:24, hz:119.88, fmt: A8R8G8B8
{10:42:25.501} INFO: [Renderer]   |  monitor:1, 1024x768, bpp:24, hz:119.88, fmt: A8R8G8B8
{10:42:25.501} INFO: [Renderer]   |  monitor:1, 1024x768, bpp:24, hz:75.03, fmt: A8R8G8B8
{10:42:25.501} INFO: [Renderer]   |  monitor:1, 1024x768, bpp:24, hz:70.07, fmt: A8R8G8B8
{10:42:25.501} INFO: [Renderer]   |  monitor:1, 1024x768, bpp:24, hz:60.00, fmt: A8R8G8B8
{10:42:25.501} INFO: [Renderer]   |  monitor:1, 1152x864, bpp:24, hz:144.01, fmt: A8R8G8B8
{10:42:25.501} INFO: [Renderer]   |  monitor:1, 1152x864, bpp:24, hz:144.01, fmt: A8R8G8B8
{10:42:25.501} INFO: [Renderer]   |  monitor:1, 1152x864, bpp:24, hz:120.00, fmt: A8R8G8B8
{10:42:25.501} INFO: [Renderer]   |  monitor:1, 1152x864, bpp:24, hz:120.00, fmt: A8R8G8B8
{10:42:25.501} INFO: [Renderer]   |  monitor:1, 1152x864, bpp:24, hz:119.88, fmt: A8R8G8B8
{10:42:25.501} INFO: [Renderer]   |  monitor:1, 1152x864, bpp:24, hz:119.88, fmt: A8R8G8B8
{10:42:25.501} INFO: [Renderer]   |  monitor:1, 1152x864, bpp:24, hz:75.00, fmt: A8R8G8B8
{10:42:25.501} INFO: [Renderer]   |  monitor:1, 1176x664, bpp:24, hz:60.00, fmt: A8R8G8B8
{10:42:25.501} INFO: [Renderer]   |  monitor:1, 1176x664, bpp:24, hz:60.00, fmt: A8R8G8B8
{10:42:25.501} INFO: [Renderer]   |  monitor:1, 1176x664, bpp:24, hz:59.94, fmt: A8R8G8B8
{10:42:25.501} INFO: [Renderer]   |  monitor:1, 1176x664, bpp:24, hz:59.94, fmt: A8R8G8B8
{10:42:25.501} INFO: [Renderer]   |  monitor:1, 1176x664, bpp:24, hz:50.00, fmt: A8R8G8B8
{10:42:25.501} INFO: [Renderer]   |  monitor:1, 1176x664, bpp:24, hz:50.00, fmt: A8R8G8B8
{10:42:25.501} INFO: [Renderer]   |  monitor:1, 1280x720, bpp:24, hz:144.01, fmt: A8R8G8B8
{10:42:25.501} INFO: [Renderer]   |  monitor:1, 1280x720, bpp:24, hz:144.01, fmt: A8R8G8B8
{10:42:25.501} INFO: [Renderer]   |  monitor:1, 1280x720, bpp:24, hz:120.00, fmt: A8R8G8B8
{10:42:25.501} INFO: [Renderer]   |  monitor:1, 1280x720, bpp:24, hz:120.00, fmt: A8R8G8B8
{10:42:25.501} INFO: [Renderer]   |  monitor:1, 1280x720, bpp:24, hz:119.88, fmt: A8R8G8B8
{10:42:25.501} INFO: [Renderer]   |  monitor:1, 1280x720, bpp:24, hz:119.88, fmt: A8R8G8B8
{10:42:25.501} INFO: [Renderer]   |  monitor:1, 1280x720, bpp:24, hz:60.00, fmt: A8R8G8B8
{10:42:25.501} INFO: [Renderer]   |  monitor:1, 1280x720, bpp:24, hz:59.94, fmt: A8R8G8B8
{10:42:25.501} INFO: [Renderer]   |  monitor:1, 1280x720, bpp:24, hz:50.00, fmt: A8R8G8B8
{10:42:25.501} INFO: [Renderer]   |  monitor:1, 1280x768, bpp:24, hz:144.01, fmt: A8R8G8B8
{10:42:25.502} INFO: [Renderer]   |  monitor:1, 1280x768, bpp:24, hz:144.01, fmt: A8R8G8B8
{10:42:25.502} INFO: [Renderer]   |  monitor:1, 1280x768, bpp:24, hz:120.00, fmt: A8R8G8B8
{10:42:25.502} INFO: [Renderer]   |  monitor:1, 1280x768, bpp:24, hz:120.00, fmt: A8R8G8B8
{10:42:25.502} INFO: [Renderer]   |  monitor:1, 1280x768, bpp:24, hz:119.88, fmt: A8R8G8B8
{10:42:25.502} INFO: [Renderer]   |  monitor:1, 1280x768, bpp:24, hz:119.88, fmt: A8R8G8B8
{10:42:25.502} INFO: [Renderer]   |  monitor:1, 1280x768, bpp:24, hz:60.00, fmt: A8R8G8B8
{10:42:25.502} INFO: [Renderer]   |  monitor:1, 1280x768, bpp:24, hz:60.00, fmt: A8R8G8B8
{10:42:25.502} INFO: [Renderer]   |  monitor:1, 1280x800, bpp:24, hz:144.01, fmt: A8R8G8B8
{10:42:25.502} INFO: [Renderer]   |  monitor:1, 1280x800, bpp:24, hz:144.01, fmt: A8R8G8B8
{10:42:25.502} INFO: [Renderer]   |  monitor:1, 1280x800, bpp:24, hz:120.00, fmt: A8R8G8B8
{10:42:25.502} INFO: [Renderer]   |  monitor:1, 1280x800, bpp:24, hz:120.00, fmt: A8R8G8B8
{10:42:25.502} INFO: [Renderer]   |  monitor:1, 1280x800, bpp:24, hz:119.88, fmt: A8R8G8B8
{10:42:25.502} INFO: [Renderer]   |  monitor:1, 1280x800, bpp:24, hz:119.88, fmt: A8R8G8B8
{10:42:25.502} INFO: [Renderer]   |  monitor:1, 1280x800, bpp:24, hz:60.00, fmt: A8R8G8B8
{10:42:25.502} INFO: [Renderer]   |  monitor:1, 1280x800, bpp:24, hz:60.00, fmt: A8R8G8B8
{10:42:25.502} INFO: [Renderer]   |  monitor:1, 1280x960, bpp:24, hz:144.01, fmt: A8R8G8B8
{10:42:25.502} INFO: [Renderer]   |  monitor:1, 1280x960, bpp:24, hz:144.01, fmt: A8R8G8B8
{10:42:25.502} INFO: [Renderer]   |  monitor:1, 1280x960, bpp:24, hz:120.00, fmt: A8R8G8B8
{10:42:25.502} INFO: [Renderer]   |  monitor:1, 1280x960, bpp:24, hz:120.00, fmt: A8R8G8B8
{10:42:25.502} INFO: [Renderer]   |  monitor:1, 1280x960, bpp:24, hz:119.88, fmt: A8R8G8B8
{10:42:25.502} INFO: [Renderer]   |  monitor:1, 1280x960, bpp:24, hz:119.88, fmt: A8R8G8B8
{10:42:25.502} INFO: [Renderer]   |  monitor:1, 1280x960, bpp:24, hz:60.00, fmt: A8R8G8B8
{10:42:25.502} INFO: [Renderer]   |  monitor:1, 1280x1024, bpp:24, hz:144.01, fmt: A8R8G8B8
{10:42:25.502} INFO: [Renderer]   |  monitor:1, 1280x1024, bpp:24, hz:144.01, fmt: A8R8G8B8
{10:42:25.502} INFO: [Renderer]   |  monitor:1, 1280x1024, bpp:24, hz:120.00, fmt: A8R8G8B8
{10:42:25.502} INFO: [Renderer]   |  monitor:1, 1280x1024, bpp:24, hz:120.00, fmt: A8R8G8B8
{10:42:25.502} INFO: [Renderer]   |  monitor:1, 1280x1024, bpp:24, hz:119.88, fmt: A8R8G8B8
{10:42:25.502} INFO: [Renderer]   |  monitor:1, 1280x1024, bpp:24, hz:119.88, fmt: A8R8G8B8
{10:42:25.502} INFO: [Renderer]   |  monitor:1, 1280x1024, bpp:24, hz:75.03, fmt: A8R8G8B8
{10:42:25.502} INFO: [Renderer]   |  monitor:1, 1280x1024, bpp:24, hz:60.02, fmt: A8R8G8B8
{10:42:25.502} INFO: [Renderer]   |  monitor:1, 1360x768, bpp:24, hz:144.01, fmt: A8R8G8B8
{10:42:25.502} INFO: [Renderer]   |  monitor:1, 1360x768, bpp:24, hz:144.01, fmt: A8R8G8B8
{10:42:25.502} INFO: [Renderer]   |  monitor:1, 1360x768, bpp:24, hz:120.00, fmt: A8R8G8B8
{10:42:25.502} INFO: [Renderer]   |  monitor:1, 1360x768, bpp:24, hz:120.00, fmt: A8R8G8B8
{10:42:25.502} INFO: [Renderer]   |  monitor:1, 1360x768, bpp:24, hz:119.88, fmt: A8R8G8B8
{10:42:25.502} INFO: [Renderer]   |  monitor:1, 1360x768, bpp:24, hz:119.88, fmt: A8R8G8B8
{10:42:25.502} INFO: [Renderer]   |  monitor:1, 1360x768, bpp:24, hz:59.89, fmt: A8R8G8B8
{10:42:25.502} INFO: [Renderer]   |  monitor:1, 1360x768, bpp:24, hz:59.89, fmt: A8R8G8B8
{10:42:25.502} INFO: [Renderer]   |  monitor:1, 1366x768, bpp:24, hz:144.01, fmt: A8R8G8B8
{10:42:25.502} INFO: [Renderer]   |  monitor:1, 1366x768, bpp:24, hz:144.01, fmt: A8R8G8B8
{10:42:25.502} INFO: [Renderer]   |  monitor:1, 1366x768, bpp:24, hz:120.00, fmt: A8R8G8B8
{10:42:25.502} INFO: [Renderer]   |  monitor:1, 1366x768, bpp:24, hz:120.00, fmt: A8R8G8B8
{10:42:25.502} INFO: [Renderer]   |  monitor:1, 1366x768, bpp:24, hz:119.88, fmt: A8R8G8B8
{10:42:25.502} INFO: [Renderer]   |  monitor:1, 1366x768, bpp:24, hz:119.88, fmt: A8R8G8B8
{10:42:25.502} INFO: [Renderer]   |  monitor:1, 1366x768, bpp:24, hz:59.89, fmt: A8R8G8B8
{10:42:25.502} INFO: [Renderer]   |  monitor:1, 1366x768, bpp:24, hz:59.89, fmt: A8R8G8B8
{10:42:25.502} INFO: [Renderer]   |  monitor:1, 1440x900, bpp:24, hz:144.01, fmt: A8R8G8B8
{10:42:25.502} INFO: [Renderer]   |  monitor:1, 1440x900, bpp:24, hz:144.01, fmt: A8R8G8B8
{10:42:25.502} INFO: [Renderer]   |  monitor:1, 1440x900, bpp:24, hz:120.00, fmt: A8R8G8B8
{10:42:25.502} INFO: [Renderer]   |  monitor:1, 1440x900, bpp:24, hz:120.00, fmt: A8R8G8B8
{10:42:25.502} INFO: [Renderer]   |  monitor:1, 1440x900, bpp:24, hz:119.88, fmt: A8R8G8B8
{10:42:25.502} INFO: [Renderer]   |  monitor:1, 1440x900, bpp:24, hz:119.88, fmt: A8R8G8B8
{10:42:25.502} INFO: [Renderer]   |  monitor:1, 1440x900, bpp:24, hz:59.89, fmt: A8R8G8B8
{10:42:25.502} INFO: [Renderer]   |  monitor:1, 1600x900, bpp:24, hz:144.01, fmt: A8R8G8B8
{10:42:25.502} INFO: [Renderer]   |  monitor:1, 1600x900, bpp:24, hz:144.01, fmt: A8R8G8B8
{10:42:25.502} INFO: [Renderer]   |  monitor:1, 1600x900, bpp:24, hz:120.00, fmt: A8R8G8B8
{10:42:25.502} INFO: [Renderer]   |  monitor:1, 1600x900, bpp:24, hz:120.00, fmt: A8R8G8B8
{10:42:25.502} INFO: [Renderer]   |  monitor:1, 1600x900, bpp:24, hz:119.88, fmt: A8R8G8B8
{10:42:25.502} INFO: [Renderer]   |  monitor:1, 1600x900, bpp:24, hz:119.88, fmt: A8R8G8B8
{10:42:25.502} INFO: [Renderer]   |  monitor:1, 1600x900, bpp:24, hz:59.95, fmt: A8R8G8B8
{10:42:25.502} INFO: [Renderer]   |  monitor:1, 1600x900, bpp:24, hz:59.95, fmt: A8R8G8B8
{10:42:25.502} INFO: [Renderer]   |  monitor:1, 1600x1024, bpp:24, hz:144.01, fmt: A8R8G8B8
{10:42:25.502} INFO: [Renderer]   |  monitor:1, 1600x1024, bpp:24, hz:144.01, fmt: A8R8G8B8
{10:42:25.502} INFO: [Renderer]   |  monitor:1, 1600x1024, bpp:24, hz:120.00, fmt: A8R8G8B8
{10:42:25.502} INFO: [Renderer]   |  monitor:1, 1600x1024, bpp:24, hz:120.00, fmt: A8R8G8B8
{10:42:25.502} INFO: [Renderer]   |  monitor:1, 1600x1024, bpp:24, hz:119.88, fmt: A8R8G8B8
{10:42:25.502} INFO: [Renderer]   |  monitor:1, 1600x1024, bpp:24, hz:119.88, fmt: A8R8G8B8
{10:42:25.502} INFO: [Renderer]   |  monitor:1, 1600x1024, bpp:24, hz:59.95, fmt: A8R8G8B8
{10:42:25.502} INFO: [Renderer]   |  monitor:1, 1600x1024, bpp:24, hz:59.95, fmt: A8R8G8B8
{10:42:25.502} INFO: [Renderer]   |  monitor:1, 1680x1050, bpp:24, hz:144.01, fmt: A8R8G8B8
{10:42:25.502} INFO: [Renderer]   |  monitor:1, 1680x1050, bpp:24, hz:144.01, fmt: A8R8G8B8
{10:42:25.502} INFO: [Renderer]   |  monitor:1, 1680x1050, bpp:24, hz:120.00, fmt: A8R8G8B8
{10:42:25.502} INFO: [Renderer]   |  monitor:1, 1680x1050, bpp:24, hz:120.00, fmt: A8R8G8B8
{10:42:25.502} INFO: [Renderer]   |  monitor:1, 1680x1050, bpp:24, hz:119.88, fmt: A8R8G8B8
{10:42:25.502} INFO: [Renderer]   |  monitor:1, 1680x1050, bpp:24, hz:119.88, fmt: A8R8G8B8
{10:42:25.502} INFO: [Renderer]   |  monitor:1, 1680x1050, bpp:24, hz:59.95, fmt: A8R8G8B8
{10:42:25.502} INFO: [Renderer]   |  monitor:1, 1768x992, bpp:24, hz:144.01, fmt: A8R8G8B8
{10:42:25.502} INFO: [Renderer]   |  monitor:1, 1768x992, bpp:24, hz:144.01, fmt: A8R8G8B8
{10:42:25.502} INFO: [Renderer]   |  monitor:1, 1768x992, bpp:24, hz:120.00, fmt: A8R8G8B8
{10:42:25.502} INFO: [Renderer]   |  monitor:1, 1768x992, bpp:24, hz:120.00, fmt: A8R8G8B8
{10:42:25.502} INFO: [Renderer]   |  monitor:1, 1768x992, bpp:24, hz:119.88, fmt: A8R8G8B8
{10:42:25.502} INFO: [Renderer]   |  monitor:1, 1768x992, bpp:24, hz:119.88, fmt: A8R8G8B8
{10:42:25.502} INFO: [Renderer]   |  monitor:1, 1768x992, bpp:24, hz:60.00, fmt: A8R8G8B8
{10:42:25.502} INFO: [Renderer]   |  monitor:1, 1768x992, bpp:24, hz:60.00, fmt: A8R8G8B8
{10:42:25.502} INFO: [Renderer]   |  monitor:1, 1768x992, bpp:24, hz:59.94, fmt: A8R8G8B8
{10:42:25.502} INFO: [Renderer]   |  monitor:1, 1768x992, bpp:24, hz:59.94, fmt: A8R8G8B8
{10:42:25.502} INFO: [Renderer]   |  monitor:1, 1768x992, bpp:24, hz:50.00, fmt: A8R8G8B8
{10:42:25.502} INFO: [Renderer]   |  monitor:1, 1768x992, bpp:24, hz:50.00, fmt: A8R8G8B8
{10:42:25.502} INFO: [Renderer]   |  monitor:1, 1920x1080, bpp:24, hz:144.01, fmt: A8R8G8B8
{10:42:25.502} INFO: [Renderer]   |  monitor:1, 1920x1080, bpp:24, hz:120.00, fmt: A8R8G8B8
{10:42:25.502} INFO: [Renderer]   |  monitor:1, 1920x1080, bpp:24, hz:119.88, fmt: A8R8G8B8
{10:42:25.502} INFO: [Renderer]   |  monitor:1, 1920x1080, bpp:24, hz:60.00, fmt: A8R8G8B8
{10:42:25.502} INFO: [Renderer]   |  monitor:1, 1920x1080, bpp:24, hz:59.94, fmt: A8R8G8B8
{10:42:25.502} INFO: [Renderer]   |  monitor:1, 1920x1080, bpp:24, hz:50.00, fmt: A8R8G8B8
{10:42:25.502} INFO: [Renderer]   | Texture streaming mem 0 MB
{10:42:25.502} INFO: [INFO]       > Texture streaming buffer set to 0MB
{10:42:25.502} INFO: [INFO]       > Texture streaming lowest priority distance set to 100m
{10:42:26.255} DEBG: [DXGI]       > WM_SIZE 0, 2560x1421
{10:42:26.257} INFO: [INFO]       > CGame::AppWindowInit: window client area: 0x0, 2560x1421
{10:42:26.257} DEBG: [DXGI]       > [RChangeDeviceState] 2560x1440, 1.000000, borderless, 0/0 Hz
{10:42:26.257} DEBG: [DXGI]       >                  was 1920x1080, 1.000000, , 0/1 Hz
{10:42:26.259} INFO: [Renderer]   > [23.12.2022 10-42-26][streamline][info]dxgiswapchain.cpp:210[SetFullscreenState] Redirecting IDXGISwapChain::SetFullscreenState Fullscreen = 0
{10:42:26.260} DEBG: [DXGI]       > WM_SIZE 0, 0x0
{10:42:26.261} DEBG: [DXGI]       > WM_SIZE 0, 2560x1440
{10:42:27.331} INFO: [INFO]       > Texture streaming buffer set to 4000MB
{10:42:27.334} INFO: [Video]      > //Video settings:
{10:42:27.334} INFO: [Video]      > RendererMode("d3d11")
{10:42:27.334} INFO: [Video]      > AsyncCompute(0)
{10:42:27.334} INFO: [Video]      > WindowMode(1)
{10:42:27.334} INFO: [Video]      > Resolution(2560,1440)
{10:42:27.334} INFO: [Video]      > Scale3D(1.000000)
{10:42:27.334} INFO: [Video]      > FSR(1.000000)
{10:42:27.334} INFO: [Video]      > Upscaler(0)
{10:42:27.334} INFO: [Video]      > Upscaling(3)
{10:42:27.334} INFO: [Video]      > Monitor(0)
{10:42:27.334} INFO: [Video]      > DisableDWM(0)
{10:42:27.334} INFO: [Video]      > TextureQuality("High")
{10:42:27.334} INFO: [Video]      > ShadowsQuality(3)
{10:42:27.334} INFO: [Video]      > ShadowMapSize(2048)
{10:42:27.334} INFO: [Video]      > SpotShadowMapSize(4096)
{10:42:27.334} INFO: [Video]      > GammaFloat(0.85)
{10:42:27.334} INFO: [Video]      > GrassQuality(0)
{10:42:27.334} INFO: [Video]      > FrameRate(1)
{10:42:27.334} INFO: [Video]      > Reflex(1)
{10:42:27.334} INFO: [Video]      > MotionBlur(1)
{10:42:27.334} INFO: [Video]      > MotionBlurIntensity(1.00)
{10:42:27.334} INFO: [Video]      > Bokeh(1)
{10:42:27.334} INFO: [Video]      > SSSSQuality(1)
{10:42:27.334} INFO: [Video]      > MotionBlurQuality("High")
{10:42:27.334} INFO: [Video]      > ChromaticAberration(1)
{10:42:27.334} INFO: [Video]      > FilmGrain(0)
{10:42:27.334} INFO: [Video]      > ColorGrading(0)
{10:42:27.334} INFO: [Video]      > AntiAliasing(1)
{10:42:27.334} INFO: [Video]      > AntiAliasingMode(0)
{10:42:27.334} INFO: [Video]      > FogQuality(2)
{10:42:27.334} INFO: [Video]      > ReflectionsQuality(2)
{10:42:27.334} INFO: [Video]      > ContactShadowsQuality(4)
{10:42:27.334} INFO: [Video]      > SpotShadowsQuality(2)
{10:42:27.334} INFO: [Video]      > AmbientOcclusion(1)
{10:42:27.334} INFO: [Video]      > AmbientOcclusionQuality(2)
{10:42:27.334} INFO: [Video]      > ColorBlindMode(0)
{10:42:27.334} INFO: [Video]      > GpuFxQuality(1)
{10:42:27.334} INFO: [Video]      > VoxelGiQuality(3)
{10:42:27.334} INFO: [Video]      > LodQuality(1)
{10:42:27.334} INFO: [Video]      > LodMultiplier(100)
{10:42:27.334} INFO: [Video]      > AnisoOptMaxAnisotropy(16)
{10:42:27.334} INFO: [Video]      > Version(1700)
{10:42:27.336} INFO: [ResPack]    > Free resource loading disabled
{10:42:27.552} INFO: [ResPack]    > Acquired prefab data: 150472, 164704
{10:42:27.553} INFO: [ResPack]    >  -> 0 prefabs, 32 presets available in engine_pc.rpack
{10:42:29.318} INFO: [ResPack]    > Acquired prefab data: 17204128, 12722864
{10:42:29.344} INFO: [ResPack]    >  -> 2043 prefabs, 406 presets available in common_prefabs_pc.rpack
{10:42:29.794} INFO: [INFO]       > [Input] Keyboard 0 enumerated: intance_name = Keyboard, product_name = Keyboard, GUID = {6f1d2b61-d5a0-11cf-bfc7-444553540000}
{10:42:29.900} INFO: [INFO]       > [CInput::SelectKeyboard] Keyboard 0 selected: Keyboard, Keyboard
{10:42:29.925} RETL: [CPUID]   > [MEM] Total Page File: 34726 MiB
{10:42:29.925} RETL: [CPUID]   > [MEM] Total Physical:  32678 MiB
{10:42:29.925} RETL: [CPUID]   > [MEM] Available Page File: 6412 MiB
{10:42:29.925} RETL: [CPUID]   > [MEM] Available Physical:  18552 MiB
{10:42:29.925} RETL: [CPUID]   > [MEM] Memory Load:  43%
{10:42:32.229} INFO: [INFO]       > [gpufx] preloaded 1172 sequences. It took 1820.289062 ms
{10:42:32.230} RETL: [Game]    > game version: '0.0.99', '1.0.202212211635'
{10:42:32.336} RETL: [CPUID]   > Computer Info: Manufacturer: ASUS, Model: System Product Name
{10:42:38.712} RETL: [Game]    > Stage = 'InitialScreen' (prev value 'Intro')
{10:42:38.712} RETL: [Game]    > Stage = 'InitialScreen_SigningIn' (prev value 'InitialScreen')
{10:42:38.747} RETL: [Game]    > Stage = 'InitialScreen_SigningInFinished' (prev value 'InitialScreen_SigningIn')
{10:42:38.747} RETL: [Game]    > Stage = 'InitialScreen_SignedIn' (prev value 'InitialScreen_SigningInFinished')
{10:42:38.759} RETL: [Game]    > Stage = 'InitialScreen_Complete' (prev value 'InitialScreen_SignedIn')
{10:42:39.434} INFO: [Video]      > //Video settings:
{10:42:39.434} INFO: [Video]      > RendererMode("d3d11")
{10:42:39.434} INFO: [Video]      > AsyncCompute(0)
{10:42:39.434} INFO: [Video]      > WindowMode(1)
{10:42:39.434} INFO: [Video]      > Resolution(2560,1440)
{10:42:39.434} INFO: [Video]      > Scale3D(1.000000)
{10:42:39.434} INFO: [Video]      > FSR(1.000000)
{10:42:39.434} INFO: [Video]      > Upscaler(0)
{10:42:39.434} INFO: [Video]      > Upscaling(3)
{10:42:39.434} INFO: [Video]      > Monitor(0)
{10:42:39.434} INFO: [Video]      > DisableDWM(0)
{10:42:39.434} INFO: [Video]      > TextureQuality("High")
{10:42:39.434} INFO: [Video]      > ShadowsQuality(3)
{10:42:39.434} INFO: [Video]      > ShadowMapSize(2048)
{10:42:39.434} INFO: [Video]      > SpotShadowMapSize(4096)
{10:42:39.434} INFO: [Video]      > GammaFloat(1.00)
{10:42:39.434} INFO: [Video]      > GrassQuality(0)
{10:42:39.434} INFO: [Video]      > FrameRate(1)
{10:42:39.434} INFO: [Video]      > Reflex(1)
{10:42:39.434} INFO: [Video]      > MotionBlur(1)
{10:42:39.434} INFO: [Video]      > MotionBlurIntensity(1.00)
{10:42:39.434} INFO: [Video]      > Bokeh(1)
{10:42:39.434} INFO: [Video]      > SSSSQuality(1)
{10:42:39.434} INFO: [Video]      > MotionBlurQuality("High")
{10:42:39.434} INFO: [Video]      > ChromaticAberration(1)
{10:42:39.434} INFO: [Video]      > FilmGrain(0)
{10:42:39.434} INFO: [Video]      > ColorGrading(0)
{10:42:39.434} INFO: [Video]      > AntiAliasing(1)
{10:42:39.434} INFO: [Video]      > AntiAliasingMode(0)
{10:42:39.434} INFO: [Video]      > FogQuality(2)
{10:42:39.434} INFO: [Video]      > ReflectionsQuality(2)
{10:42:39.434} INFO: [Video]      > ContactShadowsQuality(4)
{10:42:39.434} INFO: [Video]      > SpotShadowsQuality(2)
{10:42:39.434} INFO: [Video]      > AmbientOcclusion(1)
{10:42:39.434} INFO: [Video]      > AmbientOcclusionQuality(2)
{10:42:39.434} INFO: [Video]      > ColorBlindMode(0)
{10:42:39.434} INFO: [Video]      > GpuFxQuality(1)
{10:42:39.434} INFO: [Video]      > VoxelGiQuality(3)
{10:42:39.434} INFO: [Video]      > LodQuality(1)
{10:42:39.434} INFO: [Video]      > LodMultiplier(100)
{10:42:39.434} INFO: [Video]      > AnisoOptMaxAnisotropy(16)
{10:42:39.434} INFO: [Video]      > Version(1700)
{10:42:39.467} RETL: [Lobby.Storage.Steam] > [AddSavegamesToCache] save_main_0.sav added
{10:42:39.467} RETL: [Lobby.Storage.Steam] > [AddSavegamesToCache] save_main_0_chp000.sbk added
{10:42:39.467} RETL: [Lobby.Storage.Steam] > [AddSavegamesToCache] save_main_1.sav added
{10:42:39.467} RETL: [Savegame]            > ScanForSavegames: saves 3 (prev value -1)
{10:42:39.471} RETL: [Game]                > Stage = 'Complete' (prev value 'InitialScreen_Complete')
{10:42:39.472} RETL: [Game]                > ===== CreateSession ===== 
{10:42:39.614} RETL: [Savegame]            > SessionContextState: 'OnCreate' [game_type 'Campaign', game_mode 'Coop', save_name '' (slot -1), map 'intersection' (id:-1778025823), (first), difficulty [current: Normal, savegame: Normal, min_savegame: Normal, initial: Normal, lobby_settings: Normal], save_version 85, build: '1.0.202212211635 / 2', perforce_stream: '//tech/rel-ph-devtools']
{10:42:40.061} INFO: [Video]      > //Video settings:
{10:42:40.061} INFO: [Video]      > RendererMode("d3d11")
{10:42:40.061} INFO: [Video]      > AsyncCompute(0)
{10:42:40.061} INFO: [Video]      > WindowMode(1)
{10:42:40.061} INFO: [Video]      > Resolution(2560,1440)
{10:42:40.061} INFO: [Video]      > Scale3D(1.000000)
{10:42:40.061} INFO: [Video]      > FSR(1.000000)
{10:42:40.061} INFO: [Video]      > Upscaler(0)
{10:42:40.061} INFO: [Video]      > Upscaling(3)
{10:42:40.061} INFO: [Video]      > Monitor(0)
{10:42:40.061} INFO: [Video]      > DisableDWM(0)
{10:42:40.061} INFO: [Video]      > TextureQuality("High")
{10:42:40.061} INFO: [Video]      > ShadowsQuality(3)
{10:42:40.061} INFO: [Video]      > ShadowMapSize(2048)
{10:42:40.061} INFO: [Video]      > SpotShadowMapSize(4096)
{10:42:40.061} INFO: [Video]      > GammaFloat(0.85)
{10:42:40.061} INFO: [Video]      > GrassQuality(0)
{10:42:40.061} INFO: [Video]      > FrameRate(1)
{10:42:40.061} INFO: [Video]      > Reflex(1)
{10:42:40.061} INFO: [Video]      > MotionBlur(1)
{10:42:40.061} INFO: [Video]      > MotionBlurIntensity(1.00)
{10:42:40.061} INFO: [Video]      > Bokeh(1)
{10:42:40.061} INFO: [Video]      > SSSSQuality(1)
{10:42:40.061} INFO: [Video]      > MotionBlurQuality("High")
{10:42:40.061} INFO: [Video]      > ChromaticAberration(1)
{10:42:40.061} INFO: [Video]      > FilmGrain(0)
{10:42:40.061} INFO: [Video]      > ColorGrading(0)
{10:42:40.061} INFO: [Video]      > AntiAliasing(1)
{10:42:40.061} INFO: [Video]      > AntiAliasingMode(0)
{10:42:40.061} INFO: [Video]      > FogQuality(2)
{10:42:40.061} INFO: [Video]      > ReflectionsQuality(2)
{10:42:40.061} INFO: [Video]      > ContactShadowsQuality(4)
{10:42:40.061} INFO: [Video]      > SpotShadowsQuality(2)
{10:42:40.061} INFO: [Video]      > AmbientOcclusion(1)
{10:42:40.061} INFO: [Video]      > AmbientOcclusionQuality(2)
{10:42:40.061} INFO: [Video]      > ColorBlindMode(0)
{10:42:40.061} INFO: [Video]      > GpuFxQuality(1)
{10:42:40.061} INFO: [Video]      > VoxelGiQuality(3)
{10:42:40.061} INFO: [Video]      > LodQuality(1)
{10:42:40.061} INFO: [Video]      > LodMultiplier(100)
{10:42:40.061} INFO: [Video]      > AnisoOptMaxAnisotropy(16)
{10:42:40.061} INFO: [Video]      > Version(1700)
{10:42:40.095} INFO: [Video]      > //Video settings:
{10:42:40.095} INFO: [Video]      > RendererMode("d3d11")
{10:42:40.095} INFO: [Video]      > AsyncCompute(0)
{10:42:40.095} INFO: [Video]      > WindowMode(1)
{10:42:40.095} INFO: [Video]      > Resolution(2560,1440)
{10:42:40.095} INFO: [Video]      > Scale3D(1.000000)
{10:42:40.095} INFO: [Video]      > FSR(1.000000)
{10:42:40.095} INFO: [Video]      > Upscaler(0)
{10:42:40.095} INFO: [Video]      > Upscaling(3)
{10:42:40.095} INFO: [Video]      > Monitor(0)
{10:42:40.095} INFO: [Video]      > DisableDWM(0)
{10:42:40.095} INFO: [Video]      > TextureQuality("High")
{10:42:40.095} INFO: [Video]      > ShadowsQuality(3)
{10:42:40.095} INFO: [Video]      > ShadowMapSize(2048)
{10:42:40.095} INFO: [Video]      > SpotShadowMapSize(4096)
{10:42:40.095} INFO: [Video]      > GammaFloat(1.00)
{10:42:40.095} INFO: [Video]      > GrassQuality(0)
{10:42:40.095} INFO: [Video]      > FrameRate(1)
{10:42:40.095} INFO: [Video]      > Reflex(1)
{10:42:40.095} INFO: [Video]      > MotionBlur(1)
{10:42:40.095} INFO: [Video]      > MotionBlurIntensity(1.00)
{10:42:40.095} INFO: [Video]      > Bokeh(1)
{10:42:40.095} INFO: [Video]      > SSSSQuality(1)
{10:42:40.095} INFO: [Video]      > MotionBlurQuality("High")
{10:42:40.095} INFO: [Video]      > ChromaticAberration(1)
{10:42:40.095} INFO: [Video]      > FilmGrain(0)
{10:42:40.095} INFO: [Video]      > ColorGrading(0)
{10:42:40.095} INFO: [Video]      > AntiAliasing(1)
{10:42:40.095} INFO: [Video]      > AntiAliasingMode(0)
{10:42:40.095} INFO: [Video]      > FogQuality(2)
{10:42:40.095} INFO: [Video]      > ReflectionsQuality(2)
{10:42:40.095} INFO: [Video]      > ContactShadowsQuality(4)
{10:42:40.095} INFO: [Video]      > SpotShadowsQuality(2)
{10:42:40.095} INFO: [Video]      > AmbientOcclusion(1)
{10:42:40.095} INFO: [Video]      > AmbientOcclusionQuality(2)
{10:42:40.095} INFO: [Video]      > ColorBlindMode(0)
{10:42:40.095} INFO: [Video]      > GpuFxQuality(1)
{10:42:40.095} INFO: [Video]      > VoxelGiQuality(3)
{10:42:40.095} INFO: [Video]      > LodQuality(1)
{10:42:40.095} INFO: [Video]      > LodMultiplier(100)
{10:42:40.095} INFO: [Video]      > AnisoOptMaxAnisotropy(16)
{10:42:40.095} INFO: [Video]      > Version(1700)
{10:42:40.130} INFO: [Video]      > //Video settings:
{10:42:40.130} INFO: [Video]      > RendererMode("d3d11")
{10:42:40.130} INFO: [Video]      > AsyncCompute(0)
{10:42:40.130} INFO: [Video]      > WindowMode(1)
{10:42:40.130} INFO: [Video]      > Resolution(2560,1440)
{10:42:40.130} INFO: [Video]      > Scale3D(1.000000)
{10:42:40.130} INFO: [Video]      > FSR(1.000000)
{10:42:40.130} INFO: [Video]      > Upscaler(0)
{10:42:40.130} INFO: [Video]      > Upscaling(3)
{10:42:40.130} INFO: [Video]      > Monitor(0)
{10:42:40.130} INFO: [Video]      > DisableDWM(0)
{10:42:40.130} INFO: [Video]      > TextureQuality("High")
{10:42:40.130} INFO: [Video]      > ShadowsQuality(3)
{10:42:40.130} INFO: [Video]      > ShadowMapSize(2048)
{10:42:40.130} INFO: [Video]      > SpotShadowMapSize(4096)
{10:42:40.130} INFO: [Video]      > GammaFloat(0.85)
{10:42:40.130} INFO: [Video]      > GrassQuality(0)
{10:42:40.130} INFO: [Video]      > FrameRate(1)
{10:42:40.130} INFO: [Video]      > Reflex(1)
{10:42:40.130} INFO: [Video]      > MotionBlur(1)
{10:42:40.130} INFO: [Video]      > MotionBlurIntensity(1.00)
{10:42:40.130} INFO: [Video]      > Bokeh(1)
{10:42:40.130} INFO: [Video]      > SSSSQuality(1)
{10:42:40.130} INFO: [Video]      > MotionBlurQuality("High")
{10:42:40.130} INFO: [Video]      > ChromaticAberration(1)
{10:42:40.130} INFO: [Video]      > FilmGrain(0)
{10:42:40.130} INFO: [Video]      > ColorGrading(0)
{10:42:40.130} INFO: [Video]      > AntiAliasing(1)
{10:42:40.130} INFO: [Video]      > AntiAliasingMode(0)
{10:42:40.130} INFO: [Video]      > FogQuality(2)
{10:42:40.130} INFO: [Video]      > ReflectionsQuality(2)
{10:42:40.130} INFO: [Video]      > ContactShadowsQuality(4)
{10:42:40.130} INFO: [Video]      > SpotShadowsQuality(2)
{10:42:40.130} INFO: [Video]      > AmbientOcclusion(1)
{10:42:40.130} INFO: [Video]      > AmbientOcclusionQuality(2)
{10:42:40.130} INFO: [Video]      > ColorBlindMode(0)
{10:42:40.130} INFO: [Video]      > GpuFxQuality(1)
{10:42:40.130} INFO: [Video]      > VoxelGiQuality(3)
{10:42:40.130} INFO: [Video]      > LodQuality(1)
{10:42:40.130} INFO: [Video]      > LodMultiplier(100)
{10:42:40.130} INFO: [Video]      > AnisoOptMaxAnisotropy(16)
{10:42:40.130} INFO: [Video]      > Version(1700)
{10:42:42.997} RETL: [Game]                > >>>>> <1333538079> Changing level from <> to <intersection>
{10:42:46.080} RETL: [Savegame]            > SessionContextState: 'OnUpdate after ChangeMap' [game_type 'Campaign', game_mode 'Coop', save_name '' (slot -1), map 'intersection' (id:-1778025823), (first), difficulty [current: Normal, savegame: Normal, min_savegame: Normal, initial: Normal, lobby_settings: Normal], save_version 85, build: '1.0.202212211635 / 2', perforce_stream: '//tech/rel-ph-devtools']
{10:53:23.573} INFO: [INFO]       > ---------------------------------------------------------
{10:53:23.573} INFO: [INFO]       > Time of playing game: 659.703369s
{10:53:23.573} INFO: [INFO]       > Updated frames: 30895 Rendered frames: 30455
{10:53:23.573} INFO: [INFO]       > Average FPS: 46.164692
{10:53:23.573} INFO: [INFO]       > ---------------------------------------------------------
{10:53:24.162} INFO: [Renderer]   > [23.12.2022 10-53-24][streamline][info]dxgiswapchain.cpp:210[SetFullscreenState] Redirecting IDXGISwapChain::SetFullscreenState Fullscreen = 0
{10:53:24.163} INFO: [Renderer]   > [23.12.2022 10-53-24][streamline][info]pluginmanager.cpp:691[unloadPlugins] Unloading all plugins ...
{10:53:24.164} INFO: [Renderer]   > [23.12.2022 10-53-24][streamline][info]d3d11.cpp:361[destroyKernel] Destroying kernel NIS_Sharpen_V0_H2.cs
{10:53:24.164} INFO: [Renderer]   > [23.12.2022 10-53-24][streamline][info]d3d11.cpp:361[destroyKernel] Destroying kernel NIS_Sharpen_V0_H0.cs
{10:53:24.164} INFO: [Renderer]   > [23.12.2022 10-53-24][streamline][info]d3d11.cpp:361[destroyKernel] Destroying kernel NIS_Sharpen_V0_H1.cs
{10:53:24.164} INFO: [Renderer]   > [23.12.2022 10-53-24][streamline][info]d3d11.cpp:361[destroyKernel] Destroying kernel NIS_Sharpen_V1_H2.cs
{10:53:24.164} INFO: [Renderer]   > [23.12.2022 10-53-24][streamline][info]d3d11.cpp:361[destroyKernel] Destroying kernel NIS_Sharpen_V1_H0.cs
{10:53:24.164} INFO: [Renderer]   > [23.12.2022 10-53-24][streamline][info]d3d11.cpp:361[destroyKernel] Destroying kernel NIS_Sharpen_V1_H1.cs
{10:53:24.164} INFO: [Renderer]   > [23.12.2022 10-53-24][streamline][info]d3d11.cpp:361[destroyKernel] Destroying kernel NIS_Scaler_V0_H2.cs
{10:53:24.164} INFO: [Renderer]   > [23.12.2022 10-53-24][streamline][info]d3d11.cpp:361[destroyKernel] Destroying kernel NIS_Scaler_V0_H0.cs
{10:53:24.164} INFO: [Renderer]   > [23.12.2022 10-53-24][streamline][info]d3d11.cpp:361[destroyKernel] Destroying kernel NIS_Scaler_V0_H1.cs
{10:53:24.164} INFO: [Renderer]   > [23.12.2022 10-53-24][streamline][info]d3d11.cpp:361[destroyKernel] Destroying kernel NIS_Scaler_V1_H0.cs
{10:53:24.164} INFO: [Renderer]   > [23.12.2022 10-53-24][streamline][info]d3d11.cpp:361[destroyKernel] Destroying kernel NIS_Scaler_V1_H1.cs
{10:53:24.164} INFO: [Renderer]   > [23.12.2022 10-53-24][streamline][info]d3d11.cpp:361[destroyKernel] Destroying kernel NIS_Scaler_V1_H2.cs
{10:53:24.164} INFO: [Renderer]   > [23.12.2022 10-53-24][streamline][info]d3d11.cpp:231[shutdown] Destroying kernel fonts.cs
{10:53:24.164} INFO: [Renderer]   > [23.12.2022 10-53-24][streamline][info]generic.cpp:465[destroyResource] Scheduled to destroy 0x20351c91ef0(sl.chi.fontTexture) - frame 32620
{10:53:24.164} INFO: [Renderer]   > [23.12.2022 10-53-24][streamline][info]generic.cpp:465[destroyResource] Scheduled to destroy 0x20351c904b0(sl.chi.dynamicText) - frame 32620
{10:53:24.164} INFO: [Renderer]   > [23.12.2022 10-53-24][streamline][info]generic.cpp:465[destroyResource] Scheduled to destroy 0x20351c8eff0(sl.chi.dynamicTextUpload) - frame 32620
{10:53:24.164} INFO: [Renderer]   > [23.12.2022 10-53-24][streamline][info]generic.cpp:520[collectGarbage] Destroying 0x20351c91ef0(sl.chi.fontTexture) - scheduled at frame 32620 - finished frame 32620 - forced yes
{10:53:24.164} INFO: [Renderer]   > [23.12.2022 10-53-24][streamline][info]d3d11.cpp:1298[destroyResourceDeferredImpl] Releasing resource 0x20351c91ef0 (sl.chi.fontTexture) ref count 3 - currentSize 0.00 - totalSize 0.03
{10:53:24.164} INFO: [Renderer]   > [23.12.2022 10-53-24][streamline][info]generic.cpp:520[collectGarbage] Destroying 0x20351c904b0(sl.chi.dynamicText) - scheduled at frame 32620 - finished frame 32620 - forced yes
{10:53:24.164} INFO: [Renderer]   > [23.12.2022 10-53-24][streamline][info]d3d11.cpp:1298[destroyResourceDeferredImpl] Releasing resource 0x20351c904b0 (sl.chi.dynamicText) ref count 3 - currentSize 0.02 - totalSize 0.02
{10:53:24.164} INFO: [Renderer]   > [23.12.2022 10-53-24][streamline][info]generic.cpp:520[collectGarbage] Destroying 0x20351c8eff0(sl.chi.dynamicTextUpload) - scheduled at frame 32620 - finished frame 32620 - forced yes
{10:53:24.164} INFO: [Renderer]   > [23.12.2022 10-53-24][streamline][info]d3d11.cpp:1298[destroyResourceDeferredImpl] Releasing resource 0x20351c8eff0 (sl.chi.dynamicTextUpload) ref count 3 - currentSize 0.02 - totalSize 0.00
{10:53:24.164} INFO: [Renderer]   > [23.12.2022 10-53-24][streamline][info]generic.cpp:267[shutdown] Delayed destroy resource list count 0
{10:53:24.654} INFO: [Renderer]   > [r_Shutdown] Dll released
