{15:24:56.554} INFO: [FileSystem] > [CZip_dir::Initialize] 'e:/steam/steamapps/common/dying light 2 / ph/source/data0.pak' took: 0.000000ms
{15:24:56.569} INFO: [FileSystem] > [CZip_dir::Initialize] 'e:/steam/steamapps/common/dying light 2 / ph/source/data1.pak' took: 0.000000ms
{15:24:56.571} INFO: [FileSystem] > [CZip_dir::Initialize] 'e:/steam/steamapps/common/dying light 2 / ph/source/databt.mpak' took: 0.000000ms
{15:24:56.626} RETL: [GameApp] > Command line: -launched_from_editor  /keep_resources -ami -generateprefabs -debugconf=debugconf_temp.scr -workshop="e:/steam/steamapps/common/dying light 2\DevTools\projects\Intersection"
{15:24:56.802} RETL: [CPUID]   > [MEM] Total Page File: 34726 MiB
{15:24:56.803} RETL: [CPUID]   > [MEM] Total Physical:  32678 MiB
{15:24:56.803} RETL: [CPUID]   > [MEM] Available Page File: 9942 MiB
{15:24:56.803} RETL: [CPUID]   > [MEM] Available Physical:  18739 MiB
{15:24:56.803} RETL: [CPUID]   > [MEM] Memory Load:  42%
{15:24:57.281} RETL: [GAME]    > arguments (7): 'E:\Steam\steamapps\common\Dying Light 2\DevTools\bin\DyingLightGame_x64_rwdi.exe', '-launched_from_editor', '/keep_resources', '-ami', '-generateprefabs', '-debugconf=debugconf_temp.scr', '-workshop=e:/steam/steamapps/common/dying light 2\DevTools\projects\Intersection'
{15:24:58.324} INFO: [FileSystem] > [CZip_dir::Initialize] 'e:/steam/steamapps/common/dying light 2 / ph/source/data_lang/dataen.pak' took: 0.000000ms
{15:24:58.359} RETL: [CPUID]   > [MEM] Total Page File: 34726 MiB
{15:24:58.359} RETL: [CPUID]   > [MEM] Total Physical:  32678 MiB
{15:24:58.359} RETL: [CPUID]   > [MEM] Available Page File: 9741 MiB
{15:24:58.359} RETL: [CPUID]   > [MEM] Available Physical:  18510 MiB
{15:24:58.359} RETL: [CPUID]   > [MEM] Memory Load:  43%
{15:24:58.381} INFO: [Renderer]   > [CVideoSettings::LoadSettings] Loading video settings using 'out/Settings/Video.scr'
{15:24:58.400} INFO: [Renderer]   > [r_Initialize] Loaded from rd3d11_x64_rwdi.dll.
{15:24:58.400} INFO: [Renderer]   > MonitorIdx=0, SecondaryMonitorIdx=-1
{15:24:58.403} INFO: [Renderer]   > [25.12.2022 15-24-58][streamline][info]pluginmanager.cpp:945[PluginManager] Streamline v1.1.1 - built on Fri Jul 29 07:43:20 2022 - SHA: 45d487a
{15:24:58.403} INFO: [Renderer]   > [25.12.2022 15-24-58][streamline][info]pluginmanager.cpp:355[findPlugins] Looking for plugins in E:\Steam\steamapps\common\Dying Light 2\DevTools\bin\ ...
{15:24:58.416} INFO: [Renderer]   > [25.12.2022 15-24-58][streamline][info]secureloadlibrary.cpp:477[verifyEmbeddedSignature] File 'E:\Steam\steamapps\common\Dying Light 2\DevTools\bin\/sl.common.dll' is signed by NVIDIA and the signature was verified.
{15:24:58.434} INFO: [Renderer]   > [25.12.2022 15-24-58][streamline][info]commoninterface.cpp:113[getGPUInfo] -----------------------------------------
{15:24:58.434} INFO: [Renderer]   > [25.12.2022 15-24-58][streamline][info]commoninterface.cpp:116[getGPUInfo] NVIDIA driver 527.37
{15:24:58.436} INFO: [Renderer]   > [25.12.2022 15-24-58][streamline][info]commoninterface.cpp:125[getGPUInfo] GPU 0 architecture 0x130 adapter mask 0x1
{15:24:58.436} INFO: [Renderer]   > [25.12.2022 15-24-58][streamline][info]commoninterface.cpp:127[getGPUInfo] -----------------------------------------
{15:24:58.439} INFO: [Renderer]   > [25.12.2022 15-24-58][streamline][info]commonentry.cpp:659[getSupportedAdapterMask] Detected Windows OS version 10.0.22621
{15:24:58.439} INFO: [Renderer]   > [25.12.2022 15-24-58][streamline][info]pluginmanager.cpp:501[mapPlugins] Loaded plugin 'sl.common' - version 1.1.1 - id 4294967295 - priority 0 - adapter mask 0xffffffff - namespace 'common'
{15:24:58.445} INFO: [Renderer]   > [25.12.2022 15-24-58][streamline][info]secureloadlibrary.cpp:477[verifyEmbeddedSignature] File 'E:\Steam\steamapps\common\Dying Light 2\DevTools\bin\/sl.dlss.dll' is signed by NVIDIA and the signature was verified.
{15:24:58.448} ERRR: [Renderer]   > [25.12.2022 15-24-58][streamline][error]pluginmanager.cpp:448[mapPlugins] Ignoring plugin 'sl.dlss' since it is not supported on this platform
{15:24:58.454} INFO: [Renderer]   > [25.12.2022 15-24-58][streamline][info]secureloadlibrary.cpp:477[verifyEmbeddedSignature] File 'E:\Steam\steamapps\common\Dying Light 2\DevTools\bin\/sl.nis.dll' is signed by NVIDIA and the signature was verified.
{15:24:58.456} INFO: [Renderer]   > [25.12.2022 15-24-58][streamline][info]pluginmanager.cpp:501[mapPlugins] Loaded plugin 'sl.nis' - version 1.1.1 - id 2 - priority 1 - adapter mask 0xffffffff - namespace 'nis'
{15:24:58.460} INFO: [Renderer]   > [25.12.2022 15-24-58][streamline][info]secureloadlibrary.cpp:477[verifyEmbeddedSignature] File 'E:\Steam\steamapps\common\Dying Light 2\DevTools\bin\/sl.reflex.dll' is signed by NVIDIA and the signature was verified.
{15:24:58.463} INFO: [Renderer]   > [25.12.2022 15-24-58][streamline][info]pluginmanager.cpp:501[mapPlugins] Loaded plugin 'sl.reflex' - version 1.1.1 - id 3 - priority 1 - adapter mask 0xffffffff - namespace 'reflex'
{15:24:58.463} INFO: [Renderer]   > [25.12.2022 15-24-58][streamline][info]pluginmanager.cpp:679[loadPlugins] Plugin execution order based on priority:
{15:24:58.463} INFO: [Renderer]   > [25.12.2022 15-24-58][streamline][info]pluginmanager.cpp:682[loadPlugins] P0 - sl.common
{15:24:58.463} INFO: [Renderer]   > [25.12.2022 15-24-58][streamline][info]pluginmanager.cpp:682[loadPlugins] P1 - sl.nis
{15:24:58.463} INFO: [Renderer]   > [25.12.2022 15-24-58][streamline][info]pluginmanager.cpp:682[loadPlugins] P1 - sl.reflex
{15:24:58.463} INFO: [Renderer]   > Enumerating D3D11 video adapters:
{15:24:58.464} INFO: [Renderer]   > Adapter 0: NVIDIA GeForce GTX 1080 Ti 11121MB/16339MB/0MB
{15:24:58.464} INFO: [Renderer]   |   Output 0: [0,0 - 2560,1440] \\.\DISPLAY1
{15:24:58.464} INFO: [Renderer]   |   Output 1: [2560,0 - 4480,1080] \\.\DISPLAY2
{15:24:58.464} INFO: [Renderer]   > Adapter 1: Microsoft Basic Render Driver 0MB/16339MB/0MB
{15:24:58.466} INFO: [Renderer]   > Sorted adapter 0: NVIDIA GeForce GTX 1080 Ti 11121MB/16339MB/0MB
{15:24:58.466} INFO: [Renderer]   > Sorted adapter 1: Microsoft Basic Render Driver 0MB/16339MB/0MB
{15:24:58.466} INFO: [Renderer]   > Picking adapter: NVIDIA GeForce GTX 1080 Ti
{15:24:58.466} INFO: [Renderer]   | Primary monitor: [0,0 - 2560,1440]
{15:24:58.466} INFO: [Renderer]   | Secondary monitor: [2560,0 - 4480,1080]
{15:24:58.603} INFO: [Renderer]   > Renderer started in DX11 mode.
{15:24:58.603} INFO: [Renderer]   > DX11 reported 11'121M free texture memory.
{15:24:58.710} INFO: [Renderer]   > [d3d12rt-checker] Raytracing tier lower than D3D12_RAYTRACING_TIER_1_1.
{15:24:58.876} INFO: [Renderer]   > [25.12.2022 15-24-58][streamline][info]pluginmanager.cpp:836[initializePlugins] Initializing plugins - api 0.0.1 - application ID 101095511
{15:24:58.876} INFO: [Renderer]   > [25.12.2022 15-24-58][streamline][info]d3d11.cpp:109[init] GPU nodes 1 - visible node mask 1
{15:24:58.876} INFO: [Renderer]   > [25.12.2022 15-24-58][streamline][info]d3d11.cpp:330[createKernel] Creating DXBC kernel fonts.cs:main hash 10788421720787293069
{15:24:58.876} INFO: [Renderer]   > [25.12.2022 15-24-58][streamline][info]generic.cpp:377[createBuffer] Buffer (sl.chi.fontTexture), m_allocCount=1, currentSize 0.0 MB, totalSize 0.0 MB
{15:24:58.878} INFO: [Renderer]   > [25.12.2022 15-24-58][streamline][info]generic.cpp:377[createBuffer] Buffer (sl.chi.dynamicText), m_allocCount=2, currentSize 0.0 MB, totalSize 0.0 MB
{15:24:58.878} INFO: [Renderer]   > [25.12.2022 15-24-58][streamline][info]generic.cpp:377[createBuffer] Buffer (sl.chi.dynamicTextUpload), m_allocCount=3, currentSize 0.0 MB, totalSize 0.0 MB
{15:24:58.878} INFO: [Renderer]   > [25.12.2022 15-24-58][streamline][info]pluginmanager.cpp:751[processPluginHooks] Hook sl.common:slHookVkCreateImage:after - skipped
{15:24:58.878} INFO: [Renderer]   > [25.12.2022 15-24-58][streamline][info]pluginmanager.cpp:751[processPluginHooks] Hook sl.common:slHookVkPresent:before - skipped
{15:24:58.878} INFO: [Renderer]   > [25.12.2022 15-24-58][streamline][info]pluginmanager.cpp:751[processPluginHooks] Hook sl.common:slHookVkCmdPipelineBarrier:after - skipped
{15:24:58.878} INFO: [Renderer]   > [25.12.2022 15-24-58][streamline][info]pluginmanager.cpp:751[processPluginHooks] Hook sl.common:slHookVkCmdBindPipeline:after - skipped
{15:24:58.878} INFO: [Renderer]   > [25.12.2022 15-24-58][streamline][info]pluginmanager.cpp:751[processPluginHooks] Hook sl.common:slHookVkCmdBindDescriptorSets:after - skipped
{15:24:58.878} INFO: [Renderer]   > [25.12.2022 15-24-58][streamline][info]pluginmanager.cpp:751[processPluginHooks] Hook sl.common:slHookVkBeginCommandBuffer:after - skipped
{15:24:58.878} INFO: [Renderer]   > [25.12.2022 15-24-58][streamline][info]pluginmanager.cpp:762[processPluginHooks] Hook sl.common:slHookCreateCommittedResource:after - OK
{15:24:58.878} INFO: [Renderer]   > [25.12.2022 15-24-58][streamline][info]pluginmanager.cpp:762[processPluginHooks] Hook sl.common:slHookCreatePlacedResource:after - OK
{15:24:58.878} INFO: [Renderer]   > [25.12.2022 15-24-58][streamline][info]pluginmanager.cpp:762[processPluginHooks] Hook sl.common:slHookCreateReservedResource:after - OK
{15:24:58.878} INFO: [Renderer]   > [25.12.2022 15-24-58][streamline][info]pluginmanager.cpp:762[processPluginHooks] Hook sl.common:slHookResourceBarrier:after - OK
{15:24:58.878} INFO: [Renderer]   > [25.12.2022 15-24-58][streamline][info]pluginmanager.cpp:762[processPluginHooks] Hook sl.common:slHookResizeSwapChainPre:before - OK
{15:24:58.878} INFO: [Renderer]   > [25.12.2022 15-24-58][streamline][info]pluginmanager.cpp:762[processPluginHooks] Hook sl.common:slHookPresent:before - OK
{15:24:58.878} INFO: [Renderer]   > [25.12.2022 15-24-58][streamline][info]pluginmanager.cpp:762[processPluginHooks] Hook sl.common:slHookPresent1:before - OK
{15:24:58.878} INFO: [Renderer]   > [25.12.2022 15-24-58][streamline][info]d3d11.cpp:330[createKernel] Creating DXBC kernel NIS_Sharpen_V0_H0.cs:main hash 12119078810223182601
{15:24:58.879} INFO: [Renderer]   > [25.12.2022 15-24-58][streamline][info]d3d11.cpp:330[createKernel] Creating DXBC kernel NIS_Sharpen_V0_H1.cs:main hash 14419830676434324791
{15:24:58.879} INFO: [Renderer]   > [25.12.2022 15-24-58][streamline][info]d3d11.cpp:330[createKernel] Creating DXBC kernel NIS_Sharpen_V0_H2.cs:main hash 13730826108899015964
{15:24:58.879} INFO: [Renderer]   > [25.12.2022 15-24-58][streamline][info]d3d11.cpp:330[createKernel] Creating DXBC kernel NIS_Sharpen_V1_H0.cs:main hash 13539734034720596618
{15:24:58.879} INFO: [Renderer]   > [25.12.2022 15-24-58][streamline][info]d3d11.cpp:330[createKernel] Creating DXBC kernel NIS_Sharpen_V1_H1.cs:main hash 6716256702433400594
{15:24:58.879} INFO: [Renderer]   > [25.12.2022 15-24-58][streamline][info]d3d11.cpp:330[createKernel] Creating DXBC kernel NIS_Sharpen_V1_H2.cs:main hash 16030675145760948415
{15:24:58.879} INFO: [Renderer]   > [25.12.2022 15-24-58][streamline][info]d3d11.cpp:330[createKernel] Creating DXBC kernel NIS_Scaler_V0_H0.cs:main hash 11221851537279599687
{15:24:58.880} INFO: [Renderer]   > [25.12.2022 15-24-58][streamline][info]d3d11.cpp:330[createKernel] Creating DXBC kernel NIS_Scaler_V0_H1.cs:main hash 2383697960582834213
{15:24:58.880} INFO: [Renderer]   > [25.12.2022 15-24-58][streamline][info]d3d11.cpp:330[createKernel] Creating DXBC kernel NIS_Scaler_V0_H2.cs:main hash 1766102099082287508
{15:24:58.880} INFO: [Renderer]   > [25.12.2022 15-24-58][streamline][info]d3d11.cpp:330[createKernel] Creating DXBC kernel NIS_Scaler_V1_H0.cs:main hash 1990562918408001413
{15:24:58.880} INFO: [Renderer]   > [25.12.2022 15-24-58][streamline][info]d3d11.cpp:330[createKernel] Creating DXBC kernel NIS_Scaler_V1_H1.cs:main hash 1981919493558556299
{15:24:58.881} INFO: [Renderer]   > [25.12.2022 15-24-58][streamline][info]d3d11.cpp:330[createKernel] Creating DXBC kernel NIS_Scaler_V1_H2.cs:main hash 10490254860623785046
{15:24:58.881} INFO: [Renderer]   > [25.12.2022 15-24-58][streamline][info]pluginmanager.cpp:900[mapPluginCallbacks] Callback sl.nis:slSetConstants:0x7ff802d111d0
{15:24:58.881} INFO: [Renderer]   > [25.12.2022 15-24-58][streamline][info]pluginmanager.cpp:901[mapPluginCallbacks] Callback sl.nis:slGetSettings:0x0
{15:24:58.881} INFO: [Renderer]   > [25.12.2022 15-24-58][streamline][info]pluginmanager.cpp:902[mapPluginCallbacks] Callback sl.nis:slAllocateResources:0x0
{15:24:58.881} INFO: [Renderer]   > [25.12.2022 15-24-58][streamline][info]pluginmanager.cpp:903[mapPluginCallbacks] Callback sl.nis:slFreeResources:0x0
{15:24:58.881} INFO: [Renderer]   > [25.12.2022 15-24-58][streamline][info]pluginmanager.cpp:730[processPluginHooks] Plugin 'sl.nis' has no registered hooks
{15:24:58.881} INFO: [Renderer]   > [25.12.2022 15-24-58][streamline][info]pluginmanager.cpp:900[mapPluginCallbacks] Callback sl.reflex:slSetConstants:0x7ff85b0517b0
{15:24:58.881} INFO: [Renderer]   > [25.12.2022 15-24-58][streamline][info]pluginmanager.cpp:901[mapPluginCallbacks] Callback sl.reflex:slGetSettings:0x7ff85b051bf0
{15:24:58.881} INFO: [Renderer]   > [25.12.2022 15-24-58][streamline][info]pluginmanager.cpp:902[mapPluginCallbacks] Callback sl.reflex:slAllocateResources:0x0
{15:24:58.881} INFO: [Renderer]   > [25.12.2022 15-24-58][streamline][info]pluginmanager.cpp:903[mapPluginCallbacks] Callback sl.reflex:slFreeResources:0x0
{15:24:58.881} INFO: [Renderer]   > [25.12.2022 15-24-58][streamline][info]pluginmanager.cpp:730[processPluginHooks] Plugin 'sl.reflex' has no registered hooks
{15:24:58.881} ERRR: [Renderer]   > [25.12.2022 15-24-58][streamline][error]sl.cpp:157[slIsFeatureSupported] Feature 'eFeatureDLSS' is not supported or missing
{15:24:58.882} INFO: [Renderer]   > Renderer: supported display modes:
{15:24:58.882} INFO: [Renderer]   |  monitor:0, 640x480, bpp:24, hz:144.00, fmt: A8R8G8B8
{15:24:58.882} INFO: [Renderer]   |  monitor:0, 640x480, bpp:24, hz:144.00, fmt: A8R8G8B8
{15:24:58.882} INFO: [Renderer]   |  monitor:0, 640x480, bpp:24, hz:120.00, fmt: A8R8G8B8
{15:24:58.882} INFO: [Renderer]   |  monitor:0, 640x480, bpp:24, hz:120.00, fmt: A8R8G8B8
{15:24:58.882} INFO: [Renderer]   |  monitor:0, 640x480, bpp:24, hz:99.95, fmt: A8R8G8B8
{15:24:58.882} INFO: [Renderer]   |  monitor:0, 640x480, bpp:24, hz:99.95, fmt: A8R8G8B8
{15:24:58.882} INFO: [Renderer]   |  monitor:0, 640x480, bpp:24, hz:84.98, fmt: A8R8G8B8
{15:24:58.882} INFO: [Renderer]   |  monitor:0, 640x480, bpp:24, hz:84.98, fmt: A8R8G8B8
{15:24:58.882} INFO: [Renderer]   |  monitor:0, 640x480, bpp:24, hz:59.95, fmt: A8R8G8B8
{15:24:58.882} INFO: [Renderer]   |  monitor:0, 640x480, bpp:24, hz:59.95, fmt: A8R8G8B8
{15:24:58.882} INFO: [Renderer]   |  monitor:0, 720x480, bpp:24, hz:144.00, fmt: A8R8G8B8
{15:24:58.882} INFO: [Renderer]   |  monitor:0, 720x480, bpp:24, hz:144.00, fmt: A8R8G8B8
{15:24:58.882} INFO: [Renderer]   |  monitor:0, 720x480, bpp:24, hz:120.00, fmt: A8R8G8B8
{15:24:58.882} INFO: [Renderer]   |  monitor:0, 720x480, bpp:24, hz:120.00, fmt: A8R8G8B8
{15:24:58.882} INFO: [Renderer]   |  monitor:0, 720x480, bpp:24, hz:99.95, fmt: A8R8G8B8
{15:24:58.882} INFO: [Renderer]   |  monitor:0, 720x480, bpp:24, hz:99.95, fmt: A8R8G8B8
{15:24:58.882} INFO: [Renderer]   |  monitor:0, 720x480, bpp:24, hz:84.98, fmt: A8R8G8B8
{15:24:58.882} INFO: [Renderer]   |  monitor:0, 720x480, bpp:24, hz:84.98, fmt: A8R8G8B8
{15:24:58.882} INFO: [Renderer]   |  monitor:0, 720x480, bpp:24, hz:59.95, fmt: A8R8G8B8
{15:24:58.882} INFO: [Renderer]   |  monitor:0, 720x480, bpp:24, hz:59.95, fmt: A8R8G8B8
{15:24:58.882} INFO: [Renderer]   |  monitor:0, 720x576, bpp:24, hz:144.00, fmt: A8R8G8B8
{15:24:58.882} INFO: [Renderer]   |  monitor:0, 720x576, bpp:24, hz:144.00, fmt: A8R8G8B8
{15:24:58.882} INFO: [Renderer]   |  monitor:0, 720x576, bpp:24, hz:120.00, fmt: A8R8G8B8
{15:24:58.882} INFO: [Renderer]   |  monitor:0, 720x576, bpp:24, hz:120.00, fmt: A8R8G8B8
{15:24:58.882} INFO: [Renderer]   |  monitor:0, 720x576, bpp:24, hz:99.95, fmt: A8R8G8B8
{15:24:58.882} INFO: [Renderer]   |  monitor:0, 720x576, bpp:24, hz:99.95, fmt: A8R8G8B8
{15:24:58.882} INFO: [Renderer]   |  monitor:0, 720x576, bpp:24, hz:84.98, fmt: A8R8G8B8
{15:24:58.882} INFO: [Renderer]   |  monitor:0, 720x576, bpp:24, hz:84.98, fmt: A8R8G8B8
{15:24:58.882} INFO: [Renderer]   |  monitor:0, 720x576, bpp:24, hz:59.95, fmt: A8R8G8B8
{15:24:58.882} INFO: [Renderer]   |  monitor:0, 720x576, bpp:24, hz:59.95, fmt: A8R8G8B8
{15:24:58.882} INFO: [Renderer]   |  monitor:0, 800x600, bpp:24, hz:144.00, fmt: A8R8G8B8
{15:24:58.882} INFO: [Renderer]   |  monitor:0, 800x600, bpp:24, hz:144.00, fmt: A8R8G8B8
{15:24:58.882} INFO: [Renderer]   |  monitor:0, 800x600, bpp:24, hz:120.00, fmt: A8R8G8B8
{15:24:58.882} INFO: [Renderer]   |  monitor:0, 800x600, bpp:24, hz:120.00, fmt: A8R8G8B8
{15:24:58.882} INFO: [Renderer]   |  monitor:0, 800x600, bpp:24, hz:99.95, fmt: A8R8G8B8
{15:24:58.882} INFO: [Renderer]   |  monitor:0, 800x600, bpp:24, hz:99.95, fmt: A8R8G8B8
{15:24:58.882} INFO: [Renderer]   |  monitor:0, 800x600, bpp:24, hz:84.98, fmt: A8R8G8B8
{15:24:58.882} INFO: [Renderer]   |  monitor:0, 800x600, bpp:24, hz:84.98, fmt: A8R8G8B8
{15:24:58.882} INFO: [Renderer]   |  monitor:0, 800x600, bpp:24, hz:59.95, fmt: A8R8G8B8
{15:24:58.882} INFO: [Renderer]   |  monitor:0, 800x600, bpp:24, hz:59.95, fmt: A8R8G8B8
{15:24:58.882} INFO: [Renderer]   |  monitor:0, 1024x768, bpp:24, hz:144.00, fmt: A8R8G8B8
{15:24:58.882} INFO: [Renderer]   |  monitor:0, 1024x768, bpp:24, hz:144.00, fmt: A8R8G8B8
{15:24:58.882} INFO: [Renderer]   |  monitor:0, 1024x768, bpp:24, hz:120.00, fmt: A8R8G8B8
{15:24:58.882} INFO: [Renderer]   |  monitor:0, 1024x768, bpp:24, hz:120.00, fmt: A8R8G8B8
{15:24:58.882} INFO: [Renderer]   |  monitor:0, 1024x768, bpp:24, hz:99.95, fmt: A8R8G8B8
{15:24:58.882} INFO: [Renderer]   |  monitor:0, 1024x768, bpp:24, hz:99.95, fmt: A8R8G8B8
{15:24:58.882} INFO: [Renderer]   |  monitor:0, 1024x768, bpp:24, hz:84.98, fmt: A8R8G8B8
{15:24:58.882} INFO: [Renderer]   |  monitor:0, 1024x768, bpp:24, hz:84.98, fmt: A8R8G8B8
{15:24:58.882} INFO: [Renderer]   |  monitor:0, 1024x768, bpp:24, hz:59.95, fmt: A8R8G8B8
{15:24:58.882} INFO: [Renderer]   |  monitor:0, 1024x768, bpp:24, hz:59.95, fmt: A8R8G8B8
{15:24:58.882} INFO: [Renderer]   |  monitor:0, 1152x864, bpp:24, hz:144.00, fmt: A8R8G8B8
{15:24:58.882} INFO: [Renderer]   |  monitor:0, 1152x864, bpp:24, hz:144.00, fmt: A8R8G8B8
{15:24:58.882} INFO: [Renderer]   |  monitor:0, 1152x864, bpp:24, hz:120.00, fmt: A8R8G8B8
{15:24:58.882} INFO: [Renderer]   |  monitor:0, 1152x864, bpp:24, hz:120.00, fmt: A8R8G8B8
{15:24:58.882} INFO: [Renderer]   |  monitor:0, 1152x864, bpp:24, hz:99.95, fmt: A8R8G8B8
{15:24:58.882} INFO: [Renderer]   |  monitor:0, 1152x864, bpp:24, hz:99.95, fmt: A8R8G8B8
{15:24:58.882} INFO: [Renderer]   |  monitor:0, 1152x864, bpp:24, hz:84.98, fmt: A8R8G8B8
{15:24:58.882} INFO: [Renderer]   |  monitor:0, 1152x864, bpp:24, hz:84.98, fmt: A8R8G8B8
{15:24:58.882} INFO: [Renderer]   |  monitor:0, 1152x864, bpp:24, hz:59.95, fmt: A8R8G8B8
{15:24:58.882} INFO: [Renderer]   |  monitor:0, 1152x864, bpp:24, hz:59.95, fmt: A8R8G8B8
{15:24:58.882} INFO: [Renderer]   |  monitor:0, 1280x720, bpp:24, hz:144.00, fmt: A8R8G8B8
{15:24:58.882} INFO: [Renderer]   |  monitor:0, 1280x720, bpp:24, hz:144.00, fmt: A8R8G8B8
{15:24:58.882} INFO: [Renderer]   |  monitor:0, 1280x720, bpp:24, hz:120.00, fmt: A8R8G8B8
{15:24:58.882} INFO: [Renderer]   |  monitor:0, 1280x720, bpp:24, hz:120.00, fmt: A8R8G8B8
{15:24:58.882} INFO: [Renderer]   |  monitor:0, 1280x720, bpp:24, hz:99.95, fmt: A8R8G8B8
{15:24:58.882} INFO: [Renderer]   |  monitor:0, 1280x720, bpp:24, hz:99.95, fmt: A8R8G8B8
{15:24:58.882} INFO: [Renderer]   |  monitor:0, 1280x720, bpp:24, hz:84.98, fmt: A8R8G8B8
{15:24:58.882} INFO: [Renderer]   |  monitor:0, 1280x720, bpp:24, hz:84.98, fmt: A8R8G8B8
{15:24:58.882} INFO: [Renderer]   |  monitor:0, 1280x720, bpp:24, hz:59.95, fmt: A8R8G8B8
{15:24:58.882} INFO: [Renderer]   |  monitor:0, 1280x720, bpp:24, hz:59.95, fmt: A8R8G8B8
{15:24:58.882} INFO: [Renderer]   |  monitor:0, 1280x768, bpp:24, hz:144.00, fmt: A8R8G8B8
{15:24:58.882} INFO: [Renderer]   |  monitor:0, 1280x768, bpp:24, hz:144.00, fmt: A8R8G8B8
{15:24:58.882} INFO: [Renderer]   |  monitor:0, 1280x768, bpp:24, hz:120.00, fmt: A8R8G8B8
{15:24:58.882} INFO: [Renderer]   |  monitor:0, 1280x768, bpp:24, hz:120.00, fmt: A8R8G8B8
{15:24:58.882} INFO: [Renderer]   |  monitor:0, 1280x768, bpp:24, hz:99.95, fmt: A8R8G8B8
{15:24:58.882} INFO: [Renderer]   |  monitor:0, 1280x768, bpp:24, hz:99.95, fmt: A8R8G8B8
{15:24:58.882} INFO: [Renderer]   |  monitor:0, 1280x768, bpp:24, hz:84.98, fmt: A8R8G8B8
{15:24:58.882} INFO: [Renderer]   |  monitor:0, 1280x768, bpp:24, hz:84.98, fmt: A8R8G8B8
{15:24:58.882} INFO: [Renderer]   |  monitor:0, 1280x768, bpp:24, hz:59.95, fmt: A8R8G8B8
{15:24:58.882} INFO: [Renderer]   |  monitor:0, 1280x768, bpp:24, hz:59.95, fmt: A8R8G8B8
{15:24:58.882} INFO: [Renderer]   |  monitor:0, 1280x800, bpp:24, hz:144.00, fmt: A8R8G8B8
{15:24:58.882} INFO: [Renderer]   |  monitor:0, 1280x800, bpp:24, hz:144.00, fmt: A8R8G8B8
{15:24:58.882} INFO: [Renderer]   |  monitor:0, 1280x800, bpp:24, hz:120.00, fmt: A8R8G8B8
{15:24:58.882} INFO: [Renderer]   |  monitor:0, 1280x800, bpp:24, hz:120.00, fmt: A8R8G8B8
{15:24:58.882} INFO: [Renderer]   |  monitor:0, 1280x800, bpp:24, hz:99.95, fmt: A8R8G8B8
{15:24:58.882} INFO: [Renderer]   |  monitor:0, 1280x800, bpp:24, hz:99.95, fmt: A8R8G8B8
{15:24:58.882} INFO: [Renderer]   |  monitor:0, 1280x800, bpp:24, hz:84.98, fmt: A8R8G8B8
{15:24:58.882} INFO: [Renderer]   |  monitor:0, 1280x800, bpp:24, hz:84.98, fmt: A8R8G8B8
{15:24:58.882} INFO: [Renderer]   |  monitor:0, 1280x800, bpp:24, hz:59.95, fmt: A8R8G8B8
{15:24:58.882} INFO: [Renderer]   |  monitor:0, 1280x800, bpp:24, hz:59.95, fmt: A8R8G8B8
{15:24:58.882} INFO: [Renderer]   |  monitor:0, 1280x960, bpp:24, hz:144.00, fmt: A8R8G8B8
{15:24:58.882} INFO: [Renderer]   |  monitor:0, 1280x960, bpp:24, hz:144.00, fmt: A8R8G8B8
{15:24:58.882} INFO: [Renderer]   |  monitor:0, 1280x960, bpp:24, hz:120.00, fmt: A8R8G8B8
{15:24:58.882} INFO: [Renderer]   |  monitor:0, 1280x960, bpp:24, hz:120.00, fmt: A8R8G8B8
{15:24:58.882} INFO: [Renderer]   |  monitor:0, 1280x960, bpp:24, hz:99.95, fmt: A8R8G8B8
{15:24:58.882} INFO: [Renderer]   |  monitor:0, 1280x960, bpp:24, hz:99.95, fmt: A8R8G8B8
{15:24:58.882} INFO: [Renderer]   |  monitor:0, 1280x960, bpp:24, hz:84.98, fmt: A8R8G8B8
{15:24:58.882} INFO: [Renderer]   |  monitor:0, 1280x960, bpp:24, hz:84.98, fmt: A8R8G8B8
{15:24:58.882} INFO: [Renderer]   |  monitor:0, 1280x960, bpp:24, hz:59.95, fmt: A8R8G8B8
{15:24:58.882} INFO: [Renderer]   |  monitor:0, 1280x960, bpp:24, hz:59.95, fmt: A8R8G8B8
{15:24:58.882} INFO: [Renderer]   |  monitor:0, 1280x1024, bpp:24, hz:144.00, fmt: A8R8G8B8
{15:24:58.882} INFO: [Renderer]   |  monitor:0, 1280x1024, bpp:24, hz:144.00, fmt: A8R8G8B8
{15:24:58.882} INFO: [Renderer]   |  monitor:0, 1280x1024, bpp:24, hz:120.00, fmt: A8R8G8B8
{15:24:58.882} INFO: [Renderer]   |  monitor:0, 1280x1024, bpp:24, hz:120.00, fmt: A8R8G8B8
{15:24:58.882} INFO: [Renderer]   |  monitor:0, 1280x1024, bpp:24, hz:99.95, fmt: A8R8G8B8
{15:24:58.882} INFO: [Renderer]   |  monitor:0, 1280x1024, bpp:24, hz:99.95, fmt: A8R8G8B8
{15:24:58.882} INFO: [Renderer]   |  monitor:0, 1280x1024, bpp:24, hz:84.98, fmt: A8R8G8B8
{15:24:58.882} INFO: [Renderer]   |  monitor:0, 1280x1024, bpp:24, hz:84.98, fmt: A8R8G8B8
{15:24:58.882} INFO: [Renderer]   |  monitor:0, 1280x1024, bpp:24, hz:59.95, fmt: A8R8G8B8
{15:24:58.882} INFO: [Renderer]   |  monitor:0, 1280x1024, bpp:24, hz:59.95, fmt: A8R8G8B8
{15:24:58.882} INFO: [Renderer]   |  monitor:0, 1360x768, bpp:24, hz:144.00, fmt: A8R8G8B8
{15:24:58.882} INFO: [Renderer]   |  monitor:0, 1360x768, bpp:24, hz:144.00, fmt: A8R8G8B8
{15:24:58.882} INFO: [Renderer]   |  monitor:0, 1360x768, bpp:24, hz:120.00, fmt: A8R8G8B8
{15:24:58.882} INFO: [Renderer]   |  monitor:0, 1360x768, bpp:24, hz:120.00, fmt: A8R8G8B8
{15:24:58.882} INFO: [Renderer]   |  monitor:0, 1360x768, bpp:24, hz:99.95, fmt: A8R8G8B8
{15:24:58.882} INFO: [Renderer]   |  monitor:0, 1360x768, bpp:24, hz:99.95, fmt: A8R8G8B8
{15:24:58.882} INFO: [Renderer]   |  monitor:0, 1360x768, bpp:24, hz:84.98, fmt: A8R8G8B8
{15:24:58.882} INFO: [Renderer]   |  monitor:0, 1360x768, bpp:24, hz:84.98, fmt: A8R8G8B8
{15:24:58.882} INFO: [Renderer]   |  monitor:0, 1360x768, bpp:24, hz:59.95, fmt: A8R8G8B8
{15:24:58.882} INFO: [Renderer]   |  monitor:0, 1360x768, bpp:24, hz:59.95, fmt: A8R8G8B8
{15:24:58.882} INFO: [Renderer]   |  monitor:0, 1366x768, bpp:24, hz:144.00, fmt: A8R8G8B8
{15:24:58.882} INFO: [Renderer]   |  monitor:0, 1366x768, bpp:24, hz:144.00, fmt: A8R8G8B8
{15:24:58.882} INFO: [Renderer]   |  monitor:0, 1366x768, bpp:24, hz:120.00, fmt: A8R8G8B8
{15:24:58.882} INFO: [Renderer]   |  monitor:0, 1366x768, bpp:24, hz:120.00, fmt: A8R8G8B8
{15:24:58.882} INFO: [Renderer]   |  monitor:0, 1366x768, bpp:24, hz:99.95, fmt: A8R8G8B8
{15:24:58.882} INFO: [Renderer]   |  monitor:0, 1366x768, bpp:24, hz:99.95, fmt: A8R8G8B8
{15:24:58.882} INFO: [Renderer]   |  monitor:0, 1366x768, bpp:24, hz:84.98, fmt: A8R8G8B8
{15:24:58.882} INFO: [Renderer]   |  monitor:0, 1366x768, bpp:24, hz:84.98, fmt: A8R8G8B8
{15:24:58.882} INFO: [Renderer]   |  monitor:0, 1366x768, bpp:24, hz:59.95, fmt: A8R8G8B8
{15:24:58.882} INFO: [Renderer]   |  monitor:0, 1366x768, bpp:24, hz:59.95, fmt: A8R8G8B8
{15:24:58.882} INFO: [Renderer]   |  monitor:0, 1440x900, bpp:24, hz:144.00, fmt: A8R8G8B8
{15:24:58.882} INFO: [Renderer]   |  monitor:0, 1440x900, bpp:24, hz:144.00, fmt: A8R8G8B8
{15:24:58.882} INFO: [Renderer]   |  monitor:0, 1440x900, bpp:24, hz:120.00, fmt: A8R8G8B8
{15:24:58.882} INFO: [Renderer]   |  monitor:0, 1440x900, bpp:24, hz:120.00, fmt: A8R8G8B8
{15:24:58.882} INFO: [Renderer]   |  monitor:0, 1440x900, bpp:24, hz:99.95, fmt: A8R8G8B8
{15:24:58.882} INFO: [Renderer]   |  monitor:0, 1440x900, bpp:24, hz:99.95, fmt: A8R8G8B8
{15:24:58.882} INFO: [Renderer]   |  monitor:0, 1440x900, bpp:24, hz:84.98, fmt: A8R8G8B8
{15:24:58.882} INFO: [Renderer]   |  monitor:0, 1440x900, bpp:24, hz:84.98, fmt: A8R8G8B8
{15:24:58.882} INFO: [Renderer]   |  monitor:0, 1440x900, bpp:24, hz:59.95, fmt: A8R8G8B8
{15:24:58.882} INFO: [Renderer]   |  monitor:0, 1440x900, bpp:24, hz:59.95, fmt: A8R8G8B8
{15:24:58.882} INFO: [Renderer]   |  monitor:0, 1600x900, bpp:24, hz:144.00, fmt: A8R8G8B8
{15:24:58.882} INFO: [Renderer]   |  monitor:0, 1600x900, bpp:24, hz:144.00, fmt: A8R8G8B8
{15:24:58.882} INFO: [Renderer]   |  monitor:0, 1600x900, bpp:24, hz:120.00, fmt: A8R8G8B8
{15:24:58.882} INFO: [Renderer]   |  monitor:0, 1600x900, bpp:24, hz:120.00, fmt: A8R8G8B8
{15:24:58.882} INFO: [Renderer]   |  monitor:0, 1600x900, bpp:24, hz:99.95, fmt: A8R8G8B8
{15:24:58.882} INFO: [Renderer]   |  monitor:0, 1600x900, bpp:24, hz:99.95, fmt: A8R8G8B8
{15:24:58.882} INFO: [Renderer]   |  monitor:0, 1600x900, bpp:24, hz:84.98, fmt: A8R8G8B8
{15:24:58.882} INFO: [Renderer]   |  monitor:0, 1600x900, bpp:24, hz:84.98, fmt: A8R8G8B8
{15:24:58.882} INFO: [Renderer]   |  monitor:0, 1600x900, bpp:24, hz:59.95, fmt: A8R8G8B8
{15:24:58.882} INFO: [Renderer]   |  monitor:0, 1600x900, bpp:24, hz:59.95, fmt: A8R8G8B8
{15:24:58.882} INFO: [Renderer]   |  monitor:0, 1600x1024, bpp:24, hz:144.00, fmt: A8R8G8B8
{15:24:58.882} INFO: [Renderer]   |  monitor:0, 1600x1024, bpp:24, hz:144.00, fmt: A8R8G8B8
{15:24:58.882} INFO: [Renderer]   |  monitor:0, 1600x1024, bpp:24, hz:120.00, fmt: A8R8G8B8
{15:24:58.882} INFO: [Renderer]   |  monitor:0, 1600x1024, bpp:24, hz:120.00, fmt: A8R8G8B8
{15:24:58.882} INFO: [Renderer]   |  monitor:0, 1600x1024, bpp:24, hz:99.95, fmt: A8R8G8B8
{15:24:58.882} INFO: [Renderer]   |  monitor:0, 1600x1024, bpp:24, hz:99.95, fmt: A8R8G8B8
{15:24:58.882} INFO: [Renderer]   |  monitor:0, 1600x1024, bpp:24, hz:84.98, fmt: A8R8G8B8
{15:24:58.882} INFO: [Renderer]   |  monitor:0, 1600x1024, bpp:24, hz:84.98, fmt: A8R8G8B8
{15:24:58.882} INFO: [Renderer]   |  monitor:0, 1600x1024, bpp:24, hz:59.95, fmt: A8R8G8B8
{15:24:58.882} INFO: [Renderer]   |  monitor:0, 1600x1024, bpp:24, hz:59.95, fmt: A8R8G8B8
{15:24:58.882} INFO: [Renderer]   |  monitor:0, 1600x1200, bpp:24, hz:144.00, fmt: A8R8G8B8
{15:24:58.882} INFO: [Renderer]   |  monitor:0, 1600x1200, bpp:24, hz:144.00, fmt: A8R8G8B8
{15:24:58.882} INFO: [Renderer]   |  monitor:0, 1600x1200, bpp:24, hz:120.00, fmt: A8R8G8B8
{15:24:58.882} INFO: [Renderer]   |  monitor:0, 1600x1200, bpp:24, hz:120.00, fmt: A8R8G8B8
{15:24:58.882} INFO: [Renderer]   |  monitor:0, 1600x1200, bpp:24, hz:99.95, fmt: A8R8G8B8
{15:24:58.882} INFO: [Renderer]   |  monitor:0, 1600x1200, bpp:24, hz:99.95, fmt: A8R8G8B8
{15:24:58.882} INFO: [Renderer]   |  monitor:0, 1600x1200, bpp:24, hz:84.98, fmt: A8R8G8B8
{15:24:58.882} INFO: [Renderer]   |  monitor:0, 1600x1200, bpp:24, hz:84.98, fmt: A8R8G8B8
{15:24:58.882} INFO: [Renderer]   |  monitor:0, 1600x1200, bpp:24, hz:59.95, fmt: A8R8G8B8
{15:24:58.882} INFO: [Renderer]   |  monitor:0, 1600x1200, bpp:24, hz:59.95, fmt: A8R8G8B8
{15:24:58.882} INFO: [Renderer]   |  monitor:0, 1680x1050, bpp:24, hz:144.00, fmt: A8R8G8B8
{15:24:58.882} INFO: [Renderer]   |  monitor:0, 1680x1050, bpp:24, hz:144.00, fmt: A8R8G8B8
{15:24:58.882} INFO: [Renderer]   |  monitor:0, 1680x1050, bpp:24, hz:120.00, fmt: A8R8G8B8
{15:24:58.882} INFO: [Renderer]   |  monitor:0, 1680x1050, bpp:24, hz:120.00, fmt: A8R8G8B8
{15:24:58.882} INFO: [Renderer]   |  monitor:0, 1680x1050, bpp:24, hz:99.95, fmt: A8R8G8B8
{15:24:58.882} INFO: [Renderer]   |  monitor:0, 1680x1050, bpp:24, hz:99.95, fmt: A8R8G8B8
{15:24:58.883} INFO: [Renderer]   |  monitor:0, 1680x1050, bpp:24, hz:84.98, fmt: A8R8G8B8
{15:24:58.883} INFO: [Renderer]   |  monitor:0, 1680x1050, bpp:24, hz:84.98, fmt: A8R8G8B8
{15:24:58.883} INFO: [Renderer]   |  monitor:0, 1680x1050, bpp:24, hz:59.95, fmt: A8R8G8B8
{15:24:58.883} INFO: [Renderer]   |  monitor:0, 1680x1050, bpp:24, hz:59.95, fmt: A8R8G8B8
{15:24:58.883} INFO: [Renderer]   |  monitor:0, 1920x1080, bpp:24, hz:144.00, fmt: A8R8G8B8
{15:24:58.883} INFO: [Renderer]   |  monitor:0, 1920x1080, bpp:24, hz:144.00, fmt: A8R8G8B8
{15:24:58.883} INFO: [Renderer]   |  monitor:0, 1920x1080, bpp:24, hz:120.00, fmt: A8R8G8B8
{15:24:58.883} INFO: [Renderer]   |  monitor:0, 1920x1080, bpp:24, hz:120.00, fmt: A8R8G8B8
{15:24:58.883} INFO: [Renderer]   |  monitor:0, 1920x1080, bpp:24, hz:99.95, fmt: A8R8G8B8
{15:24:58.883} INFO: [Renderer]   |  monitor:0, 1920x1080, bpp:24, hz:99.95, fmt: A8R8G8B8
{15:24:58.883} INFO: [Renderer]   |  monitor:0, 1920x1080, bpp:24, hz:84.98, fmt: A8R8G8B8
{15:24:58.883} INFO: [Renderer]   |  monitor:0, 1920x1080, bpp:24, hz:84.98, fmt: A8R8G8B8
{15:24:58.883} INFO: [Renderer]   |  monitor:0, 1920x1080, bpp:24, hz:59.95, fmt: A8R8G8B8
{15:24:58.883} INFO: [Renderer]   |  monitor:0, 1920x1080, bpp:24, hz:59.95, fmt: A8R8G8B8
{15:24:58.883} INFO: [Renderer]   |  monitor:0, 1920x1200, bpp:24, hz:144.00, fmt: A8R8G8B8
{15:24:58.883} INFO: [Renderer]   |  monitor:0, 1920x1200, bpp:24, hz:144.00, fmt: A8R8G8B8
{15:24:58.883} INFO: [Renderer]   |  monitor:0, 1920x1200, bpp:24, hz:120.00, fmt: A8R8G8B8
{15:24:58.883} INFO: [Renderer]   |  monitor:0, 1920x1200, bpp:24, hz:120.00, fmt: A8R8G8B8
{15:24:58.883} INFO: [Renderer]   |  monitor:0, 1920x1200, bpp:24, hz:99.95, fmt: A8R8G8B8
{15:24:58.883} INFO: [Renderer]   |  monitor:0, 1920x1200, bpp:24, hz:99.95, fmt: A8R8G8B8
{15:24:58.883} INFO: [Renderer]   |  monitor:0, 1920x1200, bpp:24, hz:84.98, fmt: A8R8G8B8
{15:24:58.883} INFO: [Renderer]   |  monitor:0, 1920x1200, bpp:24, hz:84.98, fmt: A8R8G8B8
{15:24:58.883} INFO: [Renderer]   |  monitor:0, 1920x1200, bpp:24, hz:59.95, fmt: A8R8G8B8
{15:24:58.883} INFO: [Renderer]   |  monitor:0, 1920x1200, bpp:24, hz:59.95, fmt: A8R8G8B8
{15:24:58.883} INFO: [Renderer]   |  monitor:0, 1920x1440, bpp:24, hz:144.00, fmt: A8R8G8B8
{15:24:58.883} INFO: [Renderer]   |  monitor:0, 1920x1440, bpp:24, hz:144.00, fmt: A8R8G8B8
{15:24:58.883} INFO: [Renderer]   |  monitor:0, 1920x1440, bpp:24, hz:120.00, fmt: A8R8G8B8
{15:24:58.883} INFO: [Renderer]   |  monitor:0, 1920x1440, bpp:24, hz:120.00, fmt: A8R8G8B8
{15:24:58.883} INFO: [Renderer]   |  monitor:0, 1920x1440, bpp:24, hz:99.95, fmt: A8R8G8B8
{15:24:58.883} INFO: [Renderer]   |  monitor:0, 1920x1440, bpp:24, hz:99.95, fmt: A8R8G8B8
{15:24:58.883} INFO: [Renderer]   |  monitor:0, 1920x1440, bpp:24, hz:84.98, fmt: A8R8G8B8
{15:24:58.883} INFO: [Renderer]   |  monitor:0, 1920x1440, bpp:24, hz:84.98, fmt: A8R8G8B8
{15:24:58.883} INFO: [Renderer]   |  monitor:0, 1920x1440, bpp:24, hz:59.95, fmt: A8R8G8B8
{15:24:58.883} INFO: [Renderer]   |  monitor:0, 1920x1440, bpp:24, hz:59.95, fmt: A8R8G8B8
{15:24:58.883} INFO: [Renderer]   |  monitor:0, 2560x1440, bpp:24, hz:144.00, fmt: A8R8G8B8
{15:24:58.883} INFO: [Renderer]   |  monitor:0, 2560x1440, bpp:24, hz:120.00, fmt: A8R8G8B8
{15:24:58.883} INFO: [Renderer]   |  monitor:0, 2560x1440, bpp:24, hz:99.95, fmt: A8R8G8B8
{15:24:58.883} INFO: [Renderer]   |  monitor:0, 2560x1440, bpp:24, hz:84.98, fmt: A8R8G8B8
{15:24:58.883} INFO: [Renderer]   |  monitor:0, 2560x1440, bpp:24, hz:59.95, fmt: A8R8G8B8
{15:24:58.883} INFO: [Renderer]   |  monitor:1, 640x480, bpp:24, hz:144.01, fmt: A8R8G8B8
{15:24:58.883} INFO: [Renderer]   |  monitor:1, 640x480, bpp:24, hz:144.01, fmt: A8R8G8B8
{15:24:58.883} INFO: [Renderer]   |  monitor:1, 640x480, bpp:24, hz:120.00, fmt: A8R8G8B8
{15:24:58.883} INFO: [Renderer]   |  monitor:1, 640x480, bpp:24, hz:120.00, fmt: A8R8G8B8
{15:24:58.883} INFO: [Renderer]   |  monitor:1, 640x480, bpp:24, hz:119.88, fmt: A8R8G8B8
{15:24:58.883} INFO: [Renderer]   |  monitor:1, 640x480, bpp:24, hz:119.88, fmt: A8R8G8B8
{15:24:58.883} INFO: [Renderer]   |  monitor:1, 640x480, bpp:24, hz:75.00, fmt: A8R8G8B8
{15:24:58.883} INFO: [Renderer]   |  monitor:1, 640x480, bpp:24, hz:72.00, fmt: A8R8G8B8
{15:24:58.883} INFO: [Renderer]   |  monitor:1, 640x480, bpp:24, hz:60.00, fmt: A8R8G8B8
{15:24:58.883} INFO: [Renderer]   |  monitor:1, 640x480, bpp:24, hz:59.94, fmt: A8R8G8B8
{15:24:58.883} INFO: [Renderer]   |  monitor:1, 720x480, bpp:24, hz:144.01, fmt: A8R8G8B8
{15:24:58.883} INFO: [Renderer]   |  monitor:1, 720x480, bpp:24, hz:144.01, fmt: A8R8G8B8
{15:24:58.883} INFO: [Renderer]   |  monitor:1, 720x480, bpp:24, hz:120.00, fmt: A8R8G8B8
{15:24:58.883} INFO: [Renderer]   |  monitor:1, 720x480, bpp:24, hz:120.00, fmt: A8R8G8B8
{15:24:58.883} INFO: [Renderer]   |  monitor:1, 720x480, bpp:24, hz:119.88, fmt: A8R8G8B8
{15:24:58.883} INFO: [Renderer]   |  monitor:1, 720x480, bpp:24, hz:119.88, fmt: A8R8G8B8
{15:24:58.883} INFO: [Renderer]   |  monitor:1, 720x480, bpp:24, hz:60.00, fmt: A8R8G8B8
{15:24:58.883} INFO: [Renderer]   |  monitor:1, 720x480, bpp:24, hz:59.94, fmt: A8R8G8B8
{15:24:58.883} INFO: [Renderer]   |  monitor:1, 720x576, bpp:24, hz:144.01, fmt: A8R8G8B8
{15:24:58.883} INFO: [Renderer]   |  monitor:1, 720x576, bpp:24, hz:144.01, fmt: A8R8G8B8
{15:24:58.883} INFO: [Renderer]   |  monitor:1, 720x576, bpp:24, hz:120.00, fmt: A8R8G8B8
{15:24:58.883} INFO: [Renderer]   |  monitor:1, 720x576, bpp:24, hz:120.00, fmt: A8R8G8B8
{15:24:58.883} INFO: [Renderer]   |  monitor:1, 720x576, bpp:24, hz:119.88, fmt: A8R8G8B8
{15:24:58.883} INFO: [Renderer]   |  monitor:1, 720x576, bpp:24, hz:119.88, fmt: A8R8G8B8
{15:24:58.883} INFO: [Renderer]   |  monitor:1, 720x576, bpp:24, hz:50.00, fmt: A8R8G8B8
{15:24:58.883} INFO: [Renderer]   |  monitor:1, 800x600, bpp:24, hz:144.01, fmt: A8R8G8B8
{15:24:58.883} INFO: [Renderer]   |  monitor:1, 800x600, bpp:24, hz:144.01, fmt: A8R8G8B8
{15:24:58.883} INFO: [Renderer]   |  monitor:1, 800x600, bpp:24, hz:120.00, fmt: A8R8G8B8
{15:24:58.883} INFO: [Renderer]   |  monitor:1, 800x600, bpp:24, hz:120.00, fmt: A8R8G8B8
{15:24:58.883} INFO: [Renderer]   |  monitor:1, 800x600, bpp:24, hz:119.88, fmt: A8R8G8B8
{15:24:58.883} INFO: [Renderer]   |  monitor:1, 800x600, bpp:24, hz:119.88, fmt: A8R8G8B8
{15:24:58.883} INFO: [Renderer]   |  monitor:1, 800x600, bpp:24, hz:75.00, fmt: A8R8G8B8
{15:24:58.883} INFO: [Renderer]   |  monitor:1, 800x600, bpp:24, hz:72.19, fmt: A8R8G8B8
{15:24:58.883} INFO: [Renderer]   |  monitor:1, 800x600, bpp:24, hz:60.32, fmt: A8R8G8B8
{15:24:58.883} INFO: [Renderer]   |  monitor:1, 800x600, bpp:24, hz:56.25, fmt: A8R8G8B8
{15:24:58.883} INFO: [Renderer]   |  monitor:1, 1024x768, bpp:24, hz:144.01, fmt: A8R8G8B8
{15:24:58.883} INFO: [Renderer]   |  monitor:1, 1024x768, bpp:24, hz:144.01, fmt: A8R8G8B8
{15:24:58.883} INFO: [Renderer]   |  monitor:1, 1024x768, bpp:24, hz:120.00, fmt: A8R8G8B8
{15:24:58.883} INFO: [Renderer]   |  monitor:1, 1024x768, bpp:24, hz:120.00, fmt: A8R8G8B8
{15:24:58.883} INFO: [Renderer]   |  monitor:1, 1024x768, bpp:24, hz:119.88, fmt: A8R8G8B8
{15:24:58.883} INFO: [Renderer]   |  monitor:1, 1024x768, bpp:24, hz:119.88, fmt: A8R8G8B8
{15:24:58.883} INFO: [Renderer]   |  monitor:1, 1024x768, bpp:24, hz:75.03, fmt: A8R8G8B8
{15:24:58.883} INFO: [Renderer]   |  monitor:1, 1024x768, bpp:24, hz:70.07, fmt: A8R8G8B8
{15:24:58.883} INFO: [Renderer]   |  monitor:1, 1024x768, bpp:24, hz:60.00, fmt: A8R8G8B8
{15:24:58.883} INFO: [Renderer]   |  monitor:1, 1152x864, bpp:24, hz:144.01, fmt: A8R8G8B8
{15:24:58.883} INFO: [Renderer]   |  monitor:1, 1152x864, bpp:24, hz:144.01, fmt: A8R8G8B8
{15:24:58.883} INFO: [Renderer]   |  monitor:1, 1152x864, bpp:24, hz:120.00, fmt: A8R8G8B8
{15:24:58.883} INFO: [Renderer]   |  monitor:1, 1152x864, bpp:24, hz:120.00, fmt: A8R8G8B8
{15:24:58.883} INFO: [Renderer]   |  monitor:1, 1152x864, bpp:24, hz:119.88, fmt: A8R8G8B8
{15:24:58.883} INFO: [Renderer]   |  monitor:1, 1152x864, bpp:24, hz:119.88, fmt: A8R8G8B8
{15:24:58.883} INFO: [Renderer]   |  monitor:1, 1152x864, bpp:24, hz:75.00, fmt: A8R8G8B8
{15:24:58.883} INFO: [Renderer]   |  monitor:1, 1176x664, bpp:24, hz:60.00, fmt: A8R8G8B8
{15:24:58.883} INFO: [Renderer]   |  monitor:1, 1176x664, bpp:24, hz:60.00, fmt: A8R8G8B8
{15:24:58.883} INFO: [Renderer]   |  monitor:1, 1176x664, bpp:24, hz:59.94, fmt: A8R8G8B8
{15:24:58.883} INFO: [Renderer]   |  monitor:1, 1176x664, bpp:24, hz:59.94, fmt: A8R8G8B8
{15:24:58.883} INFO: [Renderer]   |  monitor:1, 1176x664, bpp:24, hz:50.00, fmt: A8R8G8B8
{15:24:58.883} INFO: [Renderer]   |  monitor:1, 1176x664, bpp:24, hz:50.00, fmt: A8R8G8B8
{15:24:58.883} INFO: [Renderer]   |  monitor:1, 1280x720, bpp:24, hz:144.01, fmt: A8R8G8B8
{15:24:58.883} INFO: [Renderer]   |  monitor:1, 1280x720, bpp:24, hz:144.01, fmt: A8R8G8B8
{15:24:58.883} INFO: [Renderer]   |  monitor:1, 1280x720, bpp:24, hz:120.00, fmt: A8R8G8B8
{15:24:58.883} INFO: [Renderer]   |  monitor:1, 1280x720, bpp:24, hz:120.00, fmt: A8R8G8B8
{15:24:58.883} INFO: [Renderer]   |  monitor:1, 1280x720, bpp:24, hz:119.88, fmt: A8R8G8B8
{15:24:58.883} INFO: [Renderer]   |  monitor:1, 1280x720, bpp:24, hz:119.88, fmt: A8R8G8B8
{15:24:58.883} INFO: [Renderer]   |  monitor:1, 1280x720, bpp:24, hz:60.00, fmt: A8R8G8B8
{15:24:58.883} INFO: [Renderer]   |  monitor:1, 1280x720, bpp:24, hz:59.94, fmt: A8R8G8B8
{15:24:58.883} INFO: [Renderer]   |  monitor:1, 1280x720, bpp:24, hz:50.00, fmt: A8R8G8B8
{15:24:58.883} INFO: [Renderer]   |  monitor:1, 1280x768, bpp:24, hz:144.01, fmt: A8R8G8B8
{15:24:58.883} INFO: [Renderer]   |  monitor:1, 1280x768, bpp:24, hz:144.01, fmt: A8R8G8B8
{15:24:58.883} INFO: [Renderer]   |  monitor:1, 1280x768, bpp:24, hz:120.00, fmt: A8R8G8B8
{15:24:58.883} INFO: [Renderer]   |  monitor:1, 1280x768, bpp:24, hz:120.00, fmt: A8R8G8B8
{15:24:58.883} INFO: [Renderer]   |  monitor:1, 1280x768, bpp:24, hz:119.88, fmt: A8R8G8B8
{15:24:58.883} INFO: [Renderer]   |  monitor:1, 1280x768, bpp:24, hz:119.88, fmt: A8R8G8B8
{15:24:58.883} INFO: [Renderer]   |  monitor:1, 1280x768, bpp:24, hz:60.00, fmt: A8R8G8B8
{15:24:58.883} INFO: [Renderer]   |  monitor:1, 1280x768, bpp:24, hz:60.00, fmt: A8R8G8B8
{15:24:58.883} INFO: [Renderer]   |  monitor:1, 1280x800, bpp:24, hz:144.01, fmt: A8R8G8B8
{15:24:58.883} INFO: [Renderer]   |  monitor:1, 1280x800, bpp:24, hz:144.01, fmt: A8R8G8B8
{15:24:58.883} INFO: [Renderer]   |  monitor:1, 1280x800, bpp:24, hz:120.00, fmt: A8R8G8B8
{15:24:58.883} INFO: [Renderer]   |  monitor:1, 1280x800, bpp:24, hz:120.00, fmt: A8R8G8B8
{15:24:58.883} INFO: [Renderer]   |  monitor:1, 1280x800, bpp:24, hz:119.88, fmt: A8R8G8B8
{15:24:58.883} INFO: [Renderer]   |  monitor:1, 1280x800, bpp:24, hz:119.88, fmt: A8R8G8B8
{15:24:58.883} INFO: [Renderer]   |  monitor:1, 1280x800, bpp:24, hz:60.00, fmt: A8R8G8B8
{15:24:58.883} INFO: [Renderer]   |  monitor:1, 1280x800, bpp:24, hz:60.00, fmt: A8R8G8B8
{15:24:58.883} INFO: [Renderer]   |  monitor:1, 1280x960, bpp:24, hz:144.01, fmt: A8R8G8B8
{15:24:58.883} INFO: [Renderer]   |  monitor:1, 1280x960, bpp:24, hz:144.01, fmt: A8R8G8B8
{15:24:58.883} INFO: [Renderer]   |  monitor:1, 1280x960, bpp:24, hz:120.00, fmt: A8R8G8B8
{15:24:58.883} INFO: [Renderer]   |  monitor:1, 1280x960, bpp:24, hz:120.00, fmt: A8R8G8B8
{15:24:58.883} INFO: [Renderer]   |  monitor:1, 1280x960, bpp:24, hz:119.88, fmt: A8R8G8B8
{15:24:58.883} INFO: [Renderer]   |  monitor:1, 1280x960, bpp:24, hz:119.88, fmt: A8R8G8B8
{15:24:58.883} INFO: [Renderer]   |  monitor:1, 1280x960, bpp:24, hz:60.00, fmt: A8R8G8B8
{15:24:58.883} INFO: [Renderer]   |  monitor:1, 1280x1024, bpp:24, hz:144.01, fmt: A8R8G8B8
{15:24:58.883} INFO: [Renderer]   |  monitor:1, 1280x1024, bpp:24, hz:144.01, fmt: A8R8G8B8
{15:24:58.883} INFO: [Renderer]   |  monitor:1, 1280x1024, bpp:24, hz:120.00, fmt: A8R8G8B8
{15:24:58.883} INFO: [Renderer]   |  monitor:1, 1280x1024, bpp:24, hz:120.00, fmt: A8R8G8B8
{15:24:58.883} INFO: [Renderer]   |  monitor:1, 1280x1024, bpp:24, hz:119.88, fmt: A8R8G8B8
{15:24:58.883} INFO: [Renderer]   |  monitor:1, 1280x1024, bpp:24, hz:119.88, fmt: A8R8G8B8
{15:24:58.883} INFO: [Renderer]   |  monitor:1, 1280x1024, bpp:24, hz:75.03, fmt: A8R8G8B8
{15:24:58.883} INFO: [Renderer]   |  monitor:1, 1280x1024, bpp:24, hz:60.02, fmt: A8R8G8B8
{15:24:58.883} INFO: [Renderer]   |  monitor:1, 1360x768, bpp:24, hz:144.01, fmt: A8R8G8B8
{15:24:58.883} INFO: [Renderer]   |  monitor:1, 1360x768, bpp:24, hz:144.01, fmt: A8R8G8B8
{15:24:58.883} INFO: [Renderer]   |  monitor:1, 1360x768, bpp:24, hz:120.00, fmt: A8R8G8B8
{15:24:58.883} INFO: [Renderer]   |  monitor:1, 1360x768, bpp:24, hz:120.00, fmt: A8R8G8B8
{15:24:58.883} INFO: [Renderer]   |  monitor:1, 1360x768, bpp:24, hz:119.88, fmt: A8R8G8B8
{15:24:58.883} INFO: [Renderer]   |  monitor:1, 1360x768, bpp:24, hz:119.88, fmt: A8R8G8B8
{15:24:58.883} INFO: [Renderer]   |  monitor:1, 1360x768, bpp:24, hz:59.89, fmt: A8R8G8B8
{15:24:58.883} INFO: [Renderer]   |  monitor:1, 1360x768, bpp:24, hz:59.89, fmt: A8R8G8B8
{15:24:58.883} INFO: [Renderer]   |  monitor:1, 1366x768, bpp:24, hz:144.01, fmt: A8R8G8B8
{15:24:58.883} INFO: [Renderer]   |  monitor:1, 1366x768, bpp:24, hz:144.01, fmt: A8R8G8B8
{15:24:58.883} INFO: [Renderer]   |  monitor:1, 1366x768, bpp:24, hz:120.00, fmt: A8R8G8B8
{15:24:58.883} INFO: [Renderer]   |  monitor:1, 1366x768, bpp:24, hz:120.00, fmt: A8R8G8B8
{15:24:58.883} INFO: [Renderer]   |  monitor:1, 1366x768, bpp:24, hz:119.88, fmt: A8R8G8B8
{15:24:58.883} INFO: [Renderer]   |  monitor:1, 1366x768, bpp:24, hz:119.88, fmt: A8R8G8B8
{15:24:58.883} INFO: [Renderer]   |  monitor:1, 1366x768, bpp:24, hz:59.89, fmt: A8R8G8B8
{15:24:58.883} INFO: [Renderer]   |  monitor:1, 1366x768, bpp:24, hz:59.89, fmt: A8R8G8B8
{15:24:58.883} INFO: [Renderer]   |  monitor:1, 1440x900, bpp:24, hz:144.01, fmt: A8R8G8B8
{15:24:58.883} INFO: [Renderer]   |  monitor:1, 1440x900, bpp:24, hz:144.01, fmt: A8R8G8B8
{15:24:58.883} INFO: [Renderer]   |  monitor:1, 1440x900, bpp:24, hz:120.00, fmt: A8R8G8B8
{15:24:58.883} INFO: [Renderer]   |  monitor:1, 1440x900, bpp:24, hz:120.00, fmt: A8R8G8B8
{15:24:58.883} INFO: [Renderer]   |  monitor:1, 1440x900, bpp:24, hz:119.88, fmt: A8R8G8B8
{15:24:58.883} INFO: [Renderer]   |  monitor:1, 1440x900, bpp:24, hz:119.88, fmt: A8R8G8B8
{15:24:58.883} INFO: [Renderer]   |  monitor:1, 1440x900, bpp:24, hz:59.89, fmt: A8R8G8B8
{15:24:58.883} INFO: [Renderer]   |  monitor:1, 1600x900, bpp:24, hz:144.01, fmt: A8R8G8B8
{15:24:58.883} INFO: [Renderer]   |  monitor:1, 1600x900, bpp:24, hz:144.01, fmt: A8R8G8B8
{15:24:58.883} INFO: [Renderer]   |  monitor:1, 1600x900, bpp:24, hz:120.00, fmt: A8R8G8B8
{15:24:58.883} INFO: [Renderer]   |  monitor:1, 1600x900, bpp:24, hz:120.00, fmt: A8R8G8B8
{15:24:58.883} INFO: [Renderer]   |  monitor:1, 1600x900, bpp:24, hz:119.88, fmt: A8R8G8B8
{15:24:58.883} INFO: [Renderer]   |  monitor:1, 1600x900, bpp:24, hz:119.88, fmt: A8R8G8B8
{15:24:58.883} INFO: [Renderer]   |  monitor:1, 1600x900, bpp:24, hz:59.95, fmt: A8R8G8B8
{15:24:58.883} INFO: [Renderer]   |  monitor:1, 1600x900, bpp:24, hz:59.95, fmt: A8R8G8B8
{15:24:58.883} INFO: [Renderer]   |  monitor:1, 1600x1024, bpp:24, hz:144.01, fmt: A8R8G8B8
{15:24:58.883} INFO: [Renderer]   |  monitor:1, 1600x1024, bpp:24, hz:144.01, fmt: A8R8G8B8
{15:24:58.883} INFO: [Renderer]   |  monitor:1, 1600x1024, bpp:24, hz:120.00, fmt: A8R8G8B8
{15:24:58.883} INFO: [Renderer]   |  monitor:1, 1600x1024, bpp:24, hz:120.00, fmt: A8R8G8B8
{15:24:58.883} INFO: [Renderer]   |  monitor:1, 1600x1024, bpp:24, hz:119.88, fmt: A8R8G8B8
{15:24:58.883} INFO: [Renderer]   |  monitor:1, 1600x1024, bpp:24, hz:119.88, fmt: A8R8G8B8
{15:24:58.883} INFO: [Renderer]   |  monitor:1, 1600x1024, bpp:24, hz:59.95, fmt: A8R8G8B8
{15:24:58.883} INFO: [Renderer]   |  monitor:1, 1600x1024, bpp:24, hz:59.95, fmt: A8R8G8B8
{15:24:58.883} INFO: [Renderer]   |  monitor:1, 1680x1050, bpp:24, hz:144.01, fmt: A8R8G8B8
{15:24:58.883} INFO: [Renderer]   |  monitor:1, 1680x1050, bpp:24, hz:144.01, fmt: A8R8G8B8
{15:24:58.883} INFO: [Renderer]   |  monitor:1, 1680x1050, bpp:24, hz:120.00, fmt: A8R8G8B8
{15:24:58.883} INFO: [Renderer]   |  monitor:1, 1680x1050, bpp:24, hz:120.00, fmt: A8R8G8B8
{15:24:58.883} INFO: [Renderer]   |  monitor:1, 1680x1050, bpp:24, hz:119.88, fmt: A8R8G8B8
{15:24:58.883} INFO: [Renderer]   |  monitor:1, 1680x1050, bpp:24, hz:119.88, fmt: A8R8G8B8
{15:24:58.883} INFO: [Renderer]   |  monitor:1, 1680x1050, bpp:24, hz:59.95, fmt: A8R8G8B8
{15:24:58.883} INFO: [Renderer]   |  monitor:1, 1768x992, bpp:24, hz:144.01, fmt: A8R8G8B8
{15:24:58.883} INFO: [Renderer]   |  monitor:1, 1768x992, bpp:24, hz:144.01, fmt: A8R8G8B8
{15:24:58.884} INFO: [Renderer]   |  monitor:1, 1768x992, bpp:24, hz:120.00, fmt: A8R8G8B8
{15:24:58.884} INFO: [Renderer]   |  monitor:1, 1768x992, bpp:24, hz:120.00, fmt: A8R8G8B8
{15:24:58.884} INFO: [Renderer]   |  monitor:1, 1768x992, bpp:24, hz:119.88, fmt: A8R8G8B8
{15:24:58.884} INFO: [Renderer]   |  monitor:1, 1768x992, bpp:24, hz:119.88, fmt: A8R8G8B8
{15:24:58.884} INFO: [Renderer]   |  monitor:1, 1768x992, bpp:24, hz:60.00, fmt: A8R8G8B8
{15:24:58.884} INFO: [Renderer]   |  monitor:1, 1768x992, bpp:24, hz:60.00, fmt: A8R8G8B8
{15:24:58.884} INFO: [Renderer]   |  monitor:1, 1768x992, bpp:24, hz:59.94, fmt: A8R8G8B8
{15:24:58.884} INFO: [Renderer]   |  monitor:1, 1768x992, bpp:24, hz:59.94, fmt: A8R8G8B8
{15:24:58.884} INFO: [Renderer]   |  monitor:1, 1768x992, bpp:24, hz:50.00, fmt: A8R8G8B8
{15:24:58.884} INFO: [Renderer]   |  monitor:1, 1768x992, bpp:24, hz:50.00, fmt: A8R8G8B8
{15:24:58.884} INFO: [Renderer]   |  monitor:1, 1920x1080, bpp:24, hz:144.01, fmt: A8R8G8B8
{15:24:58.884} INFO: [Renderer]   |  monitor:1, 1920x1080, bpp:24, hz:120.00, fmt: A8R8G8B8
{15:24:58.884} INFO: [Renderer]   |  monitor:1, 1920x1080, bpp:24, hz:119.88, fmt: A8R8G8B8
{15:24:58.884} INFO: [Renderer]   |  monitor:1, 1920x1080, bpp:24, hz:60.00, fmt: A8R8G8B8
{15:24:58.884} INFO: [Renderer]   |  monitor:1, 1920x1080, bpp:24, hz:59.94, fmt: A8R8G8B8
{15:24:58.884} INFO: [Renderer]   |  monitor:1, 1920x1080, bpp:24, hz:50.00, fmt: A8R8G8B8
{15:24:58.884} INFO: [Renderer]   | Texture streaming mem 0 MB
{15:24:58.884} INFO: [INFO]       > Texture streaming buffer set to 0MB
{15:24:58.884} INFO: [INFO]       > Texture streaming lowest priority distance set to 100m
{15:24:59.606} DEBG: [DXGI]       > WM_SIZE 0, 2560x1421
{15:24:59.608} INFO: [INFO]       > CGame::AppWindowInit: window client area: 0x0, 2560x1421
{15:24:59.608} DEBG: [DXGI]       > [RChangeDeviceState] 2560x1440, 1.000000, borderless, 0/0 Hz
{15:24:59.608} DEBG: [DXGI]       >                  was 1920x1080, 1.000000, , 0/1 Hz
{15:24:59.610} INFO: [Renderer]   > [25.12.2022 15-24-59][streamline][info]dxgiswapchain.cpp:210[SetFullscreenState] Redirecting IDXGISwapChain::SetFullscreenState Fullscreen = 0
{15:24:59.611} DEBG: [DXGI]       > WM_SIZE 0, 0x0
{15:24:59.612} DEBG: [DXGI]       > WM_SIZE 0, 2560x1440
{15:25:00.684} INFO: [INFO]       > Texture streaming buffer set to 4000MB
{15:25:00.686} INFO: [Video]      > //Video settings:
{15:25:00.686} INFO: [Video]      > RendererMode("d3d11")
{15:25:00.686} INFO: [Video]      > AsyncCompute(0)
{15:25:00.686} INFO: [Video]      > WindowMode(1)
{15:25:00.686} INFO: [Video]      > Resolution(2560,1440)
{15:25:00.686} INFO: [Video]      > Scale3D(1.000000)
{15:25:00.686} INFO: [Video]      > FSR(1.000000)
{15:25:00.686} INFO: [Video]      > Upscaler(0)
{15:25:00.686} INFO: [Video]      > Upscaling(3)
{15:25:00.686} INFO: [Video]      > Monitor(0)
{15:25:00.686} INFO: [Video]      > DisableDWM(0)
{15:25:00.686} INFO: [Video]      > TextureQuality("High")
{15:25:00.686} INFO: [Video]      > ShadowsQuality(3)
{15:25:00.686} INFO: [Video]      > ShadowMapSize(2048)
{15:25:00.686} INFO: [Video]      > SpotShadowMapSize(4096)
{15:25:00.686} INFO: [Video]      > GammaFloat(0.85)
{15:25:00.686} INFO: [Video]      > GrassQuality(0)
{15:25:00.686} INFO: [Video]      > FrameRate(1)
{15:25:00.686} INFO: [Video]      > Reflex(1)
{15:25:00.686} INFO: [Video]      > MotionBlur(1)
{15:25:00.686} INFO: [Video]      > MotionBlurIntensity(1.00)
{15:25:00.686} INFO: [Video]      > Bokeh(1)
{15:25:00.686} INFO: [Video]      > SSSSQuality(1)
{15:25:00.686} INFO: [Video]      > MotionBlurQuality("High")
{15:25:00.686} INFO: [Video]      > ChromaticAberration(1)
{15:25:00.686} INFO: [Video]      > FilmGrain(0)
{15:25:00.686} INFO: [Video]      > ColorGrading(0)
{15:25:00.686} INFO: [Video]      > AntiAliasing(1)
{15:25:00.686} INFO: [Video]      > AntiAliasingMode(0)
{15:25:00.686} INFO: [Video]      > FogQuality(2)
{15:25:00.686} INFO: [Video]      > ReflectionsQuality(2)
{15:25:00.686} INFO: [Video]      > ContactShadowsQuality(4)
{15:25:00.686} INFO: [Video]      > SpotShadowsQuality(2)
{15:25:00.686} INFO: [Video]      > AmbientOcclusion(1)
{15:25:00.686} INFO: [Video]      > AmbientOcclusionQuality(2)
{15:25:00.686} INFO: [Video]      > ColorBlindMode(0)
{15:25:00.686} INFO: [Video]      > GpuFxQuality(1)
{15:25:00.686} INFO: [Video]      > VoxelGiQuality(3)
{15:25:00.686} INFO: [Video]      > LodQuality(1)
{15:25:00.686} INFO: [Video]      > LodMultiplier(100)
{15:25:00.686} INFO: [Video]      > AnisoOptMaxAnisotropy(16)
{15:25:00.686} INFO: [Video]      > Version(1700)
{15:25:00.687} INFO: [ResPack]    > Free resource loading disabled
{15:25:00.816} INFO: [ResPack]    > Acquired prefab data: 150472, 164704
{15:25:00.818} INFO: [ResPack]    >  -> 0 prefabs, 32 presets available in engine_pc.rpack
{15:25:01.809} INFO: [ResPack]    > Acquired prefab data: 17204128, 12722864
{15:25:01.833} INFO: [ResPack]    >  -> 2043 prefabs, 406 presets available in common_prefabs_pc.rpack
{15:25:02.261} INFO: [INFO]       > [Input] Keyboard 0 enumerated: intance_name = Keyboard, product_name = Keyboard, GUID = {6f1d2b61-d5a0-11cf-bfc7-444553540000}
{15:25:02.352} INFO: [INFO]       > [CInput::SelectKeyboard] Keyboard 0 selected: Keyboard, Keyboard
{15:25:02.373} RETL: [CPUID]   > [MEM] Total Page File: 34726 MiB
{15:25:02.373} RETL: [CPUID]   > [MEM] Total Physical:  32678 MiB
{15:25:02.373} RETL: [CPUID]   > [MEM] Available Page File: 5301 MiB
{15:25:02.373} RETL: [CPUID]   > [MEM] Available Physical:  16825 MiB
{15:25:02.373} RETL: [CPUID]   > [MEM] Memory Load:  48%
{15:25:04.740} INFO: [INFO]       > [gpufx] preloaded 1172 sequences. It took 1769.759033 ms
{15:25:04.740} RETL: [Game]    > game version: '0.0.99', '1.0.202212211635'
{15:25:04.878} RETL: [CPUID]   > Computer Info: Manufacturer: ASUS, Model: System Product Name
{15:25:10.378} RETL: [Game]    > Stage = 'InitialScreen' (prev value 'Intro')
{15:25:10.378} RETL: [Game]    > Stage = 'InitialScreen_SigningIn' (prev value 'InitialScreen')
{15:25:10.414} RETL: [Game]    > Stage = 'InitialScreen_SigningInFinished' (prev value 'InitialScreen_SigningIn')
{15:25:10.414} RETL: [Game]    > Stage = 'InitialScreen_SignedIn' (prev value 'InitialScreen_SigningInFinished')
{15:25:10.427} RETL: [Game]    > Stage = 'InitialScreen_Complete' (prev value 'InitialScreen_SignedIn')
{15:25:11.134} INFO: [Video]      > //Video settings:
{15:25:11.134} INFO: [Video]      > RendererMode("d3d11")
{15:25:11.134} INFO: [Video]      > AsyncCompute(0)
{15:25:11.134} INFO: [Video]      > WindowMode(1)
{15:25:11.134} INFO: [Video]      > Resolution(2560,1440)
{15:25:11.134} INFO: [Video]      > Scale3D(1.000000)
{15:25:11.134} INFO: [Video]      > FSR(1.000000)
{15:25:11.134} INFO: [Video]      > Upscaler(0)
{15:25:11.134} INFO: [Video]      > Upscaling(3)
{15:25:11.134} INFO: [Video]      > Monitor(0)
{15:25:11.134} INFO: [Video]      > DisableDWM(0)
{15:25:11.134} INFO: [Video]      > TextureQuality("High")
{15:25:11.134} INFO: [Video]      > ShadowsQuality(3)
{15:25:11.134} INFO: [Video]      > ShadowMapSize(2048)
{15:25:11.134} INFO: [Video]      > SpotShadowMapSize(4096)
{15:25:11.134} INFO: [Video]      > GammaFloat(1.00)
{15:25:11.134} INFO: [Video]      > GrassQuality(0)
{15:25:11.134} INFO: [Video]      > FrameRate(1)
{15:25:11.134} INFO: [Video]      > Reflex(1)
{15:25:11.134} INFO: [Video]      > MotionBlur(1)
{15:25:11.134} INFO: [Video]      > MotionBlurIntensity(1.00)
{15:25:11.134} INFO: [Video]      > Bokeh(1)
{15:25:11.134} INFO: [Video]      > SSSSQuality(1)
{15:25:11.134} INFO: [Video]      > MotionBlurQuality("High")
{15:25:11.134} INFO: [Video]      > ChromaticAberration(1)
{15:25:11.134} INFO: [Video]      > FilmGrain(0)
{15:25:11.134} INFO: [Video]      > ColorGrading(0)
{15:25:11.134} INFO: [Video]      > AntiAliasing(1)
{15:25:11.134} INFO: [Video]      > AntiAliasingMode(0)
{15:25:11.134} INFO: [Video]      > FogQuality(2)
{15:25:11.134} INFO: [Video]      > ReflectionsQuality(2)
{15:25:11.134} INFO: [Video]      > ContactShadowsQuality(4)
{15:25:11.134} INFO: [Video]      > SpotShadowsQuality(2)
{15:25:11.134} INFO: [Video]      > AmbientOcclusion(1)
{15:25:11.134} INFO: [Video]      > AmbientOcclusionQuality(2)
{15:25:11.134} INFO: [Video]      > ColorBlindMode(0)
{15:25:11.134} INFO: [Video]      > GpuFxQuality(1)
{15:25:11.134} INFO: [Video]      > VoxelGiQuality(3)
{15:25:11.134} INFO: [Video]      > LodQuality(1)
{15:25:11.134} INFO: [Video]      > LodMultiplier(100)
{15:25:11.134} INFO: [Video]      > AnisoOptMaxAnisotropy(16)
{15:25:11.134} INFO: [Video]      > Version(1700)
{15:25:11.180} RETL: [Lobby.Storage.Steam] > [AddSavegamesToCache] save_main_0.sav added
{15:25:11.180} RETL: [Lobby.Storage.Steam] > [AddSavegamesToCache] save_main_0_chp000.sbk added
{15:25:11.180} RETL: [Lobby.Storage.Steam] > [AddSavegamesToCache] save_main_1.sav added
{15:25:11.180} RETL: [Savegame]            > ScanForSavegames: saves 3 (prev value -1)
{15:25:11.186} RETL: [Game]                > Stage = 'Complete' (prev value 'InitialScreen_Complete')
{15:25:11.186} RETL: [Game]                > ===== CreateSession ===== 
{15:25:11.361} RETL: [Savegame]            > SessionContextState: 'OnCreate' [game_type 'Campaign', game_mode 'Coop', save_name '' (slot -1), map 'intersection' (id:-1477674335), (first), difficulty [current: Normal, savegame: Normal, min_savegame: Normal, initial: Normal, lobby_settings: Normal], save_version 85, build: '1.0.202212211635 / 2', perforce_stream: '//tech/rel-ph-devtools']
{15:25:11.760} INFO: [Video]      > //Video settings:
{15:25:11.760} INFO: [Video]      > RendererMode("d3d11")
{15:25:11.760} INFO: [Video]      > AsyncCompute(0)
{15:25:11.760} INFO: [Video]      > WindowMode(1)
{15:25:11.760} INFO: [Video]      > Resolution(2560,1440)
{15:25:11.760} INFO: [Video]      > Scale3D(1.000000)
{15:25:11.760} INFO: [Video]      > FSR(1.000000)
{15:25:11.760} INFO: [Video]      > Upscaler(0)
{15:25:11.760} INFO: [Video]      > Upscaling(3)
{15:25:11.760} INFO: [Video]      > Monitor(0)
{15:25:11.760} INFO: [Video]      > DisableDWM(0)
{15:25:11.760} INFO: [Video]      > TextureQuality("High")
{15:25:11.760} INFO: [Video]      > ShadowsQuality(3)
{15:25:11.760} INFO: [Video]      > ShadowMapSize(2048)
{15:25:11.760} INFO: [Video]      > SpotShadowMapSize(4096)
{15:25:11.760} INFO: [Video]      > GammaFloat(0.85)
{15:25:11.760} INFO: [Video]      > GrassQuality(0)
{15:25:11.760} INFO: [Video]      > FrameRate(1)
{15:25:11.760} INFO: [Video]      > Reflex(1)
{15:25:11.760} INFO: [Video]      > MotionBlur(1)
{15:25:11.760} INFO: [Video]      > MotionBlurIntensity(1.00)
{15:25:11.760} INFO: [Video]      > Bokeh(1)
{15:25:11.760} INFO: [Video]      > SSSSQuality(1)
{15:25:11.760} INFO: [Video]      > MotionBlurQuality("High")
{15:25:11.760} INFO: [Video]      > ChromaticAberration(1)
{15:25:11.760} INFO: [Video]      > FilmGrain(0)
{15:25:11.760} INFO: [Video]      > ColorGrading(0)
{15:25:11.760} INFO: [Video]      > AntiAliasing(1)
{15:25:11.760} INFO: [Video]      > AntiAliasingMode(0)
{15:25:11.760} INFO: [Video]      > FogQuality(2)
{15:25:11.760} INFO: [Video]      > ReflectionsQuality(2)
{15:25:11.760} INFO: [Video]      > ContactShadowsQuality(4)
{15:25:11.760} INFO: [Video]      > SpotShadowsQuality(2)
{15:25:11.760} INFO: [Video]      > AmbientOcclusion(1)
{15:25:11.760} INFO: [Video]      > AmbientOcclusionQuality(2)
{15:25:11.760} INFO: [Video]      > ColorBlindMode(0)
{15:25:11.760} INFO: [Video]      > GpuFxQuality(1)
{15:25:11.760} INFO: [Video]      > VoxelGiQuality(3)
{15:25:11.760} INFO: [Video]      > LodQuality(1)
{15:25:11.760} INFO: [Video]      > LodMultiplier(100)
{15:25:11.760} INFO: [Video]      > AnisoOptMaxAnisotropy(16)
{15:25:11.760} INFO: [Video]      > Version(1700)
{15:25:11.796} INFO: [Video]      > //Video settings:
{15:25:11.796} INFO: [Video]      > RendererMode("d3d11")
{15:25:11.796} INFO: [Video]      > AsyncCompute(0)
{15:25:11.796} INFO: [Video]      > WindowMode(1)
{15:25:11.796} INFO: [Video]      > Resolution(2560,1440)
{15:25:11.796} INFO: [Video]      > Scale3D(1.000000)
{15:25:11.796} INFO: [Video]      > FSR(1.000000)
{15:25:11.796} INFO: [Video]      > Upscaler(0)
{15:25:11.796} INFO: [Video]      > Upscaling(3)
{15:25:11.796} INFO: [Video]      > Monitor(0)
{15:25:11.796} INFO: [Video]      > DisableDWM(0)
{15:25:11.796} INFO: [Video]      > TextureQuality("High")
{15:25:11.796} INFO: [Video]      > ShadowsQuality(3)
{15:25:11.796} INFO: [Video]      > ShadowMapSize(2048)
{15:25:11.796} INFO: [Video]      > SpotShadowMapSize(4096)
{15:25:11.796} INFO: [Video]      > GammaFloat(1.00)
{15:25:11.796} INFO: [Video]      > GrassQuality(0)
{15:25:11.796} INFO: [Video]      > FrameRate(1)
{15:25:11.796} INFO: [Video]      > Reflex(1)
{15:25:11.796} INFO: [Video]      > MotionBlur(1)
{15:25:11.796} INFO: [Video]      > MotionBlurIntensity(1.00)
{15:25:11.796} INFO: [Video]      > Bokeh(1)
{15:25:11.796} INFO: [Video]      > SSSSQuality(1)
{15:25:11.796} INFO: [Video]      > MotionBlurQuality("High")
{15:25:11.796} INFO: [Video]      > ChromaticAberration(1)
{15:25:11.796} INFO: [Video]      > FilmGrain(0)
{15:25:11.796} INFO: [Video]      > ColorGrading(0)
{15:25:11.796} INFO: [Video]      > AntiAliasing(1)
{15:25:11.796} INFO: [Video]      > AntiAliasingMode(0)
{15:25:11.796} INFO: [Video]      > FogQuality(2)
{15:25:11.796} INFO: [Video]      > ReflectionsQuality(2)
{15:25:11.796} INFO: [Video]      > ContactShadowsQuality(4)
{15:25:11.796} INFO: [Video]      > SpotShadowsQuality(2)
{15:25:11.796} INFO: [Video]      > AmbientOcclusion(1)
{15:25:11.796} INFO: [Video]      > AmbientOcclusionQuality(2)
{15:25:11.796} INFO: [Video]      > ColorBlindMode(0)
{15:25:11.796} INFO: [Video]      > GpuFxQuality(1)
{15:25:11.796} INFO: [Video]      > VoxelGiQuality(3)
{15:25:11.796} INFO: [Video]      > LodQuality(1)
{15:25:11.796} INFO: [Video]      > LodMultiplier(100)
{15:25:11.796} INFO: [Video]      > AnisoOptMaxAnisotropy(16)
{15:25:11.796} INFO: [Video]      > Version(1700)
{15:25:11.831} INFO: [Video]      > //Video settings:
{15:25:11.831} INFO: [Video]      > RendererMode("d3d11")
{15:25:11.831} INFO: [Video]      > AsyncCompute(0)
{15:25:11.831} INFO: [Video]      > WindowMode(1)
{15:25:11.831} INFO: [Video]      > Resolution(2560,1440)
{15:25:11.831} INFO: [Video]      > Scale3D(1.000000)
{15:25:11.831} INFO: [Video]      > FSR(1.000000)
{15:25:11.831} INFO: [Video]      > Upscaler(0)
{15:25:11.831} INFO: [Video]      > Upscaling(3)
{15:25:11.831} INFO: [Video]      > Monitor(0)
{15:25:11.831} INFO: [Video]      > DisableDWM(0)
{15:25:11.831} INFO: [Video]      > TextureQuality("High")
{15:25:11.831} INFO: [Video]      > ShadowsQuality(3)
{15:25:11.831} INFO: [Video]      > ShadowMapSize(2048)
{15:25:11.831} INFO: [Video]      > SpotShadowMapSize(4096)
{15:25:11.831} INFO: [Video]      > GammaFloat(0.85)
{15:25:11.831} INFO: [Video]      > GrassQuality(0)
{15:25:11.831} INFO: [Video]      > FrameRate(1)
{15:25:11.831} INFO: [Video]      > Reflex(1)
{15:25:11.831} INFO: [Video]      > MotionBlur(1)
{15:25:11.831} INFO: [Video]      > MotionBlurIntensity(1.00)
{15:25:11.831} INFO: [Video]      > Bokeh(1)
{15:25:11.831} INFO: [Video]      > SSSSQuality(1)
{15:25:11.831} INFO: [Video]      > MotionBlurQuality("High")
{15:25:11.831} INFO: [Video]      > ChromaticAberration(1)
{15:25:11.831} INFO: [Video]      > FilmGrain(0)
{15:25:11.831} INFO: [Video]      > ColorGrading(0)
{15:25:11.831} INFO: [Video]      > AntiAliasing(1)
{15:25:11.831} INFO: [Video]      > AntiAliasingMode(0)
{15:25:11.831} INFO: [Video]      > FogQuality(2)
{15:25:11.831} INFO: [Video]      > ReflectionsQuality(2)
{15:25:11.831} INFO: [Video]      > ContactShadowsQuality(4)
{15:25:11.831} INFO: [Video]      > SpotShadowsQuality(2)
{15:25:11.831} INFO: [Video]      > AmbientOcclusion(1)
{15:25:11.831} INFO: [Video]      > AmbientOcclusionQuality(2)
{15:25:11.831} INFO: [Video]      > ColorBlindMode(0)
{15:25:11.831} INFO: [Video]      > GpuFxQuality(1)
{15:25:11.831} INFO: [Video]      > VoxelGiQuality(3)
{15:25:11.831} INFO: [Video]      > LodQuality(1)
{15:25:11.831} INFO: [Video]      > LodMultiplier(100)
{15:25:11.831} INFO: [Video]      > AnisoOptMaxAnisotropy(16)
{15:25:11.831} INFO: [Video]      > Version(1700)
{15:25:14.695} RETL: [Game]                > >>>>> <1335435319> Changing level from <> to <intersection>
{15:25:16.779} INFO: [AssetMgr]   > Asset out of date 'maps/intersection/build/intersection_satellite_texture_0_dif.dds' reason: Local source file `maps/intersection/build/intersection_satellite_texture_0_dif.dds`: `2022-12-25 15:24:35:658` is newer than distributed file `2022-12-24 14:20:27:583`(DependentFileTimeStampDifferent) Local source file `maps/intersection/build/intersection_satellite_texture_0_dif.dds`: `2022-12-25 15:24:35:658` is newer than distributed file `2022-12-24 14:20:27:583`
{15:25:16.814} RETL: [CPUID]               > [MEM] Total Page File: 34726 MiB
{15:25:16.814} RETL: [CPUID]               > [MEM] Total Physical:  32678 MiB
{15:25:16.814} RETL: [CPUID]               > [MEM] Available Page File: 3555 MiB
{15:25:16.814} RETL: [CPUID]               > [MEM] Available Physical:  13514 MiB
{15:25:16.814} RETL: [CPUID]               > [MEM] Memory Load:  58%
{15:25:16.833} INFO: [All_AssetMgr] > Building asset 'maps/intersection/build/intersection_satellite_texture_0_dif.dds' succeeded!
{15:25:16.839} INFO: [AssetMgr]     > Asset out of date 'maps/intersection/build/intersection_satellite_texture_0_nrm.dds' reason: Local source file `maps/intersection/build/intersection_satellite_texture_0_nrm.dds`: `2022-12-25 15:24:35:844` is newer than distributed file `2022-12-24 14:20:28:332`(DependentFileTimeStampDifferent) Local source file `maps/intersection/build/intersection_satellite_texture_0_nrm.dds`: `2022-12-25 15:24:35:844` is newer than distributed file `2022-12-24 14:20:28:332`
{15:25:16.868} INFO: [All_AssetMgr] > Building asset 'maps/intersection/build/intersection_satellite_texture_0_nrm.dds' succeeded!
{15:25:16.876} INFO: [AssetMgr]     > Asset out of date 'maps/intersection/build/intersection_satellite_texture_0_spc.dds' reason: Local source file `maps/intersection/build/intersection_satellite_texture_0_spc.dds`: `2022-12-25 15:24:36:014` is newer than distributed file `2022-12-24 14:20:29:064`(DependentFileTimeStampDifferent) Local source file `maps/intersection/build/intersection_satellite_texture_0_spc.dds`: `2022-12-25 15:24:36:014` is newer than distributed file `2022-12-24 14:20:29:064`
{15:25:16.901} INFO: [All_AssetMgr] > Building asset 'maps/intersection/build/intersection_satellite_texture_0_spc.dds' succeeded!
{15:25:16.906} INFO: [AssetMgr]     > Asset out of date 'maps/intersection/build/intersection_satellite_texture_0_rgh.dds' reason: Local source file `maps/intersection/build/intersection_satellite_texture_0_rgh.dds`: `2022-12-25 15:24:36:149` is newer than distributed file `2022-12-24 14:20:29:758`(DependentFileTimeStampDifferent) Local source file `maps/intersection/build/intersection_satellite_texture_0_rgh.dds`: `2022-12-25 15:24:36:149` is newer than distributed file `2022-12-24 14:20:29:758`
{15:25:16.935} INFO: [All_AssetMgr] > Building asset 'maps/intersection/build/intersection_satellite_texture_0_rgh.dds' succeeded!
{15:25:16.946} INFO: [AssetMgr]     > Asset out of date 'maps/intersection/build/intersection_satellite_texture_2_dif.dds' reason: Local source file `maps/intersection/build/intersection_satellite_texture_2_dif.dds`: `2022-12-25 15:24:35:726` is newer than distributed file `2022-12-24 14:20:27:936`(DependentFileTimeStampDifferent) Local source file `maps/intersection/build/intersection_satellite_texture_2_dif.dds`: `2022-12-25 15:24:35:726` is newer than distributed file `2022-12-24 14:20:27:936`
{15:25:16.973} INFO: [All_AssetMgr] > Building asset 'maps/intersection/build/intersection_satellite_texture_2_dif.dds' succeeded!
{15:25:16.978} INFO: [AssetMgr]     > Asset out of date 'maps/intersection/build/intersection_satellite_texture_2_nrm.dds' reason: Local source file `maps/intersection/build/intersection_satellite_texture_2_nrm.dds`: `2022-12-25 15:24:35:889` is newer than distributed file `2022-12-24 14:20:28:659`(DependentFileTimeStampDifferent) Local source file `maps/intersection/build/intersection_satellite_texture_2_nrm.dds`: `2022-12-25 15:24:35:889` is newer than distributed file `2022-12-24 14:20:28:659`
{15:25:17.010} INFO: [All_AssetMgr] > Building asset 'maps/intersection/build/intersection_satellite_texture_2_nrm.dds' succeeded!
{15:25:17.015} INFO: [AssetMgr]     > Asset out of date 'maps/intersection/build/intersection_satellite_texture_2_spc.dds' reason: Local source file `maps/intersection/build/intersection_satellite_texture_2_spc.dds`: `2022-12-25 15:24:36:082` is newer than distributed file `2022-12-24 14:20:29:409`(DependentFileTimeStampDifferent) Local source file `maps/intersection/build/intersection_satellite_texture_2_spc.dds`: `2022-12-25 15:24:36:082` is newer than distributed file `2022-12-24 14:20:29:409`
{15:25:17.042} INFO: [All_AssetMgr] > Building asset 'maps/intersection/build/intersection_satellite_texture_2_spc.dds' succeeded!
{15:25:17.048} INFO: [AssetMgr]     > Asset out of date 'maps/intersection/build/intersection_satellite_texture_2_rgh.dds' reason: Local source file `maps/intersection/build/intersection_satellite_texture_2_rgh.dds`: `2022-12-25 15:24:36:215` is newer than distributed file `2022-12-24 14:20:30:106`(DependentFileTimeStampDifferent) Local source file `maps/intersection/build/intersection_satellite_texture_2_rgh.dds`: `2022-12-25 15:24:36:215` is newer than distributed file `2022-12-24 14:20:30:106`
{15:25:17.079} INFO: [All_AssetMgr] > Building asset 'maps/intersection/build/intersection_satellite_texture_2_rgh.dds' succeeded!
{15:25:17.114} INFO: [AssetMgr]     > Asset out of date 'maps/intersection/build/intersection_satellite_texture_1_dif.dds' reason: Local source file `maps/intersection/build/intersection_satellite_texture_1_dif.dds`: `2022-12-25 15:24:35:693` is newer than distributed file `2022-12-24 14:20:27:761`(DependentFileTimeStampDifferent) Local source file `maps/intersection/build/intersection_satellite_texture_1_dif.dds`: `2022-12-25 15:24:35:693` is newer than distributed file `2022-12-24 14:20:27:761`
{15:25:17.142} INFO: [All_AssetMgr] > Building asset 'maps/intersection/build/intersection_satellite_texture_1_dif.dds' succeeded!
{15:25:17.148} INFO: [AssetMgr]     > Asset out of date 'maps/intersection/build/intersection_satellite_texture_1_nrm.dds' reason: Local source file `maps/intersection/build/intersection_satellite_texture_1_nrm.dds`: `2022-12-25 15:24:35:866` is newer than distributed file `2022-12-24 14:20:28:496`(DependentFileTimeStampDifferent) Local source file `maps/intersection/build/intersection_satellite_texture_1_nrm.dds`: `2022-12-25 15:24:35:866` is newer than distributed file `2022-12-24 14:20:28:496`
{15:25:17.178} INFO: [All_AssetMgr] > Building asset 'maps/intersection/build/intersection_satellite_texture_1_nrm.dds' succeeded!
{15:25:17.182} INFO: [AssetMgr]     > Asset out of date 'maps/intersection/build/intersection_satellite_texture_1_spc.dds' reason: Local source file `maps/intersection/build/intersection_satellite_texture_1_spc.dds`: `2022-12-25 15:24:36:049` is newer than distributed file `2022-12-24 14:20:29:237`(DependentFileTimeStampDifferent) Local source file `maps/intersection/build/intersection_satellite_texture_1_spc.dds`: `2022-12-25 15:24:36:049` is newer than distributed file `2022-12-24 14:20:29:237`
{15:25:17.209} INFO: [All_AssetMgr] > Building asset 'maps/intersection/build/intersection_satellite_texture_1_spc.dds' succeeded!
{15:25:17.215} INFO: [AssetMgr]     > Asset out of date 'maps/intersection/build/intersection_satellite_texture_1_rgh.dds' reason: Local source file `maps/intersection/build/intersection_satellite_texture_1_rgh.dds`: `2022-12-25 15:24:36:181` is newer than distributed file `2022-12-24 14:20:29:933`(DependentFileTimeStampDifferent) Local source file `maps/intersection/build/intersection_satellite_texture_1_rgh.dds`: `2022-12-25 15:24:36:181` is newer than distributed file `2022-12-24 14:20:29:933`
{15:25:17.244} INFO: [All_AssetMgr] > Building asset 'maps/intersection/build/intersection_satellite_texture_1_rgh.dds' succeeded!
{15:25:17.266} INFO: [AssetMgr]     > Asset out of date 'maps/intersection/build/intersection_satellite_texture_3_dif.dds' reason: Local source file `maps/intersection/build/intersection_satellite_texture_3_dif.dds`: `2022-12-25 15:24:35:760` is newer than distributed file `2022-12-24 14:20:28:112`(DependentFileTimeStampDifferent) Local source file `maps/intersection/build/intersection_satellite_texture_3_dif.dds`: `2022-12-25 15:24:35:760` is newer than distributed file `2022-12-24 14:20:28:112`
{15:25:17.293} INFO: [All_AssetMgr] > Building asset 'maps/intersection/build/intersection_satellite_texture_3_dif.dds' succeeded!
{15:25:17.297} INFO: [AssetMgr]     > Asset out of date 'maps/intersection/build/intersection_satellite_texture_3_nrm.dds' reason: Local source file `maps/intersection/build/intersection_satellite_texture_3_nrm.dds`: `2022-12-25 15:24:35:913` is newer than distributed file `2022-12-24 14:20:28:822`(DependentFileTimeStampDifferent) Local source file `maps/intersection/build/intersection_satellite_texture_3_nrm.dds`: `2022-12-25 15:24:35:913` is newer than distributed file `2022-12-24 14:20:28:822`
{15:25:17.326} INFO: [All_AssetMgr] > Building asset 'maps/intersection/build/intersection_satellite_texture_3_nrm.dds' succeeded!
{15:25:17.335} INFO: [AssetMgr]     > Asset out of date 'maps/intersection/build/intersection_satellite_texture_3_spc.dds' reason: Local source file `maps/intersection/build/intersection_satellite_texture_3_spc.dds`: `2022-12-25 15:24:36:116` is newer than distributed file `2022-12-24 14:20:29:587`(DependentFileTimeStampDifferent) Local source file `maps/intersection/build/intersection_satellite_texture_3_spc.dds`: `2022-12-25 15:24:36:116` is newer than distributed file `2022-12-24 14:20:29:587`
{15:25:17.360} INFO: [All_AssetMgr] > Building asset 'maps/intersection/build/intersection_satellite_texture_3_spc.dds' succeeded!
{15:25:17.366} INFO: [AssetMgr]     > Asset out of date 'maps/intersection/build/intersection_satellite_texture_3_rgh.dds' reason: Local source file `maps/intersection/build/intersection_satellite_texture_3_rgh.dds`: `2022-12-25 15:24:36:251` is newer than distributed file `2022-12-24 14:20:30:280`(DependentFileTimeStampDifferent) Local source file `maps/intersection/build/intersection_satellite_texture_3_rgh.dds`: `2022-12-25 15:24:36:251` is newer than distributed file `2022-12-24 14:20:30:280`
{15:25:17.393} INFO: [All_AssetMgr] > Building asset 'maps/intersection/build/intersection_satellite_texture_3_rgh.dds' succeeded!
{15:25:17.979} RETL: [Savegame]            > SessionContextState: 'OnUpdate after ChangeMap' [game_type 'Campaign', game_mode 'Coop', save_name '' (slot -1), map 'intersection' (id:-1477674335), (first), difficulty [current: Normal, savegame: Normal, min_savegame: Normal, initial: Normal, lobby_settings: Normal], save_version 85, build: '1.0.202212211635 / 2', perforce_stream: '//tech/rel-ph-devtools']
{15:33:39.684} INFO: [INFO]         > ---------------------------------------------------------
{15:33:39.684} INFO: [INFO]         > Time of playing game: 522.408325s
{15:33:39.684} INFO: [INFO]         > Updated frames: 25285 Rendered frames: 24843
{15:33:39.684} INFO: [INFO]         > Average FPS: 47.554756
{15:33:39.684} INFO: [INFO]         > ---------------------------------------------------------
{15:33:40.211} INFO: [Renderer]     > [25.12.2022 15-33-40][streamline][info]dxgiswapchain.cpp:210[SetFullscreenState] Redirecting IDXGISwapChain::SetFullscreenState Fullscreen = 0
{15:33:40.212} INFO: [Renderer]     > [25.12.2022 15-33-40][streamline][info]pluginmanager.cpp:691[unloadPlugins] Unloading all plugins ...
{15:33:40.213} INFO: [Renderer]     > [25.12.2022 15-33-40][streamline][info]d3d11.cpp:361[destroyKernel] Destroying kernel NIS_Sharpen_V0_H2.cs
{15:33:40.213} INFO: [Renderer]     > [25.12.2022 15-33-40][streamline][info]d3d11.cpp:361[destroyKernel] Destroying kernel NIS_Sharpen_V0_H0.cs
{15:33:40.213} INFO: [Renderer]     > [25.12.2022 15-33-40][streamline][info]d3d11.cpp:361[destroyKernel] Destroying kernel NIS_Sharpen_V0_H1.cs
{15:33:40.213} INFO: [Renderer]     > [25.12.2022 15-33-40][streamline][info]d3d11.cpp:361[destroyKernel] Destroying kernel NIS_Sharpen_V1_H2.cs
{15:33:40.213} INFO: [Renderer]     > [25.12.2022 15-33-40][streamline][info]d3d11.cpp:361[destroyKernel] Destroying kernel NIS_Sharpen_V1_H0.cs
{15:33:40.213} INFO: [Renderer]     > [25.12.2022 15-33-40][streamline][info]d3d11.cpp:361[destroyKernel] Destroying kernel NIS_Sharpen_V1_H1.cs
{15:33:40.213} INFO: [Renderer]     > [25.12.2022 15-33-40][streamline][info]d3d11.cpp:361[destroyKernel] Destroying kernel NIS_Scaler_V0_H2.cs
{15:33:40.213} INFO: [Renderer]     > [25.12.2022 15-33-40][streamline][info]d3d11.cpp:361[destroyKernel] Destroying kernel NIS_Scaler_V0_H0.cs
{15:33:40.213} INFO: [Renderer]     > [25.12.2022 15-33-40][streamline][info]d3d11.cpp:361[destroyKernel] Destroying kernel NIS_Scaler_V0_H1.cs
{15:33:40.213} INFO: [Renderer]     > [25.12.2022 15-33-40][streamline][info]d3d11.cpp:361[destroyKernel] Destroying kernel NIS_Scaler_V1_H0.cs
{15:33:40.213} INFO: [Renderer]     > [25.12.2022 15-33-40][streamline][info]d3d11.cpp:361[destroyKernel] Destroying kernel NIS_Scaler_V1_H1.cs
{15:33:40.214} INFO: [Renderer]     > [25.12.2022 15-33-40][streamline][info]d3d11.cpp:361[destroyKernel] Destroying kernel NIS_Scaler_V1_H2.cs
{15:33:40.214} INFO: [Renderer]     > [25.12.2022 15-33-40][streamline][info]d3d11.cpp:231[shutdown] Destroying kernel fonts.cs
{15:33:40.214} INFO: [Renderer]     > [25.12.2022 15-33-40][streamline][info]generic.cpp:465[destroyResource] Scheduled to destroy 0x22cb8cba830(sl.chi.fontTexture) - frame 26971
{15:33:40.214} INFO: [Renderer]     > [25.12.2022 15-33-40][streamline][info]generic.cpp:465[destroyResource] Scheduled to destroy 0x22cb8cbc2b0(sl.chi.dynamicText) - frame 26971
{15:33:40.214} INFO: [Renderer]     > [25.12.2022 15-33-40][streamline][info]generic.cpp:465[destroyResource] Scheduled to destroy 0x22cb8cbc870(sl.chi.dynamicTextUpload) - frame 26971
{15:33:40.214} INFO: [Renderer]     > [25.12.2022 15-33-40][streamline][info]generic.cpp:520[collectGarbage] Destroying 0x22cb8cba830(sl.chi.fontTexture) - scheduled at frame 26971 - finished frame 26971 - forced yes
{15:33:40.214} INFO: [Renderer]     > [25.12.2022 15-33-40][streamline][info]d3d11.cpp:1298[destroyResourceDeferredImpl] Releasing resource 0x22cb8cba830 (sl.chi.fontTexture) ref count 3 - currentSize 0.00 - totalSize 0.03
{15:33:40.214} INFO: [Renderer]     > [25.12.2022 15-33-40][streamline][info]generic.cpp:520[collectGarbage] Destroying 0x22cb8cbc2b0(sl.chi.dynamicText) - scheduled at frame 26971 - finished frame 26971 - forced yes
{15:33:40.214} INFO: [Renderer]     > [25.12.2022 15-33-40][streamline][info]d3d11.cpp:1298[destroyResourceDeferredImpl] Releasing resource 0x22cb8cbc2b0 (sl.chi.dynamicText) ref count 3 - currentSize 0.02 - totalSize 0.02
{15:33:40.214} INFO: [Renderer]     > [25.12.2022 15-33-40][streamline][info]generic.cpp:520[collectGarbage] Destroying 0x22cb8cbc870(sl.chi.dynamicTextUpload) - scheduled at frame 26971 - finished frame 26971 - forced yes
{15:33:40.214} INFO: [Renderer]     > [25.12.2022 15-33-40][streamline][info]d3d11.cpp:1298[destroyResourceDeferredImpl] Releasing resource 0x22cb8cbc870 (sl.chi.dynamicTextUpload) ref count 3 - currentSize 0.02 - totalSize 0.00
{15:33:40.214} INFO: [Renderer]     > [25.12.2022 15-33-40][streamline][info]generic.cpp:267[shutdown] Delayed destroy resource list count 0
{15:33:40.761} INFO: [Renderer]     > [r_Shutdown] Dll released
