{21:40:01.780} INFO: [FileSystem] > [CZip_dir::Initialize] 'e:/steam/steamapps/common/dying light 2 / ph/source/data0.pak' took: 0.000000ms
{21:40:01.803} INFO: [FileSystem] > [CZip_dir::Initialize] 'e:/steam/steamapps/common/dying light 2 / ph/source/data1.pak' took: 0.000000ms
{21:40:01.813} INFO: [FileSystem] > [CZip_dir::Initialize] 'e:/steam/steamapps/common/dying light 2 / ph/source/databt.mpak' took: 0.000000ms
{21:40:01.868} RETL: [GameApp] > Command line: -launched_from_editor  /keep_resources -ami -generateprefabs -debugconf=debugconf_temp.scr -workshop="e:/steam/steamapps/common/dying light 2\DevTools\projects\Intersection"
{21:40:02.087} RETL: [CPUID]   > [MEM] Total Page File: 34774 MiB
{21:40:02.088} RETL: [CPUID]   > [MEM] Total Physical:  32678 MiB
{21:40:02.088} RETL: [CPUID]   > [MEM] Available Page File: 6305 MiB
{21:40:02.088} RETL: [CPUID]   > [MEM] Available Physical:  16598 MiB
{21:40:02.088} RETL: [CPUID]   > [MEM] Memory Load:  49%
{21:40:02.872} RETL: [GAME]    > arguments (7): 'E:\Steam\steamapps\common\Dying Light 2\DevTools\bin\DyingLightGame_x64_rwdi.exe', '-launched_from_editor', '/keep_resources', '-ami', '-generateprefabs', '-debugconf=debugconf_temp.scr', '-workshop=e:/steam/steamapps/common/dying light 2\DevTools\projects\Intersection'
{21:40:03.834} INFO: [FileSystem] > [CZip_dir::Initialize] 'e:/steam/steamapps/common/dying light 2 / ph/source/data_lang/dataen.pak' took: 0.000000ms
{21:40:03.870} RETL: [CPUID]   > [MEM] Total Page File: 34774 MiB
{21:40:03.870} RETL: [CPUID]   > [MEM] Total Physical:  32678 MiB
{21:40:03.870} RETL: [CPUID]   > [MEM] Available Page File: 6083 MiB
{21:40:03.870} RETL: [CPUID]   > [MEM] Available Physical:  16394 MiB
{21:40:03.870} RETL: [CPUID]   > [MEM] Memory Load:  49%
{21:40:03.887} INFO: [Renderer]   > [CVideoSettings::LoadSettings] Loading video settings using 'out/Settings/Video.scr'
{21:40:03.951} INFO: [Renderer]   > [r_Initialize] Loaded from rd3d11_x64_rwdi.dll.
{21:40:03.951} INFO: [Renderer]   > MonitorIdx=0, SecondaryMonitorIdx=-1
{21:40:03.972} INFO: [Renderer]   > [23.12.2022 21-40-03][streamline][info]pluginmanager.cpp:945[PluginManager] Streamline v1.1.1 - built on Fri Jul 29 07:43:20 2022 - SHA: 45d487a
{21:40:03.972} INFO: [Renderer]   > [23.12.2022 21-40-03][streamline][info]pluginmanager.cpp:355[findPlugins] Looking for plugins in E:\Steam\steamapps\common\Dying Light 2\DevTools\bin\ ...
{21:40:04.017} INFO: [Renderer]   > [23.12.2022 21-40-04][streamline][info]secureloadlibrary.cpp:477[verifyEmbeddedSignature] File 'E:\Steam\steamapps\common\Dying Light 2\DevTools\bin\/sl.common.dll' is signed by NVIDIA and the signature was verified.
{21:40:04.036} INFO: [Renderer]   > [23.12.2022 21-40-04][streamline][info]commoninterface.cpp:113[getGPUInfo] -----------------------------------------
{21:40:04.036} INFO: [Renderer]   > [23.12.2022 21-40-04][streamline][info]commoninterface.cpp:116[getGPUInfo] NVIDIA driver 527.37
{21:40:04.038} INFO: [Renderer]   > [23.12.2022 21-40-04][streamline][info]commoninterface.cpp:125[getGPUInfo] GPU 0 architecture 0x130 adapter mask 0x1
{21:40:04.038} INFO: [Renderer]   > [23.12.2022 21-40-04][streamline][info]commoninterface.cpp:127[getGPUInfo] -----------------------------------------
{21:40:04.041} INFO: [Renderer]   > [23.12.2022 21-40-04][streamline][info]commonentry.cpp:659[getSupportedAdapterMask] Detected Windows OS version 10.0.22621
{21:40:04.042} INFO: [Renderer]   > [23.12.2022 21-40-04][streamline][info]pluginmanager.cpp:501[mapPlugins] Loaded plugin 'sl.common' - version 1.1.1 - id 4294967295 - priority 0 - adapter mask 0xffffffff - namespace 'common'
{21:40:04.060} INFO: [Renderer]   > [23.12.2022 21-40-04][streamline][info]secureloadlibrary.cpp:477[verifyEmbeddedSignature] File 'E:\Steam\steamapps\common\Dying Light 2\DevTools\bin\/sl.dlss.dll' is signed by NVIDIA and the signature was verified.
{21:40:04.063} ERRR: [Renderer]   > [23.12.2022 21-40-04][streamline][error]pluginmanager.cpp:448[mapPlugins] Ignoring plugin 'sl.dlss' since it is not supported on this platform
{21:40:04.084} INFO: [Renderer]   > [23.12.2022 21-40-04][streamline][info]secureloadlibrary.cpp:477[verifyEmbeddedSignature] File 'E:\Steam\steamapps\common\Dying Light 2\DevTools\bin\/sl.nis.dll' is signed by NVIDIA and the signature was verified.
{21:40:04.087} INFO: [Renderer]   > [23.12.2022 21-40-04][streamline][info]pluginmanager.cpp:501[mapPlugins] Loaded plugin 'sl.nis' - version 1.1.1 - id 2 - priority 1 - adapter mask 0xffffffff - namespace 'nis'
{21:40:04.107} INFO: [Renderer]   > [23.12.2022 21-40-04][streamline][info]secureloadlibrary.cpp:477[verifyEmbeddedSignature] File 'E:\Steam\steamapps\common\Dying Light 2\DevTools\bin\/sl.reflex.dll' is signed by NVIDIA and the signature was verified.
{21:40:04.110} INFO: [Renderer]   > [23.12.2022 21-40-04][streamline][info]pluginmanager.cpp:501[mapPlugins] Loaded plugin 'sl.reflex' - version 1.1.1 - id 3 - priority 1 - adapter mask 0xffffffff - namespace 'reflex'
{21:40:04.110} INFO: [Renderer]   > [23.12.2022 21-40-04][streamline][info]pluginmanager.cpp:679[loadPlugins] Plugin execution order based on priority:
{21:40:04.110} INFO: [Renderer]   > [23.12.2022 21-40-04][streamline][info]pluginmanager.cpp:682[loadPlugins] P0 - sl.common
{21:40:04.110} INFO: [Renderer]   > [23.12.2022 21-40-04][streamline][info]pluginmanager.cpp:682[loadPlugins] P1 - sl.nis
{21:40:04.110} INFO: [Renderer]   > [23.12.2022 21-40-04][streamline][info]pluginmanager.cpp:682[loadPlugins] P1 - sl.reflex
{21:40:04.110} INFO: [Renderer]   > Enumerating D3D11 video adapters:
{21:40:04.111} INFO: [Renderer]   > Adapter 0: NVIDIA GeForce GTX 1080 Ti 11121MB/16339MB/0MB
{21:40:04.111} INFO: [Renderer]   |   Output 0: [0,0 - 2560,1440] \\.\DISPLAY1
{21:40:04.111} INFO: [Renderer]   |   Output 1: [2560,0 - 4480,1080] \\.\DISPLAY2
{21:40:04.111} INFO: [Renderer]   > Adapter 1: Microsoft Basic Render Driver 0MB/16339MB/0MB
{21:40:04.113} INFO: [Renderer]   > Sorted adapter 0: NVIDIA GeForce GTX 1080 Ti 11121MB/16339MB/0MB
{21:40:04.114} INFO: [Renderer]   > Sorted adapter 1: Microsoft Basic Render Driver 0MB/16339MB/0MB
{21:40:04.114} INFO: [Renderer]   > Picking adapter: NVIDIA GeForce GTX 1080 Ti
{21:40:04.114} INFO: [Renderer]   | Primary monitor: [0,0 - 2560,1440]
{21:40:04.114} INFO: [Renderer]   | Secondary monitor: [2560,0 - 4480,1080]
{21:40:04.255} INFO: [Renderer]   > Renderer started in DX11 mode.
{21:40:04.255} INFO: [Renderer]   > DX11 reported 11'121M free texture memory.
{21:40:04.354} INFO: [Renderer]   > [d3d12rt-checker] Raytracing tier lower than D3D12_RAYTRACING_TIER_1_1.
{21:40:04.525} INFO: [Renderer]   > [23.12.2022 21-40-04][streamline][info]pluginmanager.cpp:836[initializePlugins] Initializing plugins - api 0.0.1 - application ID 101095511
{21:40:04.525} INFO: [Renderer]   > [23.12.2022 21-40-04][streamline][info]d3d11.cpp:109[init] GPU nodes 1 - visible node mask 1
{21:40:04.526} INFO: [Renderer]   > [23.12.2022 21-40-04][streamline][info]d3d11.cpp:330[createKernel] Creating DXBC kernel fonts.cs:main hash 10788421720787293069
{21:40:04.527} INFO: [Renderer]   > [23.12.2022 21-40-04][streamline][info]generic.cpp:377[createBuffer] Buffer (sl.chi.fontTexture), m_allocCount=1, currentSize 0.0 MB, totalSize 0.0 MB
{21:40:04.527} INFO: [Renderer]   > [23.12.2022 21-40-04][streamline][info]generic.cpp:377[createBuffer] Buffer (sl.chi.dynamicText), m_allocCount=2, currentSize 0.0 MB, totalSize 0.0 MB
{21:40:04.528} INFO: [Renderer]   > [23.12.2022 21-40-04][streamline][info]generic.cpp:377[createBuffer] Buffer (sl.chi.dynamicTextUpload), m_allocCount=3, currentSize 0.0 MB, totalSize 0.0 MB
{21:40:04.528} INFO: [Renderer]   > [23.12.2022 21-40-04][streamline][info]pluginmanager.cpp:751[processPluginHooks] Hook sl.common:slHookVkCreateImage:after - skipped
{21:40:04.528} INFO: [Renderer]   > [23.12.2022 21-40-04][streamline][info]pluginmanager.cpp:751[processPluginHooks] Hook sl.common:slHookVkPresent:before - skipped
{21:40:04.528} INFO: [Renderer]   > [23.12.2022 21-40-04][streamline][info]pluginmanager.cpp:751[processPluginHooks] Hook sl.common:slHookVkCmdPipelineBarrier:after - skipped
{21:40:04.528} INFO: [Renderer]   > [23.12.2022 21-40-04][streamline][info]pluginmanager.cpp:751[processPluginHooks] Hook sl.common:slHookVkCmdBindPipeline:after - skipped
{21:40:04.528} INFO: [Renderer]   > [23.12.2022 21-40-04][streamline][info]pluginmanager.cpp:751[processPluginHooks] Hook sl.common:slHookVkCmdBindDescriptorSets:after - skipped
{21:40:04.528} INFO: [Renderer]   > [23.12.2022 21-40-04][streamline][info]pluginmanager.cpp:751[processPluginHooks] Hook sl.common:slHookVkBeginCommandBuffer:after - skipped
{21:40:04.528} INFO: [Renderer]   > [23.12.2022 21-40-04][streamline][info]pluginmanager.cpp:762[processPluginHooks] Hook sl.common:slHookCreateCommittedResource:after - OK
{21:40:04.528} INFO: [Renderer]   > [23.12.2022 21-40-04][streamline][info]pluginmanager.cpp:762[processPluginHooks] Hook sl.common:slHookCreatePlacedResource:after - OK
{21:40:04.528} INFO: [Renderer]   > [23.12.2022 21-40-04][streamline][info]pluginmanager.cpp:762[processPluginHooks] Hook sl.common:slHookCreateReservedResource:after - OK
{21:40:04.528} INFO: [Renderer]   > [23.12.2022 21-40-04][streamline][info]pluginmanager.cpp:762[processPluginHooks] Hook sl.common:slHookResourceBarrier:after - OK
{21:40:04.528} INFO: [Renderer]   > [23.12.2022 21-40-04][streamline][info]pluginmanager.cpp:762[processPluginHooks] Hook sl.common:slHookResizeSwapChainPre:before - OK
{21:40:04.528} INFO: [Renderer]   > [23.12.2022 21-40-04][streamline][info]pluginmanager.cpp:762[processPluginHooks] Hook sl.common:slHookPresent:before - OK
{21:40:04.528} INFO: [Renderer]   > [23.12.2022 21-40-04][streamline][info]pluginmanager.cpp:762[processPluginHooks] Hook sl.common:slHookPresent1:before - OK
{21:40:04.528} INFO: [Renderer]   > [23.12.2022 21-40-04][streamline][info]d3d11.cpp:330[createKernel] Creating DXBC kernel NIS_Sharpen_V0_H0.cs:main hash 12119078810223182601
{21:40:04.528} INFO: [Renderer]   > [23.12.2022 21-40-04][streamline][info]d3d11.cpp:330[createKernel] Creating DXBC kernel NIS_Sharpen_V0_H1.cs:main hash 14419830676434324791
{21:40:04.528} INFO: [Renderer]   > [23.12.2022 21-40-04][streamline][info]d3d11.cpp:330[createKernel] Creating DXBC kernel NIS_Sharpen_V0_H2.cs:main hash 13730826108899015964
{21:40:04.528} INFO: [Renderer]   > [23.12.2022 21-40-04][streamline][info]d3d11.cpp:330[createKernel] Creating DXBC kernel NIS_Sharpen_V1_H0.cs:main hash 13539734034720596618
{21:40:04.529} INFO: [Renderer]   > [23.12.2022 21-40-04][streamline][info]d3d11.cpp:330[createKernel] Creating DXBC kernel NIS_Sharpen_V1_H1.cs:main hash 6716256702433400594
{21:40:04.529} INFO: [Renderer]   > [23.12.2022 21-40-04][streamline][info]d3d11.cpp:330[createKernel] Creating DXBC kernel NIS_Sharpen_V1_H2.cs:main hash 16030675145760948415
{21:40:04.529} INFO: [Renderer]   > [23.12.2022 21-40-04][streamline][info]d3d11.cpp:330[createKernel] Creating DXBC kernel NIS_Scaler_V0_H0.cs:main hash 11221851537279599687
{21:40:04.529} INFO: [Renderer]   > [23.12.2022 21-40-04][streamline][info]d3d11.cpp:330[createKernel] Creating DXBC kernel NIS_Scaler_V0_H1.cs:main hash 2383697960582834213
{21:40:04.529} INFO: [Renderer]   > [23.12.2022 21-40-04][streamline][info]d3d11.cpp:330[createKernel] Creating DXBC kernel NIS_Scaler_V0_H2.cs:main hash 1766102099082287508
{21:40:04.530} INFO: [Renderer]   > [23.12.2022 21-40-04][streamline][info]d3d11.cpp:330[createKernel] Creating DXBC kernel NIS_Scaler_V1_H0.cs:main hash 1990562918408001413
{21:40:04.530} INFO: [Renderer]   > [23.12.2022 21-40-04][streamline][info]d3d11.cpp:330[createKernel] Creating DXBC kernel NIS_Scaler_V1_H1.cs:main hash 1981919493558556299
{21:40:04.530} INFO: [Renderer]   > [23.12.2022 21-40-04][streamline][info]d3d11.cpp:330[createKernel] Creating DXBC kernel NIS_Scaler_V1_H2.cs:main hash 10490254860623785046
{21:40:04.530} INFO: [Renderer]   > [23.12.2022 21-40-04][streamline][info]pluginmanager.cpp:900[mapPluginCallbacks] Callback sl.nis:slSetConstants:0x7fffe3f311d0
{21:40:04.530} INFO: [Renderer]   > [23.12.2022 21-40-04][streamline][info]pluginmanager.cpp:901[mapPluginCallbacks] Callback sl.nis:slGetSettings:0x0
{21:40:04.530} INFO: [Renderer]   > [23.12.2022 21-40-04][streamline][info]pluginmanager.cpp:902[mapPluginCallbacks] Callback sl.nis:slAllocateResources:0x0
{21:40:04.530} INFO: [Renderer]   > [23.12.2022 21-40-04][streamline][info]pluginmanager.cpp:903[mapPluginCallbacks] Callback sl.nis:slFreeResources:0x0
{21:40:04.530} INFO: [Renderer]   > [23.12.2022 21-40-04][streamline][info]pluginmanager.cpp:730[processPluginHooks] Plugin 'sl.nis' has no registered hooks
{21:40:04.530} INFO: [Renderer]   > [23.12.2022 21-40-04][streamline][info]pluginmanager.cpp:900[mapPluginCallbacks] Callback sl.reflex:slSetConstants:0x7ff859bc17b0
{21:40:04.530} INFO: [Renderer]   > [23.12.2022 21-40-04][streamline][info]pluginmanager.cpp:901[mapPluginCallbacks] Callback sl.reflex:slGetSettings:0x7ff859bc1bf0
{21:40:04.530} INFO: [Renderer]   > [23.12.2022 21-40-04][streamline][info]pluginmanager.cpp:902[mapPluginCallbacks] Callback sl.reflex:slAllocateResources:0x0
{21:40:04.530} INFO: [Renderer]   > [23.12.2022 21-40-04][streamline][info]pluginmanager.cpp:903[mapPluginCallbacks] Callback sl.reflex:slFreeResources:0x0
{21:40:04.530} INFO: [Renderer]   > [23.12.2022 21-40-04][streamline][info]pluginmanager.cpp:730[processPluginHooks] Plugin 'sl.reflex' has no registered hooks
{21:40:04.530} ERRR: [Renderer]   > [23.12.2022 21-40-04][streamline][error]sl.cpp:157[slIsFeatureSupported] Feature 'eFeatureDLSS' is not supported or missing
{21:40:04.530} INFO: [Renderer]   > Renderer: supported display modes:
{21:40:04.530} INFO: [Renderer]   |  monitor:0, 640x480, bpp:24, hz:144.00, fmt: A8R8G8B8
{21:40:04.530} INFO: [Renderer]   |  monitor:0, 640x480, bpp:24, hz:144.00, fmt: A8R8G8B8
{21:40:04.530} INFO: [Renderer]   |  monitor:0, 640x480, bpp:24, hz:120.00, fmt: A8R8G8B8
{21:40:04.530} INFO: [Renderer]   |  monitor:0, 640x480, bpp:24, hz:120.00, fmt: A8R8G8B8
{21:40:04.530} INFO: [Renderer]   |  monitor:0, 640x480, bpp:24, hz:99.95, fmt: A8R8G8B8
{21:40:04.531} INFO: [Renderer]   |  monitor:0, 640x480, bpp:24, hz:99.95, fmt: A8R8G8B8
{21:40:04.531} INFO: [Renderer]   |  monitor:0, 640x480, bpp:24, hz:84.98, fmt: A8R8G8B8
{21:40:04.531} INFO: [Renderer]   |  monitor:0, 640x480, bpp:24, hz:84.98, fmt: A8R8G8B8
{21:40:04.531} INFO: [Renderer]   |  monitor:0, 640x480, bpp:24, hz:59.95, fmt: A8R8G8B8
{21:40:04.531} INFO: [Renderer]   |  monitor:0, 640x480, bpp:24, hz:59.95, fmt: A8R8G8B8
{21:40:04.531} INFO: [Renderer]   |  monitor:0, 720x480, bpp:24, hz:144.00, fmt: A8R8G8B8
{21:40:04.531} INFO: [Renderer]   |  monitor:0, 720x480, bpp:24, hz:144.00, fmt: A8R8G8B8
{21:40:04.531} INFO: [Renderer]   |  monitor:0, 720x480, bpp:24, hz:120.00, fmt: A8R8G8B8
{21:40:04.531} INFO: [Renderer]   |  monitor:0, 720x480, bpp:24, hz:120.00, fmt: A8R8G8B8
{21:40:04.531} INFO: [Renderer]   |  monitor:0, 720x480, bpp:24, hz:99.95, fmt: A8R8G8B8
{21:40:04.531} INFO: [Renderer]   |  monitor:0, 720x480, bpp:24, hz:99.95, fmt: A8R8G8B8
{21:40:04.531} INFO: [Renderer]   |  monitor:0, 720x480, bpp:24, hz:84.98, fmt: A8R8G8B8
{21:40:04.531} INFO: [Renderer]   |  monitor:0, 720x480, bpp:24, hz:84.98, fmt: A8R8G8B8
{21:40:04.531} INFO: [Renderer]   |  monitor:0, 720x480, bpp:24, hz:59.95, fmt: A8R8G8B8
{21:40:04.531} INFO: [Renderer]   |  monitor:0, 720x480, bpp:24, hz:59.95, fmt: A8R8G8B8
{21:40:04.531} INFO: [Renderer]   |  monitor:0, 720x576, bpp:24, hz:144.00, fmt: A8R8G8B8
{21:40:04.531} INFO: [Renderer]   |  monitor:0, 720x576, bpp:24, hz:144.00, fmt: A8R8G8B8
{21:40:04.531} INFO: [Renderer]   |  monitor:0, 720x576, bpp:24, hz:120.00, fmt: A8R8G8B8
{21:40:04.531} INFO: [Renderer]   |  monitor:0, 720x576, bpp:24, hz:120.00, fmt: A8R8G8B8
{21:40:04.531} INFO: [Renderer]   |  monitor:0, 720x576, bpp:24, hz:99.95, fmt: A8R8G8B8
{21:40:04.531} INFO: [Renderer]   |  monitor:0, 720x576, bpp:24, hz:99.95, fmt: A8R8G8B8
{21:40:04.531} INFO: [Renderer]   |  monitor:0, 720x576, bpp:24, hz:84.98, fmt: A8R8G8B8
{21:40:04.531} INFO: [Renderer]   |  monitor:0, 720x576, bpp:24, hz:84.98, fmt: A8R8G8B8
{21:40:04.531} INFO: [Renderer]   |  monitor:0, 720x576, bpp:24, hz:59.95, fmt: A8R8G8B8
{21:40:04.531} INFO: [Renderer]   |  monitor:0, 720x576, bpp:24, hz:59.95, fmt: A8R8G8B8
{21:40:04.531} INFO: [Renderer]   |  monitor:0, 800x600, bpp:24, hz:144.00, fmt: A8R8G8B8
{21:40:04.531} INFO: [Renderer]   |  monitor:0, 800x600, bpp:24, hz:144.00, fmt: A8R8G8B8
{21:40:04.531} INFO: [Renderer]   |  monitor:0, 800x600, bpp:24, hz:120.00, fmt: A8R8G8B8
{21:40:04.531} INFO: [Renderer]   |  monitor:0, 800x600, bpp:24, hz:120.00, fmt: A8R8G8B8
{21:40:04.531} INFO: [Renderer]   |  monitor:0, 800x600, bpp:24, hz:99.95, fmt: A8R8G8B8
{21:40:04.531} INFO: [Renderer]   |  monitor:0, 800x600, bpp:24, hz:99.95, fmt: A8R8G8B8
{21:40:04.531} INFO: [Renderer]   |  monitor:0, 800x600, bpp:24, hz:84.98, fmt: A8R8G8B8
{21:40:04.531} INFO: [Renderer]   |  monitor:0, 800x600, bpp:24, hz:84.98, fmt: A8R8G8B8
{21:40:04.531} INFO: [Renderer]   |  monitor:0, 800x600, bpp:24, hz:59.95, fmt: A8R8G8B8
{21:40:04.531} INFO: [Renderer]   |  monitor:0, 800x600, bpp:24, hz:59.95, fmt: A8R8G8B8
{21:40:04.531} INFO: [Renderer]   |  monitor:0, 1024x768, bpp:24, hz:144.00, fmt: A8R8G8B8
{21:40:04.531} INFO: [Renderer]   |  monitor:0, 1024x768, bpp:24, hz:144.00, fmt: A8R8G8B8
{21:40:04.531} INFO: [Renderer]   |  monitor:0, 1024x768, bpp:24, hz:120.00, fmt: A8R8G8B8
{21:40:04.531} INFO: [Renderer]   |  monitor:0, 1024x768, bpp:24, hz:120.00, fmt: A8R8G8B8
{21:40:04.531} INFO: [Renderer]   |  monitor:0, 1024x768, bpp:24, hz:99.95, fmt: A8R8G8B8
{21:40:04.531} INFO: [Renderer]   |  monitor:0, 1024x768, bpp:24, hz:99.95, fmt: A8R8G8B8
{21:40:04.531} INFO: [Renderer]   |  monitor:0, 1024x768, bpp:24, hz:84.98, fmt: A8R8G8B8
{21:40:04.531} INFO: [Renderer]   |  monitor:0, 1024x768, bpp:24, hz:84.98, fmt: A8R8G8B8
{21:40:04.531} INFO: [Renderer]   |  monitor:0, 1024x768, bpp:24, hz:59.95, fmt: A8R8G8B8
{21:40:04.531} INFO: [Renderer]   |  monitor:0, 1024x768, bpp:24, hz:59.95, fmt: A8R8G8B8
{21:40:04.531} INFO: [Renderer]   |  monitor:0, 1152x864, bpp:24, hz:144.00, fmt: A8R8G8B8
{21:40:04.531} INFO: [Renderer]   |  monitor:0, 1152x864, bpp:24, hz:144.00, fmt: A8R8G8B8
{21:40:04.531} INFO: [Renderer]   |  monitor:0, 1152x864, bpp:24, hz:120.00, fmt: A8R8G8B8
{21:40:04.531} INFO: [Renderer]   |  monitor:0, 1152x864, bpp:24, hz:120.00, fmt: A8R8G8B8
{21:40:04.531} INFO: [Renderer]   |  monitor:0, 1152x864, bpp:24, hz:99.95, fmt: A8R8G8B8
{21:40:04.531} INFO: [Renderer]   |  monitor:0, 1152x864, bpp:24, hz:99.95, fmt: A8R8G8B8
{21:40:04.531} INFO: [Renderer]   |  monitor:0, 1152x864, bpp:24, hz:84.98, fmt: A8R8G8B8
{21:40:04.531} INFO: [Renderer]   |  monitor:0, 1152x864, bpp:24, hz:84.98, fmt: A8R8G8B8
{21:40:04.531} INFO: [Renderer]   |  monitor:0, 1152x864, bpp:24, hz:59.95, fmt: A8R8G8B8
{21:40:04.531} INFO: [Renderer]   |  monitor:0, 1152x864, bpp:24, hz:59.95, fmt: A8R8G8B8
{21:40:04.531} INFO: [Renderer]   |  monitor:0, 1280x720, bpp:24, hz:144.00, fmt: A8R8G8B8
{21:40:04.531} INFO: [Renderer]   |  monitor:0, 1280x720, bpp:24, hz:144.00, fmt: A8R8G8B8
{21:40:04.531} INFO: [Renderer]   |  monitor:0, 1280x720, bpp:24, hz:120.00, fmt: A8R8G8B8
{21:40:04.531} INFO: [Renderer]   |  monitor:0, 1280x720, bpp:24, hz:120.00, fmt: A8R8G8B8
{21:40:04.531} INFO: [Renderer]   |  monitor:0, 1280x720, bpp:24, hz:99.95, fmt: A8R8G8B8
{21:40:04.531} INFO: [Renderer]   |  monitor:0, 1280x720, bpp:24, hz:99.95, fmt: A8R8G8B8
{21:40:04.531} INFO: [Renderer]   |  monitor:0, 1280x720, bpp:24, hz:84.98, fmt: A8R8G8B8
{21:40:04.531} INFO: [Renderer]   |  monitor:0, 1280x720, bpp:24, hz:84.98, fmt: A8R8G8B8
{21:40:04.531} INFO: [Renderer]   |  monitor:0, 1280x720, bpp:24, hz:59.95, fmt: A8R8G8B8
{21:40:04.531} INFO: [Renderer]   |  monitor:0, 1280x720, bpp:24, hz:59.95, fmt: A8R8G8B8
{21:40:04.531} INFO: [Renderer]   |  monitor:0, 1280x768, bpp:24, hz:144.00, fmt: A8R8G8B8
{21:40:04.531} INFO: [Renderer]   |  monitor:0, 1280x768, bpp:24, hz:144.00, fmt: A8R8G8B8
{21:40:04.531} INFO: [Renderer]   |  monitor:0, 1280x768, bpp:24, hz:120.00, fmt: A8R8G8B8
{21:40:04.531} INFO: [Renderer]   |  monitor:0, 1280x768, bpp:24, hz:120.00, fmt: A8R8G8B8
{21:40:04.531} INFO: [Renderer]   |  monitor:0, 1280x768, bpp:24, hz:99.95, fmt: A8R8G8B8
{21:40:04.531} INFO: [Renderer]   |  monitor:0, 1280x768, bpp:24, hz:99.95, fmt: A8R8G8B8
{21:40:04.531} INFO: [Renderer]   |  monitor:0, 1280x768, bpp:24, hz:84.98, fmt: A8R8G8B8
{21:40:04.531} INFO: [Renderer]   |  monitor:0, 1280x768, bpp:24, hz:84.98, fmt: A8R8G8B8
{21:40:04.531} INFO: [Renderer]   |  monitor:0, 1280x768, bpp:24, hz:59.95, fmt: A8R8G8B8
{21:40:04.531} INFO: [Renderer]   |  monitor:0, 1280x768, bpp:24, hz:59.95, fmt: A8R8G8B8
{21:40:04.531} INFO: [Renderer]   |  monitor:0, 1280x800, bpp:24, hz:144.00, fmt: A8R8G8B8
{21:40:04.531} INFO: [Renderer]   |  monitor:0, 1280x800, bpp:24, hz:144.00, fmt: A8R8G8B8
{21:40:04.531} INFO: [Renderer]   |  monitor:0, 1280x800, bpp:24, hz:120.00, fmt: A8R8G8B8
{21:40:04.531} INFO: [Renderer]   |  monitor:0, 1280x800, bpp:24, hz:120.00, fmt: A8R8G8B8
{21:40:04.531} INFO: [Renderer]   |  monitor:0, 1280x800, bpp:24, hz:99.95, fmt: A8R8G8B8
{21:40:04.531} INFO: [Renderer]   |  monitor:0, 1280x800, bpp:24, hz:99.95, fmt: A8R8G8B8
{21:40:04.531} INFO: [Renderer]   |  monitor:0, 1280x800, bpp:24, hz:84.98, fmt: A8R8G8B8
{21:40:04.531} INFO: [Renderer]   |  monitor:0, 1280x800, bpp:24, hz:84.98, fmt: A8R8G8B8
{21:40:04.531} INFO: [Renderer]   |  monitor:0, 1280x800, bpp:24, hz:59.95, fmt: A8R8G8B8
{21:40:04.531} INFO: [Renderer]   |  monitor:0, 1280x800, bpp:24, hz:59.95, fmt: A8R8G8B8
{21:40:04.531} INFO: [Renderer]   |  monitor:0, 1280x960, bpp:24, hz:144.00, fmt: A8R8G8B8
{21:40:04.531} INFO: [Renderer]   |  monitor:0, 1280x960, bpp:24, hz:144.00, fmt: A8R8G8B8
{21:40:04.531} INFO: [Renderer]   |  monitor:0, 1280x960, bpp:24, hz:120.00, fmt: A8R8G8B8
{21:40:04.531} INFO: [Renderer]   |  monitor:0, 1280x960, bpp:24, hz:120.00, fmt: A8R8G8B8
{21:40:04.531} INFO: [Renderer]   |  monitor:0, 1280x960, bpp:24, hz:99.95, fmt: A8R8G8B8
{21:40:04.531} INFO: [Renderer]   |  monitor:0, 1280x960, bpp:24, hz:99.95, fmt: A8R8G8B8
{21:40:04.531} INFO: [Renderer]   |  monitor:0, 1280x960, bpp:24, hz:84.98, fmt: A8R8G8B8
{21:40:04.531} INFO: [Renderer]   |  monitor:0, 1280x960, bpp:24, hz:84.98, fmt: A8R8G8B8
{21:40:04.531} INFO: [Renderer]   |  monitor:0, 1280x960, bpp:24, hz:59.95, fmt: A8R8G8B8
{21:40:04.531} INFO: [Renderer]   |  monitor:0, 1280x960, bpp:24, hz:59.95, fmt: A8R8G8B8
{21:40:04.531} INFO: [Renderer]   |  monitor:0, 1280x1024, bpp:24, hz:144.00, fmt: A8R8G8B8
{21:40:04.531} INFO: [Renderer]   |  monitor:0, 1280x1024, bpp:24, hz:144.00, fmt: A8R8G8B8
{21:40:04.531} INFO: [Renderer]   |  monitor:0, 1280x1024, bpp:24, hz:120.00, fmt: A8R8G8B8
{21:40:04.531} INFO: [Renderer]   |  monitor:0, 1280x1024, bpp:24, hz:120.00, fmt: A8R8G8B8
{21:40:04.531} INFO: [Renderer]   |  monitor:0, 1280x1024, bpp:24, hz:99.95, fmt: A8R8G8B8
{21:40:04.531} INFO: [Renderer]   |  monitor:0, 1280x1024, bpp:24, hz:99.95, fmt: A8R8G8B8
{21:40:04.531} INFO: [Renderer]   |  monitor:0, 1280x1024, bpp:24, hz:84.98, fmt: A8R8G8B8
{21:40:04.531} INFO: [Renderer]   |  monitor:0, 1280x1024, bpp:24, hz:84.98, fmt: A8R8G8B8
{21:40:04.531} INFO: [Renderer]   |  monitor:0, 1280x1024, bpp:24, hz:59.95, fmt: A8R8G8B8
{21:40:04.531} INFO: [Renderer]   |  monitor:0, 1280x1024, bpp:24, hz:59.95, fmt: A8R8G8B8
{21:40:04.531} INFO: [Renderer]   |  monitor:0, 1360x768, bpp:24, hz:144.00, fmt: A8R8G8B8
{21:40:04.531} INFO: [Renderer]   |  monitor:0, 1360x768, bpp:24, hz:144.00, fmt: A8R8G8B8
{21:40:04.531} INFO: [Renderer]   |  monitor:0, 1360x768, bpp:24, hz:120.00, fmt: A8R8G8B8
{21:40:04.531} INFO: [Renderer]   |  monitor:0, 1360x768, bpp:24, hz:120.00, fmt: A8R8G8B8
{21:40:04.531} INFO: [Renderer]   |  monitor:0, 1360x768, bpp:24, hz:99.95, fmt: A8R8G8B8
{21:40:04.531} INFO: [Renderer]   |  monitor:0, 1360x768, bpp:24, hz:99.95, fmt: A8R8G8B8
{21:40:04.531} INFO: [Renderer]   |  monitor:0, 1360x768, bpp:24, hz:84.98, fmt: A8R8G8B8
{21:40:04.531} INFO: [Renderer]   |  monitor:0, 1360x768, bpp:24, hz:84.98, fmt: A8R8G8B8
{21:40:04.531} INFO: [Renderer]   |  monitor:0, 1360x768, bpp:24, hz:59.95, fmt: A8R8G8B8
{21:40:04.531} INFO: [Renderer]   |  monitor:0, 1360x768, bpp:24, hz:59.95, fmt: A8R8G8B8
{21:40:04.531} INFO: [Renderer]   |  monitor:0, 1366x768, bpp:24, hz:144.00, fmt: A8R8G8B8
{21:40:04.531} INFO: [Renderer]   |  monitor:0, 1366x768, bpp:24, hz:144.00, fmt: A8R8G8B8
{21:40:04.531} INFO: [Renderer]   |  monitor:0, 1366x768, bpp:24, hz:120.00, fmt: A8R8G8B8
{21:40:04.531} INFO: [Renderer]   |  monitor:0, 1366x768, bpp:24, hz:120.00, fmt: A8R8G8B8
{21:40:04.531} INFO: [Renderer]   |  monitor:0, 1366x768, bpp:24, hz:99.95, fmt: A8R8G8B8
{21:40:04.531} INFO: [Renderer]   |  monitor:0, 1366x768, bpp:24, hz:99.95, fmt: A8R8G8B8
{21:40:04.531} INFO: [Renderer]   |  monitor:0, 1366x768, bpp:24, hz:84.98, fmt: A8R8G8B8
{21:40:04.531} INFO: [Renderer]   |  monitor:0, 1366x768, bpp:24, hz:84.98, fmt: A8R8G8B8
{21:40:04.531} INFO: [Renderer]   |  monitor:0, 1366x768, bpp:24, hz:59.95, fmt: A8R8G8B8
{21:40:04.531} INFO: [Renderer]   |  monitor:0, 1366x768, bpp:24, hz:59.95, fmt: A8R8G8B8
{21:40:04.531} INFO: [Renderer]   |  monitor:0, 1440x900, bpp:24, hz:144.00, fmt: A8R8G8B8
{21:40:04.531} INFO: [Renderer]   |  monitor:0, 1440x900, bpp:24, hz:144.00, fmt: A8R8G8B8
{21:40:04.531} INFO: [Renderer]   |  monitor:0, 1440x900, bpp:24, hz:120.00, fmt: A8R8G8B8
{21:40:04.531} INFO: [Renderer]   |  monitor:0, 1440x900, bpp:24, hz:120.00, fmt: A8R8G8B8
{21:40:04.531} INFO: [Renderer]   |  monitor:0, 1440x900, bpp:24, hz:99.95, fmt: A8R8G8B8
{21:40:04.531} INFO: [Renderer]   |  monitor:0, 1440x900, bpp:24, hz:99.95, fmt: A8R8G8B8
{21:40:04.531} INFO: [Renderer]   |  monitor:0, 1440x900, bpp:24, hz:84.98, fmt: A8R8G8B8
{21:40:04.531} INFO: [Renderer]   |  monitor:0, 1440x900, bpp:24, hz:84.98, fmt: A8R8G8B8
{21:40:04.531} INFO: [Renderer]   |  monitor:0, 1440x900, bpp:24, hz:59.95, fmt: A8R8G8B8
{21:40:04.531} INFO: [Renderer]   |  monitor:0, 1440x900, bpp:24, hz:59.95, fmt: A8R8G8B8
{21:40:04.531} INFO: [Renderer]   |  monitor:0, 1600x900, bpp:24, hz:144.00, fmt: A8R8G8B8
{21:40:04.531} INFO: [Renderer]   |  monitor:0, 1600x900, bpp:24, hz:144.00, fmt: A8R8G8B8
{21:40:04.531} INFO: [Renderer]   |  monitor:0, 1600x900, bpp:24, hz:120.00, fmt: A8R8G8B8
{21:40:04.531} INFO: [Renderer]   |  monitor:0, 1600x900, bpp:24, hz:120.00, fmt: A8R8G8B8
{21:40:04.531} INFO: [Renderer]   |  monitor:0, 1600x900, bpp:24, hz:99.95, fmt: A8R8G8B8
{21:40:04.531} INFO: [Renderer]   |  monitor:0, 1600x900, bpp:24, hz:99.95, fmt: A8R8G8B8
{21:40:04.531} INFO: [Renderer]   |  monitor:0, 1600x900, bpp:24, hz:84.98, fmt: A8R8G8B8
{21:40:04.531} INFO: [Renderer]   |  monitor:0, 1600x900, bpp:24, hz:84.98, fmt: A8R8G8B8
{21:40:04.531} INFO: [Renderer]   |  monitor:0, 1600x900, bpp:24, hz:59.95, fmt: A8R8G8B8
{21:40:04.531} INFO: [Renderer]   |  monitor:0, 1600x900, bpp:24, hz:59.95, fmt: A8R8G8B8
{21:40:04.531} INFO: [Renderer]   |  monitor:0, 1600x1024, bpp:24, hz:144.00, fmt: A8R8G8B8
{21:40:04.531} INFO: [Renderer]   |  monitor:0, 1600x1024, bpp:24, hz:144.00, fmt: A8R8G8B8
{21:40:04.531} INFO: [Renderer]   |  monitor:0, 1600x1024, bpp:24, hz:120.00, fmt: A8R8G8B8
{21:40:04.531} INFO: [Renderer]   |  monitor:0, 1600x1024, bpp:24, hz:120.00, fmt: A8R8G8B8
{21:40:04.531} INFO: [Renderer]   |  monitor:0, 1600x1024, bpp:24, hz:99.95, fmt: A8R8G8B8
{21:40:04.531} INFO: [Renderer]   |  monitor:0, 1600x1024, bpp:24, hz:99.95, fmt: A8R8G8B8
{21:40:04.531} INFO: [Renderer]   |  monitor:0, 1600x1024, bpp:24, hz:84.98, fmt: A8R8G8B8
{21:40:04.531} INFO: [Renderer]   |  monitor:0, 1600x1024, bpp:24, hz:84.98, fmt: A8R8G8B8
{21:40:04.531} INFO: [Renderer]   |  monitor:0, 1600x1024, bpp:24, hz:59.95, fmt: A8R8G8B8
{21:40:04.531} INFO: [Renderer]   |  monitor:0, 1600x1024, bpp:24, hz:59.95, fmt: A8R8G8B8
{21:40:04.531} INFO: [Renderer]   |  monitor:0, 1600x1200, bpp:24, hz:144.00, fmt: A8R8G8B8
{21:40:04.531} INFO: [Renderer]   |  monitor:0, 1600x1200, bpp:24, hz:144.00, fmt: A8R8G8B8
{21:40:04.531} INFO: [Renderer]   |  monitor:0, 1600x1200, bpp:24, hz:120.00, fmt: A8R8G8B8
{21:40:04.531} INFO: [Renderer]   |  monitor:0, 1600x1200, bpp:24, hz:120.00, fmt: A8R8G8B8
{21:40:04.531} INFO: [Renderer]   |  monitor:0, 1600x1200, bpp:24, hz:99.95, fmt: A8R8G8B8
{21:40:04.531} INFO: [Renderer]   |  monitor:0, 1600x1200, bpp:24, hz:99.95, fmt: A8R8G8B8
{21:40:04.531} INFO: [Renderer]   |  monitor:0, 1600x1200, bpp:24, hz:84.98, fmt: A8R8G8B8
{21:40:04.531} INFO: [Renderer]   |  monitor:0, 1600x1200, bpp:24, hz:84.98, fmt: A8R8G8B8
{21:40:04.531} INFO: [Renderer]   |  monitor:0, 1600x1200, bpp:24, hz:59.95, fmt: A8R8G8B8
{21:40:04.531} INFO: [Renderer]   |  monitor:0, 1600x1200, bpp:24, hz:59.95, fmt: A8R8G8B8
{21:40:04.531} INFO: [Renderer]   |  monitor:0, 1680x1050, bpp:24, hz:144.00, fmt: A8R8G8B8
{21:40:04.531} INFO: [Renderer]   |  monitor:0, 1680x1050, bpp:24, hz:144.00, fmt: A8R8G8B8
{21:40:04.531} INFO: [Renderer]   |  monitor:0, 1680x1050, bpp:24, hz:120.00, fmt: A8R8G8B8
{21:40:04.531} INFO: [Renderer]   |  monitor:0, 1680x1050, bpp:24, hz:120.00, fmt: A8R8G8B8
{21:40:04.531} INFO: [Renderer]   |  monitor:0, 1680x1050, bpp:24, hz:99.95, fmt: A8R8G8B8
{21:40:04.531} INFO: [Renderer]   |  monitor:0, 1680x1050, bpp:24, hz:99.95, fmt: A8R8G8B8
{21:40:04.532} INFO: [Renderer]   |  monitor:0, 1680x1050, bpp:24, hz:84.98, fmt: A8R8G8B8
{21:40:04.532} INFO: [Renderer]   |  monitor:0, 1680x1050, bpp:24, hz:84.98, fmt: A8R8G8B8
{21:40:04.532} INFO: [Renderer]   |  monitor:0, 1680x1050, bpp:24, hz:59.95, fmt: A8R8G8B8
{21:40:04.532} INFO: [Renderer]   |  monitor:0, 1680x1050, bpp:24, hz:59.95, fmt: A8R8G8B8
{21:40:04.532} INFO: [Renderer]   |  monitor:0, 1920x1080, bpp:24, hz:144.00, fmt: A8R8G8B8
{21:40:04.532} INFO: [Renderer]   |  monitor:0, 1920x1080, bpp:24, hz:144.00, fmt: A8R8G8B8
{21:40:04.532} INFO: [Renderer]   |  monitor:0, 1920x1080, bpp:24, hz:120.00, fmt: A8R8G8B8
{21:40:04.532} INFO: [Renderer]   |  monitor:0, 1920x1080, bpp:24, hz:120.00, fmt: A8R8G8B8
{21:40:04.532} INFO: [Renderer]   |  monitor:0, 1920x1080, bpp:24, hz:99.95, fmt: A8R8G8B8
{21:40:04.532} INFO: [Renderer]   |  monitor:0, 1920x1080, bpp:24, hz:99.95, fmt: A8R8G8B8
{21:40:04.532} INFO: [Renderer]   |  monitor:0, 1920x1080, bpp:24, hz:84.98, fmt: A8R8G8B8
{21:40:04.532} INFO: [Renderer]   |  monitor:0, 1920x1080, bpp:24, hz:84.98, fmt: A8R8G8B8
{21:40:04.532} INFO: [Renderer]   |  monitor:0, 1920x1080, bpp:24, hz:59.95, fmt: A8R8G8B8
{21:40:04.532} INFO: [Renderer]   |  monitor:0, 1920x1080, bpp:24, hz:59.95, fmt: A8R8G8B8
{21:40:04.532} INFO: [Renderer]   |  monitor:0, 1920x1200, bpp:24, hz:144.00, fmt: A8R8G8B8
{21:40:04.532} INFO: [Renderer]   |  monitor:0, 1920x1200, bpp:24, hz:144.00, fmt: A8R8G8B8
{21:40:04.532} INFO: [Renderer]   |  monitor:0, 1920x1200, bpp:24, hz:120.00, fmt: A8R8G8B8
{21:40:04.532} INFO: [Renderer]   |  monitor:0, 1920x1200, bpp:24, hz:120.00, fmt: A8R8G8B8
{21:40:04.532} INFO: [Renderer]   |  monitor:0, 1920x1200, bpp:24, hz:99.95, fmt: A8R8G8B8
{21:40:04.532} INFO: [Renderer]   |  monitor:0, 1920x1200, bpp:24, hz:99.95, fmt: A8R8G8B8
{21:40:04.532} INFO: [Renderer]   |  monitor:0, 1920x1200, bpp:24, hz:84.98, fmt: A8R8G8B8
{21:40:04.532} INFO: [Renderer]   |  monitor:0, 1920x1200, bpp:24, hz:84.98, fmt: A8R8G8B8
{21:40:04.532} INFO: [Renderer]   |  monitor:0, 1920x1200, bpp:24, hz:59.95, fmt: A8R8G8B8
{21:40:04.532} INFO: [Renderer]   |  monitor:0, 1920x1200, bpp:24, hz:59.95, fmt: A8R8G8B8
{21:40:04.532} INFO: [Renderer]   |  monitor:0, 1920x1440, bpp:24, hz:144.00, fmt: A8R8G8B8
{21:40:04.532} INFO: [Renderer]   |  monitor:0, 1920x1440, bpp:24, hz:144.00, fmt: A8R8G8B8
{21:40:04.532} INFO: [Renderer]   |  monitor:0, 1920x1440, bpp:24, hz:120.00, fmt: A8R8G8B8
{21:40:04.532} INFO: [Renderer]   |  monitor:0, 1920x1440, bpp:24, hz:120.00, fmt: A8R8G8B8
{21:40:04.532} INFO: [Renderer]   |  monitor:0, 1920x1440, bpp:24, hz:99.95, fmt: A8R8G8B8
{21:40:04.532} INFO: [Renderer]   |  monitor:0, 1920x1440, bpp:24, hz:99.95, fmt: A8R8G8B8
{21:40:04.532} INFO: [Renderer]   |  monitor:0, 1920x1440, bpp:24, hz:84.98, fmt: A8R8G8B8
{21:40:04.532} INFO: [Renderer]   |  monitor:0, 1920x1440, bpp:24, hz:84.98, fmt: A8R8G8B8
{21:40:04.532} INFO: [Renderer]   |  monitor:0, 1920x1440, bpp:24, hz:59.95, fmt: A8R8G8B8
{21:40:04.532} INFO: [Renderer]   |  monitor:0, 1920x1440, bpp:24, hz:59.95, fmt: A8R8G8B8
{21:40:04.532} INFO: [Renderer]   |  monitor:0, 2560x1440, bpp:24, hz:144.00, fmt: A8R8G8B8
{21:40:04.532} INFO: [Renderer]   |  monitor:0, 2560x1440, bpp:24, hz:120.00, fmt: A8R8G8B8
{21:40:04.532} INFO: [Renderer]   |  monitor:0, 2560x1440, bpp:24, hz:99.95, fmt: A8R8G8B8
{21:40:04.532} INFO: [Renderer]   |  monitor:0, 2560x1440, bpp:24, hz:84.98, fmt: A8R8G8B8
{21:40:04.532} INFO: [Renderer]   |  monitor:0, 2560x1440, bpp:24, hz:59.95, fmt: A8R8G8B8
{21:40:04.532} INFO: [Renderer]   |  monitor:1, 640x480, bpp:24, hz:144.01, fmt: A8R8G8B8
{21:40:04.532} INFO: [Renderer]   |  monitor:1, 640x480, bpp:24, hz:144.01, fmt: A8R8G8B8
{21:40:04.532} INFO: [Renderer]   |  monitor:1, 640x480, bpp:24, hz:120.00, fmt: A8R8G8B8
{21:40:04.532} INFO: [Renderer]   |  monitor:1, 640x480, bpp:24, hz:120.00, fmt: A8R8G8B8
{21:40:04.532} INFO: [Renderer]   |  monitor:1, 640x480, bpp:24, hz:119.88, fmt: A8R8G8B8
{21:40:04.532} INFO: [Renderer]   |  monitor:1, 640x480, bpp:24, hz:119.88, fmt: A8R8G8B8
{21:40:04.532} INFO: [Renderer]   |  monitor:1, 640x480, bpp:24, hz:75.00, fmt: A8R8G8B8
{21:40:04.532} INFO: [Renderer]   |  monitor:1, 640x480, bpp:24, hz:72.00, fmt: A8R8G8B8
{21:40:04.532} INFO: [Renderer]   |  monitor:1, 640x480, bpp:24, hz:60.00, fmt: A8R8G8B8
{21:40:04.532} INFO: [Renderer]   |  monitor:1, 640x480, bpp:24, hz:59.94, fmt: A8R8G8B8
{21:40:04.532} INFO: [Renderer]   |  monitor:1, 720x480, bpp:24, hz:144.01, fmt: A8R8G8B8
{21:40:04.532} INFO: [Renderer]   |  monitor:1, 720x480, bpp:24, hz:144.01, fmt: A8R8G8B8
{21:40:04.532} INFO: [Renderer]   |  monitor:1, 720x480, bpp:24, hz:120.00, fmt: A8R8G8B8
{21:40:04.532} INFO: [Renderer]   |  monitor:1, 720x480, bpp:24, hz:120.00, fmt: A8R8G8B8
{21:40:04.532} INFO: [Renderer]   |  monitor:1, 720x480, bpp:24, hz:119.88, fmt: A8R8G8B8
{21:40:04.532} INFO: [Renderer]   |  monitor:1, 720x480, bpp:24, hz:119.88, fmt: A8R8G8B8
{21:40:04.532} INFO: [Renderer]   |  monitor:1, 720x480, bpp:24, hz:60.00, fmt: A8R8G8B8
{21:40:04.532} INFO: [Renderer]   |  monitor:1, 720x480, bpp:24, hz:59.94, fmt: A8R8G8B8
{21:40:04.532} INFO: [Renderer]   |  monitor:1, 720x576, bpp:24, hz:144.01, fmt: A8R8G8B8
{21:40:04.532} INFO: [Renderer]   |  monitor:1, 720x576, bpp:24, hz:144.01, fmt: A8R8G8B8
{21:40:04.532} INFO: [Renderer]   |  monitor:1, 720x576, bpp:24, hz:120.00, fmt: A8R8G8B8
{21:40:04.532} INFO: [Renderer]   |  monitor:1, 720x576, bpp:24, hz:120.00, fmt: A8R8G8B8
{21:40:04.532} INFO: [Renderer]   |  monitor:1, 720x576, bpp:24, hz:119.88, fmt: A8R8G8B8
{21:40:04.532} INFO: [Renderer]   |  monitor:1, 720x576, bpp:24, hz:119.88, fmt: A8R8G8B8
{21:40:04.532} INFO: [Renderer]   |  monitor:1, 720x576, bpp:24, hz:50.00, fmt: A8R8G8B8
{21:40:04.532} INFO: [Renderer]   |  monitor:1, 800x600, bpp:24, hz:144.01, fmt: A8R8G8B8
{21:40:04.532} INFO: [Renderer]   |  monitor:1, 800x600, bpp:24, hz:144.01, fmt: A8R8G8B8
{21:40:04.532} INFO: [Renderer]   |  monitor:1, 800x600, bpp:24, hz:120.00, fmt: A8R8G8B8
{21:40:04.532} INFO: [Renderer]   |  monitor:1, 800x600, bpp:24, hz:120.00, fmt: A8R8G8B8
{21:40:04.532} INFO: [Renderer]   |  monitor:1, 800x600, bpp:24, hz:119.88, fmt: A8R8G8B8
{21:40:04.532} INFO: [Renderer]   |  monitor:1, 800x600, bpp:24, hz:119.88, fmt: A8R8G8B8
{21:40:04.532} INFO: [Renderer]   |  monitor:1, 800x600, bpp:24, hz:75.00, fmt: A8R8G8B8
{21:40:04.532} INFO: [Renderer]   |  monitor:1, 800x600, bpp:24, hz:72.19, fmt: A8R8G8B8
{21:40:04.532} INFO: [Renderer]   |  monitor:1, 800x600, bpp:24, hz:60.32, fmt: A8R8G8B8
{21:40:04.532} INFO: [Renderer]   |  monitor:1, 800x600, bpp:24, hz:56.25, fmt: A8R8G8B8
{21:40:04.532} INFO: [Renderer]   |  monitor:1, 1024x768, bpp:24, hz:144.01, fmt: A8R8G8B8
{21:40:04.532} INFO: [Renderer]   |  monitor:1, 1024x768, bpp:24, hz:144.01, fmt: A8R8G8B8
{21:40:04.532} INFO: [Renderer]   |  monitor:1, 1024x768, bpp:24, hz:120.00, fmt: A8R8G8B8
{21:40:04.532} INFO: [Renderer]   |  monitor:1, 1024x768, bpp:24, hz:120.00, fmt: A8R8G8B8
{21:40:04.532} INFO: [Renderer]   |  monitor:1, 1024x768, bpp:24, hz:119.88, fmt: A8R8G8B8
{21:40:04.532} INFO: [Renderer]   |  monitor:1, 1024x768, bpp:24, hz:119.88, fmt: A8R8G8B8
{21:40:04.532} INFO: [Renderer]   |  monitor:1, 1024x768, bpp:24, hz:75.03, fmt: A8R8G8B8
{21:40:04.532} INFO: [Renderer]   |  monitor:1, 1024x768, bpp:24, hz:70.07, fmt: A8R8G8B8
{21:40:04.532} INFO: [Renderer]   |  monitor:1, 1024x768, bpp:24, hz:60.00, fmt: A8R8G8B8
{21:40:04.532} INFO: [Renderer]   |  monitor:1, 1152x864, bpp:24, hz:144.01, fmt: A8R8G8B8
{21:40:04.532} INFO: [Renderer]   |  monitor:1, 1152x864, bpp:24, hz:144.01, fmt: A8R8G8B8
{21:40:04.532} INFO: [Renderer]   |  monitor:1, 1152x864, bpp:24, hz:120.00, fmt: A8R8G8B8
{21:40:04.532} INFO: [Renderer]   |  monitor:1, 1152x864, bpp:24, hz:120.00, fmt: A8R8G8B8
{21:40:04.532} INFO: [Renderer]   |  monitor:1, 1152x864, bpp:24, hz:119.88, fmt: A8R8G8B8
{21:40:04.532} INFO: [Renderer]   |  monitor:1, 1152x864, bpp:24, hz:119.88, fmt: A8R8G8B8
{21:40:04.532} INFO: [Renderer]   |  monitor:1, 1152x864, bpp:24, hz:75.00, fmt: A8R8G8B8
{21:40:04.532} INFO: [Renderer]   |  monitor:1, 1176x664, bpp:24, hz:60.00, fmt: A8R8G8B8
{21:40:04.532} INFO: [Renderer]   |  monitor:1, 1176x664, bpp:24, hz:60.00, fmt: A8R8G8B8
{21:40:04.532} INFO: [Renderer]   |  monitor:1, 1176x664, bpp:24, hz:59.94, fmt: A8R8G8B8
{21:40:04.532} INFO: [Renderer]   |  monitor:1, 1176x664, bpp:24, hz:59.94, fmt: A8R8G8B8
{21:40:04.532} INFO: [Renderer]   |  monitor:1, 1176x664, bpp:24, hz:50.00, fmt: A8R8G8B8
{21:40:04.532} INFO: [Renderer]   |  monitor:1, 1176x664, bpp:24, hz:50.00, fmt: A8R8G8B8
{21:40:04.532} INFO: [Renderer]   |  monitor:1, 1280x720, bpp:24, hz:144.01, fmt: A8R8G8B8
{21:40:04.532} INFO: [Renderer]   |  monitor:1, 1280x720, bpp:24, hz:144.01, fmt: A8R8G8B8
{21:40:04.532} INFO: [Renderer]   |  monitor:1, 1280x720, bpp:24, hz:120.00, fmt: A8R8G8B8
{21:40:04.532} INFO: [Renderer]   |  monitor:1, 1280x720, bpp:24, hz:120.00, fmt: A8R8G8B8
{21:40:04.532} INFO: [Renderer]   |  monitor:1, 1280x720, bpp:24, hz:119.88, fmt: A8R8G8B8
{21:40:04.532} INFO: [Renderer]   |  monitor:1, 1280x720, bpp:24, hz:119.88, fmt: A8R8G8B8
{21:40:04.532} INFO: [Renderer]   |  monitor:1, 1280x720, bpp:24, hz:60.00, fmt: A8R8G8B8
{21:40:04.532} INFO: [Renderer]   |  monitor:1, 1280x720, bpp:24, hz:59.94, fmt: A8R8G8B8
{21:40:04.532} INFO: [Renderer]   |  monitor:1, 1280x720, bpp:24, hz:50.00, fmt: A8R8G8B8
{21:40:04.532} INFO: [Renderer]   |  monitor:1, 1280x768, bpp:24, hz:144.01, fmt: A8R8G8B8
{21:40:04.532} INFO: [Renderer]   |  monitor:1, 1280x768, bpp:24, hz:144.01, fmt: A8R8G8B8
{21:40:04.532} INFO: [Renderer]   |  monitor:1, 1280x768, bpp:24, hz:120.00, fmt: A8R8G8B8
{21:40:04.532} INFO: [Renderer]   |  monitor:1, 1280x768, bpp:24, hz:120.00, fmt: A8R8G8B8
{21:40:04.532} INFO: [Renderer]   |  monitor:1, 1280x768, bpp:24, hz:119.88, fmt: A8R8G8B8
{21:40:04.532} INFO: [Renderer]   |  monitor:1, 1280x768, bpp:24, hz:119.88, fmt: A8R8G8B8
{21:40:04.532} INFO: [Renderer]   |  monitor:1, 1280x768, bpp:24, hz:60.00, fmt: A8R8G8B8
{21:40:04.532} INFO: [Renderer]   |  monitor:1, 1280x768, bpp:24, hz:60.00, fmt: A8R8G8B8
{21:40:04.532} INFO: [Renderer]   |  monitor:1, 1280x800, bpp:24, hz:144.01, fmt: A8R8G8B8
{21:40:04.532} INFO: [Renderer]   |  monitor:1, 1280x800, bpp:24, hz:144.01, fmt: A8R8G8B8
{21:40:04.532} INFO: [Renderer]   |  monitor:1, 1280x800, bpp:24, hz:120.00, fmt: A8R8G8B8
{21:40:04.532} INFO: [Renderer]   |  monitor:1, 1280x800, bpp:24, hz:120.00, fmt: A8R8G8B8
{21:40:04.532} INFO: [Renderer]   |  monitor:1, 1280x800, bpp:24, hz:119.88, fmt: A8R8G8B8
{21:40:04.532} INFO: [Renderer]   |  monitor:1, 1280x800, bpp:24, hz:119.88, fmt: A8R8G8B8
{21:40:04.532} INFO: [Renderer]   |  monitor:1, 1280x800, bpp:24, hz:60.00, fmt: A8R8G8B8
{21:40:04.532} INFO: [Renderer]   |  monitor:1, 1280x800, bpp:24, hz:60.00, fmt: A8R8G8B8
{21:40:04.532} INFO: [Renderer]   |  monitor:1, 1280x960, bpp:24, hz:144.01, fmt: A8R8G8B8
{21:40:04.532} INFO: [Renderer]   |  monitor:1, 1280x960, bpp:24, hz:144.01, fmt: A8R8G8B8
{21:40:04.532} INFO: [Renderer]   |  monitor:1, 1280x960, bpp:24, hz:120.00, fmt: A8R8G8B8
{21:40:04.532} INFO: [Renderer]   |  monitor:1, 1280x960, bpp:24, hz:120.00, fmt: A8R8G8B8
{21:40:04.532} INFO: [Renderer]   |  monitor:1, 1280x960, bpp:24, hz:119.88, fmt: A8R8G8B8
{21:40:04.532} INFO: [Renderer]   |  monitor:1, 1280x960, bpp:24, hz:119.88, fmt: A8R8G8B8
{21:40:04.532} INFO: [Renderer]   |  monitor:1, 1280x960, bpp:24, hz:60.00, fmt: A8R8G8B8
{21:40:04.532} INFO: [Renderer]   |  monitor:1, 1280x1024, bpp:24, hz:144.01, fmt: A8R8G8B8
{21:40:04.532} INFO: [Renderer]   |  monitor:1, 1280x1024, bpp:24, hz:144.01, fmt: A8R8G8B8
{21:40:04.532} INFO: [Renderer]   |  monitor:1, 1280x1024, bpp:24, hz:120.00, fmt: A8R8G8B8
{21:40:04.532} INFO: [Renderer]   |  monitor:1, 1280x1024, bpp:24, hz:120.00, fmt: A8R8G8B8
{21:40:04.532} INFO: [Renderer]   |  monitor:1, 1280x1024, bpp:24, hz:119.88, fmt: A8R8G8B8
{21:40:04.532} INFO: [Renderer]   |  monitor:1, 1280x1024, bpp:24, hz:119.88, fmt: A8R8G8B8
{21:40:04.532} INFO: [Renderer]   |  monitor:1, 1280x1024, bpp:24, hz:75.03, fmt: A8R8G8B8
{21:40:04.532} INFO: [Renderer]   |  monitor:1, 1280x1024, bpp:24, hz:60.02, fmt: A8R8G8B8
{21:40:04.532} INFO: [Renderer]   |  monitor:1, 1360x768, bpp:24, hz:144.01, fmt: A8R8G8B8
{21:40:04.532} INFO: [Renderer]   |  monitor:1, 1360x768, bpp:24, hz:144.01, fmt: A8R8G8B8
{21:40:04.532} INFO: [Renderer]   |  monitor:1, 1360x768, bpp:24, hz:120.00, fmt: A8R8G8B8
{21:40:04.532} INFO: [Renderer]   |  monitor:1, 1360x768, bpp:24, hz:120.00, fmt: A8R8G8B8
{21:40:04.532} INFO: [Renderer]   |  monitor:1, 1360x768, bpp:24, hz:119.88, fmt: A8R8G8B8
{21:40:04.532} INFO: [Renderer]   |  monitor:1, 1360x768, bpp:24, hz:119.88, fmt: A8R8G8B8
{21:40:04.532} INFO: [Renderer]   |  monitor:1, 1360x768, bpp:24, hz:59.89, fmt: A8R8G8B8
{21:40:04.532} INFO: [Renderer]   |  monitor:1, 1360x768, bpp:24, hz:59.89, fmt: A8R8G8B8
{21:40:04.532} INFO: [Renderer]   |  monitor:1, 1366x768, bpp:24, hz:144.01, fmt: A8R8G8B8
{21:40:04.532} INFO: [Renderer]   |  monitor:1, 1366x768, bpp:24, hz:144.01, fmt: A8R8G8B8
{21:40:04.532} INFO: [Renderer]   |  monitor:1, 1366x768, bpp:24, hz:120.00, fmt: A8R8G8B8
{21:40:04.532} INFO: [Renderer]   |  monitor:1, 1366x768, bpp:24, hz:120.00, fmt: A8R8G8B8
{21:40:04.532} INFO: [Renderer]   |  monitor:1, 1366x768, bpp:24, hz:119.88, fmt: A8R8G8B8
{21:40:04.532} INFO: [Renderer]   |  monitor:1, 1366x768, bpp:24, hz:119.88, fmt: A8R8G8B8
{21:40:04.532} INFO: [Renderer]   |  monitor:1, 1366x768, bpp:24, hz:59.89, fmt: A8R8G8B8
{21:40:04.532} INFO: [Renderer]   |  monitor:1, 1366x768, bpp:24, hz:59.89, fmt: A8R8G8B8
{21:40:04.532} INFO: [Renderer]   |  monitor:1, 1440x900, bpp:24, hz:144.01, fmt: A8R8G8B8
{21:40:04.532} INFO: [Renderer]   |  monitor:1, 1440x900, bpp:24, hz:144.01, fmt: A8R8G8B8
{21:40:04.532} INFO: [Renderer]   |  monitor:1, 1440x900, bpp:24, hz:120.00, fmt: A8R8G8B8
{21:40:04.532} INFO: [Renderer]   |  monitor:1, 1440x900, bpp:24, hz:120.00, fmt: A8R8G8B8
{21:40:04.532} INFO: [Renderer]   |  monitor:1, 1440x900, bpp:24, hz:119.88, fmt: A8R8G8B8
{21:40:04.532} INFO: [Renderer]   |  monitor:1, 1440x900, bpp:24, hz:119.88, fmt: A8R8G8B8
{21:40:04.532} INFO: [Renderer]   |  monitor:1, 1440x900, bpp:24, hz:59.89, fmt: A8R8G8B8
{21:40:04.532} INFO: [Renderer]   |  monitor:1, 1600x900, bpp:24, hz:144.01, fmt: A8R8G8B8
{21:40:04.532} INFO: [Renderer]   |  monitor:1, 1600x900, bpp:24, hz:144.01, fmt: A8R8G8B8
{21:40:04.532} INFO: [Renderer]   |  monitor:1, 1600x900, bpp:24, hz:120.00, fmt: A8R8G8B8
{21:40:04.532} INFO: [Renderer]   |  monitor:1, 1600x900, bpp:24, hz:120.00, fmt: A8R8G8B8
{21:40:04.532} INFO: [Renderer]   |  monitor:1, 1600x900, bpp:24, hz:119.88, fmt: A8R8G8B8
{21:40:04.532} INFO: [Renderer]   |  monitor:1, 1600x900, bpp:24, hz:119.88, fmt: A8R8G8B8
{21:40:04.532} INFO: [Renderer]   |  monitor:1, 1600x900, bpp:24, hz:59.95, fmt: A8R8G8B8
{21:40:04.532} INFO: [Renderer]   |  monitor:1, 1600x900, bpp:24, hz:59.95, fmt: A8R8G8B8
{21:40:04.532} INFO: [Renderer]   |  monitor:1, 1600x1024, bpp:24, hz:144.01, fmt: A8R8G8B8
{21:40:04.532} INFO: [Renderer]   |  monitor:1, 1600x1024, bpp:24, hz:144.01, fmt: A8R8G8B8
{21:40:04.532} INFO: [Renderer]   |  monitor:1, 1600x1024, bpp:24, hz:120.00, fmt: A8R8G8B8
{21:40:04.532} INFO: [Renderer]   |  monitor:1, 1600x1024, bpp:24, hz:120.00, fmt: A8R8G8B8
{21:40:04.532} INFO: [Renderer]   |  monitor:1, 1600x1024, bpp:24, hz:119.88, fmt: A8R8G8B8
{21:40:04.532} INFO: [Renderer]   |  monitor:1, 1600x1024, bpp:24, hz:119.88, fmt: A8R8G8B8
{21:40:04.532} INFO: [Renderer]   |  monitor:1, 1600x1024, bpp:24, hz:59.95, fmt: A8R8G8B8
{21:40:04.532} INFO: [Renderer]   |  monitor:1, 1600x1024, bpp:24, hz:59.95, fmt: A8R8G8B8
{21:40:04.533} INFO: [Renderer]   |  monitor:1, 1680x1050, bpp:24, hz:144.01, fmt: A8R8G8B8
{21:40:04.533} INFO: [Renderer]   |  monitor:1, 1680x1050, bpp:24, hz:144.01, fmt: A8R8G8B8
{21:40:04.533} INFO: [Renderer]   |  monitor:1, 1680x1050, bpp:24, hz:120.00, fmt: A8R8G8B8
{21:40:04.533} INFO: [Renderer]   |  monitor:1, 1680x1050, bpp:24, hz:120.00, fmt: A8R8G8B8
{21:40:04.533} INFO: [Renderer]   |  monitor:1, 1680x1050, bpp:24, hz:119.88, fmt: A8R8G8B8
{21:40:04.533} INFO: [Renderer]   |  monitor:1, 1680x1050, bpp:24, hz:119.88, fmt: A8R8G8B8
{21:40:04.533} INFO: [Renderer]   |  monitor:1, 1680x1050, bpp:24, hz:59.95, fmt: A8R8G8B8
{21:40:04.533} INFO: [Renderer]   |  monitor:1, 1768x992, bpp:24, hz:144.01, fmt: A8R8G8B8
{21:40:04.533} INFO: [Renderer]   |  monitor:1, 1768x992, bpp:24, hz:144.01, fmt: A8R8G8B8
{21:40:04.533} INFO: [Renderer]   |  monitor:1, 1768x992, bpp:24, hz:120.00, fmt: A8R8G8B8
{21:40:04.533} INFO: [Renderer]   |  monitor:1, 1768x992, bpp:24, hz:120.00, fmt: A8R8G8B8
{21:40:04.533} INFO: [Renderer]   |  monitor:1, 1768x992, bpp:24, hz:119.88, fmt: A8R8G8B8
{21:40:04.533} INFO: [Renderer]   |  monitor:1, 1768x992, bpp:24, hz:119.88, fmt: A8R8G8B8
{21:40:04.533} INFO: [Renderer]   |  monitor:1, 1768x992, bpp:24, hz:60.00, fmt: A8R8G8B8
{21:40:04.533} INFO: [Renderer]   |  monitor:1, 1768x992, bpp:24, hz:60.00, fmt: A8R8G8B8
{21:40:04.533} INFO: [Renderer]   |  monitor:1, 1768x992, bpp:24, hz:59.94, fmt: A8R8G8B8
{21:40:04.533} INFO: [Renderer]   |  monitor:1, 1768x992, bpp:24, hz:59.94, fmt: A8R8G8B8
{21:40:04.533} INFO: [Renderer]   |  monitor:1, 1768x992, bpp:24, hz:50.00, fmt: A8R8G8B8
{21:40:04.533} INFO: [Renderer]   |  monitor:1, 1768x992, bpp:24, hz:50.00, fmt: A8R8G8B8
{21:40:04.533} INFO: [Renderer]   |  monitor:1, 1920x1080, bpp:24, hz:144.01, fmt: A8R8G8B8
{21:40:04.533} INFO: [Renderer]   |  monitor:1, 1920x1080, bpp:24, hz:120.00, fmt: A8R8G8B8
{21:40:04.533} INFO: [Renderer]   |  monitor:1, 1920x1080, bpp:24, hz:119.88, fmt: A8R8G8B8
{21:40:04.533} INFO: [Renderer]   |  monitor:1, 1920x1080, bpp:24, hz:60.00, fmt: A8R8G8B8
{21:40:04.533} INFO: [Renderer]   |  monitor:1, 1920x1080, bpp:24, hz:59.94, fmt: A8R8G8B8
{21:40:04.533} INFO: [Renderer]   |  monitor:1, 1920x1080, bpp:24, hz:50.00, fmt: A8R8G8B8
{21:40:04.533} INFO: [Renderer]   | Texture streaming mem 0 MB
{21:40:04.533} INFO: [INFO]       > Texture streaming buffer set to 0MB
{21:40:04.533} INFO: [INFO]       > Texture streaming lowest priority distance set to 100m
{21:40:05.285} DEBG: [DXGI]       > WM_SIZE 0, 2560x1421
{21:40:05.286} INFO: [INFO]       > CGame::AppWindowInit: window client area: 0x0, 2560x1421
{21:40:05.286} DEBG: [DXGI]       > [RChangeDeviceState] 2560x1440, 1.000000, borderless, 0/0 Hz
{21:40:05.286} DEBG: [DXGI]       >                  was 1920x1080, 1.000000, , 0/1 Hz
{21:40:05.288} INFO: [Renderer]   > [23.12.2022 21-40-05][streamline][info]dxgiswapchain.cpp:210[SetFullscreenState] Redirecting IDXGISwapChain::SetFullscreenState Fullscreen = 0
{21:40:05.290} DEBG: [DXGI]       > WM_SIZE 0, 0x0
{21:40:05.291} DEBG: [DXGI]       > WM_SIZE 0, 2560x1440
{21:40:06.368} INFO: [INFO]       > Texture streaming buffer set to 4000MB
{21:40:06.370} INFO: [Video]      > //Video settings:
{21:40:06.370} INFO: [Video]      > RendererMode("d3d11")
{21:40:06.370} INFO: [Video]      > AsyncCompute(0)
{21:40:06.370} INFO: [Video]      > WindowMode(1)
{21:40:06.370} INFO: [Video]      > Resolution(2560,1440)
{21:40:06.370} INFO: [Video]      > Scale3D(1.000000)
{21:40:06.370} INFO: [Video]      > FSR(1.000000)
{21:40:06.370} INFO: [Video]      > Upscaler(0)
{21:40:06.370} INFO: [Video]      > Upscaling(3)
{21:40:06.370} INFO: [Video]      > Monitor(0)
{21:40:06.370} INFO: [Video]      > DisableDWM(0)
{21:40:06.370} INFO: [Video]      > TextureQuality("High")
{21:40:06.370} INFO: [Video]      > ShadowsQuality(3)
{21:40:06.370} INFO: [Video]      > ShadowMapSize(2048)
{21:40:06.370} INFO: [Video]      > SpotShadowMapSize(4096)
{21:40:06.370} INFO: [Video]      > GammaFloat(0.85)
{21:40:06.370} INFO: [Video]      > GrassQuality(0)
{21:40:06.370} INFO: [Video]      > FrameRate(1)
{21:40:06.370} INFO: [Video]      > Reflex(1)
{21:40:06.370} INFO: [Video]      > MotionBlur(1)
{21:40:06.370} INFO: [Video]      > MotionBlurIntensity(1.00)
{21:40:06.370} INFO: [Video]      > Bokeh(1)
{21:40:06.370} INFO: [Video]      > SSSSQuality(1)
{21:40:06.370} INFO: [Video]      > MotionBlurQuality("High")
{21:40:06.370} INFO: [Video]      > ChromaticAberration(1)
{21:40:06.370} INFO: [Video]      > FilmGrain(0)
{21:40:06.370} INFO: [Video]      > ColorGrading(0)
{21:40:06.370} INFO: [Video]      > AntiAliasing(1)
{21:40:06.370} INFO: [Video]      > AntiAliasingMode(0)
{21:40:06.371} INFO: [Video]      > FogQuality(2)
{21:40:06.371} INFO: [Video]      > ReflectionsQuality(2)
{21:40:06.371} INFO: [Video]      > ContactShadowsQuality(4)
{21:40:06.371} INFO: [Video]      > SpotShadowsQuality(2)
{21:40:06.371} INFO: [Video]      > AmbientOcclusion(1)
{21:40:06.371} INFO: [Video]      > AmbientOcclusionQuality(2)
{21:40:06.371} INFO: [Video]      > ColorBlindMode(0)
{21:40:06.371} INFO: [Video]      > GpuFxQuality(1)
{21:40:06.371} INFO: [Video]      > VoxelGiQuality(3)
{21:40:06.371} INFO: [Video]      > LodQuality(1)
{21:40:06.371} INFO: [Video]      > LodMultiplier(100)
{21:40:06.371} INFO: [Video]      > AnisoOptMaxAnisotropy(16)
{21:40:06.371} INFO: [Video]      > Version(1700)
{21:40:06.375} INFO: [ResPack]    > Free resource loading disabled
{21:40:06.496} INFO: [ResPack]    > Acquired prefab data: 150472, 164704
{21:40:06.497} INFO: [ResPack]    >  -> 0 prefabs, 32 presets available in engine_pc.rpack
{21:40:07.530} INFO: [ResPack]    > Acquired prefab data: 17204128, 12722864
{21:40:07.562} INFO: [ResPack]    >  -> 2043 prefabs, 406 presets available in common_prefabs_pc.rpack
{21:40:08.122} INFO: [INFO]       > [Input] Keyboard 0 enumerated: intance_name = Keyboard, product_name = Keyboard, GUID = {6f1d2b61-d5a0-11cf-bfc7-444553540000}
{21:40:08.214} INFO: [INFO]       > [CInput::SelectKeyboard] Keyboard 0 selected: Keyboard, Keyboard
{21:40:08.254} RETL: [CPUID]   > [MEM] Total Page File: 37897 MiB
{21:40:08.254} RETL: [CPUID]   > [MEM] Total Physical:  32678 MiB
{21:40:08.254} RETL: [CPUID]   > [MEM] Available Page File: 4712 MiB
{21:40:08.254} RETL: [CPUID]   > [MEM] Available Physical:  14697 MiB
{21:40:08.254} RETL: [CPUID]   > [MEM] Memory Load:  55%
{21:40:10.826} INFO: [INFO]       > [gpufx] preloaded 1172 sequences. It took 1778.527100 ms
{21:40:10.826} RETL: [Game]    > game version: '0.0.99', '1.0.202212211635'
{21:40:10.918} RETL: [CPUID]   > Computer Info: Manufacturer: ASUS, Model: System Product Name
{21:40:16.606} RETL: [Game]    > Stage = 'InitialScreen' (prev value 'Intro')
{21:40:16.606} RETL: [Game]    > Stage = 'InitialScreen_SigningIn' (prev value 'InitialScreen')
{21:40:16.641} RETL: [Game]    > Stage = 'InitialScreen_SigningInFinished' (prev value 'InitialScreen_SigningIn')
{21:40:16.641} RETL: [Game]    > Stage = 'InitialScreen_SignedIn' (prev value 'InitialScreen_SigningInFinished')
{21:40:16.655} RETL: [Game]    > Stage = 'InitialScreen_Complete' (prev value 'InitialScreen_SignedIn')
{21:40:17.381} RETL: [Lobby.Storage.Steam] > [AddSavegamesToCache] save_main_0.sav added
{21:40:17.381} RETL: [Lobby.Storage.Steam] > [AddSavegamesToCache] save_main_0_chp000.sbk added
{21:40:17.381} RETL: [Lobby.Storage.Steam] > [AddSavegamesToCache] save_main_1.sav added
{21:40:17.381} RETL: [Savegame]            > ScanForSavegames: saves 3 (prev value -1)
{21:40:17.386} RETL: [Game]                > Stage = 'Complete' (prev value 'InitialScreen_Complete')
{21:40:17.386} RETL: [Game]                > ===== CreateSession ===== 
{21:40:17.543} RETL: [Savegame]            > SessionContextState: 'OnCreate' [game_type 'Campaign', game_mode 'Coop', save_name '' (slot -1), map 'intersection' (id:-1297253727), (first), difficulty [current: Normal, savegame: Normal, min_savegame: Normal, initial: Normal, lobby_settings: Normal], save_version 85, build: '1.0.202212211635 / 2', perforce_stream: '//tech/rel-ph-devtools']
{21:40:18.280} INFO: [Video]      > //Video settings:
{21:40:18.280} INFO: [Video]      > RendererMode("d3d11")
{21:40:18.280} INFO: [Video]      > AsyncCompute(0)
{21:40:18.280} INFO: [Video]      > WindowMode(1)
{21:40:18.280} INFO: [Video]      > Resolution(2560,1440)
{21:40:18.280} INFO: [Video]      > Scale3D(1.000000)
{21:40:18.280} INFO: [Video]      > FSR(1.000000)
{21:40:18.280} INFO: [Video]      > Upscaler(0)
{21:40:18.280} INFO: [Video]      > Upscaling(3)
{21:40:18.280} INFO: [Video]      > Monitor(0)
{21:40:18.280} INFO: [Video]      > DisableDWM(0)
{21:40:18.280} INFO: [Video]      > TextureQuality("High")
{21:40:18.280} INFO: [Video]      > ShadowsQuality(3)
{21:40:18.280} INFO: [Video]      > ShadowMapSize(2048)
{21:40:18.280} INFO: [Video]      > SpotShadowMapSize(4096)
{21:40:18.280} INFO: [Video]      > GammaFloat(0.85)
{21:40:18.280} INFO: [Video]      > GrassQuality(0)
{21:40:18.280} INFO: [Video]      > FrameRate(1)
{21:40:18.280} INFO: [Video]      > Reflex(1)
{21:40:18.280} INFO: [Video]      > MotionBlur(1)
{21:40:18.280} INFO: [Video]      > MotionBlurIntensity(1.00)
{21:40:18.280} INFO: [Video]      > Bokeh(1)
{21:40:18.280} INFO: [Video]      > SSSSQuality(1)
{21:40:18.280} INFO: [Video]      > MotionBlurQuality("High")
{21:40:18.280} INFO: [Video]      > ChromaticAberration(1)
{21:40:18.280} INFO: [Video]      > FilmGrain(0)
{21:40:18.280} INFO: [Video]      > ColorGrading(0)
{21:40:18.280} INFO: [Video]      > AntiAliasing(1)
{21:40:18.280} INFO: [Video]      > AntiAliasingMode(0)
{21:40:18.280} INFO: [Video]      > FogQuality(2)
{21:40:18.280} INFO: [Video]      > ReflectionsQuality(2)
{21:40:18.280} INFO: [Video]      > ContactShadowsQuality(4)
{21:40:18.280} INFO: [Video]      > SpotShadowsQuality(2)
{21:40:18.280} INFO: [Video]      > AmbientOcclusion(1)
{21:40:18.280} INFO: [Video]      > AmbientOcclusionQuality(2)
{21:40:18.280} INFO: [Video]      > ColorBlindMode(0)
{21:40:18.280} INFO: [Video]      > GpuFxQuality(1)
{21:40:18.280} INFO: [Video]      > VoxelGiQuality(3)
{21:40:18.280} INFO: [Video]      > LodQuality(1)
{21:40:18.280} INFO: [Video]      > LodMultiplier(100)
{21:40:18.280} INFO: [Video]      > AnisoOptMaxAnisotropy(16)
{21:40:18.280} INFO: [Video]      > Version(1700)
{21:40:18.310} INFO: [Video]      > //Video settings:
{21:40:18.310} INFO: [Video]      > RendererMode("d3d11")
{21:40:18.310} INFO: [Video]      > AsyncCompute(0)
{21:40:18.310} INFO: [Video]      > WindowMode(1)
{21:40:18.310} INFO: [Video]      > Resolution(2560,1440)
{21:40:18.310} INFO: [Video]      > Scale3D(1.000000)
{21:40:18.310} INFO: [Video]      > FSR(1.000000)
{21:40:18.310} INFO: [Video]      > Upscaler(0)
{21:40:18.310} INFO: [Video]      > Upscaling(3)
{21:40:18.310} INFO: [Video]      > Monitor(0)
{21:40:18.310} INFO: [Video]      > DisableDWM(0)
{21:40:18.310} INFO: [Video]      > TextureQuality("High")
{21:40:18.310} INFO: [Video]      > ShadowsQuality(3)
{21:40:18.310} INFO: [Video]      > ShadowMapSize(2048)
{21:40:18.310} INFO: [Video]      > SpotShadowMapSize(4096)
{21:40:18.310} INFO: [Video]      > GammaFloat(1.00)
{21:40:18.310} INFO: [Video]      > GrassQuality(0)
{21:40:18.310} INFO: [Video]      > FrameRate(1)
{21:40:18.310} INFO: [Video]      > Reflex(1)
{21:40:18.310} INFO: [Video]      > MotionBlur(1)
{21:40:18.310} INFO: [Video]      > MotionBlurIntensity(1.00)
{21:40:18.310} INFO: [Video]      > Bokeh(1)
{21:40:18.310} INFO: [Video]      > SSSSQuality(1)
{21:40:18.310} INFO: [Video]      > MotionBlurQuality("High")
{21:40:18.310} INFO: [Video]      > ChromaticAberration(1)
{21:40:18.310} INFO: [Video]      > FilmGrain(0)
{21:40:18.310} INFO: [Video]      > ColorGrading(0)
{21:40:18.310} INFO: [Video]      > AntiAliasing(1)
{21:40:18.310} INFO: [Video]      > AntiAliasingMode(0)
{21:40:18.310} INFO: [Video]      > FogQuality(2)
{21:40:18.310} INFO: [Video]      > ReflectionsQuality(2)
{21:40:18.310} INFO: [Video]      > ContactShadowsQuality(4)
{21:40:18.310} INFO: [Video]      > SpotShadowsQuality(2)
{21:40:18.310} INFO: [Video]      > AmbientOcclusion(1)
{21:40:18.310} INFO: [Video]      > AmbientOcclusionQuality(2)
{21:40:18.310} INFO: [Video]      > ColorBlindMode(0)
{21:40:18.310} INFO: [Video]      > GpuFxQuality(1)
{21:40:18.310} INFO: [Video]      > VoxelGiQuality(3)
{21:40:18.310} INFO: [Video]      > LodQuality(1)
{21:40:18.310} INFO: [Video]      > LodMultiplier(100)
{21:40:18.310} INFO: [Video]      > AnisoOptMaxAnisotropy(16)
{21:40:18.310} INFO: [Video]      > Version(1700)
{21:40:18.351} INFO: [Video]      > //Video settings:
{21:40:18.351} INFO: [Video]      > RendererMode("d3d11")
{21:40:18.351} INFO: [Video]      > AsyncCompute(0)
{21:40:18.351} INFO: [Video]      > WindowMode(1)
{21:40:18.351} INFO: [Video]      > Resolution(2560,1440)
{21:40:18.351} INFO: [Video]      > Scale3D(1.000000)
{21:40:18.351} INFO: [Video]      > FSR(1.000000)
{21:40:18.351} INFO: [Video]      > Upscaler(0)
{21:40:18.351} INFO: [Video]      > Upscaling(3)
{21:40:18.351} INFO: [Video]      > Monitor(0)
{21:40:18.351} INFO: [Video]      > DisableDWM(0)
{21:40:18.351} INFO: [Video]      > TextureQuality("High")
{21:40:18.351} INFO: [Video]      > ShadowsQuality(3)
{21:40:18.351} INFO: [Video]      > ShadowMapSize(2048)
{21:40:18.351} INFO: [Video]      > SpotShadowMapSize(4096)
{21:40:18.351} INFO: [Video]      > GammaFloat(0.85)
{21:40:18.351} INFO: [Video]      > GrassQuality(0)
{21:40:18.351} INFO: [Video]      > FrameRate(1)
{21:40:18.351} INFO: [Video]      > Reflex(1)
{21:40:18.351} INFO: [Video]      > MotionBlur(1)
{21:40:18.351} INFO: [Video]      > MotionBlurIntensity(1.00)
{21:40:18.351} INFO: [Video]      > Bokeh(1)
{21:40:18.351} INFO: [Video]      > SSSSQuality(1)
{21:40:18.351} INFO: [Video]      > MotionBlurQuality("High")
{21:40:18.351} INFO: [Video]      > ChromaticAberration(1)
{21:40:18.351} INFO: [Video]      > FilmGrain(0)
{21:40:18.351} INFO: [Video]      > ColorGrading(0)
{21:40:18.351} INFO: [Video]      > AntiAliasing(1)
{21:40:18.351} INFO: [Video]      > AntiAliasingMode(0)
{21:40:18.351} INFO: [Video]      > FogQuality(2)
{21:40:18.351} INFO: [Video]      > ReflectionsQuality(2)
{21:40:18.351} INFO: [Video]      > ContactShadowsQuality(4)
{21:40:18.351} INFO: [Video]      > SpotShadowsQuality(2)
{21:40:18.351} INFO: [Video]      > AmbientOcclusion(1)
{21:40:18.351} INFO: [Video]      > AmbientOcclusionQuality(2)
{21:40:18.351} INFO: [Video]      > ColorBlindMode(0)
{21:40:18.351} INFO: [Video]      > GpuFxQuality(1)
{21:40:18.351} INFO: [Video]      > VoxelGiQuality(3)
{21:40:18.351} INFO: [Video]      > LodQuality(1)
{21:40:18.351} INFO: [Video]      > LodMultiplier(100)
{21:40:18.351} INFO: [Video]      > AnisoOptMaxAnisotropy(16)
{21:40:18.351} INFO: [Video]      > Version(1700)
{21:40:21.216} RETL: [Game]                > >>>>> <1333932579> Changing level from <> to <intersection>
{21:40:24.000} RETL: [Savegame]            > SessionContextState: 'OnUpdate after ChangeMap' [game_type 'Campaign', game_mode 'Coop', save_name '' (slot -1), map 'intersection' (id:-1297253727), (first), difficulty [current: Normal, savegame: Normal, min_savegame: Normal, initial: Normal, lobby_settings: Normal], save_version 85, build: '1.0.202212211635 / 2', perforce_stream: '//tech/rel-ph-devtools']
{21:47:59.744} INFO: [INFO]       > ---------------------------------------------------------
{21:47:59.744} INFO: [INFO]       > Time of playing game: 476.881012s
{21:47:59.744} INFO: [INFO]       > Updated frames: 21796 Rendered frames: 21372
{21:47:59.744} INFO: [INFO]       > Average FPS: 44.816212
{21:47:59.744} INFO: [INFO]       > ---------------------------------------------------------
{21:48:00.301} INFO: [Renderer]   > [23.12.2022 21-48-00][streamline][info]dxgiswapchain.cpp:210[SetFullscreenState] Redirecting IDXGISwapChain::SetFullscreenState Fullscreen = 0
{21:48:00.302} INFO: [Renderer]   > [23.12.2022 21-48-00][streamline][info]pluginmanager.cpp:691[unloadPlugins] Unloading all plugins ...
{21:48:00.303} INFO: [Renderer]   > [23.12.2022 21-48-00][streamline][info]d3d11.cpp:361[destroyKernel] Destroying kernel NIS_Sharpen_V0_H2.cs
{21:48:00.303} INFO: [Renderer]   > [23.12.2022 21-48-00][streamline][info]d3d11.cpp:361[destroyKernel] Destroying kernel NIS_Sharpen_V0_H0.cs
{21:48:00.303} INFO: [Renderer]   > [23.12.2022 21-48-00][streamline][info]d3d11.cpp:361[destroyKernel] Destroying kernel NIS_Sharpen_V0_H1.cs
{21:48:00.303} INFO: [Renderer]   > [23.12.2022 21-48-00][streamline][info]d3d11.cpp:361[destroyKernel] Destroying kernel NIS_Sharpen_V1_H2.cs
{21:48:00.303} INFO: [Renderer]   > [23.12.2022 21-48-00][streamline][info]d3d11.cpp:361[destroyKernel] Destroying kernel NIS_Sharpen_V1_H0.cs
{21:48:00.303} INFO: [Renderer]   > [23.12.2022 21-48-00][streamline][info]d3d11.cpp:361[destroyKernel] Destroying kernel NIS_Sharpen_V1_H1.cs
{21:48:00.303} INFO: [Renderer]   > [23.12.2022 21-48-00][streamline][info]d3d11.cpp:361[destroyKernel] Destroying kernel NIS_Scaler_V0_H2.cs
{21:48:00.303} INFO: [Renderer]   > [23.12.2022 21-48-00][streamline][info]d3d11.cpp:361[destroyKernel] Destroying kernel NIS_Scaler_V0_H0.cs
{21:48:00.303} INFO: [Renderer]   > [23.12.2022 21-48-00][streamline][info]d3d11.cpp:361[destroyKernel] Destroying kernel NIS_Scaler_V0_H1.cs
{21:48:00.303} INFO: [Renderer]   > [23.12.2022 21-48-00][streamline][info]d3d11.cpp:361[destroyKernel] Destroying kernel NIS_Scaler_V1_H0.cs
{21:48:00.303} INFO: [Renderer]   > [23.12.2022 21-48-00][streamline][info]d3d11.cpp:361[destroyKernel] Destroying kernel NIS_Scaler_V1_H1.cs
{21:48:00.303} INFO: [Renderer]   > [23.12.2022 21-48-00][streamline][info]d3d11.cpp:361[destroyKernel] Destroying kernel NIS_Scaler_V1_H2.cs
{21:48:00.303} INFO: [Renderer]   > [23.12.2022 21-48-00][streamline][info]d3d11.cpp:231[shutdown] Destroying kernel fonts.cs
{21:48:00.303} INFO: [Renderer]   > [23.12.2022 21-48-00][streamline][info]generic.cpp:465[destroyResource] Scheduled to destroy 0x123752ecc70(sl.chi.fontTexture) - frame 23501
{21:48:00.303} INFO: [Renderer]   > [23.12.2022 21-48-00][streamline][info]generic.cpp:465[destroyResource] Scheduled to destroy 0x123752ea370(sl.chi.dynamicText) - frame 23501
{21:48:00.303} INFO: [Renderer]   > [23.12.2022 21-48-00][streamline][info]generic.cpp:465[destroyResource] Scheduled to destroy 0x123752eb7f0(sl.chi.dynamicTextUpload) - frame 23501
{21:48:00.304} INFO: [Renderer]   > [23.12.2022 21-48-00][streamline][info]generic.cpp:520[collectGarbage] Destroying 0x123752ecc70(sl.chi.fontTexture) - scheduled at frame 23501 - finished frame 23501 - forced yes
{21:48:00.304} INFO: [Renderer]   > [23.12.2022 21-48-00][streamline][info]d3d11.cpp:1298[destroyResourceDeferredImpl] Releasing resource 0x123752ecc70 (sl.chi.fontTexture) ref count 3 - currentSize 0.00 - totalSize 0.03
{21:48:00.304} INFO: [Renderer]   > [23.12.2022 21-48-00][streamline][info]generic.cpp:520[collectGarbage] Destroying 0x123752ea370(sl.chi.dynamicText) - scheduled at frame 23501 - finished frame 23501 - forced yes
{21:48:00.304} INFO: [Renderer]   > [23.12.2022 21-48-00][streamline][info]d3d11.cpp:1298[destroyResourceDeferredImpl] Releasing resource 0x123752ea370 (sl.chi.dynamicText) ref count 3 - currentSize 0.02 - totalSize 0.02
{21:48:00.304} INFO: [Renderer]   > [23.12.2022 21-48-00][streamline][info]generic.cpp:520[collectGarbage] Destroying 0x123752eb7f0(sl.chi.dynamicTextUpload) - scheduled at frame 23501 - finished frame 23501 - forced yes
{21:48:00.304} INFO: [Renderer]   > [23.12.2022 21-48-00][streamline][info]d3d11.cpp:1298[destroyResourceDeferredImpl] Releasing resource 0x123752eb7f0 (sl.chi.dynamicTextUpload) ref count 3 - currentSize 0.02 - totalSize 0.00
{21:48:00.304} INFO: [Renderer]   > [23.12.2022 21-48-00][streamline][info]generic.cpp:267[shutdown] Delayed destroy resource list count 0
{21:48:00.770} INFO: [Renderer]   > [r_Shutdown] Dll released
