{19:18:45.680} INFO: [FileSystem] > [CZip_dir::Initialize] 'e:/steam/steamapps/common/dying light 2 / ph/source/data0.pak' took: 0.000000ms
{19:18:45.694} INFO: [FileSystem] > [CZip_dir::Initialize] 'e:/steam/steamapps/common/dying light 2 / ph/source/data1.pak' took: 0.000000ms
{19:18:45.697} INFO: [FileSystem] > [CZip_dir::Initialize] 'e:/steam/steamapps/common/dying light 2 / ph/source/databt.mpak' took: 0.000000ms
{19:18:45.746} RETL: [GameApp] > Command line: -launched_from_editor  /keep_resources -ami -generateprefabs -debugconf=debugconf_temp.scr -workshop="e:/steam/steamapps/common/dying light 2\DevTools\projects\Intersection"
{19:18:45.915} RETL: [CPUID]   > [MEM] Total Page File: 34726 MiB
{19:18:45.915} RETL: [CPUID]   > [MEM] Total Physical:  32678 MiB
{19:18:45.915} RETL: [CPUID]   > [MEM] Available Page File: 6973 MiB
{19:18:45.915} RETL: [CPUID]   > [MEM] Available Physical:  16326 MiB
{19:18:45.915} RETL: [CPUID]   > [MEM] Memory Load:  50%
{19:18:46.384} RETL: [GAME]    > arguments (7): 'E:\Steam\steamapps\common\Dying Light 2\DevTools\bin\DyingLightGame_x64_rwdi.exe', '-launched_from_editor', '/keep_resources', '-ami', '-generateprefabs', '-debugconf=debugconf_temp.scr', '-workshop=e:/steam/steamapps/common/dying light 2\DevTools\projects\Intersection'
{19:18:47.393} INFO: [FileSystem] > [CZip_dir::Initialize] 'e:/steam/steamapps/common/dying light 2 / ph/source/data_lang/dataen.pak' took: 0.000000ms
{19:18:47.413} RETL: [CPUID]   > [MEM] Total Page File: 34726 MiB
{19:18:47.413} RETL: [CPUID]   > [MEM] Total Physical:  32678 MiB
{19:18:47.413} RETL: [CPUID]   > [MEM] Available Page File: 6807 MiB
{19:18:47.413} RETL: [CPUID]   > [MEM] Available Physical:  16189 MiB
{19:18:47.413} RETL: [CPUID]   > [MEM] Memory Load:  50%
{19:18:47.427} INFO: [Renderer]   > [CVideoSettings::LoadSettings] Loading video settings using 'out/Settings/Video.scr'
{19:18:47.427} INFO: [Renderer]   > [CVideoSettings::LoadSettings] Failed to load video settings using 'out/Settings/Video.scr'. Loading defaults...
{19:18:47.444} INFO: [Renderer]   > [r_Initialize] Loaded from rd3d11_x64_rwdi.dll.
{19:18:47.444} INFO: [Renderer]   > MonitorIdx=0, SecondaryMonitorIdx=-1
{19:18:47.446} INFO: [Renderer]   > [22.12.2022 19-18-47][streamline][info]pluginmanager.cpp:945[PluginManager] Streamline v1.1.1 - built on Fri Jul 29 07:43:20 2022 - SHA: 45d487a
{19:18:47.446} INFO: [Renderer]   > [22.12.2022 19-18-47][streamline][info]pluginmanager.cpp:355[findPlugins] Looking for plugins in E:\Steam\steamapps\common\Dying Light 2\DevTools\bin\ ...
{19:18:47.458} INFO: [Renderer]   > [22.12.2022 19-18-47][streamline][info]secureloadlibrary.cpp:477[verifyEmbeddedSignature] File 'E:\Steam\steamapps\common\Dying Light 2\DevTools\bin\/sl.common.dll' is signed by NVIDIA and the signature was verified.
{19:18:47.475} INFO: [Renderer]   > [22.12.2022 19-18-47][streamline][info]commoninterface.cpp:113[getGPUInfo] -----------------------------------------
{19:18:47.475} INFO: [Renderer]   > [22.12.2022 19-18-47][streamline][info]commoninterface.cpp:116[getGPUInfo] NVIDIA driver 527.37
{19:18:47.477} INFO: [Renderer]   > [22.12.2022 19-18-47][streamline][info]commoninterface.cpp:125[getGPUInfo] GPU 0 architecture 0x130 adapter mask 0x1
{19:18:47.477} INFO: [Renderer]   > [22.12.2022 19-18-47][streamline][info]commoninterface.cpp:127[getGPUInfo] -----------------------------------------
{19:18:47.480} INFO: [Renderer]   > [22.12.2022 19-18-47][streamline][info]commonentry.cpp:659[getSupportedAdapterMask] Detected Windows OS version 10.0.22621
{19:18:47.480} INFO: [Renderer]   > [22.12.2022 19-18-47][streamline][info]pluginmanager.cpp:501[mapPlugins] Loaded plugin 'sl.common' - version 1.1.1 - id 4294967295 - priority 0 - adapter mask 0xffffffff - namespace 'common'
{19:18:47.485} INFO: [Renderer]   > [22.12.2022 19-18-47][streamline][info]secureloadlibrary.cpp:477[verifyEmbeddedSignature] File 'E:\Steam\steamapps\common\Dying Light 2\DevTools\bin\/sl.dlss.dll' is signed by NVIDIA and the signature was verified.
{19:18:47.487} ERRR: [Renderer]   > [22.12.2022 19-18-47][streamline][error]pluginmanager.cpp:448[mapPlugins] Ignoring plugin 'sl.dlss' since it is not supported on this platform
{19:18:47.493} INFO: [Renderer]   > [22.12.2022 19-18-47][streamline][info]secureloadlibrary.cpp:477[verifyEmbeddedSignature] File 'E:\Steam\steamapps\common\Dying Light 2\DevTools\bin\/sl.nis.dll' is signed by NVIDIA and the signature was verified.
{19:18:47.495} INFO: [Renderer]   > [22.12.2022 19-18-47][streamline][info]pluginmanager.cpp:501[mapPlugins] Loaded plugin 'sl.nis' - version 1.1.1 - id 2 - priority 1 - adapter mask 0xffffffff - namespace 'nis'
{19:18:47.499} INFO: [Renderer]   > [22.12.2022 19-18-47][streamline][info]secureloadlibrary.cpp:477[verifyEmbeddedSignature] File 'E:\Steam\steamapps\common\Dying Light 2\DevTools\bin\/sl.reflex.dll' is signed by NVIDIA and the signature was verified.
{19:18:47.502} INFO: [Renderer]   > [22.12.2022 19-18-47][streamline][info]pluginmanager.cpp:501[mapPlugins] Loaded plugin 'sl.reflex' - version 1.1.1 - id 3 - priority 1 - adapter mask 0xffffffff - namespace 'reflex'
{19:18:47.502} INFO: [Renderer]   > [22.12.2022 19-18-47][streamline][info]pluginmanager.cpp:679[loadPlugins] Plugin execution order based on priority:
{19:18:47.502} INFO: [Renderer]   > [22.12.2022 19-18-47][streamline][info]pluginmanager.cpp:682[loadPlugins] P0 - sl.common
{19:18:47.502} INFO: [Renderer]   > [22.12.2022 19-18-47][streamline][info]pluginmanager.cpp:682[loadPlugins] P1 - sl.nis
{19:18:47.502} INFO: [Renderer]   > [22.12.2022 19-18-47][streamline][info]pluginmanager.cpp:682[loadPlugins] P1 - sl.reflex
{19:18:47.502} INFO: [Renderer]   > Enumerating D3D11 video adapters:
{19:18:47.502} INFO: [Renderer]   > Adapter 0: NVIDIA GeForce GTX 1080 Ti 11121MB/16339MB/0MB
{19:18:47.502} INFO: [Renderer]   |   Output 0: [0,0 - 2560,1440] \\.\DISPLAY1
{19:18:47.502} INFO: [Renderer]   |   Output 1: [2560,0 - 4480,1080] \\.\DISPLAY2
{19:18:47.502} INFO: [Renderer]   > Adapter 1: Microsoft Basic Render Driver 0MB/16339MB/0MB
{19:18:47.505} INFO: [Renderer]   > Sorted adapter 0: NVIDIA GeForce GTX 1080 Ti 11121MB/16339MB/0MB
{19:18:47.505} INFO: [Renderer]   > Sorted adapter 1: Microsoft Basic Render Driver 0MB/16339MB/0MB
{19:18:47.505} INFO: [Renderer]   > Picking adapter: NVIDIA GeForce GTX 1080 Ti
{19:18:47.505} INFO: [Renderer]   | Primary monitor: [0,0 - 2560,1440]
{19:18:47.505} INFO: [Renderer]   | Secondary monitor: [2560,0 - 4480,1080]
{19:18:47.638} INFO: [Renderer]   > Renderer started in DX11 mode.
{19:18:47.638} INFO: [Renderer]   > DX11 reported 11'121M free texture memory.
{19:18:47.722} INFO: [Renderer]   > [d3d12rt-checker] Raytracing tier lower than D3D12_RAYTRACING_TIER_1_1.
{19:18:47.880} INFO: [Renderer]   > [22.12.2022 19-18-47][streamline][info]pluginmanager.cpp:836[initializePlugins] Initializing plugins - api 0.0.1 - application ID 101095511
{19:18:47.880} INFO: [Renderer]   > [22.12.2022 19-18-47][streamline][info]d3d11.cpp:109[init] GPU nodes 1 - visible node mask 1
{19:18:47.881} INFO: [Renderer]   > [22.12.2022 19-18-47][streamline][info]d3d11.cpp:330[createKernel] Creating DXBC kernel fonts.cs:main hash 10788421720787293069
{19:18:47.881} INFO: [Renderer]   > [22.12.2022 19-18-47][streamline][info]generic.cpp:377[createBuffer] Buffer (sl.chi.fontTexture), m_allocCount=1, currentSize 0.0 MB, totalSize 0.0 MB
{19:18:47.881} INFO: [Renderer]   > [22.12.2022 19-18-47][streamline][info]generic.cpp:377[createBuffer] Buffer (sl.chi.dynamicText), m_allocCount=2, currentSize 0.0 MB, totalSize 0.0 MB
{19:18:47.881} INFO: [Renderer]   > [22.12.2022 19-18-47][streamline][info]generic.cpp:377[createBuffer] Buffer (sl.chi.dynamicTextUpload), m_allocCount=3, currentSize 0.0 MB, totalSize 0.0 MB
{19:18:47.882} INFO: [Renderer]   > [22.12.2022 19-18-47][streamline][info]pluginmanager.cpp:751[processPluginHooks] Hook sl.common:slHookVkCreateImage:after - skipped
{19:18:47.882} INFO: [Renderer]   > [22.12.2022 19-18-47][streamline][info]pluginmanager.cpp:751[processPluginHooks] Hook sl.common:slHookVkPresent:before - skipped
{19:18:47.882} INFO: [Renderer]   > [22.12.2022 19-18-47][streamline][info]pluginmanager.cpp:751[processPluginHooks] Hook sl.common:slHookVkCmdPipelineBarrier:after - skipped
{19:18:47.882} INFO: [Renderer]   > [22.12.2022 19-18-47][streamline][info]pluginmanager.cpp:751[processPluginHooks] Hook sl.common:slHookVkCmdBindPipeline:after - skipped
{19:18:47.882} INFO: [Renderer]   > [22.12.2022 19-18-47][streamline][info]pluginmanager.cpp:751[processPluginHooks] Hook sl.common:slHookVkCmdBindDescriptorSets:after - skipped
{19:18:47.882} INFO: [Renderer]   > [22.12.2022 19-18-47][streamline][info]pluginmanager.cpp:751[processPluginHooks] Hook sl.common:slHookVkBeginCommandBuffer:after - skipped
{19:18:47.882} INFO: [Renderer]   > [22.12.2022 19-18-47][streamline][info]pluginmanager.cpp:762[processPluginHooks] Hook sl.common:slHookCreateCommittedResource:after - OK
{19:18:47.882} INFO: [Renderer]   > [22.12.2022 19-18-47][streamline][info]pluginmanager.cpp:762[processPluginHooks] Hook sl.common:slHookCreatePlacedResource:after - OK
{19:18:47.882} INFO: [Renderer]   > [22.12.2022 19-18-47][streamline][info]pluginmanager.cpp:762[processPluginHooks] Hook sl.common:slHookCreateReservedResource:after - OK
{19:18:47.882} INFO: [Renderer]   > [22.12.2022 19-18-47][streamline][info]pluginmanager.cpp:762[processPluginHooks] Hook sl.common:slHookResourceBarrier:after - OK
{19:18:47.882} INFO: [Renderer]   > [22.12.2022 19-18-47][streamline][info]pluginmanager.cpp:762[processPluginHooks] Hook sl.common:slHookResizeSwapChainPre:before - OK
{19:18:47.882} INFO: [Renderer]   > [22.12.2022 19-18-47][streamline][info]pluginmanager.cpp:762[processPluginHooks] Hook sl.common:slHookPresent:before - OK
{19:18:47.882} INFO: [Renderer]   > [22.12.2022 19-18-47][streamline][info]pluginmanager.cpp:762[processPluginHooks] Hook sl.common:slHookPresent1:before - OK
{19:18:47.882} INFO: [Renderer]   > [22.12.2022 19-18-47][streamline][info]d3d11.cpp:330[createKernel] Creating DXBC kernel NIS_Sharpen_V0_H0.cs:main hash 12119078810223182601
{19:18:47.883} INFO: [Renderer]   > [22.12.2022 19-18-47][streamline][info]d3d11.cpp:330[createKernel] Creating DXBC kernel NIS_Sharpen_V0_H1.cs:main hash 14419830676434324791
{19:18:47.883} INFO: [Renderer]   > [22.12.2022 19-18-47][streamline][info]d3d11.cpp:330[createKernel] Creating DXBC kernel NIS_Sharpen_V0_H2.cs:main hash 13730826108899015964
{19:18:47.883} INFO: [Renderer]   > [22.12.2022 19-18-47][streamline][info]d3d11.cpp:330[createKernel] Creating DXBC kernel NIS_Sharpen_V1_H0.cs:main hash 13539734034720596618
{19:18:47.883} INFO: [Renderer]   > [22.12.2022 19-18-47][streamline][info]d3d11.cpp:330[createKernel] Creating DXBC kernel NIS_Sharpen_V1_H1.cs:main hash 6716256702433400594
{19:18:47.883} INFO: [Renderer]   > [22.12.2022 19-18-47][streamline][info]d3d11.cpp:330[createKernel] Creating DXBC kernel NIS_Sharpen_V1_H2.cs:main hash 16030675145760948415
{19:18:47.883} INFO: [Renderer]   > [22.12.2022 19-18-47][streamline][info]d3d11.cpp:330[createKernel] Creating DXBC kernel NIS_Scaler_V0_H0.cs:main hash 11221851537279599687
{19:18:47.883} INFO: [Renderer]   > [22.12.2022 19-18-47][streamline][info]d3d11.cpp:330[createKernel] Creating DXBC kernel NIS_Scaler_V0_H1.cs:main hash 2383697960582834213
{19:18:47.883} INFO: [Renderer]   > [22.12.2022 19-18-47][streamline][info]d3d11.cpp:330[createKernel] Creating DXBC kernel NIS_Scaler_V0_H2.cs:main hash 1766102099082287508
{19:18:47.884} INFO: [Renderer]   > [22.12.2022 19-18-47][streamline][info]d3d11.cpp:330[createKernel] Creating DXBC kernel NIS_Scaler_V1_H0.cs:main hash 1990562918408001413
{19:18:47.884} INFO: [Renderer]   > [22.12.2022 19-18-47][streamline][info]d3d11.cpp:330[createKernel] Creating DXBC kernel NIS_Scaler_V1_H1.cs:main hash 1981919493558556299
{19:18:47.884} INFO: [Renderer]   > [22.12.2022 19-18-47][streamline][info]d3d11.cpp:330[createKernel] Creating DXBC kernel NIS_Scaler_V1_H2.cs:main hash 10490254860623785046
{19:18:47.884} INFO: [Renderer]   > [22.12.2022 19-18-47][streamline][info]pluginmanager.cpp:900[mapPluginCallbacks] Callback sl.nis:slSetConstants:0x7ff80fb011d0
{19:18:47.884} INFO: [Renderer]   > [22.12.2022 19-18-47][streamline][info]pluginmanager.cpp:901[mapPluginCallbacks] Callback sl.nis:slGetSettings:0x0
{19:18:47.884} INFO: [Renderer]   > [22.12.2022 19-18-47][streamline][info]pluginmanager.cpp:902[mapPluginCallbacks] Callback sl.nis:slAllocateResources:0x0
{19:18:47.884} INFO: [Renderer]   > [22.12.2022 19-18-47][streamline][info]pluginmanager.cpp:903[mapPluginCallbacks] Callback sl.nis:slFreeResources:0x0
{19:18:47.884} INFO: [Renderer]   > [22.12.2022 19-18-47][streamline][info]pluginmanager.cpp:730[processPluginHooks] Plugin 'sl.nis' has no registered hooks
{19:18:47.884} INFO: [Renderer]   > [22.12.2022 19-18-47][streamline][info]pluginmanager.cpp:900[mapPluginCallbacks] Callback sl.reflex:slSetConstants:0x7ff848d217b0
{19:18:47.884} INFO: [Renderer]   > [22.12.2022 19-18-47][streamline][info]pluginmanager.cpp:901[mapPluginCallbacks] Callback sl.reflex:slGetSettings:0x7ff848d21bf0
{19:18:47.884} INFO: [Renderer]   > [22.12.2022 19-18-47][streamline][info]pluginmanager.cpp:902[mapPluginCallbacks] Callback sl.reflex:slAllocateResources:0x0
{19:18:47.884} INFO: [Renderer]   > [22.12.2022 19-18-47][streamline][info]pluginmanager.cpp:903[mapPluginCallbacks] Callback sl.reflex:slFreeResources:0x0
{19:18:47.884} INFO: [Renderer]   > [22.12.2022 19-18-47][streamline][info]pluginmanager.cpp:730[processPluginHooks] Plugin 'sl.reflex' has no registered hooks
{19:18:47.884} ERRR: [Renderer]   > [22.12.2022 19-18-47][streamline][error]sl.cpp:157[slIsFeatureSupported] Feature 'eFeatureDLSS' is not supported or missing
{19:18:47.885} INFO: [Renderer]   > Renderer: supported display modes:
{19:18:47.885} INFO: [Renderer]   |  monitor:0, 640x480, bpp:24, hz:144.00, fmt: A8R8G8B8
{19:18:47.885} INFO: [Renderer]   |  monitor:0, 640x480, bpp:24, hz:144.00, fmt: A8R8G8B8
{19:18:47.885} INFO: [Renderer]   |  monitor:0, 640x480, bpp:24, hz:120.00, fmt: A8R8G8B8
{19:18:47.885} INFO: [Renderer]   |  monitor:0, 640x480, bpp:24, hz:120.00, fmt: A8R8G8B8
{19:18:47.885} INFO: [Renderer]   |  monitor:0, 640x480, bpp:24, hz:99.95, fmt: A8R8G8B8
{19:18:47.885} INFO: [Renderer]   |  monitor:0, 640x480, bpp:24, hz:99.95, fmt: A8R8G8B8
{19:18:47.885} INFO: [Renderer]   |  monitor:0, 640x480, bpp:24, hz:84.98, fmt: A8R8G8B8
{19:18:47.885} INFO: [Renderer]   |  monitor:0, 640x480, bpp:24, hz:84.98, fmt: A8R8G8B8
{19:18:47.885} INFO: [Renderer]   |  monitor:0, 640x480, bpp:24, hz:59.95, fmt: A8R8G8B8
{19:18:47.885} INFO: [Renderer]   |  monitor:0, 640x480, bpp:24, hz:59.95, fmt: A8R8G8B8
{19:18:47.885} INFO: [Renderer]   |  monitor:0, 720x480, bpp:24, hz:144.00, fmt: A8R8G8B8
{19:18:47.885} INFO: [Renderer]   |  monitor:0, 720x480, bpp:24, hz:144.00, fmt: A8R8G8B8
{19:18:47.885} INFO: [Renderer]   |  monitor:0, 720x480, bpp:24, hz:120.00, fmt: A8R8G8B8
{19:18:47.885} INFO: [Renderer]   |  monitor:0, 720x480, bpp:24, hz:120.00, fmt: A8R8G8B8
{19:18:47.885} INFO: [Renderer]   |  monitor:0, 720x480, bpp:24, hz:99.95, fmt: A8R8G8B8
{19:18:47.885} INFO: [Renderer]   |  monitor:0, 720x480, bpp:24, hz:99.95, fmt: A8R8G8B8
{19:18:47.885} INFO: [Renderer]   |  monitor:0, 720x480, bpp:24, hz:84.98, fmt: A8R8G8B8
{19:18:47.885} INFO: [Renderer]   |  monitor:0, 720x480, bpp:24, hz:84.98, fmt: A8R8G8B8
{19:18:47.885} INFO: [Renderer]   |  monitor:0, 720x480, bpp:24, hz:59.95, fmt: A8R8G8B8
{19:18:47.885} INFO: [Renderer]   |  monitor:0, 720x480, bpp:24, hz:59.95, fmt: A8R8G8B8
{19:18:47.885} INFO: [Renderer]   |  monitor:0, 720x576, bpp:24, hz:144.00, fmt: A8R8G8B8
{19:18:47.885} INFO: [Renderer]   |  monitor:0, 720x576, bpp:24, hz:144.00, fmt: A8R8G8B8
{19:18:47.885} INFO: [Renderer]   |  monitor:0, 720x576, bpp:24, hz:120.00, fmt: A8R8G8B8
{19:18:47.885} INFO: [Renderer]   |  monitor:0, 720x576, bpp:24, hz:120.00, fmt: A8R8G8B8
{19:18:47.885} INFO: [Renderer]   |  monitor:0, 720x576, bpp:24, hz:99.95, fmt: A8R8G8B8
{19:18:47.885} INFO: [Renderer]   |  monitor:0, 720x576, bpp:24, hz:99.95, fmt: A8R8G8B8
{19:18:47.885} INFO: [Renderer]   |  monitor:0, 720x576, bpp:24, hz:84.98, fmt: A8R8G8B8
{19:18:47.885} INFO: [Renderer]   |  monitor:0, 720x576, bpp:24, hz:84.98, fmt: A8R8G8B8
{19:18:47.885} INFO: [Renderer]   |  monitor:0, 720x576, bpp:24, hz:59.95, fmt: A8R8G8B8
{19:18:47.885} INFO: [Renderer]   |  monitor:0, 720x576, bpp:24, hz:59.95, fmt: A8R8G8B8
{19:18:47.885} INFO: [Renderer]   |  monitor:0, 800x600, bpp:24, hz:144.00, fmt: A8R8G8B8
{19:18:47.885} INFO: [Renderer]   |  monitor:0, 800x600, bpp:24, hz:144.00, fmt: A8R8G8B8
{19:18:47.885} INFO: [Renderer]   |  monitor:0, 800x600, bpp:24, hz:120.00, fmt: A8R8G8B8
{19:18:47.885} INFO: [Renderer]   |  monitor:0, 800x600, bpp:24, hz:120.00, fmt: A8R8G8B8
{19:18:47.885} INFO: [Renderer]   |  monitor:0, 800x600, bpp:24, hz:99.95, fmt: A8R8G8B8
{19:18:47.885} INFO: [Renderer]   |  monitor:0, 800x600, bpp:24, hz:99.95, fmt: A8R8G8B8
{19:18:47.885} INFO: [Renderer]   |  monitor:0, 800x600, bpp:24, hz:84.98, fmt: A8R8G8B8
{19:18:47.885} INFO: [Renderer]   |  monitor:0, 800x600, bpp:24, hz:84.98, fmt: A8R8G8B8
{19:18:47.885} INFO: [Renderer]   |  monitor:0, 800x600, bpp:24, hz:59.95, fmt: A8R8G8B8
{19:18:47.885} INFO: [Renderer]   |  monitor:0, 800x600, bpp:24, hz:59.95, fmt: A8R8G8B8
{19:18:47.885} INFO: [Renderer]   |  monitor:0, 1024x768, bpp:24, hz:144.00, fmt: A8R8G8B8
{19:18:47.885} INFO: [Renderer]   |  monitor:0, 1024x768, bpp:24, hz:144.00, fmt: A8R8G8B8
{19:18:47.885} INFO: [Renderer]   |  monitor:0, 1024x768, bpp:24, hz:120.00, fmt: A8R8G8B8
{19:18:47.885} INFO: [Renderer]   |  monitor:0, 1024x768, bpp:24, hz:120.00, fmt: A8R8G8B8
{19:18:47.885} INFO: [Renderer]   |  monitor:0, 1024x768, bpp:24, hz:99.95, fmt: A8R8G8B8
{19:18:47.885} INFO: [Renderer]   |  monitor:0, 1024x768, bpp:24, hz:99.95, fmt: A8R8G8B8
{19:18:47.885} INFO: [Renderer]   |  monitor:0, 1024x768, bpp:24, hz:84.98, fmt: A8R8G8B8
{19:18:47.885} INFO: [Renderer]   |  monitor:0, 1024x768, bpp:24, hz:84.98, fmt: A8R8G8B8
{19:18:47.885} INFO: [Renderer]   |  monitor:0, 1024x768, bpp:24, hz:59.95, fmt: A8R8G8B8
{19:18:47.885} INFO: [Renderer]   |  monitor:0, 1024x768, bpp:24, hz:59.95, fmt: A8R8G8B8
{19:18:47.885} INFO: [Renderer]   |  monitor:0, 1152x864, bpp:24, hz:144.00, fmt: A8R8G8B8
{19:18:47.885} INFO: [Renderer]   |  monitor:0, 1152x864, bpp:24, hz:144.00, fmt: A8R8G8B8
{19:18:47.885} INFO: [Renderer]   |  monitor:0, 1152x864, bpp:24, hz:120.00, fmt: A8R8G8B8
{19:18:47.885} INFO: [Renderer]   |  monitor:0, 1152x864, bpp:24, hz:120.00, fmt: A8R8G8B8
{19:18:47.885} INFO: [Renderer]   |  monitor:0, 1152x864, bpp:24, hz:99.95, fmt: A8R8G8B8
{19:18:47.885} INFO: [Renderer]   |  monitor:0, 1152x864, bpp:24, hz:99.95, fmt: A8R8G8B8
{19:18:47.885} INFO: [Renderer]   |  monitor:0, 1152x864, bpp:24, hz:84.98, fmt: A8R8G8B8
{19:18:47.885} INFO: [Renderer]   |  monitor:0, 1152x864, bpp:24, hz:84.98, fmt: A8R8G8B8
{19:18:47.885} INFO: [Renderer]   |  monitor:0, 1152x864, bpp:24, hz:59.95, fmt: A8R8G8B8
{19:18:47.885} INFO: [Renderer]   |  monitor:0, 1152x864, bpp:24, hz:59.95, fmt: A8R8G8B8
{19:18:47.885} INFO: [Renderer]   |  monitor:0, 1280x720, bpp:24, hz:144.00, fmt: A8R8G8B8
{19:18:47.885} INFO: [Renderer]   |  monitor:0, 1280x720, bpp:24, hz:144.00, fmt: A8R8G8B8
{19:18:47.885} INFO: [Renderer]   |  monitor:0, 1280x720, bpp:24, hz:120.00, fmt: A8R8G8B8
{19:18:47.885} INFO: [Renderer]   |  monitor:0, 1280x720, bpp:24, hz:120.00, fmt: A8R8G8B8
{19:18:47.885} INFO: [Renderer]   |  monitor:0, 1280x720, bpp:24, hz:99.95, fmt: A8R8G8B8
{19:18:47.885} INFO: [Renderer]   |  monitor:0, 1280x720, bpp:24, hz:99.95, fmt: A8R8G8B8
{19:18:47.885} INFO: [Renderer]   |  monitor:0, 1280x720, bpp:24, hz:84.98, fmt: A8R8G8B8
{19:18:47.885} INFO: [Renderer]   |  monitor:0, 1280x720, bpp:24, hz:84.98, fmt: A8R8G8B8
{19:18:47.885} INFO: [Renderer]   |  monitor:0, 1280x720, bpp:24, hz:59.95, fmt: A8R8G8B8
{19:18:47.885} INFO: [Renderer]   |  monitor:0, 1280x720, bpp:24, hz:59.95, fmt: A8R8G8B8
{19:18:47.885} INFO: [Renderer]   |  monitor:0, 1280x768, bpp:24, hz:144.00, fmt: A8R8G8B8
{19:18:47.885} INFO: [Renderer]   |  monitor:0, 1280x768, bpp:24, hz:144.00, fmt: A8R8G8B8
{19:18:47.885} INFO: [Renderer]   |  monitor:0, 1280x768, bpp:24, hz:120.00, fmt: A8R8G8B8
{19:18:47.885} INFO: [Renderer]   |  monitor:0, 1280x768, bpp:24, hz:120.00, fmt: A8R8G8B8
{19:18:47.885} INFO: [Renderer]   |  monitor:0, 1280x768, bpp:24, hz:99.95, fmt: A8R8G8B8
{19:18:47.885} INFO: [Renderer]   |  monitor:0, 1280x768, bpp:24, hz:99.95, fmt: A8R8G8B8
{19:18:47.885} INFO: [Renderer]   |  monitor:0, 1280x768, bpp:24, hz:84.98, fmt: A8R8G8B8
{19:18:47.885} INFO: [Renderer]   |  monitor:0, 1280x768, bpp:24, hz:84.98, fmt: A8R8G8B8
{19:18:47.885} INFO: [Renderer]   |  monitor:0, 1280x768, bpp:24, hz:59.95, fmt: A8R8G8B8
{19:18:47.885} INFO: [Renderer]   |  monitor:0, 1280x768, bpp:24, hz:59.95, fmt: A8R8G8B8
{19:18:47.885} INFO: [Renderer]   |  monitor:0, 1280x800, bpp:24, hz:144.00, fmt: A8R8G8B8
{19:18:47.885} INFO: [Renderer]   |  monitor:0, 1280x800, bpp:24, hz:144.00, fmt: A8R8G8B8
{19:18:47.885} INFO: [Renderer]   |  monitor:0, 1280x800, bpp:24, hz:120.00, fmt: A8R8G8B8
{19:18:47.885} INFO: [Renderer]   |  monitor:0, 1280x800, bpp:24, hz:120.00, fmt: A8R8G8B8
{19:18:47.885} INFO: [Renderer]   |  monitor:0, 1280x800, bpp:24, hz:99.95, fmt: A8R8G8B8
{19:18:47.885} INFO: [Renderer]   |  monitor:0, 1280x800, bpp:24, hz:99.95, fmt: A8R8G8B8
{19:18:47.885} INFO: [Renderer]   |  monitor:0, 1280x800, bpp:24, hz:84.98, fmt: A8R8G8B8
{19:18:47.885} INFO: [Renderer]   |  monitor:0, 1280x800, bpp:24, hz:84.98, fmt: A8R8G8B8
{19:18:47.885} INFO: [Renderer]   |  monitor:0, 1280x800, bpp:24, hz:59.95, fmt: A8R8G8B8
{19:18:47.885} INFO: [Renderer]   |  monitor:0, 1280x800, bpp:24, hz:59.95, fmt: A8R8G8B8
{19:18:47.885} INFO: [Renderer]   |  monitor:0, 1280x960, bpp:24, hz:144.00, fmt: A8R8G8B8
{19:18:47.885} INFO: [Renderer]   |  monitor:0, 1280x960, bpp:24, hz:144.00, fmt: A8R8G8B8
{19:18:47.885} INFO: [Renderer]   |  monitor:0, 1280x960, bpp:24, hz:120.00, fmt: A8R8G8B8
{19:18:47.885} INFO: [Renderer]   |  monitor:0, 1280x960, bpp:24, hz:120.00, fmt: A8R8G8B8
{19:18:47.885} INFO: [Renderer]   |  monitor:0, 1280x960, bpp:24, hz:99.95, fmt: A8R8G8B8
{19:18:47.885} INFO: [Renderer]   |  monitor:0, 1280x960, bpp:24, hz:99.95, fmt: A8R8G8B8
{19:18:47.885} INFO: [Renderer]   |  monitor:0, 1280x960, bpp:24, hz:84.98, fmt: A8R8G8B8
{19:18:47.885} INFO: [Renderer]   |  monitor:0, 1280x960, bpp:24, hz:84.98, fmt: A8R8G8B8
{19:18:47.885} INFO: [Renderer]   |  monitor:0, 1280x960, bpp:24, hz:59.95, fmt: A8R8G8B8
{19:18:47.885} INFO: [Renderer]   |  monitor:0, 1280x960, bpp:24, hz:59.95, fmt: A8R8G8B8
{19:18:47.885} INFO: [Renderer]   |  monitor:0, 1280x1024, bpp:24, hz:144.00, fmt: A8R8G8B8
{19:18:47.885} INFO: [Renderer]   |  monitor:0, 1280x1024, bpp:24, hz:144.00, fmt: A8R8G8B8
{19:18:47.885} INFO: [Renderer]   |  monitor:0, 1280x1024, bpp:24, hz:120.00, fmt: A8R8G8B8
{19:18:47.885} INFO: [Renderer]   |  monitor:0, 1280x1024, bpp:24, hz:120.00, fmt: A8R8G8B8
{19:18:47.885} INFO: [Renderer]   |  monitor:0, 1280x1024, bpp:24, hz:99.95, fmt: A8R8G8B8
{19:18:47.885} INFO: [Renderer]   |  monitor:0, 1280x1024, bpp:24, hz:99.95, fmt: A8R8G8B8
{19:18:47.885} INFO: [Renderer]   |  monitor:0, 1280x1024, bpp:24, hz:84.98, fmt: A8R8G8B8
{19:18:47.885} INFO: [Renderer]   |  monitor:0, 1280x1024, bpp:24, hz:84.98, fmt: A8R8G8B8
{19:18:47.885} INFO: [Renderer]   |  monitor:0, 1280x1024, bpp:24, hz:59.95, fmt: A8R8G8B8
{19:18:47.885} INFO: [Renderer]   |  monitor:0, 1280x1024, bpp:24, hz:59.95, fmt: A8R8G8B8
{19:18:47.885} INFO: [Renderer]   |  monitor:0, 1360x768, bpp:24, hz:144.00, fmt: A8R8G8B8
{19:18:47.885} INFO: [Renderer]   |  monitor:0, 1360x768, bpp:24, hz:144.00, fmt: A8R8G8B8
{19:18:47.885} INFO: [Renderer]   |  monitor:0, 1360x768, bpp:24, hz:120.00, fmt: A8R8G8B8
{19:18:47.885} INFO: [Renderer]   |  monitor:0, 1360x768, bpp:24, hz:120.00, fmt: A8R8G8B8
{19:18:47.885} INFO: [Renderer]   |  monitor:0, 1360x768, bpp:24, hz:99.95, fmt: A8R8G8B8
{19:18:47.885} INFO: [Renderer]   |  monitor:0, 1360x768, bpp:24, hz:99.95, fmt: A8R8G8B8
{19:18:47.885} INFO: [Renderer]   |  monitor:0, 1360x768, bpp:24, hz:84.98, fmt: A8R8G8B8
{19:18:47.885} INFO: [Renderer]   |  monitor:0, 1360x768, bpp:24, hz:84.98, fmt: A8R8G8B8
{19:18:47.885} INFO: [Renderer]   |  monitor:0, 1360x768, bpp:24, hz:59.95, fmt: A8R8G8B8
{19:18:47.885} INFO: [Renderer]   |  monitor:0, 1360x768, bpp:24, hz:59.95, fmt: A8R8G8B8
{19:18:47.885} INFO: [Renderer]   |  monitor:0, 1366x768, bpp:24, hz:144.00, fmt: A8R8G8B8
{19:18:47.885} INFO: [Renderer]   |  monitor:0, 1366x768, bpp:24, hz:144.00, fmt: A8R8G8B8
{19:18:47.885} INFO: [Renderer]   |  monitor:0, 1366x768, bpp:24, hz:120.00, fmt: A8R8G8B8
{19:18:47.885} INFO: [Renderer]   |  monitor:0, 1366x768, bpp:24, hz:120.00, fmt: A8R8G8B8
{19:18:47.885} INFO: [Renderer]   |  monitor:0, 1366x768, bpp:24, hz:99.95, fmt: A8R8G8B8
{19:18:47.885} INFO: [Renderer]   |  monitor:0, 1366x768, bpp:24, hz:99.95, fmt: A8R8G8B8
{19:18:47.885} INFO: [Renderer]   |  monitor:0, 1366x768, bpp:24, hz:84.98, fmt: A8R8G8B8
{19:18:47.885} INFO: [Renderer]   |  monitor:0, 1366x768, bpp:24, hz:84.98, fmt: A8R8G8B8
{19:18:47.885} INFO: [Renderer]   |  monitor:0, 1366x768, bpp:24, hz:59.95, fmt: A8R8G8B8
{19:18:47.885} INFO: [Renderer]   |  monitor:0, 1366x768, bpp:24, hz:59.95, fmt: A8R8G8B8
{19:18:47.885} INFO: [Renderer]   |  monitor:0, 1440x900, bpp:24, hz:144.00, fmt: A8R8G8B8
{19:18:47.885} INFO: [Renderer]   |  monitor:0, 1440x900, bpp:24, hz:144.00, fmt: A8R8G8B8
{19:18:47.885} INFO: [Renderer]   |  monitor:0, 1440x900, bpp:24, hz:120.00, fmt: A8R8G8B8
{19:18:47.885} INFO: [Renderer]   |  monitor:0, 1440x900, bpp:24, hz:120.00, fmt: A8R8G8B8
{19:18:47.885} INFO: [Renderer]   |  monitor:0, 1440x900, bpp:24, hz:99.95, fmt: A8R8G8B8
{19:18:47.885} INFO: [Renderer]   |  monitor:0, 1440x900, bpp:24, hz:99.95, fmt: A8R8G8B8
{19:18:47.885} INFO: [Renderer]   |  monitor:0, 1440x900, bpp:24, hz:84.98, fmt: A8R8G8B8
{19:18:47.885} INFO: [Renderer]   |  monitor:0, 1440x900, bpp:24, hz:84.98, fmt: A8R8G8B8
{19:18:47.885} INFO: [Renderer]   |  monitor:0, 1440x900, bpp:24, hz:59.95, fmt: A8R8G8B8
{19:18:47.885} INFO: [Renderer]   |  monitor:0, 1440x900, bpp:24, hz:59.95, fmt: A8R8G8B8
{19:18:47.885} INFO: [Renderer]   |  monitor:0, 1600x900, bpp:24, hz:144.00, fmt: A8R8G8B8
{19:18:47.885} INFO: [Renderer]   |  monitor:0, 1600x900, bpp:24, hz:144.00, fmt: A8R8G8B8
{19:18:47.885} INFO: [Renderer]   |  monitor:0, 1600x900, bpp:24, hz:120.00, fmt: A8R8G8B8
{19:18:47.885} INFO: [Renderer]   |  monitor:0, 1600x900, bpp:24, hz:120.00, fmt: A8R8G8B8
{19:18:47.885} INFO: [Renderer]   |  monitor:0, 1600x900, bpp:24, hz:99.95, fmt: A8R8G8B8
{19:18:47.885} INFO: [Renderer]   |  monitor:0, 1600x900, bpp:24, hz:99.95, fmt: A8R8G8B8
{19:18:47.886} INFO: [Renderer]   |  monitor:0, 1600x900, bpp:24, hz:84.98, fmt: A8R8G8B8
{19:18:47.886} INFO: [Renderer]   |  monitor:0, 1600x900, bpp:24, hz:84.98, fmt: A8R8G8B8
{19:18:47.886} INFO: [Renderer]   |  monitor:0, 1600x900, bpp:24, hz:59.95, fmt: A8R8G8B8
{19:18:47.886} INFO: [Renderer]   |  monitor:0, 1600x900, bpp:24, hz:59.95, fmt: A8R8G8B8
{19:18:47.886} INFO: [Renderer]   |  monitor:0, 1600x1024, bpp:24, hz:144.00, fmt: A8R8G8B8
{19:18:47.886} INFO: [Renderer]   |  monitor:0, 1600x1024, bpp:24, hz:144.00, fmt: A8R8G8B8
{19:18:47.886} INFO: [Renderer]   |  monitor:0, 1600x1024, bpp:24, hz:120.00, fmt: A8R8G8B8
{19:18:47.886} INFO: [Renderer]   |  monitor:0, 1600x1024, bpp:24, hz:120.00, fmt: A8R8G8B8
{19:18:47.886} INFO: [Renderer]   |  monitor:0, 1600x1024, bpp:24, hz:99.95, fmt: A8R8G8B8
{19:18:47.886} INFO: [Renderer]   |  monitor:0, 1600x1024, bpp:24, hz:99.95, fmt: A8R8G8B8
{19:18:47.886} INFO: [Renderer]   |  monitor:0, 1600x1024, bpp:24, hz:84.98, fmt: A8R8G8B8
{19:18:47.886} INFO: [Renderer]   |  monitor:0, 1600x1024, bpp:24, hz:84.98, fmt: A8R8G8B8
{19:18:47.886} INFO: [Renderer]   |  monitor:0, 1600x1024, bpp:24, hz:59.95, fmt: A8R8G8B8
{19:18:47.886} INFO: [Renderer]   |  monitor:0, 1600x1024, bpp:24, hz:59.95, fmt: A8R8G8B8
{19:18:47.886} INFO: [Renderer]   |  monitor:0, 1600x1200, bpp:24, hz:144.00, fmt: A8R8G8B8
{19:18:47.886} INFO: [Renderer]   |  monitor:0, 1600x1200, bpp:24, hz:144.00, fmt: A8R8G8B8
{19:18:47.886} INFO: [Renderer]   |  monitor:0, 1600x1200, bpp:24, hz:120.00, fmt: A8R8G8B8
{19:18:47.886} INFO: [Renderer]   |  monitor:0, 1600x1200, bpp:24, hz:120.00, fmt: A8R8G8B8
{19:18:47.886} INFO: [Renderer]   |  monitor:0, 1600x1200, bpp:24, hz:99.95, fmt: A8R8G8B8
{19:18:47.886} INFO: [Renderer]   |  monitor:0, 1600x1200, bpp:24, hz:99.95, fmt: A8R8G8B8
{19:18:47.886} INFO: [Renderer]   |  monitor:0, 1600x1200, bpp:24, hz:84.98, fmt: A8R8G8B8
{19:18:47.886} INFO: [Renderer]   |  monitor:0, 1600x1200, bpp:24, hz:84.98, fmt: A8R8G8B8
{19:18:47.886} INFO: [Renderer]   |  monitor:0, 1600x1200, bpp:24, hz:59.95, fmt: A8R8G8B8
{19:18:47.886} INFO: [Renderer]   |  monitor:0, 1600x1200, bpp:24, hz:59.95, fmt: A8R8G8B8
{19:18:47.886} INFO: [Renderer]   |  monitor:0, 1680x1050, bpp:24, hz:144.00, fmt: A8R8G8B8
{19:18:47.886} INFO: [Renderer]   |  monitor:0, 1680x1050, bpp:24, hz:144.00, fmt: A8R8G8B8
{19:18:47.886} INFO: [Renderer]   |  monitor:0, 1680x1050, bpp:24, hz:120.00, fmt: A8R8G8B8
{19:18:47.886} INFO: [Renderer]   |  monitor:0, 1680x1050, bpp:24, hz:120.00, fmt: A8R8G8B8
{19:18:47.886} INFO: [Renderer]   |  monitor:0, 1680x1050, bpp:24, hz:99.95, fmt: A8R8G8B8
{19:18:47.886} INFO: [Renderer]   |  monitor:0, 1680x1050, bpp:24, hz:99.95, fmt: A8R8G8B8
{19:18:47.886} INFO: [Renderer]   |  monitor:0, 1680x1050, bpp:24, hz:84.98, fmt: A8R8G8B8
{19:18:47.886} INFO: [Renderer]   |  monitor:0, 1680x1050, bpp:24, hz:84.98, fmt: A8R8G8B8
{19:18:47.886} INFO: [Renderer]   |  monitor:0, 1680x1050, bpp:24, hz:59.95, fmt: A8R8G8B8
{19:18:47.886} INFO: [Renderer]   |  monitor:0, 1680x1050, bpp:24, hz:59.95, fmt: A8R8G8B8
{19:18:47.886} INFO: [Renderer]   |  monitor:0, 1920x1080, bpp:24, hz:144.00, fmt: A8R8G8B8
{19:18:47.886} INFO: [Renderer]   |  monitor:0, 1920x1080, bpp:24, hz:144.00, fmt: A8R8G8B8
{19:18:47.886} INFO: [Renderer]   |  monitor:0, 1920x1080, bpp:24, hz:120.00, fmt: A8R8G8B8
{19:18:47.886} INFO: [Renderer]   |  monitor:0, 1920x1080, bpp:24, hz:120.00, fmt: A8R8G8B8
{19:18:47.886} INFO: [Renderer]   |  monitor:0, 1920x1080, bpp:24, hz:99.95, fmt: A8R8G8B8
{19:18:47.886} INFO: [Renderer]   |  monitor:0, 1920x1080, bpp:24, hz:99.95, fmt: A8R8G8B8
{19:18:47.886} INFO: [Renderer]   |  monitor:0, 1920x1080, bpp:24, hz:84.98, fmt: A8R8G8B8
{19:18:47.886} INFO: [Renderer]   |  monitor:0, 1920x1080, bpp:24, hz:84.98, fmt: A8R8G8B8
{19:18:47.886} INFO: [Renderer]   |  monitor:0, 1920x1080, bpp:24, hz:59.95, fmt: A8R8G8B8
{19:18:47.886} INFO: [Renderer]   |  monitor:0, 1920x1080, bpp:24, hz:59.95, fmt: A8R8G8B8
{19:18:47.886} INFO: [Renderer]   |  monitor:0, 1920x1200, bpp:24, hz:144.00, fmt: A8R8G8B8
{19:18:47.886} INFO: [Renderer]   |  monitor:0, 1920x1200, bpp:24, hz:144.00, fmt: A8R8G8B8
{19:18:47.886} INFO: [Renderer]   |  monitor:0, 1920x1200, bpp:24, hz:120.00, fmt: A8R8G8B8
{19:18:47.886} INFO: [Renderer]   |  monitor:0, 1920x1200, bpp:24, hz:120.00, fmt: A8R8G8B8
{19:18:47.886} INFO: [Renderer]   |  monitor:0, 1920x1200, bpp:24, hz:99.95, fmt: A8R8G8B8
{19:18:47.886} INFO: [Renderer]   |  monitor:0, 1920x1200, bpp:24, hz:99.95, fmt: A8R8G8B8
{19:18:47.886} INFO: [Renderer]   |  monitor:0, 1920x1200, bpp:24, hz:84.98, fmt: A8R8G8B8
{19:18:47.886} INFO: [Renderer]   |  monitor:0, 1920x1200, bpp:24, hz:84.98, fmt: A8R8G8B8
{19:18:47.886} INFO: [Renderer]   |  monitor:0, 1920x1200, bpp:24, hz:59.95, fmt: A8R8G8B8
{19:18:47.886} INFO: [Renderer]   |  monitor:0, 1920x1200, bpp:24, hz:59.95, fmt: A8R8G8B8
{19:18:47.886} INFO: [Renderer]   |  monitor:0, 1920x1440, bpp:24, hz:144.00, fmt: A8R8G8B8
{19:18:47.886} INFO: [Renderer]   |  monitor:0, 1920x1440, bpp:24, hz:144.00, fmt: A8R8G8B8
{19:18:47.886} INFO: [Renderer]   |  monitor:0, 1920x1440, bpp:24, hz:120.00, fmt: A8R8G8B8
{19:18:47.886} INFO: [Renderer]   |  monitor:0, 1920x1440, bpp:24, hz:120.00, fmt: A8R8G8B8
{19:18:47.886} INFO: [Renderer]   |  monitor:0, 1920x1440, bpp:24, hz:99.95, fmt: A8R8G8B8
{19:18:47.886} INFO: [Renderer]   |  monitor:0, 1920x1440, bpp:24, hz:99.95, fmt: A8R8G8B8
{19:18:47.886} INFO: [Renderer]   |  monitor:0, 1920x1440, bpp:24, hz:84.98, fmt: A8R8G8B8
{19:18:47.886} INFO: [Renderer]   |  monitor:0, 1920x1440, bpp:24, hz:84.98, fmt: A8R8G8B8
{19:18:47.886} INFO: [Renderer]   |  monitor:0, 1920x1440, bpp:24, hz:59.95, fmt: A8R8G8B8
{19:18:47.886} INFO: [Renderer]   |  monitor:0, 1920x1440, bpp:24, hz:59.95, fmt: A8R8G8B8
{19:18:47.886} INFO: [Renderer]   |  monitor:0, 2560x1440, bpp:24, hz:144.00, fmt: A8R8G8B8
{19:18:47.886} INFO: [Renderer]   |  monitor:0, 2560x1440, bpp:24, hz:120.00, fmt: A8R8G8B8
{19:18:47.886} INFO: [Renderer]   |  monitor:0, 2560x1440, bpp:24, hz:99.95, fmt: A8R8G8B8
{19:18:47.886} INFO: [Renderer]   |  monitor:0, 2560x1440, bpp:24, hz:84.98, fmt: A8R8G8B8
{19:18:47.886} INFO: [Renderer]   |  monitor:0, 2560x1440, bpp:24, hz:59.95, fmt: A8R8G8B8
{19:18:47.886} INFO: [Renderer]   |  monitor:1, 640x480, bpp:24, hz:144.01, fmt: A8R8G8B8
{19:18:47.886} INFO: [Renderer]   |  monitor:1, 640x480, bpp:24, hz:144.01, fmt: A8R8G8B8
{19:18:47.886} INFO: [Renderer]   |  monitor:1, 640x480, bpp:24, hz:120.00, fmt: A8R8G8B8
{19:18:47.886} INFO: [Renderer]   |  monitor:1, 640x480, bpp:24, hz:120.00, fmt: A8R8G8B8
{19:18:47.886} INFO: [Renderer]   |  monitor:1, 640x480, bpp:24, hz:119.88, fmt: A8R8G8B8
{19:18:47.886} INFO: [Renderer]   |  monitor:1, 640x480, bpp:24, hz:119.88, fmt: A8R8G8B8
{19:18:47.886} INFO: [Renderer]   |  monitor:1, 640x480, bpp:24, hz:75.00, fmt: A8R8G8B8
{19:18:47.886} INFO: [Renderer]   |  monitor:1, 640x480, bpp:24, hz:72.00, fmt: A8R8G8B8
{19:18:47.886} INFO: [Renderer]   |  monitor:1, 640x480, bpp:24, hz:60.00, fmt: A8R8G8B8
{19:18:47.886} INFO: [Renderer]   |  monitor:1, 640x480, bpp:24, hz:59.94, fmt: A8R8G8B8
{19:18:47.886} INFO: [Renderer]   |  monitor:1, 720x480, bpp:24, hz:144.01, fmt: A8R8G8B8
{19:18:47.886} INFO: [Renderer]   |  monitor:1, 720x480, bpp:24, hz:144.01, fmt: A8R8G8B8
{19:18:47.886} INFO: [Renderer]   |  monitor:1, 720x480, bpp:24, hz:120.00, fmt: A8R8G8B8
{19:18:47.886} INFO: [Renderer]   |  monitor:1, 720x480, bpp:24, hz:120.00, fmt: A8R8G8B8
{19:18:47.886} INFO: [Renderer]   |  monitor:1, 720x480, bpp:24, hz:119.88, fmt: A8R8G8B8
{19:18:47.886} INFO: [Renderer]   |  monitor:1, 720x480, bpp:24, hz:119.88, fmt: A8R8G8B8
{19:18:47.886} INFO: [Renderer]   |  monitor:1, 720x480, bpp:24, hz:60.00, fmt: A8R8G8B8
{19:18:47.886} INFO: [Renderer]   |  monitor:1, 720x480, bpp:24, hz:59.94, fmt: A8R8G8B8
{19:18:47.886} INFO: [Renderer]   |  monitor:1, 720x576, bpp:24, hz:144.01, fmt: A8R8G8B8
{19:18:47.886} INFO: [Renderer]   |  monitor:1, 720x576, bpp:24, hz:144.01, fmt: A8R8G8B8
{19:18:47.886} INFO: [Renderer]   |  monitor:1, 720x576, bpp:24, hz:120.00, fmt: A8R8G8B8
{19:18:47.886} INFO: [Renderer]   |  monitor:1, 720x576, bpp:24, hz:120.00, fmt: A8R8G8B8
{19:18:47.886} INFO: [Renderer]   |  monitor:1, 720x576, bpp:24, hz:119.88, fmt: A8R8G8B8
{19:18:47.886} INFO: [Renderer]   |  monitor:1, 720x576, bpp:24, hz:119.88, fmt: A8R8G8B8
{19:18:47.886} INFO: [Renderer]   |  monitor:1, 720x576, bpp:24, hz:50.00, fmt: A8R8G8B8
{19:18:47.886} INFO: [Renderer]   |  monitor:1, 800x600, bpp:24, hz:144.01, fmt: A8R8G8B8
{19:18:47.886} INFO: [Renderer]   |  monitor:1, 800x600, bpp:24, hz:144.01, fmt: A8R8G8B8
{19:18:47.886} INFO: [Renderer]   |  monitor:1, 800x600, bpp:24, hz:120.00, fmt: A8R8G8B8
{19:18:47.886} INFO: [Renderer]   |  monitor:1, 800x600, bpp:24, hz:120.00, fmt: A8R8G8B8
{19:18:47.886} INFO: [Renderer]   |  monitor:1, 800x600, bpp:24, hz:119.88, fmt: A8R8G8B8
{19:18:47.886} INFO: [Renderer]   |  monitor:1, 800x600, bpp:24, hz:119.88, fmt: A8R8G8B8
{19:18:47.886} INFO: [Renderer]   |  monitor:1, 800x600, bpp:24, hz:75.00, fmt: A8R8G8B8
{19:18:47.886} INFO: [Renderer]   |  monitor:1, 800x600, bpp:24, hz:72.19, fmt: A8R8G8B8
{19:18:47.886} INFO: [Renderer]   |  monitor:1, 800x600, bpp:24, hz:60.32, fmt: A8R8G8B8
{19:18:47.886} INFO: [Renderer]   |  monitor:1, 800x600, bpp:24, hz:56.25, fmt: A8R8G8B8
{19:18:47.886} INFO: [Renderer]   |  monitor:1, 1024x768, bpp:24, hz:144.01, fmt: A8R8G8B8
{19:18:47.886} INFO: [Renderer]   |  monitor:1, 1024x768, bpp:24, hz:144.01, fmt: A8R8G8B8
{19:18:47.886} INFO: [Renderer]   |  monitor:1, 1024x768, bpp:24, hz:120.00, fmt: A8R8G8B8
{19:18:47.886} INFO: [Renderer]   |  monitor:1, 1024x768, bpp:24, hz:120.00, fmt: A8R8G8B8
{19:18:47.886} INFO: [Renderer]   |  monitor:1, 1024x768, bpp:24, hz:119.88, fmt: A8R8G8B8
{19:18:47.886} INFO: [Renderer]   |  monitor:1, 1024x768, bpp:24, hz:119.88, fmt: A8R8G8B8
{19:18:47.886} INFO: [Renderer]   |  monitor:1, 1024x768, bpp:24, hz:75.03, fmt: A8R8G8B8
{19:18:47.886} INFO: [Renderer]   |  monitor:1, 1024x768, bpp:24, hz:70.07, fmt: A8R8G8B8
{19:18:47.886} INFO: [Renderer]   |  monitor:1, 1024x768, bpp:24, hz:60.00, fmt: A8R8G8B8
{19:18:47.886} INFO: [Renderer]   |  monitor:1, 1152x864, bpp:24, hz:144.01, fmt: A8R8G8B8
{19:18:47.886} INFO: [Renderer]   |  monitor:1, 1152x864, bpp:24, hz:144.01, fmt: A8R8G8B8
{19:18:47.886} INFO: [Renderer]   |  monitor:1, 1152x864, bpp:24, hz:120.00, fmt: A8R8G8B8
{19:18:47.886} INFO: [Renderer]   |  monitor:1, 1152x864, bpp:24, hz:120.00, fmt: A8R8G8B8
{19:18:47.886} INFO: [Renderer]   |  monitor:1, 1152x864, bpp:24, hz:119.88, fmt: A8R8G8B8
{19:18:47.886} INFO: [Renderer]   |  monitor:1, 1152x864, bpp:24, hz:119.88, fmt: A8R8G8B8
{19:18:47.886} INFO: [Renderer]   |  monitor:1, 1152x864, bpp:24, hz:75.00, fmt: A8R8G8B8
{19:18:47.886} INFO: [Renderer]   |  monitor:1, 1176x664, bpp:24, hz:60.00, fmt: A8R8G8B8
{19:18:47.886} INFO: [Renderer]   |  monitor:1, 1176x664, bpp:24, hz:60.00, fmt: A8R8G8B8
{19:18:47.886} INFO: [Renderer]   |  monitor:1, 1176x664, bpp:24, hz:59.94, fmt: A8R8G8B8
{19:18:47.886} INFO: [Renderer]   |  monitor:1, 1176x664, bpp:24, hz:59.94, fmt: A8R8G8B8
{19:18:47.886} INFO: [Renderer]   |  monitor:1, 1176x664, bpp:24, hz:50.00, fmt: A8R8G8B8
{19:18:47.886} INFO: [Renderer]   |  monitor:1, 1176x664, bpp:24, hz:50.00, fmt: A8R8G8B8
{19:18:47.886} INFO: [Renderer]   |  monitor:1, 1280x720, bpp:24, hz:144.01, fmt: A8R8G8B8
{19:18:47.886} INFO: [Renderer]   |  monitor:1, 1280x720, bpp:24, hz:144.01, fmt: A8R8G8B8
{19:18:47.886} INFO: [Renderer]   |  monitor:1, 1280x720, bpp:24, hz:120.00, fmt: A8R8G8B8
{19:18:47.886} INFO: [Renderer]   |  monitor:1, 1280x720, bpp:24, hz:120.00, fmt: A8R8G8B8
{19:18:47.886} INFO: [Renderer]   |  monitor:1, 1280x720, bpp:24, hz:119.88, fmt: A8R8G8B8
{19:18:47.886} INFO: [Renderer]   |  monitor:1, 1280x720, bpp:24, hz:119.88, fmt: A8R8G8B8
{19:18:47.886} INFO: [Renderer]   |  monitor:1, 1280x720, bpp:24, hz:60.00, fmt: A8R8G8B8
{19:18:47.886} INFO: [Renderer]   |  monitor:1, 1280x720, bpp:24, hz:59.94, fmt: A8R8G8B8
{19:18:47.886} INFO: [Renderer]   |  monitor:1, 1280x720, bpp:24, hz:50.00, fmt: A8R8G8B8
{19:18:47.886} INFO: [Renderer]   |  monitor:1, 1280x768, bpp:24, hz:144.01, fmt: A8R8G8B8
{19:18:47.886} INFO: [Renderer]   |  monitor:1, 1280x768, bpp:24, hz:144.01, fmt: A8R8G8B8
{19:18:47.886} INFO: [Renderer]   |  monitor:1, 1280x768, bpp:24, hz:120.00, fmt: A8R8G8B8
{19:18:47.886} INFO: [Renderer]   |  monitor:1, 1280x768, bpp:24, hz:120.00, fmt: A8R8G8B8
{19:18:47.886} INFO: [Renderer]   |  monitor:1, 1280x768, bpp:24, hz:119.88, fmt: A8R8G8B8
{19:18:47.886} INFO: [Renderer]   |  monitor:1, 1280x768, bpp:24, hz:119.88, fmt: A8R8G8B8
{19:18:47.886} INFO: [Renderer]   |  monitor:1, 1280x768, bpp:24, hz:60.00, fmt: A8R8G8B8
{19:18:47.886} INFO: [Renderer]   |  monitor:1, 1280x768, bpp:24, hz:60.00, fmt: A8R8G8B8
{19:18:47.886} INFO: [Renderer]   |  monitor:1, 1280x800, bpp:24, hz:144.01, fmt: A8R8G8B8
{19:18:47.886} INFO: [Renderer]   |  monitor:1, 1280x800, bpp:24, hz:144.01, fmt: A8R8G8B8
{19:18:47.886} INFO: [Renderer]   |  monitor:1, 1280x800, bpp:24, hz:120.00, fmt: A8R8G8B8
{19:18:47.886} INFO: [Renderer]   |  monitor:1, 1280x800, bpp:24, hz:120.00, fmt: A8R8G8B8
{19:18:47.886} INFO: [Renderer]   |  monitor:1, 1280x800, bpp:24, hz:119.88, fmt: A8R8G8B8
{19:18:47.886} INFO: [Renderer]   |  monitor:1, 1280x800, bpp:24, hz:119.88, fmt: A8R8G8B8
{19:18:47.886} INFO: [Renderer]   |  monitor:1, 1280x800, bpp:24, hz:60.00, fmt: A8R8G8B8
{19:18:47.886} INFO: [Renderer]   |  monitor:1, 1280x800, bpp:24, hz:60.00, fmt: A8R8G8B8
{19:18:47.886} INFO: [Renderer]   |  monitor:1, 1280x960, bpp:24, hz:144.01, fmt: A8R8G8B8
{19:18:47.886} INFO: [Renderer]   |  monitor:1, 1280x960, bpp:24, hz:144.01, fmt: A8R8G8B8
{19:18:47.886} INFO: [Renderer]   |  monitor:1, 1280x960, bpp:24, hz:120.00, fmt: A8R8G8B8
{19:18:47.886} INFO: [Renderer]   |  monitor:1, 1280x960, bpp:24, hz:120.00, fmt: A8R8G8B8
{19:18:47.886} INFO: [Renderer]   |  monitor:1, 1280x960, bpp:24, hz:119.88, fmt: A8R8G8B8
{19:18:47.886} INFO: [Renderer]   |  monitor:1, 1280x960, bpp:24, hz:119.88, fmt: A8R8G8B8
{19:18:47.886} INFO: [Renderer]   |  monitor:1, 1280x960, bpp:24, hz:60.00, fmt: A8R8G8B8
{19:18:47.886} INFO: [Renderer]   |  monitor:1, 1280x1024, bpp:24, hz:144.01, fmt: A8R8G8B8
{19:18:47.886} INFO: [Renderer]   |  monitor:1, 1280x1024, bpp:24, hz:144.01, fmt: A8R8G8B8
{19:18:47.886} INFO: [Renderer]   |  monitor:1, 1280x1024, bpp:24, hz:120.00, fmt: A8R8G8B8
{19:18:47.886} INFO: [Renderer]   |  monitor:1, 1280x1024, bpp:24, hz:120.00, fmt: A8R8G8B8
{19:18:47.886} INFO: [Renderer]   |  monitor:1, 1280x1024, bpp:24, hz:119.88, fmt: A8R8G8B8
{19:18:47.886} INFO: [Renderer]   |  monitor:1, 1280x1024, bpp:24, hz:119.88, fmt: A8R8G8B8
{19:18:47.886} INFO: [Renderer]   |  monitor:1, 1280x1024, bpp:24, hz:75.03, fmt: A8R8G8B8
{19:18:47.886} INFO: [Renderer]   |  monitor:1, 1280x1024, bpp:24, hz:60.02, fmt: A8R8G8B8
{19:18:47.886} INFO: [Renderer]   |  monitor:1, 1360x768, bpp:24, hz:144.01, fmt: A8R8G8B8
{19:18:47.886} INFO: [Renderer]   |  monitor:1, 1360x768, bpp:24, hz:144.01, fmt: A8R8G8B8
{19:18:47.886} INFO: [Renderer]   |  monitor:1, 1360x768, bpp:24, hz:120.00, fmt: A8R8G8B8
{19:18:47.886} INFO: [Renderer]   |  monitor:1, 1360x768, bpp:24, hz:120.00, fmt: A8R8G8B8
{19:18:47.886} INFO: [Renderer]   |  monitor:1, 1360x768, bpp:24, hz:119.88, fmt: A8R8G8B8
{19:18:47.886} INFO: [Renderer]   |  monitor:1, 1360x768, bpp:24, hz:119.88, fmt: A8R8G8B8
{19:18:47.886} INFO: [Renderer]   |  monitor:1, 1360x768, bpp:24, hz:59.89, fmt: A8R8G8B8
{19:18:47.887} INFO: [Renderer]   |  monitor:1, 1360x768, bpp:24, hz:59.89, fmt: A8R8G8B8
{19:18:47.887} INFO: [Renderer]   |  monitor:1, 1366x768, bpp:24, hz:144.01, fmt: A8R8G8B8
{19:18:47.887} INFO: [Renderer]   |  monitor:1, 1366x768, bpp:24, hz:144.01, fmt: A8R8G8B8
{19:18:47.887} INFO: [Renderer]   |  monitor:1, 1366x768, bpp:24, hz:120.00, fmt: A8R8G8B8
{19:18:47.887} INFO: [Renderer]   |  monitor:1, 1366x768, bpp:24, hz:120.00, fmt: A8R8G8B8
{19:18:47.887} INFO: [Renderer]   |  monitor:1, 1366x768, bpp:24, hz:119.88, fmt: A8R8G8B8
{19:18:47.887} INFO: [Renderer]   |  monitor:1, 1366x768, bpp:24, hz:119.88, fmt: A8R8G8B8
{19:18:47.887} INFO: [Renderer]   |  monitor:1, 1366x768, bpp:24, hz:59.89, fmt: A8R8G8B8
{19:18:47.887} INFO: [Renderer]   |  monitor:1, 1366x768, bpp:24, hz:59.89, fmt: A8R8G8B8
{19:18:47.887} INFO: [Renderer]   |  monitor:1, 1440x900, bpp:24, hz:144.01, fmt: A8R8G8B8
{19:18:47.887} INFO: [Renderer]   |  monitor:1, 1440x900, bpp:24, hz:144.01, fmt: A8R8G8B8
{19:18:47.887} INFO: [Renderer]   |  monitor:1, 1440x900, bpp:24, hz:120.00, fmt: A8R8G8B8
{19:18:47.887} INFO: [Renderer]   |  monitor:1, 1440x900, bpp:24, hz:120.00, fmt: A8R8G8B8
{19:18:47.887} INFO: [Renderer]   |  monitor:1, 1440x900, bpp:24, hz:119.88, fmt: A8R8G8B8
{19:18:47.887} INFO: [Renderer]   |  monitor:1, 1440x900, bpp:24, hz:119.88, fmt: A8R8G8B8
{19:18:47.887} INFO: [Renderer]   |  monitor:1, 1440x900, bpp:24, hz:59.89, fmt: A8R8G8B8
{19:18:47.887} INFO: [Renderer]   |  monitor:1, 1600x900, bpp:24, hz:144.01, fmt: A8R8G8B8
{19:18:47.887} INFO: [Renderer]   |  monitor:1, 1600x900, bpp:24, hz:144.01, fmt: A8R8G8B8
{19:18:47.887} INFO: [Renderer]   |  monitor:1, 1600x900, bpp:24, hz:120.00, fmt: A8R8G8B8
{19:18:47.887} INFO: [Renderer]   |  monitor:1, 1600x900, bpp:24, hz:120.00, fmt: A8R8G8B8
{19:18:47.887} INFO: [Renderer]   |  monitor:1, 1600x900, bpp:24, hz:119.88, fmt: A8R8G8B8
{19:18:47.887} INFO: [Renderer]   |  monitor:1, 1600x900, bpp:24, hz:119.88, fmt: A8R8G8B8
{19:18:47.887} INFO: [Renderer]   |  monitor:1, 1600x900, bpp:24, hz:59.95, fmt: A8R8G8B8
{19:18:47.887} INFO: [Renderer]   |  monitor:1, 1600x900, bpp:24, hz:59.95, fmt: A8R8G8B8
{19:18:47.887} INFO: [Renderer]   |  monitor:1, 1600x1024, bpp:24, hz:144.01, fmt: A8R8G8B8
{19:18:47.887} INFO: [Renderer]   |  monitor:1, 1600x1024, bpp:24, hz:144.01, fmt: A8R8G8B8
{19:18:47.887} INFO: [Renderer]   |  monitor:1, 1600x1024, bpp:24, hz:120.00, fmt: A8R8G8B8
{19:18:47.887} INFO: [Renderer]   |  monitor:1, 1600x1024, bpp:24, hz:120.00, fmt: A8R8G8B8
{19:18:47.887} INFO: [Renderer]   |  monitor:1, 1600x1024, bpp:24, hz:119.88, fmt: A8R8G8B8
{19:18:47.887} INFO: [Renderer]   |  monitor:1, 1600x1024, bpp:24, hz:119.88, fmt: A8R8G8B8
{19:18:47.887} INFO: [Renderer]   |  monitor:1, 1600x1024, bpp:24, hz:59.95, fmt: A8R8G8B8
{19:18:47.887} INFO: [Renderer]   |  monitor:1, 1600x1024, bpp:24, hz:59.95, fmt: A8R8G8B8
{19:18:47.887} INFO: [Renderer]   |  monitor:1, 1680x1050, bpp:24, hz:144.01, fmt: A8R8G8B8
{19:18:47.887} INFO: [Renderer]   |  monitor:1, 1680x1050, bpp:24, hz:144.01, fmt: A8R8G8B8
{19:18:47.887} INFO: [Renderer]   |  monitor:1, 1680x1050, bpp:24, hz:120.00, fmt: A8R8G8B8
{19:18:47.887} INFO: [Renderer]   |  monitor:1, 1680x1050, bpp:24, hz:120.00, fmt: A8R8G8B8
{19:18:47.887} INFO: [Renderer]   |  monitor:1, 1680x1050, bpp:24, hz:119.88, fmt: A8R8G8B8
{19:18:47.887} INFO: [Renderer]   |  monitor:1, 1680x1050, bpp:24, hz:119.88, fmt: A8R8G8B8
{19:18:47.887} INFO: [Renderer]   |  monitor:1, 1680x1050, bpp:24, hz:59.95, fmt: A8R8G8B8
{19:18:47.887} INFO: [Renderer]   |  monitor:1, 1768x992, bpp:24, hz:144.01, fmt: A8R8G8B8
{19:18:47.887} INFO: [Renderer]   |  monitor:1, 1768x992, bpp:24, hz:144.01, fmt: A8R8G8B8
{19:18:47.887} INFO: [Renderer]   |  monitor:1, 1768x992, bpp:24, hz:120.00, fmt: A8R8G8B8
{19:18:47.887} INFO: [Renderer]   |  monitor:1, 1768x992, bpp:24, hz:120.00, fmt: A8R8G8B8
{19:18:47.887} INFO: [Renderer]   |  monitor:1, 1768x992, bpp:24, hz:119.88, fmt: A8R8G8B8
{19:18:47.887} INFO: [Renderer]   |  monitor:1, 1768x992, bpp:24, hz:119.88, fmt: A8R8G8B8
{19:18:47.887} INFO: [Renderer]   |  monitor:1, 1768x992, bpp:24, hz:60.00, fmt: A8R8G8B8
{19:18:47.887} INFO: [Renderer]   |  monitor:1, 1768x992, bpp:24, hz:60.00, fmt: A8R8G8B8
{19:18:47.887} INFO: [Renderer]   |  monitor:1, 1768x992, bpp:24, hz:59.94, fmt: A8R8G8B8
{19:18:47.887} INFO: [Renderer]   |  monitor:1, 1768x992, bpp:24, hz:59.94, fmt: A8R8G8B8
{19:18:47.887} INFO: [Renderer]   |  monitor:1, 1768x992, bpp:24, hz:50.00, fmt: A8R8G8B8
{19:18:47.887} INFO: [Renderer]   |  monitor:1, 1768x992, bpp:24, hz:50.00, fmt: A8R8G8B8
{19:18:47.887} INFO: [Renderer]   |  monitor:1, 1920x1080, bpp:24, hz:144.01, fmt: A8R8G8B8
{19:18:47.887} INFO: [Renderer]   |  monitor:1, 1920x1080, bpp:24, hz:120.00, fmt: A8R8G8B8
{19:18:47.887} INFO: [Renderer]   |  monitor:1, 1920x1080, bpp:24, hz:119.88, fmt: A8R8G8B8
{19:18:47.887} INFO: [Renderer]   |  monitor:1, 1920x1080, bpp:24, hz:60.00, fmt: A8R8G8B8
{19:18:47.887} INFO: [Renderer]   |  monitor:1, 1920x1080, bpp:24, hz:59.94, fmt: A8R8G8B8
{19:18:47.887} INFO: [Renderer]   |  monitor:1, 1920x1080, bpp:24, hz:50.00, fmt: A8R8G8B8
{19:18:47.887} INFO: [Renderer]   | Texture streaming mem 0 MB
{19:18:47.887} INFO: [INFO]       > Texture streaming buffer set to 0MB
{19:18:47.887} INFO: [INFO]       > Texture streaming lowest priority distance set to 100m
{19:18:48.654} DEBG: [DXGI]       > WM_SIZE 0, 2560x1421
{19:18:48.656} INFO: [INFO]       > CGame::AppWindowInit: window client area: 0x0, 2560x1421
{19:18:48.656} DEBG: [DXGI]       > [RChangeDeviceState] 2560x1440, 1.000000, borderless, 0/0 Hz
{19:18:48.656} DEBG: [DXGI]       >                  was 1920x1080, 1.000000, , 0/1 Hz
{19:18:48.658} INFO: [Renderer]   > [22.12.2022 19-18-48][streamline][info]dxgiswapchain.cpp:210[SetFullscreenState] Redirecting IDXGISwapChain::SetFullscreenState Fullscreen = 0
{19:18:48.659} DEBG: [DXGI]       > WM_SIZE 0, 0x0
{19:18:48.662} DEBG: [DXGI]       > WM_SIZE 0, 2560x1440
{19:18:49.697} INFO: [INFO]       > Texture streaming buffer set to 4000MB
{19:18:49.700} INFO: [Video]      > //Video settings:
{19:18:49.700} INFO: [Video]      > RendererMode("d3d11")
{19:18:49.700} INFO: [Video]      > AsyncCompute(0)
{19:18:49.700} INFO: [Video]      > WindowMode(1)
{19:18:49.700} INFO: [Video]      > Resolution(2560,1440)
{19:18:49.700} INFO: [Video]      > Scale3D(1.000000)
{19:18:49.700} INFO: [Video]      > FSR(0.450000)
{19:18:49.700} INFO: [Video]      > Upscaler(0)
{19:18:49.700} INFO: [Video]      > Upscaling(3)
{19:18:49.700} INFO: [Video]      > Monitor(0)
{19:18:49.700} INFO: [Video]      > DisableDWM(0)
{19:18:49.700} INFO: [Video]      > TextureQuality("High")
{19:18:49.700} INFO: [Video]      > ShadowsQuality(3)
{19:18:49.700} INFO: [Video]      > ShadowMapSize(2048)
{19:18:49.700} INFO: [Video]      > SpotShadowMapSize(4096)
{19:18:49.700} INFO: [Video]      > GammaFloat(1.00)
{19:18:49.700} INFO: [Video]      > GrassQuality(0)
{19:18:49.700} INFO: [Video]      > FrameRate(1)
{19:18:49.700} INFO: [Video]      > Reflex(1)
{19:18:49.700} INFO: [Video]      > MotionBlur(1)
{19:18:49.700} INFO: [Video]      > MotionBlurIntensity(1.00)
{19:18:49.700} INFO: [Video]      > Bokeh(1)
{19:18:49.700} INFO: [Video]      > SSSSQuality(1)
{19:18:49.700} INFO: [Video]      > MotionBlurQuality("High")
{19:18:49.700} INFO: [Video]      > ChromaticAberration(1)
{19:18:49.700} INFO: [Video]      > FilmGrain(0)
{19:18:49.700} INFO: [Video]      > ColorGrading(0)
{19:18:49.700} INFO: [Video]      > AntiAliasing(1)
{19:18:49.700} INFO: [Video]      > AntiAliasingMode(0)
{19:18:49.700} INFO: [Video]      > FogQuality(2)
{19:18:49.700} INFO: [Video]      > ReflectionsQuality(2)
{19:18:49.700} INFO: [Video]      > ContactShadowsQuality(4)
{19:18:49.700} INFO: [Video]      > SpotShadowsQuality(2)
{19:18:49.700} INFO: [Video]      > AmbientOcclusion(1)
{19:18:49.701} INFO: [Video]      > AmbientOcclusionQuality(2)
{19:18:49.701} INFO: [Video]      > ColorBlindMode(0)
{19:18:49.701} INFO: [Video]      > GpuFxQuality(1)
{19:18:49.701} INFO: [Video]      > VoxelGiQuality(3)
{19:18:49.701} INFO: [Video]      > LodQuality(1)
{19:18:49.701} INFO: [Video]      > LodMultiplier(100)
{19:18:49.701} INFO: [Video]      > AnisoOptMaxAnisotropy(16)
{19:18:49.701} INFO: [Video]      > Version(0)
{19:18:49.701} INFO: [ResPack]    > Free resource loading disabled
{19:18:49.872} INFO: [ResPack]    > Acquired prefab data: 150472, 164704
{19:18:49.873} INFO: [ResPack]    >  -> 0 prefabs, 32 presets available in engine_pc.rpack
{19:18:51.598} INFO: [ResPack]    > Acquired prefab data: 17204128, 12722864
{19:18:51.641} INFO: [ResPack]    >  -> 2043 prefabs, 406 presets available in common_prefabs_pc.rpack
{19:18:52.253} INFO: [INFO]       > [Input] Keyboard 0 enumerated: intance_name = Keyboard, product_name = Keyboard, GUID = {6f1d2b61-d5a0-11cf-bfc7-444553540000}
{19:18:52.375} INFO: [INFO]       > [CInput::SelectKeyboard] Keyboard 0 selected: Keyboard, Keyboard
{19:18:52.388} DEBG: [DXGI]       > WM_SIZE 0, 2560x1440
{19:18:52.396} RETL: [CPUID]   > [MEM] Total Page File: 36808 MiB
{19:18:52.397} RETL: [CPUID]   > [MEM] Total Physical:  32678 MiB
{19:18:52.397} RETL: [CPUID]   > [MEM] Available Page File: 4395 MiB
{19:18:52.397} RETL: [CPUID]   > [MEM] Available Physical:  14440 MiB
{19:18:52.397} RETL: [CPUID]   > [MEM] Memory Load:  55%
{19:18:56.321} INFO: [INFO]       > [gpufx] preloaded 1172 sequences. It took 3057.613037 ms
{19:18:56.321} RETL: [Game]    > game version: '0.0.99', '1.0.202212211635'
{19:18:56.463} RETL: [CPUID]   > Computer Info: Manufacturer: ASUS, Model: System Product Name
{19:19:02.185} RETL: [Game]    > Stage = 'InitialScreen' (prev value 'Intro')
{19:19:02.185} RETL: [Game]    > Stage = 'InitialScreen_SigningIn' (prev value 'InitialScreen')
{19:19:02.221} RETL: [Game]    > Stage = 'InitialScreen_SigningInFinished' (prev value 'InitialScreen_SigningIn')
{19:19:02.221} RETL: [Game]    > Stage = 'InitialScreen_SignedIn' (prev value 'InitialScreen_SigningInFinished')
{19:19:02.234} RETL: [Game]    > Stage = 'InitialScreen_Complete' (prev value 'InitialScreen_SignedIn')
{19:19:02.892} RETL: [Lobby.Storage.Steam] > [AddSavegamesToCache] save_main_0.sav added
{19:19:02.892} RETL: [Lobby.Storage.Steam] > [AddSavegamesToCache] save_main_0_chp000.sbk added
{19:19:02.892} RETL: [Lobby.Storage.Steam] > [AddSavegamesToCache] save_main_1.sav added
{19:19:02.892} RETL: [Savegame]            > ScanForSavegames: saves 3 (prev value -1)
{19:19:02.898} RETL: [Game]                > Stage = 'Complete' (prev value 'InitialScreen_Complete')
{19:19:02.898} RETL: [Game]                > ===== CreateSession ===== 
{19:19:03.048} RETL: [Savegame]            > SessionContextState: 'OnCreate' [game_type 'Campaign', game_mode 'Coop', save_name '' (slot -1), map 'intersection' (id:-855999839), (first), difficulty [current: Normal, savegame: Normal, min_savegame: Normal, initial: Normal, lobby_settings: Normal], save_version 85, build: '1.0.202212211635 / 2', perforce_stream: '//tech/rel-ph-devtools']
{19:19:03.437} INFO: [Video]      > //Video settings:
{19:19:03.437} INFO: [Video]      > RendererMode("d3d11")
{19:19:03.437} INFO: [Video]      > AsyncCompute(0)
{19:19:03.437} INFO: [Video]      > WindowMode(1)
{19:19:03.437} INFO: [Video]      > Resolution(2560,1440)
{19:19:03.437} INFO: [Video]      > Scale3D(1.000000)
{19:19:03.437} INFO: [Video]      > FSR(0.450000)
{19:19:03.437} INFO: [Video]      > Upscaler(0)
{19:19:03.437} INFO: [Video]      > Upscaling(3)
{19:19:03.437} INFO: [Video]      > Monitor(0)
{19:19:03.437} INFO: [Video]      > DisableDWM(0)
{19:19:03.437} INFO: [Video]      > TextureQuality("High")
{19:19:03.437} INFO: [Video]      > ShadowsQuality(3)
{19:19:03.437} INFO: [Video]      > ShadowMapSize(2048)
{19:19:03.437} INFO: [Video]      > SpotShadowMapSize(4096)
{19:19:03.437} INFO: [Video]      > GammaFloat(0.85)
{19:19:03.437} INFO: [Video]      > GrassQuality(0)
{19:19:03.437} INFO: [Video]      > FrameRate(1)
{19:19:03.437} INFO: [Video]      > Reflex(1)
{19:19:03.437} INFO: [Video]      > MotionBlur(1)
{19:19:03.437} INFO: [Video]      > MotionBlurIntensity(1.00)
{19:19:03.437} INFO: [Video]      > Bokeh(1)
{19:19:03.437} INFO: [Video]      > SSSSQuality(1)
{19:19:03.437} INFO: [Video]      > MotionBlurQuality("High")
{19:19:03.437} INFO: [Video]      > ChromaticAberration(1)
{19:19:03.437} INFO: [Video]      > FilmGrain(0)
{19:19:03.437} INFO: [Video]      > ColorGrading(0)
{19:19:03.437} INFO: [Video]      > AntiAliasing(1)
{19:19:03.437} INFO: [Video]      > AntiAliasingMode(0)
{19:19:03.437} INFO: [Video]      > FogQuality(2)
{19:19:03.437} INFO: [Video]      > ReflectionsQuality(2)
{19:19:03.437} INFO: [Video]      > ContactShadowsQuality(4)
{19:19:03.437} INFO: [Video]      > SpotShadowsQuality(2)
{19:19:03.437} INFO: [Video]      > AmbientOcclusion(1)
{19:19:03.437} INFO: [Video]      > AmbientOcclusionQuality(2)
{19:19:03.437} INFO: [Video]      > ColorBlindMode(0)
{19:19:03.437} INFO: [Video]      > GpuFxQuality(1)
{19:19:03.437} INFO: [Video]      > VoxelGiQuality(3)
{19:19:03.437} INFO: [Video]      > LodQuality(1)
{19:19:03.437} INFO: [Video]      > LodMultiplier(100)
{19:19:03.437} INFO: [Video]      > AnisoOptMaxAnisotropy(16)
{19:19:03.437} INFO: [Video]      > Version(0)
{19:19:03.470} INFO: [Video]      > //Video settings:
{19:19:03.470} INFO: [Video]      > RendererMode("d3d11")
{19:19:03.470} INFO: [Video]      > AsyncCompute(0)
{19:19:03.470} INFO: [Video]      > WindowMode(1)
{19:19:03.470} INFO: [Video]      > Resolution(2560,1440)
{19:19:03.470} INFO: [Video]      > Scale3D(1.000000)
{19:19:03.470} INFO: [Video]      > FSR(0.450000)
{19:19:03.470} INFO: [Video]      > Upscaler(0)
{19:19:03.470} INFO: [Video]      > Upscaling(3)
{19:19:03.470} INFO: [Video]      > Monitor(0)
{19:19:03.470} INFO: [Video]      > DisableDWM(0)
{19:19:03.470} INFO: [Video]      > TextureQuality("High")
{19:19:03.470} INFO: [Video]      > ShadowsQuality(3)
{19:19:03.470} INFO: [Video]      > ShadowMapSize(2048)
{19:19:03.470} INFO: [Video]      > SpotShadowMapSize(4096)
{19:19:03.470} INFO: [Video]      > GammaFloat(1.00)
{19:19:03.470} INFO: [Video]      > GrassQuality(0)
{19:19:03.470} INFO: [Video]      > FrameRate(1)
{19:19:03.470} INFO: [Video]      > Reflex(1)
{19:19:03.470} INFO: [Video]      > MotionBlur(1)
{19:19:03.470} INFO: [Video]      > MotionBlurIntensity(1.00)
{19:19:03.470} INFO: [Video]      > Bokeh(1)
{19:19:03.470} INFO: [Video]      > SSSSQuality(1)
{19:19:03.470} INFO: [Video]      > MotionBlurQuality("High")
{19:19:03.470} INFO: [Video]      > ChromaticAberration(1)
{19:19:03.470} INFO: [Video]      > FilmGrain(0)
{19:19:03.470} INFO: [Video]      > ColorGrading(0)
{19:19:03.470} INFO: [Video]      > AntiAliasing(1)
{19:19:03.470} INFO: [Video]      > AntiAliasingMode(0)
{19:19:03.470} INFO: [Video]      > FogQuality(2)
{19:19:03.470} INFO: [Video]      > ReflectionsQuality(2)
{19:19:03.470} INFO: [Video]      > ContactShadowsQuality(4)
{19:19:03.470} INFO: [Video]      > SpotShadowsQuality(2)
{19:19:03.470} INFO: [Video]      > AmbientOcclusion(1)
{19:19:03.470} INFO: [Video]      > AmbientOcclusionQuality(2)
{19:19:03.470} INFO: [Video]      > ColorBlindMode(0)
{19:19:03.470} INFO: [Video]      > GpuFxQuality(1)
{19:19:03.470} INFO: [Video]      > VoxelGiQuality(3)
{19:19:03.470} INFO: [Video]      > LodQuality(1)
{19:19:03.470} INFO: [Video]      > LodMultiplier(100)
{19:19:03.470} INFO: [Video]      > AnisoOptMaxAnisotropy(16)
{19:19:03.470} INFO: [Video]      > Version(0)
{19:19:03.504} INFO: [Video]      > //Video settings:
{19:19:03.504} INFO: [Video]      > RendererMode("d3d11")
{19:19:03.504} INFO: [Video]      > AsyncCompute(0)
{19:19:03.504} INFO: [Video]      > WindowMode(1)
{19:19:03.504} INFO: [Video]      > Resolution(2560,1440)
{19:19:03.504} INFO: [Video]      > Scale3D(1.000000)
{19:19:03.504} INFO: [Video]      > FSR(0.450000)
{19:19:03.504} INFO: [Video]      > Upscaler(0)
{19:19:03.504} INFO: [Video]      > Upscaling(3)
{19:19:03.504} INFO: [Video]      > Monitor(0)
{19:19:03.504} INFO: [Video]      > DisableDWM(0)
{19:19:03.504} INFO: [Video]      > TextureQuality("High")
{19:19:03.504} INFO: [Video]      > ShadowsQuality(3)
{19:19:03.504} INFO: [Video]      > ShadowMapSize(2048)
{19:19:03.504} INFO: [Video]      > SpotShadowMapSize(4096)
{19:19:03.504} INFO: [Video]      > GammaFloat(0.85)
{19:19:03.504} INFO: [Video]      > GrassQuality(0)
{19:19:03.504} INFO: [Video]      > FrameRate(1)
{19:19:03.504} INFO: [Video]      > Reflex(1)
{19:19:03.504} INFO: [Video]      > MotionBlur(1)
{19:19:03.504} INFO: [Video]      > MotionBlurIntensity(1.00)
{19:19:03.504} INFO: [Video]      > Bokeh(1)
{19:19:03.504} INFO: [Video]      > SSSSQuality(1)
{19:19:03.504} INFO: [Video]      > MotionBlurQuality("High")
{19:19:03.504} INFO: [Video]      > ChromaticAberration(1)
{19:19:03.504} INFO: [Video]      > FilmGrain(0)
{19:19:03.504} INFO: [Video]      > ColorGrading(0)
{19:19:03.504} INFO: [Video]      > AntiAliasing(1)
{19:19:03.504} INFO: [Video]      > AntiAliasingMode(0)
{19:19:03.504} INFO: [Video]      > FogQuality(2)
{19:19:03.504} INFO: [Video]      > ReflectionsQuality(2)
{19:19:03.504} INFO: [Video]      > ContactShadowsQuality(4)
{19:19:03.504} INFO: [Video]      > SpotShadowsQuality(2)
{19:19:03.504} INFO: [Video]      > AmbientOcclusion(1)
{19:19:03.504} INFO: [Video]      > AmbientOcclusionQuality(2)
{19:19:03.504} INFO: [Video]      > ColorBlindMode(0)
{19:19:03.504} INFO: [Video]      > GpuFxQuality(1)
{19:19:03.504} INFO: [Video]      > VoxelGiQuality(3)
{19:19:03.504} INFO: [Video]      > LodQuality(1)
{19:19:03.504} INFO: [Video]      > LodMultiplier(100)
{19:19:03.504} INFO: [Video]      > AnisoOptMaxAnisotropy(16)
{19:19:03.504} INFO: [Video]      > Version(0)
{19:19:06.376} RETL: [Game]                > >>>>> <1332984340> Changing level from <> to <intersection>
{19:19:08.278} INFO: [AssetMgr]   > Asset out of date 'maps/intersection/build/intersection_satellite_texture_0_dif.dds' reason: Missing or invalid *.dep file.
{19:19:08.310} RETL: [CPUID]               > [MEM] Total Page File: 38876 MiB
{19:19:08.310} RETL: [CPUID]               > [MEM] Total Physical:  32678 MiB
{19:19:08.310} RETL: [CPUID]               > [MEM] Available Page File: 4824 MiB
{19:19:08.310} RETL: [CPUID]               > [MEM] Available Physical:  11339 MiB
{19:19:08.310} RETL: [CPUID]               > [MEM] Memory Load:  65%
{19:19:08.329} INFO: [All_AssetMgr] > Building asset 'maps/intersection/build/intersection_satellite_texture_0_dif.dds' succeeded!
{19:19:08.333} INFO: [AssetMgr]     > Asset out of date 'maps/intersection/build/intersection_satellite_texture_0_nrm.dds' reason: Missing or invalid *.dep file.
{19:19:08.362} INFO: [All_AssetMgr] > Building asset 'maps/intersection/build/intersection_satellite_texture_0_nrm.dds' succeeded!
{19:19:08.371} INFO: [AssetMgr]     > Asset out of date 'maps/intersection/build/intersection_satellite_texture_0_spc.dds' reason: Missing or invalid *.dep file.
{19:19:08.398} INFO: [All_AssetMgr] > Building asset 'maps/intersection/build/intersection_satellite_texture_0_spc.dds' succeeded!
{19:19:08.403} INFO: [AssetMgr]     > Asset out of date 'maps/intersection/build/intersection_satellite_texture_0_rgh.dds' reason: Missing or invalid *.dep file.
{19:19:08.429} INFO: [All_AssetMgr] > Building asset 'maps/intersection/build/intersection_satellite_texture_0_rgh.dds' succeeded!
{19:19:08.438} INFO: [AssetMgr]     > Asset out of date 'maps/intersection/build/intersection_satellite_texture_2_dif.dds' reason: Missing or invalid *.dep file.
{19:19:08.465} INFO: [All_AssetMgr] > Building asset 'maps/intersection/build/intersection_satellite_texture_2_dif.dds' succeeded!
{19:19:08.468} INFO: [AssetMgr]     > Asset out of date 'maps/intersection/build/intersection_satellite_texture_2_nrm.dds' reason: Missing or invalid *.dep file.
{19:19:08.497} INFO: [All_AssetMgr] > Building asset 'maps/intersection/build/intersection_satellite_texture_2_nrm.dds' succeeded!
{19:19:08.501} INFO: [AssetMgr]     > Asset out of date 'maps/intersection/build/intersection_satellite_texture_2_spc.dds' reason: Missing or invalid *.dep file.
{19:19:08.527} INFO: [All_AssetMgr] > Building asset 'maps/intersection/build/intersection_satellite_texture_2_spc.dds' succeeded!
{19:19:08.532} INFO: [AssetMgr]     > Asset out of date 'maps/intersection/build/intersection_satellite_texture_2_rgh.dds' reason: Missing or invalid *.dep file.
{19:19:08.560} INFO: [All_AssetMgr] > Building asset 'maps/intersection/build/intersection_satellite_texture_2_rgh.dds' succeeded!
{19:19:08.589} INFO: [AssetMgr]     > Asset out of date 'maps/intersection/build/intersection_satellite_texture_1_dif.dds' reason: Missing or invalid *.dep file.
{19:19:08.615} INFO: [All_AssetMgr] > Building asset 'maps/intersection/build/intersection_satellite_texture_1_dif.dds' succeeded!
{19:19:08.618} INFO: [AssetMgr]     > Asset out of date 'maps/intersection/build/intersection_satellite_texture_1_nrm.dds' reason: Missing or invalid *.dep file.
{19:19:08.646} INFO: [All_AssetMgr] > Building asset 'maps/intersection/build/intersection_satellite_texture_1_nrm.dds' succeeded!
{19:19:08.650} INFO: [AssetMgr]     > Asset out of date 'maps/intersection/build/intersection_satellite_texture_1_spc.dds' reason: Missing or invalid *.dep file.
{19:19:08.675} INFO: [All_AssetMgr] > Building asset 'maps/intersection/build/intersection_satellite_texture_1_spc.dds' succeeded!
{19:19:08.680} INFO: [AssetMgr]     > Asset out of date 'maps/intersection/build/intersection_satellite_texture_1_rgh.dds' reason: Missing or invalid *.dep file.
{19:19:08.708} INFO: [All_AssetMgr] > Building asset 'maps/intersection/build/intersection_satellite_texture_1_rgh.dds' succeeded!
{19:19:08.716} INFO: [AssetMgr]     > Asset out of date 'maps/intersection/build/intersection_satellite_texture_3_dif.dds' reason: Missing or invalid *.dep file.
{19:19:08.742} INFO: [All_AssetMgr] > Building asset 'maps/intersection/build/intersection_satellite_texture_3_dif.dds' succeeded!
{19:19:08.746} INFO: [AssetMgr]     > Asset out of date 'maps/intersection/build/intersection_satellite_texture_3_nrm.dds' reason: Missing or invalid *.dep file.
{19:19:08.775} INFO: [All_AssetMgr] > Building asset 'maps/intersection/build/intersection_satellite_texture_3_nrm.dds' succeeded!
{19:19:08.781} INFO: [AssetMgr]     > Asset out of date 'maps/intersection/build/intersection_satellite_texture_3_spc.dds' reason: Missing or invalid *.dep file.
{19:19:08.808} INFO: [All_AssetMgr] > Building asset 'maps/intersection/build/intersection_satellite_texture_3_spc.dds' succeeded!
{19:19:08.813} INFO: [AssetMgr]     > Asset out of date 'maps/intersection/build/intersection_satellite_texture_3_rgh.dds' reason: Missing or invalid *.dep file.
{19:19:08.840} INFO: [All_AssetMgr] > Building asset 'maps/intersection/build/intersection_satellite_texture_3_rgh.dds' succeeded!
{19:19:09.353} RETL: [Savegame]            > SessionContextState: 'OnUpdate after ChangeMap' [game_type 'Campaign', game_mode 'Coop', save_name '' (slot -1), map 'intersection' (id:-855999839), (first), difficulty [current: Normal, savegame: Normal, min_savegame: Normal, initial: Normal, lobby_settings: Normal], save_version 85, build: '1.0.202212211635 / 2', perforce_stream: '//tech/rel-ph-devtools']
{19:20:11.429} INFO: [INFO]         > ---------------------------------------------------------
{19:20:11.429} INFO: [INFO]         > Time of playing game: 85.055717s
{19:20:11.429} INFO: [INFO]         > Updated frames: 3442 Rendered frames: 3001
{19:20:11.429} INFO: [INFO]         > Average FPS: 35.282757
{19:20:11.429} INFO: [INFO]         > ---------------------------------------------------------
{19:20:11.922} INFO: [Renderer]     > [22.12.2022 19-20-11][streamline][info]dxgiswapchain.cpp:210[SetFullscreenState] Redirecting IDXGISwapChain::SetFullscreenState Fullscreen = 0
{19:20:11.923} INFO: [Renderer]     > [22.12.2022 19-20-11][streamline][info]pluginmanager.cpp:691[unloadPlugins] Unloading all plugins ...
{19:20:11.924} INFO: [Renderer]     > [22.12.2022 19-20-11][streamline][info]d3d11.cpp:361[destroyKernel] Destroying kernel NIS_Sharpen_V0_H2.cs
{19:20:11.924} INFO: [Renderer]     > [22.12.2022 19-20-11][streamline][info]d3d11.cpp:361[destroyKernel] Destroying kernel NIS_Sharpen_V0_H0.cs
{19:20:11.924} INFO: [Renderer]     > [22.12.2022 19-20-11][streamline][info]d3d11.cpp:361[destroyKernel] Destroying kernel NIS_Sharpen_V0_H1.cs
{19:20:11.924} INFO: [Renderer]     > [22.12.2022 19-20-11][streamline][info]d3d11.cpp:361[destroyKernel] Destroying kernel NIS_Sharpen_V1_H2.cs
{19:20:11.924} INFO: [Renderer]     > [22.12.2022 19-20-11][streamline][info]d3d11.cpp:361[destroyKernel] Destroying kernel NIS_Sharpen_V1_H0.cs
{19:20:11.924} INFO: [Renderer]     > [22.12.2022 19-20-11][streamline][info]d3d11.cpp:361[destroyKernel] Destroying kernel NIS_Sharpen_V1_H1.cs
{19:20:11.924} INFO: [Renderer]     > [22.12.2022 19-20-11][streamline][info]d3d11.cpp:361[destroyKernel] Destroying kernel NIS_Scaler_V0_H2.cs
{19:20:11.924} INFO: [Renderer]     > [22.12.2022 19-20-11][streamline][info]d3d11.cpp:361[destroyKernel] Destroying kernel NIS_Scaler_V0_H0.cs
{19:20:11.924} INFO: [Renderer]     > [22.12.2022 19-20-11][streamline][info]d3d11.cpp:361[destroyKernel] Destroying kernel NIS_Scaler_V0_H1.cs
{19:20:11.924} INFO: [Renderer]     > [22.12.2022 19-20-11][streamline][info]d3d11.cpp:361[destroyKernel] Destroying kernel NIS_Scaler_V1_H0.cs
{19:20:11.924} INFO: [Renderer]     > [22.12.2022 19-20-11][streamline][info]d3d11.cpp:361[destroyKernel] Destroying kernel NIS_Scaler_V1_H1.cs
{19:20:11.924} INFO: [Renderer]     > [22.12.2022 19-20-11][streamline][info]d3d11.cpp:361[destroyKernel] Destroying kernel NIS_Scaler_V1_H2.cs
{19:20:11.924} INFO: [Renderer]     > [22.12.2022 19-20-11][streamline][info]d3d11.cpp:231[shutdown] Destroying kernel fonts.cs
{19:20:11.924} INFO: [Renderer]     > [22.12.2022 19-20-11][streamline][info]generic.cpp:465[destroyResource] Scheduled to destroy 0x167fcd81870(sl.chi.fontTexture) - frame 5155
{19:20:11.924} INFO: [Renderer]     > [22.12.2022 19-20-11][streamline][info]generic.cpp:465[destroyResource] Scheduled to destroy 0x167fcd82430(sl.chi.dynamicText) - frame 5155
{19:20:11.924} INFO: [Renderer]     > [22.12.2022 19-20-11][streamline][info]generic.cpp:465[destroyResource] Scheduled to destroy 0x167fcd7faf0(sl.chi.dynamicTextUpload) - frame 5155
{19:20:11.924} INFO: [Renderer]     > [22.12.2022 19-20-11][streamline][info]generic.cpp:520[collectGarbage] Destroying 0x167fcd81870(sl.chi.fontTexture) - scheduled at frame 5155 - finished frame 5155 - forced yes
{19:20:11.924} INFO: [Renderer]     > [22.12.2022 19-20-11][streamline][info]d3d11.cpp:1298[destroyResourceDeferredImpl] Releasing resource 0x167fcd81870 (sl.chi.fontTexture) ref count 3 - currentSize 0.00 - totalSize 0.03
{19:20:11.924} INFO: [Renderer]     > [22.12.2022 19-20-11][streamline][info]generic.cpp:520[collectGarbage] Destroying 0x167fcd82430(sl.chi.dynamicText) - scheduled at frame 5155 - finished frame 5155 - forced yes
{19:20:11.924} INFO: [Renderer]     > [22.12.2022 19-20-11][streamline][info]d3d11.cpp:1298[destroyResourceDeferredImpl] Releasing resource 0x167fcd82430 (sl.chi.dynamicText) ref count 3 - currentSize 0.02 - totalSize 0.02
{19:20:11.924} INFO: [Renderer]     > [22.12.2022 19-20-11][streamline][info]generic.cpp:520[collectGarbage] Destroying 0x167fcd7faf0(sl.chi.dynamicTextUpload) - scheduled at frame 5155 - finished frame 5155 - forced yes
{19:20:11.924} INFO: [Renderer]     > [22.12.2022 19-20-11][streamline][info]d3d11.cpp:1298[destroyResourceDeferredImpl] Releasing resource 0x167fcd7faf0 (sl.chi.dynamicTextUpload) ref count 3 - currentSize 0.02 - totalSize 0.00
{19:20:11.924} INFO: [Renderer]     > [22.12.2022 19-20-11][streamline][info]generic.cpp:267[shutdown] Delayed destroy resource list count 0
{19:20:12.299} INFO: [Renderer]     > [r_Shutdown] Dll released
