{15:39:48.105} INFO: [FileSystem] > [CZip_dir::Initialize] 'e:/steam/steamapps/common/dying light 2 / ph/source/data0.pak' took: 0.000000ms
{15:39:48.120} INFO: [FileSystem] > [CZip_dir::Initialize] 'e:/steam/steamapps/common/dying light 2 / ph/source/data1.pak' took: 0.000000ms
{15:39:48.122} INFO: [FileSystem] > [CZip_dir::Initialize] 'e:/steam/steamapps/common/dying light 2 / ph/source/databt.mpak' took: 0.000000ms
{15:39:48.183} RETL: [GameApp] > Command line: -launched_from_editor  /keep_resources -ami -generateprefabs -debugconf=debugconf_temp.scr -workshop="e:/steam/steamapps/common/dying light 2\DevTools\projects\Intersection"
{15:39:48.364} RETL: [CPUID]   > [MEM] Total Page File: 34756 MiB
{15:39:48.365} RETL: [CPUID]   > [MEM] Total Physical:  32678 MiB
{15:39:48.365} RETL: [CPUID]   > [MEM] Available Page File: 10258 MiB
{15:39:48.365} RETL: [CPUID]   > [MEM] Available Physical:  18495 MiB
{15:39:48.365} RETL: [CPUID]   > [MEM] Memory Load:  43%
{15:39:48.845} RETL: [GAME]    > arguments (7): 'E:\Steam\steamapps\common\Dying Light 2\DevTools\bin\DyingLightGame_x64_rwdi.exe', '-launched_from_editor', '/keep_resources', '-ami', '-generateprefabs', '-debugconf=debugconf_temp.scr', '-workshop=e:/steam/steamapps/common/dying light 2\DevTools\projects\Intersection'
{15:39:49.760} INFO: [FileSystem] > [CZip_dir::Initialize] 'e:/steam/steamapps/common/dying light 2 / ph/source/data_lang/dataen.pak' took: 0.000000ms
{15:39:49.784} RETL: [CPUID]   > [MEM] Total Page File: 34756 MiB
{15:39:49.784} RETL: [CPUID]   > [MEM] Total Physical:  32678 MiB
{15:39:49.784} RETL: [CPUID]   > [MEM] Available Page File: 10058 MiB
{15:39:49.784} RETL: [CPUID]   > [MEM] Available Physical:  18311 MiB
{15:39:49.784} RETL: [CPUID]   > [MEM] Memory Load:  43%
{15:39:49.799} INFO: [Renderer]   > [CVideoSettings::LoadSettings] Loading video settings using 'out/Settings/Video.scr'
{15:39:49.813} INFO: [Renderer]   > [r_Initialize] Loaded from rd3d11_x64_rwdi.dll.
{15:39:49.813} INFO: [Renderer]   > MonitorIdx=0, SecondaryMonitorIdx=-1
{15:39:49.815} INFO: [Renderer]   > [26.12.2022 15-39-49][streamline][info]pluginmanager.cpp:945[PluginManager] Streamline v1.1.1 - built on Fri Jul 29 07:43:20 2022 - SHA: 45d487a
{15:39:49.815} INFO: [Renderer]   > [26.12.2022 15-39-49][streamline][info]pluginmanager.cpp:355[findPlugins] Looking for plugins in E:\Steam\steamapps\common\Dying Light 2\DevTools\bin\ ...
{15:39:49.828} INFO: [Renderer]   > [26.12.2022 15-39-49][streamline][info]secureloadlibrary.cpp:477[verifyEmbeddedSignature] File 'E:\Steam\steamapps\common\Dying Light 2\DevTools\bin\/sl.common.dll' is signed by NVIDIA and the signature was verified.
{15:39:49.848} INFO: [Renderer]   > [26.12.2022 15-39-49][streamline][info]commoninterface.cpp:113[getGPUInfo] -----------------------------------------
{15:39:49.848} INFO: [Renderer]   > [26.12.2022 15-39-49][streamline][info]commoninterface.cpp:116[getGPUInfo] NVIDIA driver 527.37
{15:39:49.849} INFO: [Renderer]   > [26.12.2022 15-39-49][streamline][info]commoninterface.cpp:125[getGPUInfo] GPU 0 architecture 0x130 adapter mask 0x1
{15:39:49.849} INFO: [Renderer]   > [26.12.2022 15-39-49][streamline][info]commoninterface.cpp:127[getGPUInfo] -----------------------------------------
{15:39:49.852} INFO: [Renderer]   > [26.12.2022 15-39-49][streamline][info]commonentry.cpp:659[getSupportedAdapterMask] Detected Windows OS version 10.0.22621
{15:39:49.852} INFO: [Renderer]   > [26.12.2022 15-39-49][streamline][info]pluginmanager.cpp:501[mapPlugins] Loaded plugin 'sl.common' - version 1.1.1 - id 4294967295 - priority 0 - adapter mask 0xffffffff - namespace 'common'
{15:39:49.857} INFO: [Renderer]   > [26.12.2022 15-39-49][streamline][info]secureloadlibrary.cpp:477[verifyEmbeddedSignature] File 'E:\Steam\steamapps\common\Dying Light 2\DevTools\bin\/sl.dlss.dll' is signed by NVIDIA and the signature was verified.
{15:39:49.860} ERRR: [Renderer]   > [26.12.2022 15-39-49][streamline][error]pluginmanager.cpp:448[mapPlugins] Ignoring plugin 'sl.dlss' since it is not supported on this platform
{15:39:49.867} INFO: [Renderer]   > [26.12.2022 15-39-49][streamline][info]secureloadlibrary.cpp:477[verifyEmbeddedSignature] File 'E:\Steam\steamapps\common\Dying Light 2\DevTools\bin\/sl.nis.dll' is signed by NVIDIA and the signature was verified.
{15:39:49.869} INFO: [Renderer]   > [26.12.2022 15-39-49][streamline][info]pluginmanager.cpp:501[mapPlugins] Loaded plugin 'sl.nis' - version 1.1.1 - id 2 - priority 1 - adapter mask 0xffffffff - namespace 'nis'
{15:39:49.874} INFO: [Renderer]   > [26.12.2022 15-39-49][streamline][info]secureloadlibrary.cpp:477[verifyEmbeddedSignature] File 'E:\Steam\steamapps\common\Dying Light 2\DevTools\bin\/sl.reflex.dll' is signed by NVIDIA and the signature was verified.
{15:39:49.877} INFO: [Renderer]   > [26.12.2022 15-39-49][streamline][info]pluginmanager.cpp:501[mapPlugins] Loaded plugin 'sl.reflex' - version 1.1.1 - id 3 - priority 1 - adapter mask 0xffffffff - namespace 'reflex'
{15:39:49.877} INFO: [Renderer]   > [26.12.2022 15-39-49][streamline][info]pluginmanager.cpp:679[loadPlugins] Plugin execution order based on priority:
{15:39:49.877} INFO: [Renderer]   > [26.12.2022 15-39-49][streamline][info]pluginmanager.cpp:682[loadPlugins] P0 - sl.common
{15:39:49.877} INFO: [Renderer]   > [26.12.2022 15-39-49][streamline][info]pluginmanager.cpp:682[loadPlugins] P1 - sl.nis
{15:39:49.877} INFO: [Renderer]   > [26.12.2022 15-39-49][streamline][info]pluginmanager.cpp:682[loadPlugins] P1 - sl.reflex
{15:39:49.877} INFO: [Renderer]   > Enumerating D3D11 video adapters:
{15:39:49.878} INFO: [Renderer]   > Adapter 0: NVIDIA GeForce GTX 1080 Ti 11121MB/16339MB/0MB
{15:39:49.878} INFO: [Renderer]   |   Output 0: [0,0 - 2560,1440] \\.\DISPLAY1
{15:39:49.878} INFO: [Renderer]   |   Output 1: [2560,0 - 4480,1080] \\.\DISPLAY2
{15:39:49.878} INFO: [Renderer]   > Adapter 1: Microsoft Basic Render Driver 0MB/16339MB/0MB
{15:39:49.880} INFO: [Renderer]   > Sorted adapter 0: NVIDIA GeForce GTX 1080 Ti 11121MB/16339MB/0MB
{15:39:49.880} INFO: [Renderer]   > Sorted adapter 1: Microsoft Basic Render Driver 0MB/16339MB/0MB
{15:39:49.880} INFO: [Renderer]   > Picking adapter: NVIDIA GeForce GTX 1080 Ti
{15:39:49.880} INFO: [Renderer]   | Primary monitor: [0,0 - 2560,1440]
{15:39:49.880} INFO: [Renderer]   | Secondary monitor: [2560,0 - 4480,1080]
{15:39:50.023} INFO: [Renderer]   > Renderer started in DX11 mode.
{15:39:50.023} INFO: [Renderer]   > DX11 reported 11'121M free texture memory.
{15:39:50.102} INFO: [Renderer]   > [d3d12rt-checker] Raytracing tier lower than D3D12_RAYTRACING_TIER_1_1.
{15:39:50.276} INFO: [Renderer]   > [26.12.2022 15-39-50][streamline][info]pluginmanager.cpp:836[initializePlugins] Initializing plugins - api 0.0.1 - application ID 101095511
{15:39:50.276} INFO: [Renderer]   > [26.12.2022 15-39-50][streamline][info]d3d11.cpp:109[init] GPU nodes 1 - visible node mask 1
{15:39:50.277} INFO: [Renderer]   > [26.12.2022 15-39-50][streamline][info]d3d11.cpp:330[createKernel] Creating DXBC kernel fonts.cs:main hash 10788421720787293069
{15:39:50.277} INFO: [Renderer]   > [26.12.2022 15-39-50][streamline][info]generic.cpp:377[createBuffer] Buffer (sl.chi.fontTexture), m_allocCount=1, currentSize 0.0 MB, totalSize 0.0 MB
{15:39:50.279} INFO: [Renderer]   > [26.12.2022 15-39-50][streamline][info]generic.cpp:377[createBuffer] Buffer (sl.chi.dynamicText), m_allocCount=2, currentSize 0.0 MB, totalSize 0.0 MB
{15:39:50.279} INFO: [Renderer]   > [26.12.2022 15-39-50][streamline][info]generic.cpp:377[createBuffer] Buffer (sl.chi.dynamicTextUpload), m_allocCount=3, currentSize 0.0 MB, totalSize 0.0 MB
{15:39:50.279} INFO: [Renderer]   > [26.12.2022 15-39-50][streamline][info]pluginmanager.cpp:751[processPluginHooks] Hook sl.common:slHookVkCreateImage:after - skipped
{15:39:50.279} INFO: [Renderer]   > [26.12.2022 15-39-50][streamline][info]pluginmanager.cpp:751[processPluginHooks] Hook sl.common:slHookVkPresent:before - skipped
{15:39:50.279} INFO: [Renderer]   > [26.12.2022 15-39-50][streamline][info]pluginmanager.cpp:751[processPluginHooks] Hook sl.common:slHookVkCmdPipelineBarrier:after - skipped
{15:39:50.279} INFO: [Renderer]   > [26.12.2022 15-39-50][streamline][info]pluginmanager.cpp:751[processPluginHooks] Hook sl.common:slHookVkCmdBindPipeline:after - skipped
{15:39:50.279} INFO: [Renderer]   > [26.12.2022 15-39-50][streamline][info]pluginmanager.cpp:751[processPluginHooks] Hook sl.common:slHookVkCmdBindDescriptorSets:after - skipped
{15:39:50.279} INFO: [Renderer]   > [26.12.2022 15-39-50][streamline][info]pluginmanager.cpp:751[processPluginHooks] Hook sl.common:slHookVkBeginCommandBuffer:after - skipped
{15:39:50.279} INFO: [Renderer]   > [26.12.2022 15-39-50][streamline][info]pluginmanager.cpp:762[processPluginHooks] Hook sl.common:slHookCreateCommittedResource:after - OK
{15:39:50.279} INFO: [Renderer]   > [26.12.2022 15-39-50][streamline][info]pluginmanager.cpp:762[processPluginHooks] Hook sl.common:slHookCreatePlacedResource:after - OK
{15:39:50.280} INFO: [Renderer]   > [26.12.2022 15-39-50][streamline][info]pluginmanager.cpp:762[processPluginHooks] Hook sl.common:slHookCreateReservedResource:after - OK
{15:39:50.280} INFO: [Renderer]   > [26.12.2022 15-39-50][streamline][info]pluginmanager.cpp:762[processPluginHooks] Hook sl.common:slHookResourceBarrier:after - OK
{15:39:50.280} INFO: [Renderer]   > [26.12.2022 15-39-50][streamline][info]pluginmanager.cpp:762[processPluginHooks] Hook sl.common:slHookResizeSwapChainPre:before - OK
{15:39:50.280} INFO: [Renderer]   > [26.12.2022 15-39-50][streamline][info]pluginmanager.cpp:762[processPluginHooks] Hook sl.common:slHookPresent:before - OK
{15:39:50.280} INFO: [Renderer]   > [26.12.2022 15-39-50][streamline][info]pluginmanager.cpp:762[processPluginHooks] Hook sl.common:slHookPresent1:before - OK
{15:39:50.280} INFO: [Renderer]   > [26.12.2022 15-39-50][streamline][info]d3d11.cpp:330[createKernel] Creating DXBC kernel NIS_Sharpen_V0_H0.cs:main hash 12119078810223182601
{15:39:50.280} INFO: [Renderer]   > [26.12.2022 15-39-50][streamline][info]d3d11.cpp:330[createKernel] Creating DXBC kernel NIS_Sharpen_V0_H1.cs:main hash 14419830676434324791
{15:39:50.280} INFO: [Renderer]   > [26.12.2022 15-39-50][streamline][info]d3d11.cpp:330[createKernel] Creating DXBC kernel NIS_Sharpen_V0_H2.cs:main hash 13730826108899015964
{15:39:50.280} INFO: [Renderer]   > [26.12.2022 15-39-50][streamline][info]d3d11.cpp:330[createKernel] Creating DXBC kernel NIS_Sharpen_V1_H0.cs:main hash 13539734034720596618
{15:39:50.280} INFO: [Renderer]   > [26.12.2022 15-39-50][streamline][info]d3d11.cpp:330[createKernel] Creating DXBC kernel NIS_Sharpen_V1_H1.cs:main hash 6716256702433400594
{15:39:50.280} INFO: [Renderer]   > [26.12.2022 15-39-50][streamline][info]d3d11.cpp:330[createKernel] Creating DXBC kernel NIS_Sharpen_V1_H2.cs:main hash 16030675145760948415
{15:39:50.280} INFO: [Renderer]   > [26.12.2022 15-39-50][streamline][info]d3d11.cpp:330[createKernel] Creating DXBC kernel NIS_Scaler_V0_H0.cs:main hash 11221851537279599687
{15:39:50.280} INFO: [Renderer]   > [26.12.2022 15-39-50][streamline][info]d3d11.cpp:330[createKernel] Creating DXBC kernel NIS_Scaler_V0_H1.cs:main hash 2383697960582834213
{15:39:50.281} INFO: [Renderer]   > [26.12.2022 15-39-50][streamline][info]d3d11.cpp:330[createKernel] Creating DXBC kernel NIS_Scaler_V0_H2.cs:main hash 1766102099082287508
{15:39:50.281} INFO: [Renderer]   > [26.12.2022 15-39-50][streamline][info]d3d11.cpp:330[createKernel] Creating DXBC kernel NIS_Scaler_V1_H0.cs:main hash 1990562918408001413
{15:39:50.281} INFO: [Renderer]   > [26.12.2022 15-39-50][streamline][info]d3d11.cpp:330[createKernel] Creating DXBC kernel NIS_Scaler_V1_H1.cs:main hash 1981919493558556299
{15:39:50.281} INFO: [Renderer]   > [26.12.2022 15-39-50][streamline][info]d3d11.cpp:330[createKernel] Creating DXBC kernel NIS_Scaler_V1_H2.cs:main hash 10490254860623785046
{15:39:50.281} INFO: [Renderer]   > [26.12.2022 15-39-50][streamline][info]pluginmanager.cpp:900[mapPluginCallbacks] Callback sl.nis:slSetConstants:0x7ff8224311d0
{15:39:50.281} INFO: [Renderer]   > [26.12.2022 15-39-50][streamline][info]pluginmanager.cpp:901[mapPluginCallbacks] Callback sl.nis:slGetSettings:0x0
{15:39:50.281} INFO: [Renderer]   > [26.12.2022 15-39-50][streamline][info]pluginmanager.cpp:902[mapPluginCallbacks] Callback sl.nis:slAllocateResources:0x0
{15:39:50.281} INFO: [Renderer]   > [26.12.2022 15-39-50][streamline][info]pluginmanager.cpp:903[mapPluginCallbacks] Callback sl.nis:slFreeResources:0x0
{15:39:50.281} INFO: [Renderer]   > [26.12.2022 15-39-50][streamline][info]pluginmanager.cpp:730[processPluginHooks] Plugin 'sl.nis' has no registered hooks
{15:39:50.281} INFO: [Renderer]   > [26.12.2022 15-39-50][streamline][info]pluginmanager.cpp:900[mapPluginCallbacks] Callback sl.reflex:slSetConstants:0x7ff83d2c17b0
{15:39:50.281} INFO: [Renderer]   > [26.12.2022 15-39-50][streamline][info]pluginmanager.cpp:901[mapPluginCallbacks] Callback sl.reflex:slGetSettings:0x7ff83d2c1bf0
{15:39:50.282} INFO: [Renderer]   > [26.12.2022 15-39-50][streamline][info]pluginmanager.cpp:902[mapPluginCallbacks] Callback sl.reflex:slAllocateResources:0x0
{15:39:50.282} INFO: [Renderer]   > [26.12.2022 15-39-50][streamline][info]pluginmanager.cpp:903[mapPluginCallbacks] Callback sl.reflex:slFreeResources:0x0
{15:39:50.282} INFO: [Renderer]   > [26.12.2022 15-39-50][streamline][info]pluginmanager.cpp:730[processPluginHooks] Plugin 'sl.reflex' has no registered hooks
{15:39:50.282} ERRR: [Renderer]   > [26.12.2022 15-39-50][streamline][error]sl.cpp:157[slIsFeatureSupported] Feature 'eFeatureDLSS' is not supported or missing
{15:39:50.282} INFO: [Renderer]   > Renderer: supported display modes:
{15:39:50.282} INFO: [Renderer]   |  monitor:0, 640x480, bpp:24, hz:144.00, fmt: A8R8G8B8
{15:39:50.282} INFO: [Renderer]   |  monitor:0, 640x480, bpp:24, hz:144.00, fmt: A8R8G8B8
{15:39:50.282} INFO: [Renderer]   |  monitor:0, 640x480, bpp:24, hz:120.00, fmt: A8R8G8B8
{15:39:50.282} INFO: [Renderer]   |  monitor:0, 640x480, bpp:24, hz:120.00, fmt: A8R8G8B8
{15:39:50.282} INFO: [Renderer]   |  monitor:0, 640x480, bpp:24, hz:99.95, fmt: A8R8G8B8
{15:39:50.282} INFO: [Renderer]   |  monitor:0, 640x480, bpp:24, hz:99.95, fmt: A8R8G8B8
{15:39:50.282} INFO: [Renderer]   |  monitor:0, 640x480, bpp:24, hz:84.98, fmt: A8R8G8B8
{15:39:50.282} INFO: [Renderer]   |  monitor:0, 640x480, bpp:24, hz:84.98, fmt: A8R8G8B8
{15:39:50.282} INFO: [Renderer]   |  monitor:0, 640x480, bpp:24, hz:59.95, fmt: A8R8G8B8
{15:39:50.282} INFO: [Renderer]   |  monitor:0, 640x480, bpp:24, hz:59.95, fmt: A8R8G8B8
{15:39:50.282} INFO: [Renderer]   |  monitor:0, 720x480, bpp:24, hz:144.00, fmt: A8R8G8B8
{15:39:50.282} INFO: [Renderer]   |  monitor:0, 720x480, bpp:24, hz:144.00, fmt: A8R8G8B8
{15:39:50.282} INFO: [Renderer]   |  monitor:0, 720x480, bpp:24, hz:120.00, fmt: A8R8G8B8
{15:39:50.282} INFO: [Renderer]   |  monitor:0, 720x480, bpp:24, hz:120.00, fmt: A8R8G8B8
{15:39:50.282} INFO: [Renderer]   |  monitor:0, 720x480, bpp:24, hz:99.95, fmt: A8R8G8B8
{15:39:50.282} INFO: [Renderer]   |  monitor:0, 720x480, bpp:24, hz:99.95, fmt: A8R8G8B8
{15:39:50.282} INFO: [Renderer]   |  monitor:0, 720x480, bpp:24, hz:84.98, fmt: A8R8G8B8
{15:39:50.282} INFO: [Renderer]   |  monitor:0, 720x480, bpp:24, hz:84.98, fmt: A8R8G8B8
{15:39:50.282} INFO: [Renderer]   |  monitor:0, 720x480, bpp:24, hz:59.95, fmt: A8R8G8B8
{15:39:50.282} INFO: [Renderer]   |  monitor:0, 720x480, bpp:24, hz:59.95, fmt: A8R8G8B8
{15:39:50.282} INFO: [Renderer]   |  monitor:0, 720x576, bpp:24, hz:144.00, fmt: A8R8G8B8
{15:39:50.282} INFO: [Renderer]   |  monitor:0, 720x576, bpp:24, hz:144.00, fmt: A8R8G8B8
{15:39:50.282} INFO: [Renderer]   |  monitor:0, 720x576, bpp:24, hz:120.00, fmt: A8R8G8B8
{15:39:50.282} INFO: [Renderer]   |  monitor:0, 720x576, bpp:24, hz:120.00, fmt: A8R8G8B8
{15:39:50.282} INFO: [Renderer]   |  monitor:0, 720x576, bpp:24, hz:99.95, fmt: A8R8G8B8
{15:39:50.282} INFO: [Renderer]   |  monitor:0, 720x576, bpp:24, hz:99.95, fmt: A8R8G8B8
{15:39:50.282} INFO: [Renderer]   |  monitor:0, 720x576, bpp:24, hz:84.98, fmt: A8R8G8B8
{15:39:50.282} INFO: [Renderer]   |  monitor:0, 720x576, bpp:24, hz:84.98, fmt: A8R8G8B8
{15:39:50.282} INFO: [Renderer]   |  monitor:0, 720x576, bpp:24, hz:59.95, fmt: A8R8G8B8
{15:39:50.282} INFO: [Renderer]   |  monitor:0, 720x576, bpp:24, hz:59.95, fmt: A8R8G8B8
{15:39:50.282} INFO: [Renderer]   |  monitor:0, 800x600, bpp:24, hz:144.00, fmt: A8R8G8B8
{15:39:50.282} INFO: [Renderer]   |  monitor:0, 800x600, bpp:24, hz:144.00, fmt: A8R8G8B8
{15:39:50.282} INFO: [Renderer]   |  monitor:0, 800x600, bpp:24, hz:120.00, fmt: A8R8G8B8
{15:39:50.282} INFO: [Renderer]   |  monitor:0, 800x600, bpp:24, hz:120.00, fmt: A8R8G8B8
{15:39:50.282} INFO: [Renderer]   |  monitor:0, 800x600, bpp:24, hz:99.95, fmt: A8R8G8B8
{15:39:50.282} INFO: [Renderer]   |  monitor:0, 800x600, bpp:24, hz:99.95, fmt: A8R8G8B8
{15:39:50.282} INFO: [Renderer]   |  monitor:0, 800x600, bpp:24, hz:84.98, fmt: A8R8G8B8
{15:39:50.282} INFO: [Renderer]   |  monitor:0, 800x600, bpp:24, hz:84.98, fmt: A8R8G8B8
{15:39:50.282} INFO: [Renderer]   |  monitor:0, 800x600, bpp:24, hz:59.95, fmt: A8R8G8B8
{15:39:50.282} INFO: [Renderer]   |  monitor:0, 800x600, bpp:24, hz:59.95, fmt: A8R8G8B8
{15:39:50.282} INFO: [Renderer]   |  monitor:0, 1024x768, bpp:24, hz:144.00, fmt: A8R8G8B8
{15:39:50.282} INFO: [Renderer]   |  monitor:0, 1024x768, bpp:24, hz:144.00, fmt: A8R8G8B8
{15:39:50.282} INFO: [Renderer]   |  monitor:0, 1024x768, bpp:24, hz:120.00, fmt: A8R8G8B8
{15:39:50.282} INFO: [Renderer]   |  monitor:0, 1024x768, bpp:24, hz:120.00, fmt: A8R8G8B8
{15:39:50.282} INFO: [Renderer]   |  monitor:0, 1024x768, bpp:24, hz:99.95, fmt: A8R8G8B8
{15:39:50.282} INFO: [Renderer]   |  monitor:0, 1024x768, bpp:24, hz:99.95, fmt: A8R8G8B8
{15:39:50.282} INFO: [Renderer]   |  monitor:0, 1024x768, bpp:24, hz:84.98, fmt: A8R8G8B8
{15:39:50.282} INFO: [Renderer]   |  monitor:0, 1024x768, bpp:24, hz:84.98, fmt: A8R8G8B8
{15:39:50.282} INFO: [Renderer]   |  monitor:0, 1024x768, bpp:24, hz:59.95, fmt: A8R8G8B8
{15:39:50.282} INFO: [Renderer]   |  monitor:0, 1024x768, bpp:24, hz:59.95, fmt: A8R8G8B8
{15:39:50.282} INFO: [Renderer]   |  monitor:0, 1152x864, bpp:24, hz:144.00, fmt: A8R8G8B8
{15:39:50.282} INFO: [Renderer]   |  monitor:0, 1152x864, bpp:24, hz:144.00, fmt: A8R8G8B8
{15:39:50.282} INFO: [Renderer]   |  monitor:0, 1152x864, bpp:24, hz:120.00, fmt: A8R8G8B8
{15:39:50.282} INFO: [Renderer]   |  monitor:0, 1152x864, bpp:24, hz:120.00, fmt: A8R8G8B8
{15:39:50.282} INFO: [Renderer]   |  monitor:0, 1152x864, bpp:24, hz:99.95, fmt: A8R8G8B8
{15:39:50.282} INFO: [Renderer]   |  monitor:0, 1152x864, bpp:24, hz:99.95, fmt: A8R8G8B8
{15:39:50.282} INFO: [Renderer]   |  monitor:0, 1152x864, bpp:24, hz:84.98, fmt: A8R8G8B8
{15:39:50.282} INFO: [Renderer]   |  monitor:0, 1152x864, bpp:24, hz:84.98, fmt: A8R8G8B8
{15:39:50.282} INFO: [Renderer]   |  monitor:0, 1152x864, bpp:24, hz:59.95, fmt: A8R8G8B8
{15:39:50.282} INFO: [Renderer]   |  monitor:0, 1152x864, bpp:24, hz:59.95, fmt: A8R8G8B8
{15:39:50.282} INFO: [Renderer]   |  monitor:0, 1280x720, bpp:24, hz:144.00, fmt: A8R8G8B8
{15:39:50.282} INFO: [Renderer]   |  monitor:0, 1280x720, bpp:24, hz:144.00, fmt: A8R8G8B8
{15:39:50.282} INFO: [Renderer]   |  monitor:0, 1280x720, bpp:24, hz:120.00, fmt: A8R8G8B8
{15:39:50.282} INFO: [Renderer]   |  monitor:0, 1280x720, bpp:24, hz:120.00, fmt: A8R8G8B8
{15:39:50.282} INFO: [Renderer]   |  monitor:0, 1280x720, bpp:24, hz:99.95, fmt: A8R8G8B8
{15:39:50.282} INFO: [Renderer]   |  monitor:0, 1280x720, bpp:24, hz:99.95, fmt: A8R8G8B8
{15:39:50.282} INFO: [Renderer]   |  monitor:0, 1280x720, bpp:24, hz:84.98, fmt: A8R8G8B8
{15:39:50.282} INFO: [Renderer]   |  monitor:0, 1280x720, bpp:24, hz:84.98, fmt: A8R8G8B8
{15:39:50.282} INFO: [Renderer]   |  monitor:0, 1280x720, bpp:24, hz:59.95, fmt: A8R8G8B8
{15:39:50.282} INFO: [Renderer]   |  monitor:0, 1280x720, bpp:24, hz:59.95, fmt: A8R8G8B8
{15:39:50.282} INFO: [Renderer]   |  monitor:0, 1280x768, bpp:24, hz:144.00, fmt: A8R8G8B8
{15:39:50.282} INFO: [Renderer]   |  monitor:0, 1280x768, bpp:24, hz:144.00, fmt: A8R8G8B8
{15:39:50.282} INFO: [Renderer]   |  monitor:0, 1280x768, bpp:24, hz:120.00, fmt: A8R8G8B8
{15:39:50.282} INFO: [Renderer]   |  monitor:0, 1280x768, bpp:24, hz:120.00, fmt: A8R8G8B8
{15:39:50.282} INFO: [Renderer]   |  monitor:0, 1280x768, bpp:24, hz:99.95, fmt: A8R8G8B8
{15:39:50.282} INFO: [Renderer]   |  monitor:0, 1280x768, bpp:24, hz:99.95, fmt: A8R8G8B8
{15:39:50.282} INFO: [Renderer]   |  monitor:0, 1280x768, bpp:24, hz:84.98, fmt: A8R8G8B8
{15:39:50.282} INFO: [Renderer]   |  monitor:0, 1280x768, bpp:24, hz:84.98, fmt: A8R8G8B8
{15:39:50.282} INFO: [Renderer]   |  monitor:0, 1280x768, bpp:24, hz:59.95, fmt: A8R8G8B8
{15:39:50.282} INFO: [Renderer]   |  monitor:0, 1280x768, bpp:24, hz:59.95, fmt: A8R8G8B8
{15:39:50.282} INFO: [Renderer]   |  monitor:0, 1280x800, bpp:24, hz:144.00, fmt: A8R8G8B8
{15:39:50.282} INFO: [Renderer]   |  monitor:0, 1280x800, bpp:24, hz:144.00, fmt: A8R8G8B8
{15:39:50.282} INFO: [Renderer]   |  monitor:0, 1280x800, bpp:24, hz:120.00, fmt: A8R8G8B8
{15:39:50.282} INFO: [Renderer]   |  monitor:0, 1280x800, bpp:24, hz:120.00, fmt: A8R8G8B8
{15:39:50.282} INFO: [Renderer]   |  monitor:0, 1280x800, bpp:24, hz:99.95, fmt: A8R8G8B8
{15:39:50.282} INFO: [Renderer]   |  monitor:0, 1280x800, bpp:24, hz:99.95, fmt: A8R8G8B8
{15:39:50.282} INFO: [Renderer]   |  monitor:0, 1280x800, bpp:24, hz:84.98, fmt: A8R8G8B8
{15:39:50.282} INFO: [Renderer]   |  monitor:0, 1280x800, bpp:24, hz:84.98, fmt: A8R8G8B8
{15:39:50.282} INFO: [Renderer]   |  monitor:0, 1280x800, bpp:24, hz:59.95, fmt: A8R8G8B8
{15:39:50.282} INFO: [Renderer]   |  monitor:0, 1280x800, bpp:24, hz:59.95, fmt: A8R8G8B8
{15:39:50.282} INFO: [Renderer]   |  monitor:0, 1280x960, bpp:24, hz:144.00, fmt: A8R8G8B8
{15:39:50.282} INFO: [Renderer]   |  monitor:0, 1280x960, bpp:24, hz:144.00, fmt: A8R8G8B8
{15:39:50.282} INFO: [Renderer]   |  monitor:0, 1280x960, bpp:24, hz:120.00, fmt: A8R8G8B8
{15:39:50.282} INFO: [Renderer]   |  monitor:0, 1280x960, bpp:24, hz:120.00, fmt: A8R8G8B8
{15:39:50.282} INFO: [Renderer]   |  monitor:0, 1280x960, bpp:24, hz:99.95, fmt: A8R8G8B8
{15:39:50.282} INFO: [Renderer]   |  monitor:0, 1280x960, bpp:24, hz:99.95, fmt: A8R8G8B8
{15:39:50.282} INFO: [Renderer]   |  monitor:0, 1280x960, bpp:24, hz:84.98, fmt: A8R8G8B8
{15:39:50.282} INFO: [Renderer]   |  monitor:0, 1280x960, bpp:24, hz:84.98, fmt: A8R8G8B8
{15:39:50.282} INFO: [Renderer]   |  monitor:0, 1280x960, bpp:24, hz:59.95, fmt: A8R8G8B8
{15:39:50.282} INFO: [Renderer]   |  monitor:0, 1280x960, bpp:24, hz:59.95, fmt: A8R8G8B8
{15:39:50.282} INFO: [Renderer]   |  monitor:0, 1280x1024, bpp:24, hz:144.00, fmt: A8R8G8B8
{15:39:50.282} INFO: [Renderer]   |  monitor:0, 1280x1024, bpp:24, hz:144.00, fmt: A8R8G8B8
{15:39:50.282} INFO: [Renderer]   |  monitor:0, 1280x1024, bpp:24, hz:120.00, fmt: A8R8G8B8
{15:39:50.282} INFO: [Renderer]   |  monitor:0, 1280x1024, bpp:24, hz:120.00, fmt: A8R8G8B8
{15:39:50.282} INFO: [Renderer]   |  monitor:0, 1280x1024, bpp:24, hz:99.95, fmt: A8R8G8B8
{15:39:50.282} INFO: [Renderer]   |  monitor:0, 1280x1024, bpp:24, hz:99.95, fmt: A8R8G8B8
{15:39:50.282} INFO: [Renderer]   |  monitor:0, 1280x1024, bpp:24, hz:84.98, fmt: A8R8G8B8
{15:39:50.282} INFO: [Renderer]   |  monitor:0, 1280x1024, bpp:24, hz:84.98, fmt: A8R8G8B8
{15:39:50.282} INFO: [Renderer]   |  monitor:0, 1280x1024, bpp:24, hz:59.95, fmt: A8R8G8B8
{15:39:50.282} INFO: [Renderer]   |  monitor:0, 1280x1024, bpp:24, hz:59.95, fmt: A8R8G8B8
{15:39:50.282} INFO: [Renderer]   |  monitor:0, 1360x768, bpp:24, hz:144.00, fmt: A8R8G8B8
{15:39:50.282} INFO: [Renderer]   |  monitor:0, 1360x768, bpp:24, hz:144.00, fmt: A8R8G8B8
{15:39:50.282} INFO: [Renderer]   |  monitor:0, 1360x768, bpp:24, hz:120.00, fmt: A8R8G8B8
{15:39:50.282} INFO: [Renderer]   |  monitor:0, 1360x768, bpp:24, hz:120.00, fmt: A8R8G8B8
{15:39:50.282} INFO: [Renderer]   |  monitor:0, 1360x768, bpp:24, hz:99.95, fmt: A8R8G8B8
{15:39:50.282} INFO: [Renderer]   |  monitor:0, 1360x768, bpp:24, hz:99.95, fmt: A8R8G8B8
{15:39:50.282} INFO: [Renderer]   |  monitor:0, 1360x768, bpp:24, hz:84.98, fmt: A8R8G8B8
{15:39:50.282} INFO: [Renderer]   |  monitor:0, 1360x768, bpp:24, hz:84.98, fmt: A8R8G8B8
{15:39:50.282} INFO: [Renderer]   |  monitor:0, 1360x768, bpp:24, hz:59.95, fmt: A8R8G8B8
{15:39:50.282} INFO: [Renderer]   |  monitor:0, 1360x768, bpp:24, hz:59.95, fmt: A8R8G8B8
{15:39:50.282} INFO: [Renderer]   |  monitor:0, 1366x768, bpp:24, hz:144.00, fmt: A8R8G8B8
{15:39:50.282} INFO: [Renderer]   |  monitor:0, 1366x768, bpp:24, hz:144.00, fmt: A8R8G8B8
{15:39:50.282} INFO: [Renderer]   |  monitor:0, 1366x768, bpp:24, hz:120.00, fmt: A8R8G8B8
{15:39:50.282} INFO: [Renderer]   |  monitor:0, 1366x768, bpp:24, hz:120.00, fmt: A8R8G8B8
{15:39:50.282} INFO: [Renderer]   |  monitor:0, 1366x768, bpp:24, hz:99.95, fmt: A8R8G8B8
{15:39:50.282} INFO: [Renderer]   |  monitor:0, 1366x768, bpp:24, hz:99.95, fmt: A8R8G8B8
{15:39:50.282} INFO: [Renderer]   |  monitor:0, 1366x768, bpp:24, hz:84.98, fmt: A8R8G8B8
{15:39:50.283} INFO: [Renderer]   |  monitor:0, 1366x768, bpp:24, hz:84.98, fmt: A8R8G8B8
{15:39:50.283} INFO: [Renderer]   |  monitor:0, 1366x768, bpp:24, hz:59.95, fmt: A8R8G8B8
{15:39:50.283} INFO: [Renderer]   |  monitor:0, 1366x768, bpp:24, hz:59.95, fmt: A8R8G8B8
{15:39:50.283} INFO: [Renderer]   |  monitor:0, 1440x900, bpp:24, hz:144.00, fmt: A8R8G8B8
{15:39:50.283} INFO: [Renderer]   |  monitor:0, 1440x900, bpp:24, hz:144.00, fmt: A8R8G8B8
{15:39:50.283} INFO: [Renderer]   |  monitor:0, 1440x900, bpp:24, hz:120.00, fmt: A8R8G8B8
{15:39:50.283} INFO: [Renderer]   |  monitor:0, 1440x900, bpp:24, hz:120.00, fmt: A8R8G8B8
{15:39:50.283} INFO: [Renderer]   |  monitor:0, 1440x900, bpp:24, hz:99.95, fmt: A8R8G8B8
{15:39:50.283} INFO: [Renderer]   |  monitor:0, 1440x900, bpp:24, hz:99.95, fmt: A8R8G8B8
{15:39:50.283} INFO: [Renderer]   |  monitor:0, 1440x900, bpp:24, hz:84.98, fmt: A8R8G8B8
{15:39:50.283} INFO: [Renderer]   |  monitor:0, 1440x900, bpp:24, hz:84.98, fmt: A8R8G8B8
{15:39:50.283} INFO: [Renderer]   |  monitor:0, 1440x900, bpp:24, hz:59.95, fmt: A8R8G8B8
{15:39:50.283} INFO: [Renderer]   |  monitor:0, 1440x900, bpp:24, hz:59.95, fmt: A8R8G8B8
{15:39:50.283} INFO: [Renderer]   |  monitor:0, 1600x900, bpp:24, hz:144.00, fmt: A8R8G8B8
{15:39:50.283} INFO: [Renderer]   |  monitor:0, 1600x900, bpp:24, hz:144.00, fmt: A8R8G8B8
{15:39:50.283} INFO: [Renderer]   |  monitor:0, 1600x900, bpp:24, hz:120.00, fmt: A8R8G8B8
{15:39:50.283} INFO: [Renderer]   |  monitor:0, 1600x900, bpp:24, hz:120.00, fmt: A8R8G8B8
{15:39:50.283} INFO: [Renderer]   |  monitor:0, 1600x900, bpp:24, hz:99.95, fmt: A8R8G8B8
{15:39:50.283} INFO: [Renderer]   |  monitor:0, 1600x900, bpp:24, hz:99.95, fmt: A8R8G8B8
{15:39:50.283} INFO: [Renderer]   |  monitor:0, 1600x900, bpp:24, hz:84.98, fmt: A8R8G8B8
{15:39:50.283} INFO: [Renderer]   |  monitor:0, 1600x900, bpp:24, hz:84.98, fmt: A8R8G8B8
{15:39:50.283} INFO: [Renderer]   |  monitor:0, 1600x900, bpp:24, hz:59.95, fmt: A8R8G8B8
{15:39:50.283} INFO: [Renderer]   |  monitor:0, 1600x900, bpp:24, hz:59.95, fmt: A8R8G8B8
{15:39:50.283} INFO: [Renderer]   |  monitor:0, 1600x1024, bpp:24, hz:144.00, fmt: A8R8G8B8
{15:39:50.283} INFO: [Renderer]   |  monitor:0, 1600x1024, bpp:24, hz:144.00, fmt: A8R8G8B8
{15:39:50.283} INFO: [Renderer]   |  monitor:0, 1600x1024, bpp:24, hz:120.00, fmt: A8R8G8B8
{15:39:50.283} INFO: [Renderer]   |  monitor:0, 1600x1024, bpp:24, hz:120.00, fmt: A8R8G8B8
{15:39:50.283} INFO: [Renderer]   |  monitor:0, 1600x1024, bpp:24, hz:99.95, fmt: A8R8G8B8
{15:39:50.283} INFO: [Renderer]   |  monitor:0, 1600x1024, bpp:24, hz:99.95, fmt: A8R8G8B8
{15:39:50.283} INFO: [Renderer]   |  monitor:0, 1600x1024, bpp:24, hz:84.98, fmt: A8R8G8B8
{15:39:50.283} INFO: [Renderer]   |  monitor:0, 1600x1024, bpp:24, hz:84.98, fmt: A8R8G8B8
{15:39:50.283} INFO: [Renderer]   |  monitor:0, 1600x1024, bpp:24, hz:59.95, fmt: A8R8G8B8
{15:39:50.283} INFO: [Renderer]   |  monitor:0, 1600x1024, bpp:24, hz:59.95, fmt: A8R8G8B8
{15:39:50.283} INFO: [Renderer]   |  monitor:0, 1600x1200, bpp:24, hz:144.00, fmt: A8R8G8B8
{15:39:50.283} INFO: [Renderer]   |  monitor:0, 1600x1200, bpp:24, hz:144.00, fmt: A8R8G8B8
{15:39:50.283} INFO: [Renderer]   |  monitor:0, 1600x1200, bpp:24, hz:120.00, fmt: A8R8G8B8
{15:39:50.283} INFO: [Renderer]   |  monitor:0, 1600x1200, bpp:24, hz:120.00, fmt: A8R8G8B8
{15:39:50.283} INFO: [Renderer]   |  monitor:0, 1600x1200, bpp:24, hz:99.95, fmt: A8R8G8B8
{15:39:50.283} INFO: [Renderer]   |  monitor:0, 1600x1200, bpp:24, hz:99.95, fmt: A8R8G8B8
{15:39:50.283} INFO: [Renderer]   |  monitor:0, 1600x1200, bpp:24, hz:84.98, fmt: A8R8G8B8
{15:39:50.283} INFO: [Renderer]   |  monitor:0, 1600x1200, bpp:24, hz:84.98, fmt: A8R8G8B8
{15:39:50.283} INFO: [Renderer]   |  monitor:0, 1600x1200, bpp:24, hz:59.95, fmt: A8R8G8B8
{15:39:50.283} INFO: [Renderer]   |  monitor:0, 1600x1200, bpp:24, hz:59.95, fmt: A8R8G8B8
{15:39:50.283} INFO: [Renderer]   |  monitor:0, 1680x1050, bpp:24, hz:144.00, fmt: A8R8G8B8
{15:39:50.283} INFO: [Renderer]   |  monitor:0, 1680x1050, bpp:24, hz:144.00, fmt: A8R8G8B8
{15:39:50.283} INFO: [Renderer]   |  monitor:0, 1680x1050, bpp:24, hz:120.00, fmt: A8R8G8B8
{15:39:50.283} INFO: [Renderer]   |  monitor:0, 1680x1050, bpp:24, hz:120.00, fmt: A8R8G8B8
{15:39:50.283} INFO: [Renderer]   |  monitor:0, 1680x1050, bpp:24, hz:99.95, fmt: A8R8G8B8
{15:39:50.283} INFO: [Renderer]   |  monitor:0, 1680x1050, bpp:24, hz:99.95, fmt: A8R8G8B8
{15:39:50.283} INFO: [Renderer]   |  monitor:0, 1680x1050, bpp:24, hz:84.98, fmt: A8R8G8B8
{15:39:50.283} INFO: [Renderer]   |  monitor:0, 1680x1050, bpp:24, hz:84.98, fmt: A8R8G8B8
{15:39:50.283} INFO: [Renderer]   |  monitor:0, 1680x1050, bpp:24, hz:59.95, fmt: A8R8G8B8
{15:39:50.283} INFO: [Renderer]   |  monitor:0, 1680x1050, bpp:24, hz:59.95, fmt: A8R8G8B8
{15:39:50.283} INFO: [Renderer]   |  monitor:0, 1920x1080, bpp:24, hz:144.00, fmt: A8R8G8B8
{15:39:50.283} INFO: [Renderer]   |  monitor:0, 1920x1080, bpp:24, hz:144.00, fmt: A8R8G8B8
{15:39:50.283} INFO: [Renderer]   |  monitor:0, 1920x1080, bpp:24, hz:120.00, fmt: A8R8G8B8
{15:39:50.283} INFO: [Renderer]   |  monitor:0, 1920x1080, bpp:24, hz:120.00, fmt: A8R8G8B8
{15:39:50.283} INFO: [Renderer]   |  monitor:0, 1920x1080, bpp:24, hz:99.95, fmt: A8R8G8B8
{15:39:50.283} INFO: [Renderer]   |  monitor:0, 1920x1080, bpp:24, hz:99.95, fmt: A8R8G8B8
{15:39:50.283} INFO: [Renderer]   |  monitor:0, 1920x1080, bpp:24, hz:84.98, fmt: A8R8G8B8
{15:39:50.283} INFO: [Renderer]   |  monitor:0, 1920x1080, bpp:24, hz:84.98, fmt: A8R8G8B8
{15:39:50.283} INFO: [Renderer]   |  monitor:0, 1920x1080, bpp:24, hz:59.95, fmt: A8R8G8B8
{15:39:50.283} INFO: [Renderer]   |  monitor:0, 1920x1080, bpp:24, hz:59.95, fmt: A8R8G8B8
{15:39:50.283} INFO: [Renderer]   |  monitor:0, 1920x1200, bpp:24, hz:144.00, fmt: A8R8G8B8
{15:39:50.283} INFO: [Renderer]   |  monitor:0, 1920x1200, bpp:24, hz:144.00, fmt: A8R8G8B8
{15:39:50.283} INFO: [Renderer]   |  monitor:0, 1920x1200, bpp:24, hz:120.00, fmt: A8R8G8B8
{15:39:50.283} INFO: [Renderer]   |  monitor:0, 1920x1200, bpp:24, hz:120.00, fmt: A8R8G8B8
{15:39:50.283} INFO: [Renderer]   |  monitor:0, 1920x1200, bpp:24, hz:99.95, fmt: A8R8G8B8
{15:39:50.283} INFO: [Renderer]   |  monitor:0, 1920x1200, bpp:24, hz:99.95, fmt: A8R8G8B8
{15:39:50.283} INFO: [Renderer]   |  monitor:0, 1920x1200, bpp:24, hz:84.98, fmt: A8R8G8B8
{15:39:50.283} INFO: [Renderer]   |  monitor:0, 1920x1200, bpp:24, hz:84.98, fmt: A8R8G8B8
{15:39:50.283} INFO: [Renderer]   |  monitor:0, 1920x1200, bpp:24, hz:59.95, fmt: A8R8G8B8
{15:39:50.283} INFO: [Renderer]   |  monitor:0, 1920x1200, bpp:24, hz:59.95, fmt: A8R8G8B8
{15:39:50.283} INFO: [Renderer]   |  monitor:0, 1920x1440, bpp:24, hz:144.00, fmt: A8R8G8B8
{15:39:50.283} INFO: [Renderer]   |  monitor:0, 1920x1440, bpp:24, hz:144.00, fmt: A8R8G8B8
{15:39:50.283} INFO: [Renderer]   |  monitor:0, 1920x1440, bpp:24, hz:120.00, fmt: A8R8G8B8
{15:39:50.283} INFO: [Renderer]   |  monitor:0, 1920x1440, bpp:24, hz:120.00, fmt: A8R8G8B8
{15:39:50.283} INFO: [Renderer]   |  monitor:0, 1920x1440, bpp:24, hz:99.95, fmt: A8R8G8B8
{15:39:50.283} INFO: [Renderer]   |  monitor:0, 1920x1440, bpp:24, hz:99.95, fmt: A8R8G8B8
{15:39:50.283} INFO: [Renderer]   |  monitor:0, 1920x1440, bpp:24, hz:84.98, fmt: A8R8G8B8
{15:39:50.283} INFO: [Renderer]   |  monitor:0, 1920x1440, bpp:24, hz:84.98, fmt: A8R8G8B8
{15:39:50.283} INFO: [Renderer]   |  monitor:0, 1920x1440, bpp:24, hz:59.95, fmt: A8R8G8B8
{15:39:50.283} INFO: [Renderer]   |  monitor:0, 1920x1440, bpp:24, hz:59.95, fmt: A8R8G8B8
{15:39:50.283} INFO: [Renderer]   |  monitor:0, 2560x1440, bpp:24, hz:144.00, fmt: A8R8G8B8
{15:39:50.283} INFO: [Renderer]   |  monitor:0, 2560x1440, bpp:24, hz:120.00, fmt: A8R8G8B8
{15:39:50.283} INFO: [Renderer]   |  monitor:0, 2560x1440, bpp:24, hz:99.95, fmt: A8R8G8B8
{15:39:50.283} INFO: [Renderer]   |  monitor:0, 2560x1440, bpp:24, hz:84.98, fmt: A8R8G8B8
{15:39:50.283} INFO: [Renderer]   |  monitor:0, 2560x1440, bpp:24, hz:59.95, fmt: A8R8G8B8
{15:39:50.283} INFO: [Renderer]   |  monitor:1, 640x480, bpp:24, hz:144.01, fmt: A8R8G8B8
{15:39:50.283} INFO: [Renderer]   |  monitor:1, 640x480, bpp:24, hz:144.01, fmt: A8R8G8B8
{15:39:50.283} INFO: [Renderer]   |  monitor:1, 640x480, bpp:24, hz:120.00, fmt: A8R8G8B8
{15:39:50.283} INFO: [Renderer]   |  monitor:1, 640x480, bpp:24, hz:120.00, fmt: A8R8G8B8
{15:39:50.283} INFO: [Renderer]   |  monitor:1, 640x480, bpp:24, hz:119.88, fmt: A8R8G8B8
{15:39:50.283} INFO: [Renderer]   |  monitor:1, 640x480, bpp:24, hz:119.88, fmt: A8R8G8B8
{15:39:50.283} INFO: [Renderer]   |  monitor:1, 640x480, bpp:24, hz:75.00, fmt: A8R8G8B8
{15:39:50.283} INFO: [Renderer]   |  monitor:1, 640x480, bpp:24, hz:72.00, fmt: A8R8G8B8
{15:39:50.283} INFO: [Renderer]   |  monitor:1, 640x480, bpp:24, hz:60.00, fmt: A8R8G8B8
{15:39:50.283} INFO: [Renderer]   |  monitor:1, 640x480, bpp:24, hz:59.94, fmt: A8R8G8B8
{15:39:50.283} INFO: [Renderer]   |  monitor:1, 720x480, bpp:24, hz:144.01, fmt: A8R8G8B8
{15:39:50.283} INFO: [Renderer]   |  monitor:1, 720x480, bpp:24, hz:144.01, fmt: A8R8G8B8
{15:39:50.283} INFO: [Renderer]   |  monitor:1, 720x480, bpp:24, hz:120.00, fmt: A8R8G8B8
{15:39:50.283} INFO: [Renderer]   |  monitor:1, 720x480, bpp:24, hz:120.00, fmt: A8R8G8B8
{15:39:50.283} INFO: [Renderer]   |  monitor:1, 720x480, bpp:24, hz:119.88, fmt: A8R8G8B8
{15:39:50.283} INFO: [Renderer]   |  monitor:1, 720x480, bpp:24, hz:119.88, fmt: A8R8G8B8
{15:39:50.283} INFO: [Renderer]   |  monitor:1, 720x480, bpp:24, hz:60.00, fmt: A8R8G8B8
{15:39:50.283} INFO: [Renderer]   |  monitor:1, 720x480, bpp:24, hz:59.94, fmt: A8R8G8B8
{15:39:50.283} INFO: [Renderer]   |  monitor:1, 720x576, bpp:24, hz:144.01, fmt: A8R8G8B8
{15:39:50.283} INFO: [Renderer]   |  monitor:1, 720x576, bpp:24, hz:144.01, fmt: A8R8G8B8
{15:39:50.283} INFO: [Renderer]   |  monitor:1, 720x576, bpp:24, hz:120.00, fmt: A8R8G8B8
{15:39:50.283} INFO: [Renderer]   |  monitor:1, 720x576, bpp:24, hz:120.00, fmt: A8R8G8B8
{15:39:50.283} INFO: [Renderer]   |  monitor:1, 720x576, bpp:24, hz:119.88, fmt: A8R8G8B8
{15:39:50.283} INFO: [Renderer]   |  monitor:1, 720x576, bpp:24, hz:119.88, fmt: A8R8G8B8
{15:39:50.283} INFO: [Renderer]   |  monitor:1, 720x576, bpp:24, hz:50.00, fmt: A8R8G8B8
{15:39:50.283} INFO: [Renderer]   |  monitor:1, 800x600, bpp:24, hz:144.01, fmt: A8R8G8B8
{15:39:50.283} INFO: [Renderer]   |  monitor:1, 800x600, bpp:24, hz:144.01, fmt: A8R8G8B8
{15:39:50.283} INFO: [Renderer]   |  monitor:1, 800x600, bpp:24, hz:120.00, fmt: A8R8G8B8
{15:39:50.283} INFO: [Renderer]   |  monitor:1, 800x600, bpp:24, hz:120.00, fmt: A8R8G8B8
{15:39:50.283} INFO: [Renderer]   |  monitor:1, 800x600, bpp:24, hz:119.88, fmt: A8R8G8B8
{15:39:50.283} INFO: [Renderer]   |  monitor:1, 800x600, bpp:24, hz:119.88, fmt: A8R8G8B8
{15:39:50.283} INFO: [Renderer]   |  monitor:1, 800x600, bpp:24, hz:75.00, fmt: A8R8G8B8
{15:39:50.283} INFO: [Renderer]   |  monitor:1, 800x600, bpp:24, hz:72.19, fmt: A8R8G8B8
{15:39:50.283} INFO: [Renderer]   |  monitor:1, 800x600, bpp:24, hz:60.32, fmt: A8R8G8B8
{15:39:50.283} INFO: [Renderer]   |  monitor:1, 800x600, bpp:24, hz:56.25, fmt: A8R8G8B8
{15:39:50.283} INFO: [Renderer]   |  monitor:1, 1024x768, bpp:24, hz:144.01, fmt: A8R8G8B8
{15:39:50.283} INFO: [Renderer]   |  monitor:1, 1024x768, bpp:24, hz:144.01, fmt: A8R8G8B8
{15:39:50.283} INFO: [Renderer]   |  monitor:1, 1024x768, bpp:24, hz:120.00, fmt: A8R8G8B8
{15:39:50.283} INFO: [Renderer]   |  monitor:1, 1024x768, bpp:24, hz:120.00, fmt: A8R8G8B8
{15:39:50.283} INFO: [Renderer]   |  monitor:1, 1024x768, bpp:24, hz:119.88, fmt: A8R8G8B8
{15:39:50.283} INFO: [Renderer]   |  monitor:1, 1024x768, bpp:24, hz:119.88, fmt: A8R8G8B8
{15:39:50.283} INFO: [Renderer]   |  monitor:1, 1024x768, bpp:24, hz:75.03, fmt: A8R8G8B8
{15:39:50.283} INFO: [Renderer]   |  monitor:1, 1024x768, bpp:24, hz:70.07, fmt: A8R8G8B8
{15:39:50.283} INFO: [Renderer]   |  monitor:1, 1024x768, bpp:24, hz:60.00, fmt: A8R8G8B8
{15:39:50.283} INFO: [Renderer]   |  monitor:1, 1152x864, bpp:24, hz:144.01, fmt: A8R8G8B8
{15:39:50.283} INFO: [Renderer]   |  monitor:1, 1152x864, bpp:24, hz:144.01, fmt: A8R8G8B8
{15:39:50.283} INFO: [Renderer]   |  monitor:1, 1152x864, bpp:24, hz:120.00, fmt: A8R8G8B8
{15:39:50.283} INFO: [Renderer]   |  monitor:1, 1152x864, bpp:24, hz:120.00, fmt: A8R8G8B8
{15:39:50.283} INFO: [Renderer]   |  monitor:1, 1152x864, bpp:24, hz:119.88, fmt: A8R8G8B8
{15:39:50.283} INFO: [Renderer]   |  monitor:1, 1152x864, bpp:24, hz:119.88, fmt: A8R8G8B8
{15:39:50.283} INFO: [Renderer]   |  monitor:1, 1152x864, bpp:24, hz:75.00, fmt: A8R8G8B8
{15:39:50.283} INFO: [Renderer]   |  monitor:1, 1176x664, bpp:24, hz:60.00, fmt: A8R8G8B8
{15:39:50.283} INFO: [Renderer]   |  monitor:1, 1176x664, bpp:24, hz:60.00, fmt: A8R8G8B8
{15:39:50.283} INFO: [Renderer]   |  monitor:1, 1176x664, bpp:24, hz:59.94, fmt: A8R8G8B8
{15:39:50.283} INFO: [Renderer]   |  monitor:1, 1176x664, bpp:24, hz:59.94, fmt: A8R8G8B8
{15:39:50.283} INFO: [Renderer]   |  monitor:1, 1176x664, bpp:24, hz:50.00, fmt: A8R8G8B8
{15:39:50.283} INFO: [Renderer]   |  monitor:1, 1176x664, bpp:24, hz:50.00, fmt: A8R8G8B8
{15:39:50.283} INFO: [Renderer]   |  monitor:1, 1280x720, bpp:24, hz:144.01, fmt: A8R8G8B8
{15:39:50.283} INFO: [Renderer]   |  monitor:1, 1280x720, bpp:24, hz:144.01, fmt: A8R8G8B8
{15:39:50.283} INFO: [Renderer]   |  monitor:1, 1280x720, bpp:24, hz:120.00, fmt: A8R8G8B8
{15:39:50.283} INFO: [Renderer]   |  monitor:1, 1280x720, bpp:24, hz:120.00, fmt: A8R8G8B8
{15:39:50.283} INFO: [Renderer]   |  monitor:1, 1280x720, bpp:24, hz:119.88, fmt: A8R8G8B8
{15:39:50.283} INFO: [Renderer]   |  monitor:1, 1280x720, bpp:24, hz:119.88, fmt: A8R8G8B8
{15:39:50.283} INFO: [Renderer]   |  monitor:1, 1280x720, bpp:24, hz:60.00, fmt: A8R8G8B8
{15:39:50.283} INFO: [Renderer]   |  monitor:1, 1280x720, bpp:24, hz:59.94, fmt: A8R8G8B8
{15:39:50.283} INFO: [Renderer]   |  monitor:1, 1280x720, bpp:24, hz:50.00, fmt: A8R8G8B8
{15:39:50.283} INFO: [Renderer]   |  monitor:1, 1280x768, bpp:24, hz:144.01, fmt: A8R8G8B8
{15:39:50.283} INFO: [Renderer]   |  monitor:1, 1280x768, bpp:24, hz:144.01, fmt: A8R8G8B8
{15:39:50.283} INFO: [Renderer]   |  monitor:1, 1280x768, bpp:24, hz:120.00, fmt: A8R8G8B8
{15:39:50.283} INFO: [Renderer]   |  monitor:1, 1280x768, bpp:24, hz:120.00, fmt: A8R8G8B8
{15:39:50.283} INFO: [Renderer]   |  monitor:1, 1280x768, bpp:24, hz:119.88, fmt: A8R8G8B8
{15:39:50.283} INFO: [Renderer]   |  monitor:1, 1280x768, bpp:24, hz:119.88, fmt: A8R8G8B8
{15:39:50.283} INFO: [Renderer]   |  monitor:1, 1280x768, bpp:24, hz:60.00, fmt: A8R8G8B8
{15:39:50.283} INFO: [Renderer]   |  monitor:1, 1280x768, bpp:24, hz:60.00, fmt: A8R8G8B8
{15:39:50.283} INFO: [Renderer]   |  monitor:1, 1280x800, bpp:24, hz:144.01, fmt: A8R8G8B8
{15:39:50.283} INFO: [Renderer]   |  monitor:1, 1280x800, bpp:24, hz:144.01, fmt: A8R8G8B8
{15:39:50.283} INFO: [Renderer]   |  monitor:1, 1280x800, bpp:24, hz:120.00, fmt: A8R8G8B8
{15:39:50.283} INFO: [Renderer]   |  monitor:1, 1280x800, bpp:24, hz:120.00, fmt: A8R8G8B8
{15:39:50.283} INFO: [Renderer]   |  monitor:1, 1280x800, bpp:24, hz:119.88, fmt: A8R8G8B8
{15:39:50.283} INFO: [Renderer]   |  monitor:1, 1280x800, bpp:24, hz:119.88, fmt: A8R8G8B8
{15:39:50.283} INFO: [Renderer]   |  monitor:1, 1280x800, bpp:24, hz:60.00, fmt: A8R8G8B8
{15:39:50.283} INFO: [Renderer]   |  monitor:1, 1280x800, bpp:24, hz:60.00, fmt: A8R8G8B8
{15:39:50.283} INFO: [Renderer]   |  monitor:1, 1280x960, bpp:24, hz:144.01, fmt: A8R8G8B8
{15:39:50.283} INFO: [Renderer]   |  monitor:1, 1280x960, bpp:24, hz:144.01, fmt: A8R8G8B8
{15:39:50.283} INFO: [Renderer]   |  monitor:1, 1280x960, bpp:24, hz:120.00, fmt: A8R8G8B8
{15:39:50.283} INFO: [Renderer]   |  monitor:1, 1280x960, bpp:24, hz:120.00, fmt: A8R8G8B8
{15:39:50.283} INFO: [Renderer]   |  monitor:1, 1280x960, bpp:24, hz:119.88, fmt: A8R8G8B8
{15:39:50.283} INFO: [Renderer]   |  monitor:1, 1280x960, bpp:24, hz:119.88, fmt: A8R8G8B8
{15:39:50.283} INFO: [Renderer]   |  monitor:1, 1280x960, bpp:24, hz:60.00, fmt: A8R8G8B8
{15:39:50.283} INFO: [Renderer]   |  monitor:1, 1280x1024, bpp:24, hz:144.01, fmt: A8R8G8B8
{15:39:50.283} INFO: [Renderer]   |  monitor:1, 1280x1024, bpp:24, hz:144.01, fmt: A8R8G8B8
{15:39:50.283} INFO: [Renderer]   |  monitor:1, 1280x1024, bpp:24, hz:120.00, fmt: A8R8G8B8
{15:39:50.283} INFO: [Renderer]   |  monitor:1, 1280x1024, bpp:24, hz:120.00, fmt: A8R8G8B8
{15:39:50.283} INFO: [Renderer]   |  monitor:1, 1280x1024, bpp:24, hz:119.88, fmt: A8R8G8B8
{15:39:50.283} INFO: [Renderer]   |  monitor:1, 1280x1024, bpp:24, hz:119.88, fmt: A8R8G8B8
{15:39:50.283} INFO: [Renderer]   |  monitor:1, 1280x1024, bpp:24, hz:75.03, fmt: A8R8G8B8
{15:39:50.283} INFO: [Renderer]   |  monitor:1, 1280x1024, bpp:24, hz:60.02, fmt: A8R8G8B8
{15:39:50.283} INFO: [Renderer]   |  monitor:1, 1360x768, bpp:24, hz:144.01, fmt: A8R8G8B8
{15:39:50.283} INFO: [Renderer]   |  monitor:1, 1360x768, bpp:24, hz:144.01, fmt: A8R8G8B8
{15:39:50.283} INFO: [Renderer]   |  monitor:1, 1360x768, bpp:24, hz:120.00, fmt: A8R8G8B8
{15:39:50.283} INFO: [Renderer]   |  monitor:1, 1360x768, bpp:24, hz:120.00, fmt: A8R8G8B8
{15:39:50.283} INFO: [Renderer]   |  monitor:1, 1360x768, bpp:24, hz:119.88, fmt: A8R8G8B8
{15:39:50.283} INFO: [Renderer]   |  monitor:1, 1360x768, bpp:24, hz:119.88, fmt: A8R8G8B8
{15:39:50.283} INFO: [Renderer]   |  monitor:1, 1360x768, bpp:24, hz:59.89, fmt: A8R8G8B8
{15:39:50.283} INFO: [Renderer]   |  monitor:1, 1360x768, bpp:24, hz:59.89, fmt: A8R8G8B8
{15:39:50.284} INFO: [Renderer]   |  monitor:1, 1366x768, bpp:24, hz:144.01, fmt: A8R8G8B8
{15:39:50.284} INFO: [Renderer]   |  monitor:1, 1366x768, bpp:24, hz:144.01, fmt: A8R8G8B8
{15:39:50.284} INFO: [Renderer]   |  monitor:1, 1366x768, bpp:24, hz:120.00, fmt: A8R8G8B8
{15:39:50.284} INFO: [Renderer]   |  monitor:1, 1366x768, bpp:24, hz:120.00, fmt: A8R8G8B8
{15:39:50.284} INFO: [Renderer]   |  monitor:1, 1366x768, bpp:24, hz:119.88, fmt: A8R8G8B8
{15:39:50.284} INFO: [Renderer]   |  monitor:1, 1366x768, bpp:24, hz:119.88, fmt: A8R8G8B8
{15:39:50.284} INFO: [Renderer]   |  monitor:1, 1366x768, bpp:24, hz:59.89, fmt: A8R8G8B8
{15:39:50.284} INFO: [Renderer]   |  monitor:1, 1366x768, bpp:24, hz:59.89, fmt: A8R8G8B8
{15:39:50.284} INFO: [Renderer]   |  monitor:1, 1440x900, bpp:24, hz:144.01, fmt: A8R8G8B8
{15:39:50.284} INFO: [Renderer]   |  monitor:1, 1440x900, bpp:24, hz:144.01, fmt: A8R8G8B8
{15:39:50.284} INFO: [Renderer]   |  monitor:1, 1440x900, bpp:24, hz:120.00, fmt: A8R8G8B8
{15:39:50.284} INFO: [Renderer]   |  monitor:1, 1440x900, bpp:24, hz:120.00, fmt: A8R8G8B8
{15:39:50.284} INFO: [Renderer]   |  monitor:1, 1440x900, bpp:24, hz:119.88, fmt: A8R8G8B8
{15:39:50.284} INFO: [Renderer]   |  monitor:1, 1440x900, bpp:24, hz:119.88, fmt: A8R8G8B8
{15:39:50.284} INFO: [Renderer]   |  monitor:1, 1440x900, bpp:24, hz:59.89, fmt: A8R8G8B8
{15:39:50.284} INFO: [Renderer]   |  monitor:1, 1600x900, bpp:24, hz:144.01, fmt: A8R8G8B8
{15:39:50.284} INFO: [Renderer]   |  monitor:1, 1600x900, bpp:24, hz:144.01, fmt: A8R8G8B8
{15:39:50.284} INFO: [Renderer]   |  monitor:1, 1600x900, bpp:24, hz:120.00, fmt: A8R8G8B8
{15:39:50.284} INFO: [Renderer]   |  monitor:1, 1600x900, bpp:24, hz:120.00, fmt: A8R8G8B8
{15:39:50.284} INFO: [Renderer]   |  monitor:1, 1600x900, bpp:24, hz:119.88, fmt: A8R8G8B8
{15:39:50.284} INFO: [Renderer]   |  monitor:1, 1600x900, bpp:24, hz:119.88, fmt: A8R8G8B8
{15:39:50.284} INFO: [Renderer]   |  monitor:1, 1600x900, bpp:24, hz:59.95, fmt: A8R8G8B8
{15:39:50.284} INFO: [Renderer]   |  monitor:1, 1600x900, bpp:24, hz:59.95, fmt: A8R8G8B8
{15:39:50.284} INFO: [Renderer]   |  monitor:1, 1600x1024, bpp:24, hz:144.01, fmt: A8R8G8B8
{15:39:50.284} INFO: [Renderer]   |  monitor:1, 1600x1024, bpp:24, hz:144.01, fmt: A8R8G8B8
{15:39:50.284} INFO: [Renderer]   |  monitor:1, 1600x1024, bpp:24, hz:120.00, fmt: A8R8G8B8
{15:39:50.284} INFO: [Renderer]   |  monitor:1, 1600x1024, bpp:24, hz:120.00, fmt: A8R8G8B8
{15:39:50.284} INFO: [Renderer]   |  monitor:1, 1600x1024, bpp:24, hz:119.88, fmt: A8R8G8B8
{15:39:50.284} INFO: [Renderer]   |  monitor:1, 1600x1024, bpp:24, hz:119.88, fmt: A8R8G8B8
{15:39:50.284} INFO: [Renderer]   |  monitor:1, 1600x1024, bpp:24, hz:59.95, fmt: A8R8G8B8
{15:39:50.284} INFO: [Renderer]   |  monitor:1, 1600x1024, bpp:24, hz:59.95, fmt: A8R8G8B8
{15:39:50.284} INFO: [Renderer]   |  monitor:1, 1680x1050, bpp:24, hz:144.01, fmt: A8R8G8B8
{15:39:50.284} INFO: [Renderer]   |  monitor:1, 1680x1050, bpp:24, hz:144.01, fmt: A8R8G8B8
{15:39:50.284} INFO: [Renderer]   |  monitor:1, 1680x1050, bpp:24, hz:120.00, fmt: A8R8G8B8
{15:39:50.284} INFO: [Renderer]   |  monitor:1, 1680x1050, bpp:24, hz:120.00, fmt: A8R8G8B8
{15:39:50.284} INFO: [Renderer]   |  monitor:1, 1680x1050, bpp:24, hz:119.88, fmt: A8R8G8B8
{15:39:50.284} INFO: [Renderer]   |  monitor:1, 1680x1050, bpp:24, hz:119.88, fmt: A8R8G8B8
{15:39:50.284} INFO: [Renderer]   |  monitor:1, 1680x1050, bpp:24, hz:59.95, fmt: A8R8G8B8
{15:39:50.284} INFO: [Renderer]   |  monitor:1, 1768x992, bpp:24, hz:144.01, fmt: A8R8G8B8
{15:39:50.284} INFO: [Renderer]   |  monitor:1, 1768x992, bpp:24, hz:144.01, fmt: A8R8G8B8
{15:39:50.284} INFO: [Renderer]   |  monitor:1, 1768x992, bpp:24, hz:120.00, fmt: A8R8G8B8
{15:39:50.284} INFO: [Renderer]   |  monitor:1, 1768x992, bpp:24, hz:120.00, fmt: A8R8G8B8
{15:39:50.284} INFO: [Renderer]   |  monitor:1, 1768x992, bpp:24, hz:119.88, fmt: A8R8G8B8
{15:39:50.284} INFO: [Renderer]   |  monitor:1, 1768x992, bpp:24, hz:119.88, fmt: A8R8G8B8
{15:39:50.284} INFO: [Renderer]   |  monitor:1, 1768x992, bpp:24, hz:60.00, fmt: A8R8G8B8
{15:39:50.284} INFO: [Renderer]   |  monitor:1, 1768x992, bpp:24, hz:60.00, fmt: A8R8G8B8
{15:39:50.284} INFO: [Renderer]   |  monitor:1, 1768x992, bpp:24, hz:59.94, fmt: A8R8G8B8
{15:39:50.284} INFO: [Renderer]   |  monitor:1, 1768x992, bpp:24, hz:59.94, fmt: A8R8G8B8
{15:39:50.284} INFO: [Renderer]   |  monitor:1, 1768x992, bpp:24, hz:50.00, fmt: A8R8G8B8
{15:39:50.284} INFO: [Renderer]   |  monitor:1, 1768x992, bpp:24, hz:50.00, fmt: A8R8G8B8
{15:39:50.284} INFO: [Renderer]   |  monitor:1, 1920x1080, bpp:24, hz:144.01, fmt: A8R8G8B8
{15:39:50.284} INFO: [Renderer]   |  monitor:1, 1920x1080, bpp:24, hz:120.00, fmt: A8R8G8B8
{15:39:50.284} INFO: [Renderer]   |  monitor:1, 1920x1080, bpp:24, hz:119.88, fmt: A8R8G8B8
{15:39:50.284} INFO: [Renderer]   |  monitor:1, 1920x1080, bpp:24, hz:60.00, fmt: A8R8G8B8
{15:39:50.284} INFO: [Renderer]   |  monitor:1, 1920x1080, bpp:24, hz:59.94, fmt: A8R8G8B8
{15:39:50.284} INFO: [Renderer]   |  monitor:1, 1920x1080, bpp:24, hz:50.00, fmt: A8R8G8B8
{15:39:50.284} INFO: [Renderer]   | Texture streaming mem 0 MB
{15:39:50.284} INFO: [INFO]       > Texture streaming buffer set to 0MB
{15:39:50.284} INFO: [INFO]       > Texture streaming lowest priority distance set to 100m
{15:39:51.035} DEBG: [DXGI]       > WM_SIZE 0, 2560x1421
{15:39:51.036} INFO: [INFO]       > CGame::AppWindowInit: window client area: 0x0, 2560x1421
{15:39:51.036} DEBG: [DXGI]       > [RChangeDeviceState] 2560x1440, 1.000000, borderless, 0/0 Hz
{15:39:51.036} DEBG: [DXGI]       >                  was 1920x1080, 1.000000, , 0/1 Hz
{15:39:51.039} INFO: [Renderer]   > [26.12.2022 15-39-51][streamline][info]dxgiswapchain.cpp:210[SetFullscreenState] Redirecting IDXGISwapChain::SetFullscreenState Fullscreen = 0
{15:39:51.041} DEBG: [DXGI]       > WM_SIZE 0, 0x0
{15:39:51.042} DEBG: [DXGI]       > WM_SIZE 0, 2560x1440
{15:39:52.060} INFO: [INFO]       > Texture streaming buffer set to 4000MB
{15:39:52.063} INFO: [Video]      > //Video settings:
{15:39:52.063} INFO: [Video]      > RendererMode("d3d11")
{15:39:52.063} INFO: [Video]      > AsyncCompute(0)
{15:39:52.063} INFO: [Video]      > WindowMode(1)
{15:39:52.063} INFO: [Video]      > Resolution(2560,1440)
{15:39:52.063} INFO: [Video]      > Scale3D(1.000000)
{15:39:52.063} INFO: [Video]      > FSR(1.000000)
{15:39:52.063} INFO: [Video]      > Upscaler(0)
{15:39:52.063} INFO: [Video]      > Upscaling(3)
{15:39:52.063} INFO: [Video]      > Monitor(0)
{15:39:52.063} INFO: [Video]      > DisableDWM(0)
{15:39:52.063} INFO: [Video]      > TextureQuality("High")
{15:39:52.063} INFO: [Video]      > ShadowsQuality(3)
{15:39:52.063} INFO: [Video]      > ShadowMapSize(2048)
{15:39:52.063} INFO: [Video]      > SpotShadowMapSize(4096)
{15:39:52.063} INFO: [Video]      > GammaFloat(0.85)
{15:39:52.063} INFO: [Video]      > GrassQuality(0)
{15:39:52.063} INFO: [Video]      > FrameRate(1)
{15:39:52.063} INFO: [Video]      > Reflex(1)
{15:39:52.063} INFO: [Video]      > MotionBlur(1)
{15:39:52.063} INFO: [Video]      > MotionBlurIntensity(1.00)
{15:39:52.063} INFO: [Video]      > Bokeh(1)
{15:39:52.063} INFO: [Video]      > SSSSQuality(1)
{15:39:52.063} INFO: [Video]      > MotionBlurQuality("High")
{15:39:52.063} INFO: [Video]      > ChromaticAberration(1)
{15:39:52.063} INFO: [Video]      > FilmGrain(0)
{15:39:52.063} INFO: [Video]      > ColorGrading(0)
{15:39:52.063} INFO: [Video]      > AntiAliasing(1)
{15:39:52.063} INFO: [Video]      > AntiAliasingMode(0)
{15:39:52.063} INFO: [Video]      > FogQuality(2)
{15:39:52.063} INFO: [Video]      > ReflectionsQuality(2)
{15:39:52.063} INFO: [Video]      > ContactShadowsQuality(4)
{15:39:52.063} INFO: [Video]      > SpotShadowsQuality(2)
{15:39:52.063} INFO: [Video]      > AmbientOcclusion(1)
{15:39:52.063} INFO: [Video]      > AmbientOcclusionQuality(2)
{15:39:52.063} INFO: [Video]      > ColorBlindMode(0)
{15:39:52.063} INFO: [Video]      > GpuFxQuality(1)
{15:39:52.063} INFO: [Video]      > VoxelGiQuality(3)
{15:39:52.063} INFO: [Video]      > LodQuality(1)
{15:39:52.063} INFO: [Video]      > LodMultiplier(100)
{15:39:52.063} INFO: [Video]      > AnisoOptMaxAnisotropy(16)
{15:39:52.063} INFO: [Video]      > Version(1700)
{15:39:52.064} INFO: [ResPack]    > Free resource loading disabled
{15:39:52.181} INFO: [ResPack]    > Acquired prefab data: 150472, 164704
{15:39:52.182} INFO: [ResPack]    >  -> 0 prefabs, 32 presets available in engine_pc.rpack
{15:39:53.017} INFO: [ResPack]    > Acquired prefab data: 17204128, 12722864
{15:39:53.043} INFO: [ResPack]    >  -> 2043 prefabs, 406 presets available in common_prefabs_pc.rpack
{15:39:53.372} INFO: [INFO]       > [Input] Keyboard 0 enumerated: intance_name = Keyboard, product_name = Keyboard, GUID = {6f1d2b61-d5a0-11cf-bfc7-444553540000}
{15:39:53.463} INFO: [INFO]       > [CInput::SelectKeyboard] Keyboard 0 selected: Keyboard, Keyboard
{15:39:53.482} RETL: [CPUID]   > [MEM] Total Page File: 34756 MiB
{15:39:53.482} RETL: [CPUID]   > [MEM] Total Physical:  32678 MiB
{15:39:53.482} RETL: [CPUID]   > [MEM] Available Page File: 5623 MiB
{15:39:53.482} RETL: [CPUID]   > [MEM] Available Physical:  16643 MiB
{15:39:53.482} RETL: [CPUID]   > [MEM] Memory Load:  49%
{15:39:55.844} INFO: [INFO]       > [gpufx] preloaded 1172 sequences. It took 1837.788086 ms
{15:39:55.844} RETL: [Game]    > game version: '0.0.99', '1.0.202212211635'
{15:39:55.925} RETL: [CPUID]   > Computer Info: Manufacturer: ASUS, Model: System Product Name
{15:40:01.603} RETL: [Game]    > Stage = 'InitialScreen' (prev value 'Intro')
{15:40:01.603} RETL: [Game]    > Stage = 'InitialScreen_SigningIn' (prev value 'InitialScreen')
{15:40:01.638} RETL: [Game]    > Stage = 'InitialScreen_SigningInFinished' (prev value 'InitialScreen_SigningIn')
{15:40:01.638} RETL: [Game]    > Stage = 'InitialScreen_SignedIn' (prev value 'InitialScreen_SigningInFinished')
{15:40:01.652} RETL: [Game]    > Stage = 'InitialScreen_Complete' (prev value 'InitialScreen_SignedIn')
{15:40:02.181} RETL: [Lobby.Storage.Steam] > [AddSavegamesToCache] save_main_0.sav added
{15:40:02.181} RETL: [Lobby.Storage.Steam] > [AddSavegamesToCache] save_main_0_chp000.sbk added
{15:40:02.181} RETL: [Lobby.Storage.Steam] > [AddSavegamesToCache] save_main_1.sav added
{15:40:02.181} RETL: [Savegame]            > ScanForSavegames: saves 3 (prev value -1)
{15:40:02.185} RETL: [Game]                > Stage = 'Complete' (prev value 'InitialScreen_Complete')
{15:40:02.185} RETL: [Game]                > ===== CreateSession ===== 
{15:40:02.329} RETL: [Savegame]            > SessionContextState: 'OnCreate' [game_type 'Campaign', game_mode 'Coop', save_name '' (slot -1), map 'intersection' (id:-1812497759), (first), difficulty [current: Normal, savegame: Normal, min_savegame: Normal, initial: Normal, lobby_settings: Normal], save_version 85, build: '1.0.202212211635 / 2', perforce_stream: '//tech/rel-ph-devtools']
{15:40:02.726} INFO: [Video]      > //Video settings:
{15:40:02.726} INFO: [Video]      > RendererMode("d3d11")
{15:40:02.726} INFO: [Video]      > AsyncCompute(0)
{15:40:02.726} INFO: [Video]      > WindowMode(1)
{15:40:02.726} INFO: [Video]      > Resolution(2560,1440)
{15:40:02.726} INFO: [Video]      > Scale3D(1.000000)
{15:40:02.726} INFO: [Video]      > FSR(1.000000)
{15:40:02.726} INFO: [Video]      > Upscaler(0)
{15:40:02.726} INFO: [Video]      > Upscaling(3)
{15:40:02.726} INFO: [Video]      > Monitor(0)
{15:40:02.726} INFO: [Video]      > DisableDWM(0)
{15:40:02.726} INFO: [Video]      > TextureQuality("High")
{15:40:02.726} INFO: [Video]      > ShadowsQuality(3)
{15:40:02.726} INFO: [Video]      > ShadowMapSize(2048)
{15:40:02.726} INFO: [Video]      > SpotShadowMapSize(4096)
{15:40:02.726} INFO: [Video]      > GammaFloat(0.85)
{15:40:02.726} INFO: [Video]      > GrassQuality(0)
{15:40:02.726} INFO: [Video]      > FrameRate(1)
{15:40:02.726} INFO: [Video]      > Reflex(1)
{15:40:02.726} INFO: [Video]      > MotionBlur(1)
{15:40:02.726} INFO: [Video]      > MotionBlurIntensity(1.00)
{15:40:02.726} INFO: [Video]      > Bokeh(1)
{15:40:02.726} INFO: [Video]      > SSSSQuality(1)
{15:40:02.726} INFO: [Video]      > MotionBlurQuality("High")
{15:40:02.726} INFO: [Video]      > ChromaticAberration(1)
{15:40:02.726} INFO: [Video]      > FilmGrain(0)
{15:40:02.726} INFO: [Video]      > ColorGrading(0)
{15:40:02.726} INFO: [Video]      > AntiAliasing(1)
{15:40:02.726} INFO: [Video]      > AntiAliasingMode(0)
{15:40:02.726} INFO: [Video]      > FogQuality(2)
{15:40:02.726} INFO: [Video]      > ReflectionsQuality(2)
{15:40:02.726} INFO: [Video]      > ContactShadowsQuality(4)
{15:40:02.726} INFO: [Video]      > SpotShadowsQuality(2)
{15:40:02.726} INFO: [Video]      > AmbientOcclusion(1)
{15:40:02.726} INFO: [Video]      > AmbientOcclusionQuality(2)
{15:40:02.726} INFO: [Video]      > ColorBlindMode(0)
{15:40:02.726} INFO: [Video]      > GpuFxQuality(1)
{15:40:02.726} INFO: [Video]      > VoxelGiQuality(3)
{15:40:02.726} INFO: [Video]      > LodQuality(1)
{15:40:02.726} INFO: [Video]      > LodMultiplier(100)
{15:40:02.726} INFO: [Video]      > AnisoOptMaxAnisotropy(16)
{15:40:02.726} INFO: [Video]      > Version(1700)
{15:40:02.759} INFO: [Video]      > //Video settings:
{15:40:02.759} INFO: [Video]      > RendererMode("d3d11")
{15:40:02.759} INFO: [Video]      > AsyncCompute(0)
{15:40:02.759} INFO: [Video]      > WindowMode(1)
{15:40:02.759} INFO: [Video]      > Resolution(2560,1440)
{15:40:02.759} INFO: [Video]      > Scale3D(1.000000)
{15:40:02.759} INFO: [Video]      > FSR(1.000000)
{15:40:02.759} INFO: [Video]      > Upscaler(0)
{15:40:02.759} INFO: [Video]      > Upscaling(3)
{15:40:02.759} INFO: [Video]      > Monitor(0)
{15:40:02.759} INFO: [Video]      > DisableDWM(0)
{15:40:02.759} INFO: [Video]      > TextureQuality("High")
{15:40:02.759} INFO: [Video]      > ShadowsQuality(3)
{15:40:02.759} INFO: [Video]      > ShadowMapSize(2048)
{15:40:02.759} INFO: [Video]      > SpotShadowMapSize(4096)
{15:40:02.759} INFO: [Video]      > GammaFloat(1.00)
{15:40:02.759} INFO: [Video]      > GrassQuality(0)
{15:40:02.759} INFO: [Video]      > FrameRate(1)
{15:40:02.759} INFO: [Video]      > Reflex(1)
{15:40:02.759} INFO: [Video]      > MotionBlur(1)
{15:40:02.759} INFO: [Video]      > MotionBlurIntensity(1.00)
{15:40:02.759} INFO: [Video]      > Bokeh(1)
{15:40:02.759} INFO: [Video]      > SSSSQuality(1)
{15:40:02.759} INFO: [Video]      > MotionBlurQuality("High")
{15:40:02.759} INFO: [Video]      > ChromaticAberration(1)
{15:40:02.759} INFO: [Video]      > FilmGrain(0)
{15:40:02.759} INFO: [Video]      > ColorGrading(0)
{15:40:02.759} INFO: [Video]      > AntiAliasing(1)
{15:40:02.759} INFO: [Video]      > AntiAliasingMode(0)
{15:40:02.759} INFO: [Video]      > FogQuality(2)
{15:40:02.759} INFO: [Video]      > ReflectionsQuality(2)
{15:40:02.759} INFO: [Video]      > ContactShadowsQuality(4)
{15:40:02.759} INFO: [Video]      > SpotShadowsQuality(2)
{15:40:02.759} INFO: [Video]      > AmbientOcclusion(1)
{15:40:02.759} INFO: [Video]      > AmbientOcclusionQuality(2)
{15:40:02.759} INFO: [Video]      > ColorBlindMode(0)
{15:40:02.759} INFO: [Video]      > GpuFxQuality(1)
{15:40:02.759} INFO: [Video]      > VoxelGiQuality(3)
{15:40:02.759} INFO: [Video]      > LodQuality(1)
{15:40:02.759} INFO: [Video]      > LodMultiplier(100)
{15:40:02.759} INFO: [Video]      > AnisoOptMaxAnisotropy(16)
{15:40:02.759} INFO: [Video]      > Version(1700)
{15:40:02.794} INFO: [Video]      > //Video settings:
{15:40:02.794} INFO: [Video]      > RendererMode("d3d11")
{15:40:02.794} INFO: [Video]      > AsyncCompute(0)
{15:40:02.794} INFO: [Video]      > WindowMode(1)
{15:40:02.794} INFO: [Video]      > Resolution(2560,1440)
{15:40:02.794} INFO: [Video]      > Scale3D(1.000000)
{15:40:02.794} INFO: [Video]      > FSR(1.000000)
{15:40:02.794} INFO: [Video]      > Upscaler(0)
{15:40:02.794} INFO: [Video]      > Upscaling(3)
{15:40:02.794} INFO: [Video]      > Monitor(0)
{15:40:02.794} INFO: [Video]      > DisableDWM(0)
{15:40:02.794} INFO: [Video]      > TextureQuality("High")
{15:40:02.794} INFO: [Video]      > ShadowsQuality(3)
{15:40:02.794} INFO: [Video]      > ShadowMapSize(2048)
{15:40:02.794} INFO: [Video]      > SpotShadowMapSize(4096)
{15:40:02.794} INFO: [Video]      > GammaFloat(0.85)
{15:40:02.794} INFO: [Video]      > GrassQuality(0)
{15:40:02.794} INFO: [Video]      > FrameRate(1)
{15:40:02.794} INFO: [Video]      > Reflex(1)
{15:40:02.794} INFO: [Video]      > MotionBlur(1)
{15:40:02.794} INFO: [Video]      > MotionBlurIntensity(1.00)
{15:40:02.794} INFO: [Video]      > Bokeh(1)
{15:40:02.794} INFO: [Video]      > SSSSQuality(1)
{15:40:02.794} INFO: [Video]      > MotionBlurQuality("High")
{15:40:02.794} INFO: [Video]      > ChromaticAberration(1)
{15:40:02.794} INFO: [Video]      > FilmGrain(0)
{15:40:02.794} INFO: [Video]      > ColorGrading(0)
{15:40:02.794} INFO: [Video]      > AntiAliasing(1)
{15:40:02.794} INFO: [Video]      > AntiAliasingMode(0)
{15:40:02.794} INFO: [Video]      > FogQuality(2)
{15:40:02.794} INFO: [Video]      > ReflectionsQuality(2)
{15:40:02.794} INFO: [Video]      > ContactShadowsQuality(4)
{15:40:02.794} INFO: [Video]      > SpotShadowsQuality(2)
{15:40:02.794} INFO: [Video]      > AmbientOcclusion(1)
{15:40:02.794} INFO: [Video]      > AmbientOcclusionQuality(2)
{15:40:02.794} INFO: [Video]      > ColorBlindMode(0)
{15:40:02.794} INFO: [Video]      > GpuFxQuality(1)
{15:40:02.794} INFO: [Video]      > VoxelGiQuality(3)
{15:40:02.794} INFO: [Video]      > LodQuality(1)
{15:40:02.794} INFO: [Video]      > LodMultiplier(100)
{15:40:02.794} INFO: [Video]      > AnisoOptMaxAnisotropy(16)
{15:40:02.794} INFO: [Video]      > Version(1700)
{15:40:05.667} RETL: [Game]                > >>>>> <1336308225> Changing level from <> to <intersection>
{15:40:07.876} INFO: [AssetMgr]   > Asset out of date 'maps/intersection/build/intersection_satellite_texture_0_dif.dds' reason: Local source file `maps/intersection/build/intersection_satellite_texture_0_dif.dds`: `2022-12-26 15:34:51:018` is newer than distributed file `2022-12-26 15:16:50:241`(DependentFileTimeStampDifferent) Local source file `maps/intersection/build/intersection_satellite_texture_0_dif.dds`: `2022-12-26 15:34:51:018` is newer than distributed file `2022-12-26 15:16:50:241`
{15:40:07.911} RETL: [CPUID]               > [MEM] Total Page File: 34756 MiB
{15:40:07.911} RETL: [CPUID]               > [MEM] Total Physical:  32678 MiB
{15:40:07.911} RETL: [CPUID]               > [MEM] Available Page File: 3871 MiB
{15:40:07.911} RETL: [CPUID]               > [MEM] Available Physical:  13410 MiB
{15:40:07.911} RETL: [CPUID]               > [MEM] Memory Load:  58%
{15:40:07.929} INFO: [All_AssetMgr] > Building asset 'maps/intersection/build/intersection_satellite_texture_0_dif.dds' succeeded!
{15:40:07.936} INFO: [AssetMgr]     > Asset out of date 'maps/intersection/build/intersection_satellite_texture_0_nrm.dds' reason: Local source file `maps/intersection/build/intersection_satellite_texture_0_nrm.dds`: `2022-12-26 15:34:51:214` is newer than distributed file `2022-12-26 15:16:50:431`(DependentFileTimeStampDifferent) Local source file `maps/intersection/build/intersection_satellite_texture_0_nrm.dds`: `2022-12-26 15:34:51:214` is newer than distributed file `2022-12-26 15:16:50:431`
{15:40:07.965} INFO: [All_AssetMgr] > Building asset 'maps/intersection/build/intersection_satellite_texture_0_nrm.dds' succeeded!
{15:40:07.972} INFO: [AssetMgr]     > Asset out of date 'maps/intersection/build/intersection_satellite_texture_0_spc.dds' reason: Local source file `maps/intersection/build/intersection_satellite_texture_0_spc.dds`: `2022-12-26 15:34:51:385` is newer than distributed file `2022-12-26 15:16:50:600`(DependentFileTimeStampDifferent) Local source file `maps/intersection/build/intersection_satellite_texture_0_spc.dds`: `2022-12-26 15:34:51:385` is newer than distributed file `2022-12-26 15:16:50:600`
{15:40:08.000} INFO: [All_AssetMgr] > Building asset 'maps/intersection/build/intersection_satellite_texture_0_spc.dds' succeeded!
{15:40:08.006} INFO: [AssetMgr]     > Asset out of date 'maps/intersection/build/intersection_satellite_texture_0_rgh.dds' reason: Local source file `maps/intersection/build/intersection_satellite_texture_0_rgh.dds`: `2022-12-26 15:34:51:524` is newer than distributed file `2022-12-26 15:16:50:737`(DependentFileTimeStampDifferent) Local source file `maps/intersection/build/intersection_satellite_texture_0_rgh.dds`: `2022-12-26 15:34:51:524` is newer than distributed file `2022-12-26 15:16:50:737`
{15:40:08.036} INFO: [All_AssetMgr] > Building asset 'maps/intersection/build/intersection_satellite_texture_0_rgh.dds' succeeded!
{15:40:08.046} INFO: [AssetMgr]     > Asset out of date 'maps/intersection/build/intersection_satellite_texture_2_dif.dds' reason: Local source file `maps/intersection/build/intersection_satellite_texture_2_dif.dds`: `2022-12-26 15:34:51:091` is newer than distributed file `2022-12-26 15:16:50:309`(DependentFileTimeStampDifferent) Local source file `maps/intersection/build/intersection_satellite_texture_2_dif.dds`: `2022-12-26 15:34:51:091` is newer than distributed file `2022-12-26 15:16:50:309`
{15:40:08.074} INFO: [All_AssetMgr] > Building asset 'maps/intersection/build/intersection_satellite_texture_2_dif.dds' succeeded!
{15:40:08.078} INFO: [AssetMgr]     > Asset out of date 'maps/intersection/build/intersection_satellite_texture_2_nrm.dds' reason: Local source file `maps/intersection/build/intersection_satellite_texture_2_nrm.dds`: `2022-12-26 15:34:51:261` is newer than distributed file `2022-12-26 15:16:50:478`(DependentFileTimeStampDifferent) Local source file `maps/intersection/build/intersection_satellite_texture_2_nrm.dds`: `2022-12-26 15:34:51:261` is newer than distributed file `2022-12-26 15:16:50:478`
{15:40:08.111} INFO: [All_AssetMgr] > Building asset 'maps/intersection/build/intersection_satellite_texture_2_nrm.dds' succeeded!
{15:40:08.115} INFO: [AssetMgr]     > Asset out of date 'maps/intersection/build/intersection_satellite_texture_2_spc.dds' reason: Local source file `maps/intersection/build/intersection_satellite_texture_2_spc.dds`: `2022-12-26 15:34:51:454` is newer than distributed file `2022-12-26 15:16:50:668`(DependentFileTimeStampDifferent) Local source file `maps/intersection/build/intersection_satellite_texture_2_spc.dds`: `2022-12-26 15:34:51:454` is newer than distributed file `2022-12-26 15:16:50:668`
{15:40:08.142} INFO: [All_AssetMgr] > Building asset 'maps/intersection/build/intersection_satellite_texture_2_spc.dds' succeeded!
{15:40:08.147} INFO: [AssetMgr]     > Asset out of date 'maps/intersection/build/intersection_satellite_texture_2_rgh.dds' reason: Local source file `maps/intersection/build/intersection_satellite_texture_2_rgh.dds`: `2022-12-26 15:34:51:592` is newer than distributed file `2022-12-26 15:16:50:803`(DependentFileTimeStampDifferent) Local source file `maps/intersection/build/intersection_satellite_texture_2_rgh.dds`: `2022-12-26 15:34:51:592` is newer than distributed file `2022-12-26 15:16:50:803`
{15:40:08.173} INFO: [All_AssetMgr] > Building asset 'maps/intersection/build/intersection_satellite_texture_2_rgh.dds' succeeded!
{15:40:08.211} INFO: [AssetMgr]     > Asset out of date 'maps/intersection/build/intersection_satellite_texture_1_dif.dds' reason: Local source file `maps/intersection/build/intersection_satellite_texture_1_dif.dds`: `2022-12-26 15:34:51:056` is newer than distributed file `2022-12-26 15:16:50:275`(DependentFileTimeStampDifferent) Local source file `maps/intersection/build/intersection_satellite_texture_1_dif.dds`: `2022-12-26 15:34:51:056` is newer than distributed file `2022-12-26 15:16:50:275`
{15:40:08.239} INFO: [All_AssetMgr] > Building asset 'maps/intersection/build/intersection_satellite_texture_1_dif.dds' succeeded!
{15:40:08.244} INFO: [AssetMgr]     > Asset out of date 'maps/intersection/build/intersection_satellite_texture_1_nrm.dds' reason: Local source file `maps/intersection/build/intersection_satellite_texture_1_nrm.dds`: `2022-12-26 15:34:51:238` is newer than distributed file `2022-12-26 15:16:50:453`(DependentFileTimeStampDifferent) Local source file `maps/intersection/build/intersection_satellite_texture_1_nrm.dds`: `2022-12-26 15:34:51:238` is newer than distributed file `2022-12-26 15:16:50:453`
{15:40:08.275} INFO: [All_AssetMgr] > Building asset 'maps/intersection/build/intersection_satellite_texture_1_nrm.dds' succeeded!
{15:40:08.280} INFO: [AssetMgr]     > Asset out of date 'maps/intersection/build/intersection_satellite_texture_1_spc.dds' reason: Local source file `maps/intersection/build/intersection_satellite_texture_1_spc.dds`: `2022-12-26 15:34:51:420` is newer than distributed file `2022-12-26 15:16:50:634`(DependentFileTimeStampDifferent) Local source file `maps/intersection/build/intersection_satellite_texture_1_spc.dds`: `2022-12-26 15:34:51:420` is newer than distributed file `2022-12-26 15:16:50:634`
{15:40:08.307} INFO: [All_AssetMgr] > Building asset 'maps/intersection/build/intersection_satellite_texture_1_spc.dds' succeeded!
{15:40:08.312} INFO: [AssetMgr]     > Asset out of date 'maps/intersection/build/intersection_satellite_texture_1_rgh.dds' reason: Local source file `maps/intersection/build/intersection_satellite_texture_1_rgh.dds`: `2022-12-26 15:34:51:558` is newer than distributed file `2022-12-26 15:16:50:770`(DependentFileTimeStampDifferent) Local source file `maps/intersection/build/intersection_satellite_texture_1_rgh.dds`: `2022-12-26 15:34:51:558` is newer than distributed file `2022-12-26 15:16:50:770`
{15:40:08.342} INFO: [All_AssetMgr] > Building asset 'maps/intersection/build/intersection_satellite_texture_1_rgh.dds' succeeded!
{15:40:08.363} INFO: [AssetMgr]     > Asset out of date 'maps/intersection/build/intersection_satellite_texture_3_dif.dds' reason: Local source file `maps/intersection/build/intersection_satellite_texture_3_dif.dds`: `2022-12-26 15:34:51:127` is newer than distributed file `2022-12-26 15:16:50:347`(DependentFileTimeStampDifferent) Local source file `maps/intersection/build/intersection_satellite_texture_3_dif.dds`: `2022-12-26 15:34:51:127` is newer than distributed file `2022-12-26 15:16:50:347`
{15:40:08.390} INFO: [All_AssetMgr] > Building asset 'maps/intersection/build/intersection_satellite_texture_3_dif.dds' succeeded!
{15:40:08.396} INFO: [AssetMgr]     > Asset out of date 'maps/intersection/build/intersection_satellite_texture_3_nrm.dds' reason: Local source file `maps/intersection/build/intersection_satellite_texture_3_nrm.dds`: `2022-12-26 15:34:51:286` is newer than distributed file `2022-12-26 15:16:50:503`(DependentFileTimeStampDifferent) Local source file `maps/intersection/build/intersection_satellite_texture_3_nrm.dds`: `2022-12-26 15:34:51:286` is newer than distributed file `2022-12-26 15:16:50:503`
{15:40:08.427} INFO: [All_AssetMgr] > Building asset 'maps/intersection/build/intersection_satellite_texture_3_nrm.dds' succeeded!
{15:40:08.434} INFO: [AssetMgr]     > Asset out of date 'maps/intersection/build/intersection_satellite_texture_3_spc.dds' reason: Local source file `maps/intersection/build/intersection_satellite_texture_3_spc.dds`: `2022-12-26 15:34:51:489` is newer than distributed file `2022-12-26 15:16:50:704`(DependentFileTimeStampDifferent) Local source file `maps/intersection/build/intersection_satellite_texture_3_spc.dds`: `2022-12-26 15:34:51:489` is newer than distributed file `2022-12-26 15:16:50:704`
{15:40:08.466} INFO: [All_AssetMgr] > Building asset 'maps/intersection/build/intersection_satellite_texture_3_spc.dds' succeeded!
{15:40:08.472} INFO: [AssetMgr]     > Asset out of date 'maps/intersection/build/intersection_satellite_texture_3_rgh.dds' reason: Local source file `maps/intersection/build/intersection_satellite_texture_3_rgh.dds`: `2022-12-26 15:34:51:628` is newer than distributed file `2022-12-26 15:16:50:839`(DependentFileTimeStampDifferent) Local source file `maps/intersection/build/intersection_satellite_texture_3_rgh.dds`: `2022-12-26 15:34:51:628` is newer than distributed file `2022-12-26 15:16:50:839`
{15:40:08.500} INFO: [All_AssetMgr] > Building asset 'maps/intersection/build/intersection_satellite_texture_3_rgh.dds' succeeded!
{15:40:09.165} RETL: [Savegame]            > SessionContextState: 'OnUpdate after ChangeMap' [game_type 'Campaign', game_mode 'Coop', save_name '' (slot -1), map 'intersection' (id:-1812497759), (first), difficulty [current: Normal, savegame: Normal, min_savegame: Normal, initial: Normal, lobby_settings: Normal], save_version 85, build: '1.0.202212211635 / 2', perforce_stream: '//tech/rel-ph-devtools']
{15:41:51.928} INFO: [INFO]         > ---------------------------------------------------------
{15:41:51.928} INFO: [INFO]         > Time of playing game: 123.088898s
{15:41:51.928} INFO: [INFO]         > Updated frames: 5407 Rendered frames: 4969
{15:41:51.928} INFO: [INFO]         > Average FPS: 40.369202
{15:41:51.928} INFO: [INFO]         > ---------------------------------------------------------
{15:41:52.463} INFO: [Renderer]     > [26.12.2022 15-41-52][streamline][info]dxgiswapchain.cpp:210[SetFullscreenState] Redirecting IDXGISwapChain::SetFullscreenState Fullscreen = 0
{15:41:52.463} INFO: [Renderer]     > [26.12.2022 15-41-52][streamline][info]pluginmanager.cpp:691[unloadPlugins] Unloading all plugins ...
{15:41:52.464} INFO: [Renderer]     > [26.12.2022 15-41-52][streamline][info]d3d11.cpp:361[destroyKernel] Destroying kernel NIS_Sharpen_V0_H2.cs
{15:41:52.464} INFO: [Renderer]     > [26.12.2022 15-41-52][streamline][info]d3d11.cpp:361[destroyKernel] Destroying kernel NIS_Sharpen_V0_H0.cs
{15:41:52.464} INFO: [Renderer]     > [26.12.2022 15-41-52][streamline][info]d3d11.cpp:361[destroyKernel] Destroying kernel NIS_Sharpen_V0_H1.cs
{15:41:52.464} INFO: [Renderer]     > [26.12.2022 15-41-52][streamline][info]d3d11.cpp:361[destroyKernel] Destroying kernel NIS_Sharpen_V1_H2.cs
{15:41:52.464} INFO: [Renderer]     > [26.12.2022 15-41-52][streamline][info]d3d11.cpp:361[destroyKernel] Destroying kernel NIS_Sharpen_V1_H0.cs
{15:41:52.464} INFO: [Renderer]     > [26.12.2022 15-41-52][streamline][info]d3d11.cpp:361[destroyKernel] Destroying kernel NIS_Sharpen_V1_H1.cs
{15:41:52.464} INFO: [Renderer]     > [26.12.2022 15-41-52][streamline][info]d3d11.cpp:361[destroyKernel] Destroying kernel NIS_Scaler_V0_H2.cs
{15:41:52.464} INFO: [Renderer]     > [26.12.2022 15-41-52][streamline][info]d3d11.cpp:361[destroyKernel] Destroying kernel NIS_Scaler_V0_H0.cs
{15:41:52.464} INFO: [Renderer]     > [26.12.2022 15-41-52][streamline][info]d3d11.cpp:361[destroyKernel] Destroying kernel NIS_Scaler_V0_H1.cs
{15:41:52.464} INFO: [Renderer]     > [26.12.2022 15-41-52][streamline][info]d3d11.cpp:361[destroyKernel] Destroying kernel NIS_Scaler_V1_H0.cs
{15:41:52.464} INFO: [Renderer]     > [26.12.2022 15-41-52][streamline][info]d3d11.cpp:361[destroyKernel] Destroying kernel NIS_Scaler_V1_H1.cs
{15:41:52.464} INFO: [Renderer]     > [26.12.2022 15-41-52][streamline][info]d3d11.cpp:361[destroyKernel] Destroying kernel NIS_Scaler_V1_H2.cs
{15:41:52.464} INFO: [Renderer]     > [26.12.2022 15-41-52][streamline][info]d3d11.cpp:231[shutdown] Destroying kernel fonts.cs
{15:41:52.464} INFO: [Renderer]     > [26.12.2022 15-41-52][streamline][info]generic.cpp:465[destroyResource] Scheduled to destroy 0x21c598bbdf0(sl.chi.fontTexture) - frame 7117
{15:41:52.464} INFO: [Renderer]     > [26.12.2022 15-41-52][streamline][info]generic.cpp:465[destroyResource] Scheduled to destroy 0x21c598bc0b0(sl.chi.dynamicText) - frame 7117
{15:41:52.464} INFO: [Renderer]     > [26.12.2022 15-41-52][streamline][info]generic.cpp:465[destroyResource] Scheduled to destroy 0x21c598bc9b0(sl.chi.dynamicTextUpload) - frame 7117
{15:41:52.464} INFO: [Renderer]     > [26.12.2022 15-41-52][streamline][info]generic.cpp:520[collectGarbage] Destroying 0x21c598bbdf0(sl.chi.fontTexture) - scheduled at frame 7117 - finished frame 7117 - forced yes
{15:41:52.464} INFO: [Renderer]     > [26.12.2022 15-41-52][streamline][info]d3d11.cpp:1298[destroyResourceDeferredImpl] Releasing resource 0x21c598bbdf0 (sl.chi.fontTexture) ref count 3 - currentSize 0.00 - totalSize 0.03
{15:41:52.464} INFO: [Renderer]     > [26.12.2022 15-41-52][streamline][info]generic.cpp:520[collectGarbage] Destroying 0x21c598bc0b0(sl.chi.dynamicText) - scheduled at frame 7117 - finished frame 7117 - forced yes
{15:41:52.465} INFO: [Renderer]     > [26.12.2022 15-41-52][streamline][info]d3d11.cpp:1298[destroyResourceDeferredImpl] Releasing resource 0x21c598bc0b0 (sl.chi.dynamicText) ref count 3 - currentSize 0.02 - totalSize 0.02
{15:41:52.465} INFO: [Renderer]     > [26.12.2022 15-41-52][streamline][info]generic.cpp:520[collectGarbage] Destroying 0x21c598bc9b0(sl.chi.dynamicTextUpload) - scheduled at frame 7117 - finished frame 7117 - forced yes
{15:41:52.465} INFO: [Renderer]     > [26.12.2022 15-41-52][streamline][info]d3d11.cpp:1298[destroyResourceDeferredImpl] Releasing resource 0x21c598bc9b0 (sl.chi.dynamicTextUpload) ref count 3 - currentSize 0.02 - totalSize 0.00
{15:41:52.465} INFO: [Renderer]     > [26.12.2022 15-41-52][streamline][info]generic.cpp:267[shutdown] Delayed destroy resource list count 0
{15:41:52.832} INFO: [Renderer]     > [r_Shutdown] Dll released
