exporter version : 1.8
build date: 16:58:15, Nov 20 2007
log started : 4.12.2007, 12:30
computer name : CIEPLY
user name : Ciep³y
max file: D:\Moje dokumenty\Projekty\Warhound\Sources\Objects\Dummy_100.max

Options:
* Detect inverted tangents: 5.000000
* Verify crease angle: 5.000000

materials:
dummy.mat

data format: 
position: FLOAT3
normal tangent: FLOAT3
texcoord: FLOAT2

geom collision tree v: 8 f: 12

MESH: Dummy_Box v: 24 f: 12 s: 1 lod: 1
 color[0] stream present
 0: dummy.mat o: 0 c: 12
{
    HELPER: Hook01 
    HELPER: Hook02 
    HELPER: Hook03 
    HELPER: Hook04 
    HELPER: Hook05 
    HELPER: Hook06 
    HELPER: Hook07 
    HELPER: Hook08 
}
