exporter version : 1.68
build date: 11:47:47, Dec 30 2019
log started : 3.1.2020, 12:5
computer name : J-DZIECH
user name : jdziech1
max file: E:\pinhead_artist\artsources-pinhead\Objects\city\center\modern_bathroom\modern_bathroom.max

Options:
[attrib channel] = 10
[color stream] = 1
[export attributes] = 1
[face area threshold] = 0.999990
[check face area] = 0
[bones dip] = 45
[unit_scale] = 0.010000
[convert cm to m] = 1
[mesh welding threshold] = 0.000100
[check static objects] = 1
[detect bone helpers] = 1
[create materials] = 0
[create skin] = 1
[add special bone helpers] = 1
[add camera helpers] = 1
[add inverse bone helpers] = 0
[copy uv0 to uv1] = 0
[preview rendering] = 0
[preview width] = 96
[preview height] = 96
[use mesh pivot] = 0
[auto-generate trace hull] = 1
[generate collision from trace hull] = 1

materials:
frn_bathroom_modern_a_equipment_b.mat

surfaces (1): Plastic (54)

data format: 
position: FLOAT3
normal tangent: FLOAT3
texcoord: FLOAT2


BONE: bone_root v: 0 f: 0 s: 1 lod: 0 bpv: 0 
 bounds origin: [0.1, 0.0, 0.0] span: [0.1, 0.0, 0.0]
 0: no mat o: 0 c: 14
{
    HELPER: Dlockpick_lock 
    BONE: bone_door_L v: 0 f: 0 s: 1 lod: 0 bpv: 0  colltree
     bounds origin: [0.4, 0.0, 0.0] span: [0.4, 1.2, 0.0]
     Trace hull tree v: 32 f: 54 p: 0
      used surfaces and total face count: Plastic (54) details: Plastic (54)
     0: no mat o: 0 c: 34
    {
        MESH: frn_bathroom_cabinet_modern_tall_64_door_anm v: 50 f: 54 s: 1 lod: 1 bpv: 0 
         bounds origin: [0.2, 0.3, 0.0] span: [0.3, 0.3, 0.0]
         color[0] stream present
         0: frn_bathroom_modern_a_equipment_b o: 0 c: 54
    }
    BONE: bone_door_R v: 0 f: 0 s: 1 lod: 0 bpv: 0 
     bounds origin: [0.4, 0.0, 0.0] span: [0.4, 1.2, 0.0]
     0: no mat o: 0 c: 34
    BONE: hook_loot 
    {
        HELPER: hook_loot_03 
        HELPER: hook_loot_weapon 
    }
    HELPER: trigger_icon 
}

---- MESSAGES ----
Wrong UV coordinates. Arbitrary tangents set.
MESH: frn_bathroom_cabinet_modern_tall_64_door_anm, Face: 46 stream: 0

Wrong UV coordinates. Arbitrary tangents set.
MESH: frn_bathroom_cabinet_modern_tall_64_door_anm, Face: 47 stream: 0

Wrong UV coordinates. Arbitrary tangents set.
MESH: frn_bathroom_cabinet_modern_tall_64_door_anm, Face: 48 stream: 0

Wrong UV coordinates. Arbitrary tangents set.
MESH: frn_bathroom_cabinet_modern_tall_64_door_anm, Face: 49 stream: 0

Wrong UV coordinates. Arbitrary tangents set.
MESH: frn_bathroom_cabinet_modern_tall_64_door_anm, Face: 50 stream: 0

Wrong UV coordinates. Arbitrary tangents set.
MESH: frn_bathroom_cabinet_modern_tall_64_door_anm, Face: 51 stream: 0

Wrong UV coordinates. Arbitrary tangents set.
MESH: frn_bathroom_cabinet_modern_tall_64_door_anm, Face: 52 stream: 0

Wrong UV coordinates. Arbitrary tangents set.
MESH: frn_bathroom_cabinet_modern_tall_64_door_anm, Face: 53 stream: 0

[MaxExport::VerifyVector] Invalid tangent: [0.000000. 0.000000. 0.000000]

[MaxExport::VerifyVector] Invalid bitangent: [0.000000. 0.000000. 0.000000]

[MaxExport::VerifyVector] Invalid tangent: [0.000000. 0.000000. 0.000000]

[MaxExport::VerifyVector] Invalid bitangent: [0.000000. 0.000000. 0.000000]

[MaxExport::VerifyVector] Invalid tangent: [0.000000. 0.000000. 0.000000]

[MaxExport::VerifyVector] Invalid bitangent: [0.000000. 0.000000. 0.000000]

[MaxExport::VerifyVector] Invalid tangent: [0.000000. 0.000000. 0.000000]

[MaxExport::VerifyVector] Invalid bitangent: [0.000000. 0.000000. 0.000000]

[MaxExport::VerifyVector] Invalid tangent: [0.000000. 0.000000. 0.000000]

[MaxExport::VerifyVector] Invalid bitangent: [0.000000. 0.000000. 0.000000]

[MaxExport::VerifyVector] Invalid tangent: [0.000000. 0.000000. 0.000000]

[MaxExport::VerifyVector] Invalid bitangent: [0.000000. 0.000000. 0.000000]

[MaxExport::VerifyVector] Invalid tangent: [0.000000. 0.000000. 0.000000]

[MaxExport::VerifyVector] Invalid bitangent: [0.000000. 0.000000. 0.000000]

[MaxExport::VerifyVector] Invalid tangent: [0.000000. 0.000000. 0.000000]

[MaxExport::VerifyVector] Invalid bitangent: [0.000000. 0.000000. 0.000000]

[MaxExport::VerifyVector] Invalid tangent: [0.000000. 0.000000. 0.000000]

[MaxExport::VerifyVector] Invalid bitangent: [0.000000. 0.000000. 0.000000]

[MaxExport::VerifyVector] Invalid tangent: [0.000000. 0.000000. 0.000000]

[MaxExport::VerifyVector] Invalid bitangent: [0.000000. 0.000000. 0.000000]

[MaxExport::VerifyVector] Invalid tangent: [0.000000. 0.000000. 0.000000]

[MaxExport::VerifyVector] Invalid bitangent: [0.000000. 0.000000. 0.000000]

[MaxExport::VerifyVector] Invalid tangent: [0.000000. 0.000000. 0.000000]

[MaxExport::VerifyVector] Invalid bitangent: [0.000000. 0.000000. 0.000000]

Model doesn't meet requirements for SimpleObjects. No transformation allowed.
No Pelvis or Bip01 node! HSpine cannot be added

No Spine or Spine0 node! HSpine cannot be added

No Spine3 node! HSpine1 cannot be added

No Neck or Neck1 node! HSpine1 cannot be added

No L_Clavicle node! HSpine1 cannot be added

No R_Clavicle node! HSpine1 cannot be added

No HSpine1 node! EyeCamera and RefCamera cannot be correctly processed

No EyeCamera node! EyeCamera and RefCamera cannot be correctly processed


Summary:
Issues detected during MSH export!

---------------- ISSUES ----------------
--- Warning: Exported scene does not meet SimpleObject requirements:
- Non-identity transform.
--- Error: Morph target mismatch error:
- Vertices mismatch.
--- Warning: Broken UV found.
frn_bathroom_cabinet_modern_tall_64_door_anm - some faces have wrong UV coordinates

---------------- DETAILS ----------------
Materials: frn_bathroom_modern_a_equipment_b

Surfaces 1: Plastic 54