blender python script version : 2.2.0
blender dll version : 2.8
build date: 00:13:03, Sep 23 2021
log started : 24.9.2021,  9:31
computer name : K_BORUC
user name : kboruc
blend file: G:\Perforce\pinhead_artist\artsources-pinhead\Objects\city\radio_tower\radio_tower_2.blend

materials:
nm_grappling_hook_auto_aim_a.mat
nm_grappling_hook_auto_aim_light.mat

surfaces (1): Unknown (48)

data format:
position: FLOAT3
normal tangent: FLOAT3
texcoord: FLOAT2

Trace hull tree v: 16 f: 24 p: 0
 used surfaces and total face count: Unknown (48) details: Unknown (24)
Collision hull tree v: 16 f: 24 p: 0
 used surfaces and total face count: Unknown (48) details: Unknown (24)

MESH: nm_grappling_hook_auto_aim_a v: 408 f: 364 s: 2 lod: 1 bpv: 0 
 bounds origin: [-0.0, 0.1, -0.0] span: [1.8, 0.3, 0.3]
 color[0] stream present
 0: nm_grappling_hook_auto_aim_a.mat o: 0 c: 362
 1: nm_grappling_hook_auto_aim_light.mat o: 362 c: 2
