blender python script version : 2.1.6
blender dll version : 2.7
build date: 00:12:11, Dec  2 2020
log started : 2.12.2020, 15:21
computer name : K-MAKOWSKI
user name : kmakowski
blend file: D:\Pinhead\artsources-pinhead\Objects\props\parkour_helpers\ph_monkey_bar\ph_monkey_bar.blend

materials:
ph_monkey_bar_a.mat
ph_monkey_bar_decal_a.mat

surfaces (2): Metal (184), Plastic (48)

data format:
position: FLOAT3
normal tangent: FLOAT3
texcoord: FLOAT2

Trace hull tree v: 138 f: 204 p: 0
 used surfaces and total face count: Metal (184), Plastic (48) details: Metal (156)Plastic (48)
Collision hull tree v: 16 f: 28 p: 0
 used surfaces and total face count: Metal (184), Plastic (48) details: Metal (28)

MESH: ph_monkey_bar_a v: 182 f: 204 s: 2 lod: 1 bpv: 0 
 bounds origin: [0.0, -0.0, 1.1] span: [0.1, 0.1, 1.1]
 color[0] stream present
 0: ph_monkey_bar_a.mat o: 0 c: 156
 1: ph_monkey_bar_decal_a.mat o: 156 c: 48
