exporter version : 1.77
build date: 00:24:26, Oct  6 2021
log started : 6.10.2021, 13:10
computer name : P-MUCHA
user name : pmucha
max file: D:\Perforce\artsources-pinhead\Objects\props\travel_bags\travel_bags_b.max

Options:
[attrib channel] = 10
[color stream] = 1
[export attributes] = 1
[unit_scale] = 0.010000
[convert cm to m] = 1
[check static objects] = 0
[detect bone helpers] = 0
[create materials] = 0
[create skin] = 0
[add special bone helpers] = 0
[add camera helpers] = 0
[add inverse bone helpers] = 0
[copy uv0 to uv1] = 1
[export specified normals] = 0
[preview width] = 0
[preview height] = 0
[use mesh pivot] = 1
[auto-generate trace hull] = 1
[generate collision from trace hull] = 0
[generate primitive collision] = 0

materials:
travel_bag_new.mat
shadowcaster.mat

surfaces (1): Flexible (2029)

data format: 
position: FLOAT3
normal tangent: FLOAT3
texcoord: FLOAT2

Trace hull tree v: 1125 f: 2017 p: 0
 used surfaces and total face count: Flexible (2029) details: Flexible (2017)
Collision hull tree v: 8 f: 12 p: 0
 used surfaces and total face count: Flexible (2029) details: Flexible (12)

MESH: travel_bag_c v: 1499 f: 2053 s: 2 lod: 1 bpv: 0 
 bounds origin: [-0.0, 0.2, 0.0] span: [0.4, 0.2, 0.2]
 color[0] stream present
 0: travel_bag_new o: 0 c: 2017
 1: shadowcaster o: 2017 c: 36

---- MESSAGES ----
Wrong UV coordinates. Arbitrary tangents set.
MESH: travel_bag_c, Face: 2017 stream: 0

Wrong UV coordinates. Arbitrary tangents set.
MESH: travel_bag_c, Face: 2018 stream: 0

Wrong UV coordinates. Arbitrary tangents set.
MESH: travel_bag_c, Face: 2019 stream: 0

Wrong UV coordinates. Arbitrary tangents set.
MESH: travel_bag_c, Face: 2020 stream: 0

Wrong UV coordinates. Arbitrary tangents set.
MESH: travel_bag_c, Face: 2021 stream: 0

Wrong UV coordinates. Arbitrary tangents set.
MESH: travel_bag_c, Face: 2022 stream: 0

Wrong UV coordinates. Arbitrary tangents set.
MESH: travel_bag_c, Face: 2024 stream: 0

Wrong UV coordinates. Arbitrary tangents set.
MESH: travel_bag_c, Face: 2025 stream: 0

Wrong UV coordinates. Arbitrary tangents set.
MESH: travel_bag_c, Face: 2026 stream: 0

Wrong UV coordinates. Arbitrary tangents set.
MESH: travel_bag_c, Face: 2027 stream: 0

Wrong UV coordinates. Arbitrary tangents set.
MESH: travel_bag_c, Face: 2028 stream: 0

Wrong UV coordinates. Arbitrary tangents set.
MESH: travel_bag_c, Face: 2029 stream: 0

Wrong UV coordinates. Arbitrary tangents set.
MESH: travel_bag_c, Face: 2030 stream: 0

Wrong UV coordinates. Arbitrary tangents set.
MESH: travel_bag_c, Face: 2031 stream: 0

Wrong UV coordinates. Arbitrary tangents set.
MESH: travel_bag_c, Face: 2032 stream: 0

Wrong UV coordinates. Arbitrary tangents set.
MESH: travel_bag_c, Face: 2033 stream: 0

Wrong UV coordinates. Arbitrary tangents set.
MESH: travel_bag_c, Face: 2034 stream: 0

Wrong UV coordinates. Arbitrary tangents set.
MESH: travel_bag_c, Face: 2035 stream: 0

Wrong UV coordinates. Arbitrary tangents set.
MESH: travel_bag_c, Face: 2036 stream: 0

Wrong UV coordinates. Arbitrary tangents set.
MESH: travel_bag_c, Face: 2037 stream: 0

Wrong UV coordinates. Arbitrary tangents set.
MESH: travel_bag_c, Face: 2038 stream: 0

Wrong UV coordinates. Arbitrary tangents set.
MESH: travel_bag_c, Face: 2039 stream: 0

Wrong UV coordinates. Arbitrary tangents set.
MESH: travel_bag_c, Face: 2040 stream: 0

Wrong UV coordinates. Arbitrary tangents set.
MESH: travel_bag_c, Face: 2041 stream: 0

Wrong UV coordinates. Arbitrary tangents set.
MESH: travel_bag_c, Face: 2042 stream: 0

Wrong UV coordinates. Arbitrary tangents set.
MESH: travel_bag_c, Face: 2043 stream: 0

Wrong UV coordinates. Arbitrary tangents set.
MESH: travel_bag_c, Face: 2044 stream: 0

Wrong UV coordinates. Arbitrary tangents set.
MESH: travel_bag_c, Face: 2045 stream: 0

Wrong UV coordinates. Arbitrary tangents set.
MESH: travel_bag_c, Face: 2046 stream: 0

Wrong UV coordinates. Arbitrary tangents set.
MESH: travel_bag_c, Face: 2047 stream: 0

Wrong UV coordinates. Arbitrary tangents set.
MESH: travel_bag_c, Face: 2048 stream: 0

Wrong UV coordinates. Arbitrary tangents set.
MESH: travel_bag_c, Face: 2049 stream: 0

Wrong UV coordinates. Arbitrary tangents set.
MESH: travel_bag_c, Face: 2050 stream: 0

Wrong UV coordinates. Arbitrary tangents set.
MESH: travel_bag_c, Face: 2051 stream: 0

Wrong UV coordinates. Arbitrary tangents set.
MESH: travel_bag_c, Face: 2052 stream: 0


Summary:
Issues detected during MSH export!

---------------- ISSUES ----------------
--- Warning: Broken UV found.
travel_bag_c - some faces have wrong UV coordinates

---------------- DETAILS ----------------
Materials: travel_bag_new, shadowcaster

Surfaces 1: Flexible 2029