exporter version : 1.77
build date: 00:14:54, Aug 11 2021
log started : 19.8.2021,  3:51
computer name : M_PICHETA
user name : mpicheta
max file: E:\artsource\Pinhead\Objects\city\interiors\Scandinavian_interior\Scandinavian_interior_furniture\Scandinavian_interior_furniture.max

Options:
[attrib channel] = 10
[color stream] = 1
[export attributes] = 1
[unit_scale] = 0.010000
[convert cm to m] = 1
[check static objects] = 0
[detect bone helpers] = 0
[create materials] = 0
[create skin] = 1
[add special bone helpers] = 1
[add camera helpers] = 1
[add inverse bone helpers] = 0
[copy uv0 to uv1] = 1
[export specified normals] = 0
[preview width] = 0
[preview height] = 0
[use mesh pivot] = 0
[auto-generate trace hull] = 1
[generate collision from trace hull] = 1
[generate primitive collision] = 0

materials:
frn_scandinavian_furniture_a_light.mat

surfaces (1): Wood (172)

data format: 
position: FLOAT3
normal tangent: FLOAT3
texcoord: FLOAT2


BONE: bone_root v: 0 f: 0 s: 1 lod: 0 bpv: 0 
 bounds origin: [0.1, 0.0, 0.0] span: [0.1, 0.0, 0.0]
 0: no mat o: 0 c: 14
{
    HELPER: Dlockpick_lock 
    BONE: bone_door_L v: 0 f: 0 s: 1 lod: 0 bpv: 0 
     bounds origin: [0.4, 0.0, 0.0] span: [0.4, 1.2, 0.0]
     0: no mat o: 0 c: 34
    {
        MESH: frn_scandinavian_wardrobe_a_door_L_anm v: 58 f: 74 s: 1 lod: 1 bpv: 0  colltree
         bounds origin: [0.4, 1.5, 0.0] span: [0.4, 1.1, 0.0]
         Trace hull tree v: 44 f: 74 p: 0
          used surfaces and total face count: Wood (172) details: Wood (74)
         Collision hull tree v: 8 f: 12 p: 0
          used surfaces and total face count: Wood (172) details: Wood (12)
         color[0] stream present
         0: frn_scandinavian_furniture_a_light o: 0 c: 74
    }
    BONE: bone_door_R v: 0 f: 0 s: 1 lod: 0 bpv: 0 
     bounds origin: [0.4, 0.0, 0.0] span: [0.4, 1.2, 0.0]
     0: no mat o: 0 c: 34
    {
        MESH: frn_scandinavian_wardrobe_a_door_R_anm v: 58 f: 74 s: 1 lod: 1 bpv: 0  colltree
         bounds origin: [0.4, 1.5, -0.0] span: [0.4, 1.1, 0.0]
         Trace hull tree v: 44 f: 74 p: 0
          used surfaces and total face count: Wood (172) details: Wood (74)
         Collision hull tree v: 8 f: 12 p: 0
          used surfaces and total face count: Wood (172) details: Wood (12)
         color[0] stream present
         0: frn_scandinavian_furniture_a_light o: 0 c: 74
        {
            HELPER: Hook_wardrobe_door_02 
        }
    }
    HELPER: hook_loot 
    {
        HELPER: hook_loot_03 
        HELPER: hook_loot_04 
        HELPER: hook_loot_weapon 
    }
    HELPER: trigger_icon 
}

---- MESSAGES ----
No Pelvis or Bip01 node! HSpine cannot be added

No Spine or Spine0 node! HSpine cannot be added

No Spine3 node! HSpine1 cannot be added

No Neck or Neck1 node! HSpine1 cannot be added

No L_Clavicle node! HSpine1 cannot be added

No R_Clavicle node! HSpine1 cannot be added

No HSpine1 node! EyeCamera and RefCamera cannot be correctly processed

No EyeCamera node! EyeCamera and RefCamera cannot be correctly processed


Summary:
MSH exported successfully!

---------------- DETAILS ----------------
Materials: frn_scandinavian_furniture_a_light

Surfaces 1: Wood 172