blender python script version : 2.1.6
blender dll version : 2.7
build date: 00:13:43, Aug  8 2021
log started : 9.8.2021, 14:9
computer name : P-MUCHA
user name : pmucha
blend file: D:\Perforce\artsources-pinhead\Objects\props\parkour_helpers\ph_backyard_monkeybar\ph_backyard_monkeybar.blend

materials:
ph_backyard_monkeybar_pipe.mat
shadowcaster.mat

surfaces (1): Metal (2)

data format:
position: FLOAT3
normal tangent: FLOAT3
texcoord: FLOAT2

Trace hull tree v: 0 f: 0 p: 1
 used surfaces and total face count: Metal (2) details: 
Collision hull tree v: 0 f: 0 p: 1
 used surfaces and total face count: Metal (2) details: 

MESH: ph_backyard_monkeybar_pipe_a v: 85 f: 106 s: 2 lod: 1 bpv: 0 
 bounds origin: [-0.0, -0.0, 1.8] span: [0.1, 0.1, 2.0]
 color[0] stream present
 0: ph_backyard_monkeybar_pipe.mat o: 0 c: 76
 1: shadowcaster.mat o: 76 c: 30
