exporter version : 1.54
build date: 17:31:36, Sep 14 2017
log started : 12.2.2020, 14:22
computer name : J-DZIECH
user name : jdziech1
max file: E:\pinhead_artist\artsources-pinhead\Objects\city\center\modern_bedroom\frn_bedroom.max

Options:
[attrib channel] = 10
[color stream] = 1
[export attributes] = 1
[face area threshold] = 0.999990
[check face area] = 0
[bones dip] = 45
[unit_scale] = 0.010000
[convert cm to m] = 1
[mesh welding threshold] = 0.000100
[check static objects] = 1
[detect bone helpers] = 0
[create materials] = 0
[create skin] = 0
[add special bone helpers] = 1
[add camera helpers] = 1
[preview rendering] = 0
[preview width] = 96
[preview height] = 96

materials:
prp_trash_can_a.mat
shadow_caster.mat

surfaces (1): Metal (220)

data format: 
position: FLOAT3
normal tangent: FLOAT3
texcoord: FLOAT2

Trace hull tree v: 108 f: 208 p: 0
 used surfaces and total face count: Metal (220) details: Metal (208)
Collision hull tree v: 8 f: 12 p: 0
 used surfaces and total face count: Metal (220) details: Metal (12)

MESH: prp_trash_can_a v: 154 f: 188 s: 1 lod: 1 bpv: 0 
 bounds origin: [-0.0, 0.3, 0.0] span: [0.1, 0.3, 0.2]
 color[0] stream present
 0: prp_trash_can_a o: 0 c: 188
{
    MESH: @SC_001 v: 28 f: 20 s: 1 lod: 1 bpv: 0 
     bounds origin: [0.0, 0.3, 0.1] span: [0.1, 0.3, 0.2]
     color[0] stream present
     0: shadow_caster o: 0 c: 20
}

---- MESSAGES ----
Wrong UV coordinates. Arbitrary tangents set.
MESH: @SC_001, Face: 12 stream: 0

Wrong UV coordinates. Arbitrary tangents set.
MESH: @SC_001, Face: 13 stream: 0

Wrong UV coordinates. Arbitrary tangents set.
MESH: @SC_001, Face: 14 stream: 0

Wrong UV coordinates. Arbitrary tangents set.
MESH: @SC_001, Face: 15 stream: 0

Wrong UV coordinates. Arbitrary tangents set.
MESH: @SC_001, Face: 16 stream: 0

Wrong UV coordinates. Arbitrary tangents set.
MESH: @SC_001, Face: 17 stream: 0

Wrong UV coordinates. Arbitrary tangents set.
MESH: @SC_001, Face: 18 stream: 0

Wrong UV coordinates. Arbitrary tangents set.
MESH: @SC_001, Face: 19 stream: 0

Model doesn't meet requirements for SimpleObjects. Only one mesh allowed.
No Pelvis or Bip01 node! HSpine cannot be added

No Spine or Spine0 node! HSpine cannot be added

No Spine3 node! HSpine1 cannot be added

No Neck or Neck1 node! HSpine1 cannot be added

No L_Clavicle node! HSpine1 cannot be added

No R_Clavicle node! HSpine1 cannot be added

No HSpine1 node! EyeCamera and RefCamera cannot be correctly processed

No EyeCamera node! EyeCamera and RefCamera cannot be correctly processed


Summary:
Warning: Exported scene does not meet SimpleObject requirements:
- Multiple geometry found.
Error: Morph target mismatch error:
- Faces mismatch.
Warning: Broken UV found.

Materials: prp_trash_can_a, shadow_caster

Surfaces 1: Metal 220
