exporter version : 1.77
build date: 00:24:26, Oct  6 2021
log started : 6.10.2021, 13:0
computer name : P-MUCHA
user name : pmucha
max file: D:\Perforce\artsources-pinhead\Objects\props\travel_bags\travel_bags_b.max

Options:
[attrib channel] = 10
[color stream] = 1
[export attributes] = 1
[unit_scale] = 0.010000
[convert cm to m] = 1
[check static objects] = 0
[detect bone helpers] = 0
[create materials] = 0
[create skin] = 0
[add special bone helpers] = 0
[add camera helpers] = 0
[add inverse bone helpers] = 0
[copy uv0 to uv1] = 1
[export specified normals] = 0
[preview width] = 0
[preview height] = 0
[use mesh pivot] = 1
[auto-generate trace hull] = 1
[generate collision from trace hull] = 1
[generate primitive collision] = 0

materials:
travel_bag_new.mat
shadowcaster.mat

surfaces (1): Flexible (1730)

data format: 
position: FLOAT3
normal tangent: FLOAT3
texcoord: FLOAT2

Trace hull tree v: 1026 f: 1718 p: 0
 used surfaces and total face count: Flexible (1730) details: Flexible (1718)
Collision hull tree v: 8 f: 12 p: 0
 used surfaces and total face count: Flexible (1730) details: Flexible (12)

MESH: travel_bag_e v: 1346 f: 1742 s: 2 lod: 1 bpv: 0 
 bounds origin: [0.0, 0.2, 0.0] span: [0.2, 0.2, 0.4]
 color[0] stream present
 0: travel_bag_new o: 0 c: 1718
 1: shadowcaster o: 1718 c: 24

---- MESSAGES ----
Wrong UV coordinates. Arbitrary tangents set.
MESH: travel_bag_e, Face: 1718 stream: 0

Wrong UV coordinates. Arbitrary tangents set.
MESH: travel_bag_e, Face: 1719 stream: 0

Wrong UV coordinates. Arbitrary tangents set.
MESH: travel_bag_e, Face: 1720 stream: 0

Wrong UV coordinates. Arbitrary tangents set.
MESH: travel_bag_e, Face: 1721 stream: 0

Wrong UV coordinates. Arbitrary tangents set.
MESH: travel_bag_e, Face: 1722 stream: 0

Wrong UV coordinates. Arbitrary tangents set.
MESH: travel_bag_e, Face: 1723 stream: 0

Wrong UV coordinates. Arbitrary tangents set.
MESH: travel_bag_e, Face: 1724 stream: 0

Wrong UV coordinates. Arbitrary tangents set.
MESH: travel_bag_e, Face: 1725 stream: 0

Wrong UV coordinates. Arbitrary tangents set.
MESH: travel_bag_e, Face: 1726 stream: 0

Wrong UV coordinates. Arbitrary tangents set.
MESH: travel_bag_e, Face: 1727 stream: 0

Wrong UV coordinates. Arbitrary tangents set.
MESH: travel_bag_e, Face: 1728 stream: 0

Wrong UV coordinates. Arbitrary tangents set.
MESH: travel_bag_e, Face: 1729 stream: 0

Wrong UV coordinates. Arbitrary tangents set.
MESH: travel_bag_e, Face: 1730 stream: 0

Wrong UV coordinates. Arbitrary tangents set.
MESH: travel_bag_e, Face: 1731 stream: 0

Wrong UV coordinates. Arbitrary tangents set.
MESH: travel_bag_e, Face: 1732 stream: 0

Wrong UV coordinates. Arbitrary tangents set.
MESH: travel_bag_e, Face: 1733 stream: 0

Wrong UV coordinates. Arbitrary tangents set.
MESH: travel_bag_e, Face: 1736 stream: 0

Wrong UV coordinates. Arbitrary tangents set.
MESH: travel_bag_e, Face: 1739 stream: 0

Wrong UV coordinates. Arbitrary tangents set.
MESH: travel_bag_e, Face: 1740 stream: 0

Wrong UV coordinates. Arbitrary tangents set.
MESH: travel_bag_e, Face: 1741 stream: 0


Summary:
Issues detected during MSH export!

---------------- ISSUES ----------------
--- Warning: Broken UV found.
travel_bag_e - some faces have wrong UV coordinates

---------------- DETAILS ----------------
Materials: travel_bag_new, shadowcaster

Surfaces 1: Flexible 1730