exporter version : 1.77
build date: 00:24:26, Oct  6 2021
log started : 6.10.2021, 13:1
computer name : P-MUCHA
user name : pmucha
max file: D:\Perforce\artsources-pinhead\Objects\props\travel_bags\travel_bags_b.max

Options:
[attrib channel] = 10
[color stream] = 1
[export attributes] = 1
[unit_scale] = 0.010000
[convert cm to m] = 1
[check static objects] = 0
[detect bone helpers] = 0
[create materials] = 0
[create skin] = 0
[add special bone helpers] = 0
[add camera helpers] = 0
[add inverse bone helpers] = 0
[copy uv0 to uv1] = 1
[export specified normals] = 0
[preview width] = 0
[preview height] = 0
[use mesh pivot] = 1
[auto-generate trace hull] = 1
[generate collision from trace hull] = 0
[generate primitive collision] = 0

materials:
travel_bag_new.mat
shadowcaster.mat

surfaces (1): Flexible (2378)

data format: 
position: FLOAT3
normal tangent: FLOAT3
texcoord: FLOAT2

Trace hull tree v: 1310 f: 2358 p: 0
 used surfaces and total face count: Flexible (2378) details: Flexible (2358)
Collision hull tree v: 12 f: 20 p: 0
 used surfaces and total face count: Flexible (2378) details: Flexible (20)

MESH: travel_bag_d v: 1819 f: 2402 s: 2 lod: 1 bpv: 0 
 bounds origin: [0.0, 0.3, 0.0] span: [0.2, 0.3, 0.3]
 color[0] stream present
 0: travel_bag_new o: 0 c: 2358
 1: shadowcaster o: 2358 c: 44

---- MESSAGES ----
Wrong UV coordinates. Arbitrary tangents set.
MESH: travel_bag_d, Face: 2370 stream: 0

Wrong UV coordinates. Arbitrary tangents set.
MESH: travel_bag_d, Face: 2371 stream: 0

Wrong UV coordinates. Arbitrary tangents set.
MESH: travel_bag_d, Face: 2372 stream: 0

Wrong UV coordinates. Arbitrary tangents set.
MESH: travel_bag_d, Face: 2373 stream: 0

Wrong UV coordinates. Arbitrary tangents set.
MESH: travel_bag_d, Face: 2374 stream: 0

Wrong UV coordinates. Arbitrary tangents set.
MESH: travel_bag_d, Face: 2375 stream: 0

Wrong UV coordinates. Arbitrary tangents set.
MESH: travel_bag_d, Face: 2376 stream: 0

Wrong UV coordinates. Arbitrary tangents set.
MESH: travel_bag_d, Face: 2377 stream: 0

Wrong UV coordinates. Arbitrary tangents set.
MESH: travel_bag_d, Face: 2378 stream: 0

Wrong UV coordinates. Arbitrary tangents set.
MESH: travel_bag_d, Face: 2379 stream: 0

Wrong UV coordinates. Arbitrary tangents set.
MESH: travel_bag_d, Face: 2380 stream: 0

Wrong UV coordinates. Arbitrary tangents set.
MESH: travel_bag_d, Face: 2381 stream: 0

Wrong UV coordinates. Arbitrary tangents set.
MESH: travel_bag_d, Face: 2382 stream: 0

Wrong UV coordinates. Arbitrary tangents set.
MESH: travel_bag_d, Face: 2383 stream: 0

Wrong UV coordinates. Arbitrary tangents set.
MESH: travel_bag_d, Face: 2384 stream: 0

Wrong UV coordinates. Arbitrary tangents set.
MESH: travel_bag_d, Face: 2385 stream: 0

Wrong UV coordinates. Arbitrary tangents set.
MESH: travel_bag_d, Face: 2386 stream: 0

Wrong UV coordinates. Arbitrary tangents set.
MESH: travel_bag_d, Face: 2387 stream: 0

Wrong UV coordinates. Arbitrary tangents set.
MESH: travel_bag_d, Face: 2388 stream: 0

Wrong UV coordinates. Arbitrary tangents set.
MESH: travel_bag_d, Face: 2389 stream: 0

Wrong UV coordinates. Arbitrary tangents set.
MESH: travel_bag_d, Face: 2391 stream: 0

Wrong UV coordinates. Arbitrary tangents set.
MESH: travel_bag_d, Face: 2393 stream: 0

Wrong UV coordinates. Arbitrary tangents set.
MESH: travel_bag_d, Face: 2396 stream: 0

Wrong UV coordinates. Arbitrary tangents set.
MESH: travel_bag_d, Face: 2400 stream: 0


Summary:
Issues detected during MSH export!

---------------- ISSUES ----------------
--- Warning: Broken UV found.
travel_bag_d - some faces have wrong UV coordinates

---------------- DETAILS ----------------
Materials: travel_bag_new, shadowcaster

Surfaces 1: Flexible 2378